[2025-07-22T17:47:05.861+0000] {processor.py:161} INFO - Started process (PID=680) to work on /home/airflow/.local/lib/python3.12/site-packages/airflow/example_dags/example_display_name.py
[2025-07-22T17:47:05.864+0000] {processor.py:830} INFO - Processing file /home/airflow/.local/lib/python3.12/site-packages/airflow/example_dags/example_display_name.py for tasks to queue
[2025-07-22T17:47:05.865+0000] {logging_mixin.py:188} INFO - [2025-07-22T17:47:05.865+0000] {dagbag.py:540} INFO - Filling up the DagBag from /home/airflow/.local/lib/python3.12/site-packages/airflow/example_dags/example_display_name.py
[2025-07-22T17:47:05.867+0000] {processor.py:840} INFO - DAG(s) 'example_display_name' retrieved from /home/airflow/.local/lib/python3.12/site-packages/airflow/example_dags/example_display_name.py
[2025-07-22T17:47:05.877+0000] {logging_mixin.py:188} INFO - [2025-07-22T17:47:05.877+0000] {dag.py:3096} INFO - Sync 1 DAGs
[2025-07-22T17:47:05.881+0000] {logging_mixin.py:188} INFO - [2025-07-22T17:47:05.881+0000] {dag.py:3954} INFO - Setting next_dagrun for example_display_name to None, run_after=None
[2025-07-22T17:47:05.888+0000] {processor.py:183} INFO - Processing /home/airflow/.local/lib/python3.12/site-packages/airflow/example_dags/example_display_name.py took 0.029 seconds
[2025-07-22T17:47:36.594+0000] {processor.py:161} INFO - Started process (PID=740) to work on /home/airflow/.local/lib/python3.12/site-packages/airflow/example_dags/example_display_name.py
[2025-07-22T17:47:36.594+0000] {processor.py:830} INFO - Processing file /home/airflow/.local/lib/python3.12/site-packages/airflow/example_dags/example_display_name.py for tasks to queue
[2025-07-22T17:47:36.596+0000] {logging_mixin.py:188} INFO - [2025-07-22T17:47:36.595+0000] {dagbag.py:540} INFO - Filling up the DagBag from /home/airflow/.local/lib/python3.12/site-packages/airflow/example_dags/example_display_name.py
[2025-07-22T17:47:36.599+0000] {processor.py:840} INFO - DAG(s) 'example_display_name' retrieved from /home/airflow/.local/lib/python3.12/site-packages/airflow/example_dags/example_display_name.py
[2025-07-22T17:47:36.608+0000] {logging_mixin.py:188} INFO - [2025-07-22T17:47:36.608+0000] {dag.py:3096} INFO - Sync 1 DAGs
[2025-07-22T17:47:36.613+0000] {logging_mixin.py:188} INFO - [2025-07-22T17:47:36.613+0000] {dag.py:3954} INFO - Setting next_dagrun for example_display_name to None, run_after=None
[2025-07-22T17:47:36.623+0000] {processor.py:183} INFO - Processing /home/airflow/.local/lib/python3.12/site-packages/airflow/example_dags/example_display_name.py took 0.031 seconds
[2025-07-22T17:48:07.481+0000] {processor.py:161} INFO - Started process (PID=800) to work on /home/airflow/.local/lib/python3.12/site-packages/airflow/example_dags/example_display_name.py
[2025-07-22T17:48:07.481+0000] {processor.py:830} INFO - Processing file /home/airflow/.local/lib/python3.12/site-packages/airflow/example_dags/example_display_name.py for tasks to queue
[2025-07-22T17:48:07.482+0000] {logging_mixin.py:188} INFO - [2025-07-22T17:48:07.482+0000] {dagbag.py:540} INFO - Filling up the DagBag from /home/airflow/.local/lib/python3.12/site-packages/airflow/example_dags/example_display_name.py
[2025-07-22T17:48:07.486+0000] {processor.py:840} INFO - DAG(s) 'example_display_name' retrieved from /home/airflow/.local/lib/python3.12/site-packages/airflow/example_dags/example_display_name.py
[2025-07-22T17:48:07.495+0000] {logging_mixin.py:188} INFO - [2025-07-22T17:48:07.495+0000] {dag.py:3096} INFO - Sync 1 DAGs
[2025-07-22T17:48:07.500+0000] {logging_mixin.py:188} INFO - [2025-07-22T17:48:07.500+0000] {dag.py:3954} INFO - Setting next_dagrun for example_display_name to None, run_after=None
[2025-07-22T17:48:07.509+0000] {processor.py:183} INFO - Processing /home/airflow/.local/lib/python3.12/site-packages/airflow/example_dags/example_display_name.py took 0.030 seconds
[2025-07-22T17:48:38.575+0000] {processor.py:161} INFO - Started process (PID=860) to work on /home/airflow/.local/lib/python3.12/site-packages/airflow/example_dags/example_display_name.py
[2025-07-22T17:48:38.575+0000] {processor.py:830} INFO - Processing file /home/airflow/.local/lib/python3.12/site-packages/airflow/example_dags/example_display_name.py for tasks to queue
[2025-07-22T17:48:38.576+0000] {logging_mixin.py:188} INFO - [2025-07-22T17:48:38.576+0000] {dagbag.py:540} INFO - Filling up the DagBag from /home/airflow/.local/lib/python3.12/site-packages/airflow/example_dags/example_display_name.py
[2025-07-22T17:48:38.578+0000] {processor.py:840} INFO - DAG(s) 'example_display_name' retrieved from /home/airflow/.local/lib/python3.12/site-packages/airflow/example_dags/example_display_name.py
[2025-07-22T17:48:38.587+0000] {logging_mixin.py:188} INFO - [2025-07-22T17:48:38.586+0000] {dag.py:3096} INFO - Sync 1 DAGs
[2025-07-22T17:48:38.591+0000] {logging_mixin.py:188} INFO - [2025-07-22T17:48:38.591+0000] {dag.py:3954} INFO - Setting next_dagrun for example_display_name to None, run_after=None
[2025-07-22T17:48:38.597+0000] {processor.py:183} INFO - Processing /home/airflow/.local/lib/python3.12/site-packages/airflow/example_dags/example_display_name.py took 0.025 seconds
[2025-07-22T17:49:09.645+0000] {processor.py:161} INFO - Started process (PID=919) to work on /home/airflow/.local/lib/python3.12/site-packages/airflow/example_dags/example_display_name.py
[2025-07-22T17:49:09.645+0000] {processor.py:830} INFO - Processing file /home/airflow/.local/lib/python3.12/site-packages/airflow/example_dags/example_display_name.py for tasks to queue
[2025-07-22T17:49:09.646+0000] {logging_mixin.py:188} INFO - [2025-07-22T17:49:09.646+0000] {dagbag.py:540} INFO - Filling up the DagBag from /home/airflow/.local/lib/python3.12/site-packages/airflow/example_dags/example_display_name.py
[2025-07-22T17:49:09.649+0000] {processor.py:840} INFO - DAG(s) 'example_display_name' retrieved from /home/airflow/.local/lib/python3.12/site-packages/airflow/example_dags/example_display_name.py
[2025-07-22T17:49:09.661+0000] {logging_mixin.py:188} INFO - [2025-07-22T17:49:09.661+0000] {dag.py:3096} INFO - Sync 1 DAGs
[2025-07-22T17:49:09.667+0000] {logging_mixin.py:188} INFO - [2025-07-22T17:49:09.667+0000] {dag.py:3954} INFO - Setting next_dagrun for example_display_name to None, run_after=None
[2025-07-22T17:49:09.676+0000] {processor.py:183} INFO - Processing /home/airflow/.local/lib/python3.12/site-packages/airflow/example_dags/example_display_name.py took 0.035 seconds
[2025-07-22T17:49:39.767+0000] {processor.py:161} INFO - Started process (PID=979) to work on /home/airflow/.local/lib/python3.12/site-packages/airflow/example_dags/example_display_name.py
[2025-07-22T17:49:39.768+0000] {processor.py:830} INFO - Processing file /home/airflow/.local/lib/python3.12/site-packages/airflow/example_dags/example_display_name.py for tasks to queue
[2025-07-22T17:49:39.769+0000] {logging_mixin.py:188} INFO - [2025-07-22T17:49:39.769+0000] {dagbag.py:540} INFO - Filling up the DagBag from /home/airflow/.local/lib/python3.12/site-packages/airflow/example_dags/example_display_name.py
[2025-07-22T17:49:39.772+0000] {processor.py:840} INFO - DAG(s) 'example_display_name' retrieved from /home/airflow/.local/lib/python3.12/site-packages/airflow/example_dags/example_display_name.py
[2025-07-22T17:49:39.782+0000] {logging_mixin.py:188} INFO - [2025-07-22T17:49:39.781+0000] {dag.py:3096} INFO - Sync 1 DAGs
[2025-07-22T17:49:39.786+0000] {logging_mixin.py:188} INFO - [2025-07-22T17:49:39.786+0000] {dag.py:3954} INFO - Setting next_dagrun for example_display_name to None, run_after=None
[2025-07-22T17:49:39.797+0000] {processor.py:183} INFO - Processing /home/airflow/.local/lib/python3.12/site-packages/airflow/example_dags/example_display_name.py took 0.032 seconds
[2025-07-22T17:50:09.904+0000] {processor.py:161} INFO - Started process (PID=1039) to work on /home/airflow/.local/lib/python3.12/site-packages/airflow/example_dags/example_display_name.py
[2025-07-22T17:50:09.904+0000] {processor.py:830} INFO - Processing file /home/airflow/.local/lib/python3.12/site-packages/airflow/example_dags/example_display_name.py for tasks to queue
[2025-07-22T17:50:09.905+0000] {logging_mixin.py:188} INFO - [2025-07-22T17:50:09.905+0000] {dagbag.py:540} INFO - Filling up the DagBag from /home/airflow/.local/lib/python3.12/site-packages/airflow/example_dags/example_display_name.py
[2025-07-22T17:50:09.907+0000] {processor.py:840} INFO - DAG(s) 'example_display_name' retrieved from /home/airflow/.local/lib/python3.12/site-packages/airflow/example_dags/example_display_name.py
[2025-07-22T17:50:09.915+0000] {logging_mixin.py:188} INFO - [2025-07-22T17:50:09.915+0000] {dag.py:3096} INFO - Sync 1 DAGs
[2025-07-22T17:50:09.922+0000] {logging_mixin.py:188} INFO - [2025-07-22T17:50:09.922+0000] {dag.py:3954} INFO - Setting next_dagrun for example_display_name to None, run_after=None
[2025-07-22T17:50:09.934+0000] {processor.py:183} INFO - Processing /home/airflow/.local/lib/python3.12/site-packages/airflow/example_dags/example_display_name.py took 0.032 seconds
[2025-07-22T17:50:41.282+0000] {processor.py:161} INFO - Started process (PID=1099) to work on /home/airflow/.local/lib/python3.12/site-packages/airflow/example_dags/example_display_name.py
[2025-07-22T17:50:41.283+0000] {processor.py:830} INFO - Processing file /home/airflow/.local/lib/python3.12/site-packages/airflow/example_dags/example_display_name.py for tasks to queue
[2025-07-22T17:50:41.283+0000] {logging_mixin.py:188} INFO - [2025-07-22T17:50:41.283+0000] {dagbag.py:540} INFO - Filling up the DagBag from /home/airflow/.local/lib/python3.12/site-packages/airflow/example_dags/example_display_name.py
[2025-07-22T17:50:41.286+0000] {processor.py:840} INFO - DAG(s) 'example_display_name' retrieved from /home/airflow/.local/lib/python3.12/site-packages/airflow/example_dags/example_display_name.py
[2025-07-22T17:50:41.293+0000] {logging_mixin.py:188} INFO - [2025-07-22T17:50:41.293+0000] {dag.py:3096} INFO - Sync 1 DAGs
[2025-07-22T17:50:41.297+0000] {logging_mixin.py:188} INFO - [2025-07-22T17:50:41.297+0000] {dag.py:3954} INFO - Setting next_dagrun for example_display_name to None, run_after=None
[2025-07-22T17:50:41.302+0000] {processor.py:183} INFO - Processing /home/airflow/.local/lib/python3.12/site-packages/airflow/example_dags/example_display_name.py took 0.022 seconds
[2025-07-22T17:51:12.048+0000] {processor.py:161} INFO - Started process (PID=1159) to work on /home/airflow/.local/lib/python3.12/site-packages/airflow/example_dags/example_display_name.py
[2025-07-22T17:51:12.048+0000] {processor.py:830} INFO - Processing file /home/airflow/.local/lib/python3.12/site-packages/airflow/example_dags/example_display_name.py for tasks to queue
[2025-07-22T17:51:12.049+0000] {logging_mixin.py:188} INFO - [2025-07-22T17:51:12.049+0000] {dagbag.py:540} INFO - Filling up the DagBag from /home/airflow/.local/lib/python3.12/site-packages/airflow/example_dags/example_display_name.py
[2025-07-22T17:51:12.052+0000] {processor.py:840} INFO - DAG(s) 'example_display_name' retrieved from /home/airflow/.local/lib/python3.12/site-packages/airflow/example_dags/example_display_name.py
[2025-07-22T17:51:12.136+0000] {logging_mixin.py:188} INFO - [2025-07-22T17:51:12.136+0000] {dag.py:3096} INFO - Sync 1 DAGs
[2025-07-22T17:51:12.140+0000] {logging_mixin.py:188} INFO - [2025-07-22T17:51:12.140+0000] {dag.py:3954} INFO - Setting next_dagrun for example_display_name to None, run_after=None
[2025-07-22T17:51:12.146+0000] {processor.py:183} INFO - Processing /home/airflow/.local/lib/python3.12/site-packages/airflow/example_dags/example_display_name.py took 0.101 seconds
[2025-07-22T17:51:42.290+0000] {processor.py:161} INFO - Started process (PID=1219) to work on /home/airflow/.local/lib/python3.12/site-packages/airflow/example_dags/example_display_name.py
[2025-07-22T17:51:42.291+0000] {processor.py:830} INFO - Processing file /home/airflow/.local/lib/python3.12/site-packages/airflow/example_dags/example_display_name.py for tasks to queue
[2025-07-22T17:51:42.294+0000] {logging_mixin.py:188} INFO - [2025-07-22T17:51:42.294+0000] {dagbag.py:540} INFO - Filling up the DagBag from /home/airflow/.local/lib/python3.12/site-packages/airflow/example_dags/example_display_name.py
[2025-07-22T17:51:42.297+0000] {processor.py:840} INFO - DAG(s) 'example_display_name' retrieved from /home/airflow/.local/lib/python3.12/site-packages/airflow/example_dags/example_display_name.py
[2025-07-22T17:51:42.309+0000] {logging_mixin.py:188} INFO - [2025-07-22T17:51:42.308+0000] {dag.py:3096} INFO - Sync 1 DAGs
[2025-07-22T17:51:42.314+0000] {logging_mixin.py:188} INFO - [2025-07-22T17:51:42.314+0000] {dag.py:3954} INFO - Setting next_dagrun for example_display_name to None, run_after=None
[2025-07-22T17:51:42.321+0000] {processor.py:183} INFO - Processing /home/airflow/.local/lib/python3.12/site-packages/airflow/example_dags/example_display_name.py took 0.033 seconds
[2025-07-22T17:52:13.448+0000] {processor.py:161} INFO - Started process (PID=1279) to work on /home/airflow/.local/lib/python3.12/site-packages/airflow/example_dags/example_display_name.py
[2025-07-22T17:52:13.449+0000] {processor.py:830} INFO - Processing file /home/airflow/.local/lib/python3.12/site-packages/airflow/example_dags/example_display_name.py for tasks to queue
[2025-07-22T17:52:13.449+0000] {logging_mixin.py:188} INFO - [2025-07-22T17:52:13.449+0000] {dagbag.py:540} INFO - Filling up the DagBag from /home/airflow/.local/lib/python3.12/site-packages/airflow/example_dags/example_display_name.py
[2025-07-22T17:52:13.454+0000] {processor.py:840} INFO - DAG(s) 'example_display_name' retrieved from /home/airflow/.local/lib/python3.12/site-packages/airflow/example_dags/example_display_name.py
[2025-07-22T17:52:13.466+0000] {logging_mixin.py:188} INFO - [2025-07-22T17:52:13.466+0000] {dag.py:3096} INFO - Sync 1 DAGs
[2025-07-22T17:52:13.472+0000] {logging_mixin.py:188} INFO - [2025-07-22T17:52:13.472+0000] {dag.py:3954} INFO - Setting next_dagrun for example_display_name to None, run_after=None
[2025-07-22T17:52:13.483+0000] {processor.py:183} INFO - Processing /home/airflow/.local/lib/python3.12/site-packages/airflow/example_dags/example_display_name.py took 0.038 seconds
[2025-07-22T17:52:44.571+0000] {processor.py:161} INFO - Started process (PID=1339) to work on /home/airflow/.local/lib/python3.12/site-packages/airflow/example_dags/example_display_name.py
[2025-07-22T17:52:44.572+0000] {processor.py:830} INFO - Processing file /home/airflow/.local/lib/python3.12/site-packages/airflow/example_dags/example_display_name.py for tasks to queue
[2025-07-22T17:52:44.572+0000] {logging_mixin.py:188} INFO - [2025-07-22T17:52:44.572+0000] {dagbag.py:540} INFO - Filling up the DagBag from /home/airflow/.local/lib/python3.12/site-packages/airflow/example_dags/example_display_name.py
[2025-07-22T17:52:44.579+0000] {processor.py:840} INFO - DAG(s) 'example_display_name' retrieved from /home/airflow/.local/lib/python3.12/site-packages/airflow/example_dags/example_display_name.py
[2025-07-22T17:52:44.592+0000] {logging_mixin.py:188} INFO - [2025-07-22T17:52:44.592+0000] {dag.py:3096} INFO - Sync 1 DAGs
[2025-07-22T17:52:44.598+0000] {logging_mixin.py:188} INFO - [2025-07-22T17:52:44.598+0000] {dag.py:3954} INFO - Setting next_dagrun for example_display_name to None, run_after=None
[2025-07-22T17:52:44.606+0000] {processor.py:183} INFO - Processing /home/airflow/.local/lib/python3.12/site-packages/airflow/example_dags/example_display_name.py took 0.038 seconds
[2025-07-22T17:53:15.657+0000] {processor.py:161} INFO - Started process (PID=1399) to work on /home/airflow/.local/lib/python3.12/site-packages/airflow/example_dags/example_display_name.py
[2025-07-22T17:53:15.657+0000] {processor.py:830} INFO - Processing file /home/airflow/.local/lib/python3.12/site-packages/airflow/example_dags/example_display_name.py for tasks to queue
[2025-07-22T17:53:15.658+0000] {logging_mixin.py:188} INFO - [2025-07-22T17:53:15.658+0000] {dagbag.py:540} INFO - Filling up the DagBag from /home/airflow/.local/lib/python3.12/site-packages/airflow/example_dags/example_display_name.py
[2025-07-22T17:53:15.662+0000] {processor.py:840} INFO - DAG(s) 'example_display_name' retrieved from /home/airflow/.local/lib/python3.12/site-packages/airflow/example_dags/example_display_name.py
[2025-07-22T17:53:15.672+0000] {logging_mixin.py:188} INFO - [2025-07-22T17:53:15.672+0000] {dag.py:3096} INFO - Sync 1 DAGs
[2025-07-22T17:53:15.677+0000] {logging_mixin.py:188} INFO - [2025-07-22T17:53:15.677+0000] {dag.py:3954} INFO - Setting next_dagrun for example_display_name to None, run_after=None
[2025-07-22T17:53:15.688+0000] {processor.py:183} INFO - Processing /home/airflow/.local/lib/python3.12/site-packages/airflow/example_dags/example_display_name.py took 0.034 seconds
[2025-07-22T17:53:46.617+0000] {processor.py:161} INFO - Started process (PID=1459) to work on /home/airflow/.local/lib/python3.12/site-packages/airflow/example_dags/example_display_name.py
[2025-07-22T17:53:46.617+0000] {processor.py:830} INFO - Processing file /home/airflow/.local/lib/python3.12/site-packages/airflow/example_dags/example_display_name.py for tasks to queue
[2025-07-22T17:53:46.618+0000] {logging_mixin.py:188} INFO - [2025-07-22T17:53:46.618+0000] {dagbag.py:540} INFO - Filling up the DagBag from /home/airflow/.local/lib/python3.12/site-packages/airflow/example_dags/example_display_name.py
[2025-07-22T17:53:46.621+0000] {processor.py:840} INFO - DAG(s) 'example_display_name' retrieved from /home/airflow/.local/lib/python3.12/site-packages/airflow/example_dags/example_display_name.py
[2025-07-22T17:53:46.630+0000] {logging_mixin.py:188} INFO - [2025-07-22T17:53:46.630+0000] {dag.py:3096} INFO - Sync 1 DAGs
[2025-07-22T17:53:46.634+0000] {logging_mixin.py:188} INFO - [2025-07-22T17:53:46.634+0000] {dag.py:3954} INFO - Setting next_dagrun for example_display_name to None, run_after=None
[2025-07-22T17:53:46.643+0000] {processor.py:183} INFO - Processing /home/airflow/.local/lib/python3.12/site-packages/airflow/example_dags/example_display_name.py took 0.030 seconds
[2025-07-22T17:54:16.993+0000] {processor.py:161} INFO - Started process (PID=1519) to work on /home/airflow/.local/lib/python3.12/site-packages/airflow/example_dags/example_display_name.py
[2025-07-22T17:54:16.995+0000] {processor.py:830} INFO - Processing file /home/airflow/.local/lib/python3.12/site-packages/airflow/example_dags/example_display_name.py for tasks to queue
[2025-07-22T17:54:16.997+0000] {logging_mixin.py:188} INFO - [2025-07-22T17:54:16.997+0000] {dagbag.py:540} INFO - Filling up the DagBag from /home/airflow/.local/lib/python3.12/site-packages/airflow/example_dags/example_display_name.py
[2025-07-22T17:54:17.000+0000] {processor.py:840} INFO - DAG(s) 'example_display_name' retrieved from /home/airflow/.local/lib/python3.12/site-packages/airflow/example_dags/example_display_name.py
[2025-07-22T17:54:17.012+0000] {logging_mixin.py:188} INFO - [2025-07-22T17:54:17.011+0000] {dag.py:3096} INFO - Sync 1 DAGs
[2025-07-22T17:54:17.017+0000] {logging_mixin.py:188} INFO - [2025-07-22T17:54:17.017+0000] {dag.py:3954} INFO - Setting next_dagrun for example_display_name to None, run_after=None
[2025-07-22T17:54:17.023+0000] {processor.py:183} INFO - Processing /home/airflow/.local/lib/python3.12/site-packages/airflow/example_dags/example_display_name.py took 0.032 seconds
[2025-07-22T17:54:47.784+0000] {processor.py:161} INFO - Started process (PID=1579) to work on /home/airflow/.local/lib/python3.12/site-packages/airflow/example_dags/example_display_name.py
[2025-07-22T17:54:47.785+0000] {processor.py:830} INFO - Processing file /home/airflow/.local/lib/python3.12/site-packages/airflow/example_dags/example_display_name.py for tasks to queue
[2025-07-22T17:54:47.785+0000] {logging_mixin.py:188} INFO - [2025-07-22T17:54:47.785+0000] {dagbag.py:540} INFO - Filling up the DagBag from /home/airflow/.local/lib/python3.12/site-packages/airflow/example_dags/example_display_name.py
[2025-07-22T17:54:47.788+0000] {processor.py:840} INFO - DAG(s) 'example_display_name' retrieved from /home/airflow/.local/lib/python3.12/site-packages/airflow/example_dags/example_display_name.py
[2025-07-22T17:54:47.795+0000] {logging_mixin.py:188} INFO - [2025-07-22T17:54:47.795+0000] {dag.py:3096} INFO - Sync 1 DAGs
[2025-07-22T17:54:47.799+0000] {logging_mixin.py:188} INFO - [2025-07-22T17:54:47.799+0000] {dag.py:3954} INFO - Setting next_dagrun for example_display_name to None, run_after=None
[2025-07-22T17:54:47.804+0000] {processor.py:183} INFO - Processing /home/airflow/.local/lib/python3.12/site-packages/airflow/example_dags/example_display_name.py took 0.022 seconds
