[2025-07-22T17:47:04.131+0000] {processor.py:161} INFO - Started process (PID=654) to work on /home/airflow/.local/lib/python3.12/site-packages/airflow/example_dags/example_setup_teardown.py
[2025-07-22T17:47:04.132+0000] {processor.py:830} INFO - Processing file /home/airflow/.local/lib/python3.12/site-packages/airflow/example_dags/example_setup_teardown.py for tasks to queue
[2025-07-22T17:47:04.134+0000] {logging_mixin.py:188} INFO - [2025-07-22T17:47:04.134+0000] {dagbag.py:540} INFO - Filling up the DagBag from /home/airflow/.local/lib/python3.12/site-packages/airflow/example_dags/example_setup_teardown.py
[2025-07-22T17:47:04.139+0000] {processor.py:840} INFO - DAG(s) 'example_setup_teardown' retrieved from /home/airflow/.local/lib/python3.12/site-packages/airflow/example_dags/example_setup_teardown.py
[2025-07-22T17:47:04.149+0000] {logging_mixin.py:188} INFO - [2025-07-22T17:47:04.149+0000] {dag.py:3096} INFO - Sync 1 DAGs
[2025-07-22T17:47:04.157+0000] {logging_mixin.py:188} INFO - [2025-07-22T17:47:04.157+0000] {dag.py:3954} INFO - Setting next_dagrun for example_setup_teardown to 2025-07-21 00:00:00+00:00, run_after=2025-07-22 00:00:00+00:00
[2025-07-22T17:47:04.164+0000] {processor.py:183} INFO - Processing /home/airflow/.local/lib/python3.12/site-packages/airflow/example_dags/example_setup_teardown.py took 0.036 seconds
[2025-07-22T17:47:34.819+0000] {processor.py:161} INFO - Started process (PID=714) to work on /home/airflow/.local/lib/python3.12/site-packages/airflow/example_dags/example_setup_teardown.py
[2025-07-22T17:47:34.820+0000] {processor.py:830} INFO - Processing file /home/airflow/.local/lib/python3.12/site-packages/airflow/example_dags/example_setup_teardown.py for tasks to queue
[2025-07-22T17:47:34.820+0000] {logging_mixin.py:188} INFO - [2025-07-22T17:47:34.820+0000] {dagbag.py:540} INFO - Filling up the DagBag from /home/airflow/.local/lib/python3.12/site-packages/airflow/example_dags/example_setup_teardown.py
[2025-07-22T17:47:34.823+0000] {processor.py:840} INFO - DAG(s) 'example_setup_teardown' retrieved from /home/airflow/.local/lib/python3.12/site-packages/airflow/example_dags/example_setup_teardown.py
[2025-07-22T17:47:34.832+0000] {logging_mixin.py:188} INFO - [2025-07-22T17:47:34.832+0000] {dag.py:3096} INFO - Sync 1 DAGs
[2025-07-22T17:47:34.840+0000] {logging_mixin.py:188} INFO - [2025-07-22T17:47:34.840+0000] {dag.py:3954} INFO - Setting next_dagrun for example_setup_teardown to 2025-07-21 00:00:00+00:00, run_after=2025-07-22 00:00:00+00:00
[2025-07-22T17:47:34.847+0000] {processor.py:183} INFO - Processing /home/airflow/.local/lib/python3.12/site-packages/airflow/example_dags/example_setup_teardown.py took 0.031 seconds
[2025-07-22T17:48:05.727+0000] {processor.py:161} INFO - Started process (PID=774) to work on /home/airflow/.local/lib/python3.12/site-packages/airflow/example_dags/example_setup_teardown.py
[2025-07-22T17:48:05.727+0000] {processor.py:830} INFO - Processing file /home/airflow/.local/lib/python3.12/site-packages/airflow/example_dags/example_setup_teardown.py for tasks to queue
[2025-07-22T17:48:05.728+0000] {logging_mixin.py:188} INFO - [2025-07-22T17:48:05.728+0000] {dagbag.py:540} INFO - Filling up the DagBag from /home/airflow/.local/lib/python3.12/site-packages/airflow/example_dags/example_setup_teardown.py
[2025-07-22T17:48:05.731+0000] {processor.py:840} INFO - DAG(s) 'example_setup_teardown' retrieved from /home/airflow/.local/lib/python3.12/site-packages/airflow/example_dags/example_setup_teardown.py
[2025-07-22T17:48:05.739+0000] {logging_mixin.py:188} INFO - [2025-07-22T17:48:05.739+0000] {dag.py:3096} INFO - Sync 1 DAGs
[2025-07-22T17:48:05.746+0000] {logging_mixin.py:188} INFO - [2025-07-22T17:48:05.746+0000] {dag.py:3954} INFO - Setting next_dagrun for example_setup_teardown to 2025-07-21 00:00:00+00:00, run_after=2025-07-22 00:00:00+00:00
[2025-07-22T17:48:05.752+0000] {processor.py:183} INFO - Processing /home/airflow/.local/lib/python3.12/site-packages/airflow/example_dags/example_setup_teardown.py took 0.028 seconds
[2025-07-22T17:48:36.606+0000] {processor.py:161} INFO - Started process (PID=834) to work on /home/airflow/.local/lib/python3.12/site-packages/airflow/example_dags/example_setup_teardown.py
[2025-07-22T17:48:36.606+0000] {processor.py:830} INFO - Processing file /home/airflow/.local/lib/python3.12/site-packages/airflow/example_dags/example_setup_teardown.py for tasks to queue
[2025-07-22T17:48:36.607+0000] {logging_mixin.py:188} INFO - [2025-07-22T17:48:36.607+0000] {dagbag.py:540} INFO - Filling up the DagBag from /home/airflow/.local/lib/python3.12/site-packages/airflow/example_dags/example_setup_teardown.py
[2025-07-22T17:48:36.610+0000] {processor.py:840} INFO - DAG(s) 'example_setup_teardown' retrieved from /home/airflow/.local/lib/python3.12/site-packages/airflow/example_dags/example_setup_teardown.py
[2025-07-22T17:48:36.619+0000] {logging_mixin.py:188} INFO - [2025-07-22T17:48:36.619+0000] {dag.py:3096} INFO - Sync 1 DAGs
[2025-07-22T17:48:36.626+0000] {logging_mixin.py:188} INFO - [2025-07-22T17:48:36.626+0000] {dag.py:3954} INFO - Setting next_dagrun for example_setup_teardown to 2025-07-21 00:00:00+00:00, run_after=2025-07-22 00:00:00+00:00
[2025-07-22T17:48:36.632+0000] {processor.py:183} INFO - Processing /home/airflow/.local/lib/python3.12/site-packages/airflow/example_dags/example_setup_teardown.py took 0.029 seconds
[2025-07-22T17:49:06.678+0000] {processor.py:161} INFO - Started process (PID=891) to work on /home/airflow/.local/lib/python3.12/site-packages/airflow/example_dags/example_setup_teardown.py
[2025-07-22T17:49:06.679+0000] {processor.py:830} INFO - Processing file /home/airflow/.local/lib/python3.12/site-packages/airflow/example_dags/example_setup_teardown.py for tasks to queue
[2025-07-22T17:49:06.680+0000] {logging_mixin.py:188} INFO - [2025-07-22T17:49:06.680+0000] {dagbag.py:540} INFO - Filling up the DagBag from /home/airflow/.local/lib/python3.12/site-packages/airflow/example_dags/example_setup_teardown.py
[2025-07-22T17:49:06.683+0000] {processor.py:840} INFO - DAG(s) 'example_setup_teardown' retrieved from /home/airflow/.local/lib/python3.12/site-packages/airflow/example_dags/example_setup_teardown.py
[2025-07-22T17:49:06.693+0000] {logging_mixin.py:188} INFO - [2025-07-22T17:49:06.693+0000] {dag.py:3096} INFO - Sync 1 DAGs
[2025-07-22T17:49:06.701+0000] {logging_mixin.py:188} INFO - [2025-07-22T17:49:06.701+0000] {dag.py:3954} INFO - Setting next_dagrun for example_setup_teardown to 2025-07-21 00:00:00+00:00, run_after=2025-07-22 00:00:00+00:00
[2025-07-22T17:49:06.710+0000] {processor.py:183} INFO - Processing /home/airflow/.local/lib/python3.12/site-packages/airflow/example_dags/example_setup_teardown.py took 0.034 seconds
[2025-07-22T17:49:36.763+0000] {processor.py:161} INFO - Started process (PID=951) to work on /home/airflow/.local/lib/python3.12/site-packages/airflow/example_dags/example_setup_teardown.py
[2025-07-22T17:49:36.764+0000] {processor.py:830} INFO - Processing file /home/airflow/.local/lib/python3.12/site-packages/airflow/example_dags/example_setup_teardown.py for tasks to queue
[2025-07-22T17:49:36.766+0000] {logging_mixin.py:188} INFO - [2025-07-22T17:49:36.766+0000] {dagbag.py:540} INFO - Filling up the DagBag from /home/airflow/.local/lib/python3.12/site-packages/airflow/example_dags/example_setup_teardown.py
[2025-07-22T17:49:36.768+0000] {processor.py:840} INFO - DAG(s) 'example_setup_teardown' retrieved from /home/airflow/.local/lib/python3.12/site-packages/airflow/example_dags/example_setup_teardown.py
[2025-07-22T17:49:36.780+0000] {logging_mixin.py:188} INFO - [2025-07-22T17:49:36.780+0000] {dag.py:3096} INFO - Sync 1 DAGs
[2025-07-22T17:49:36.790+0000] {logging_mixin.py:188} INFO - [2025-07-22T17:49:36.790+0000] {dag.py:3954} INFO - Setting next_dagrun for example_setup_teardown to 2025-07-21 00:00:00+00:00, run_after=2025-07-22 00:00:00+00:00
[2025-07-22T17:49:36.798+0000] {processor.py:183} INFO - Processing /home/airflow/.local/lib/python3.12/site-packages/airflow/example_dags/example_setup_teardown.py took 0.038 seconds
[2025-07-22T17:50:07.749+0000] {processor.py:161} INFO - Started process (PID=1011) to work on /home/airflow/.local/lib/python3.12/site-packages/airflow/example_dags/example_setup_teardown.py
[2025-07-22T17:50:07.750+0000] {processor.py:830} INFO - Processing file /home/airflow/.local/lib/python3.12/site-packages/airflow/example_dags/example_setup_teardown.py for tasks to queue
[2025-07-22T17:50:07.751+0000] {logging_mixin.py:188} INFO - [2025-07-22T17:50:07.751+0000] {dagbag.py:540} INFO - Filling up the DagBag from /home/airflow/.local/lib/python3.12/site-packages/airflow/example_dags/example_setup_teardown.py
[2025-07-22T17:50:07.754+0000] {processor.py:840} INFO - DAG(s) 'example_setup_teardown' retrieved from /home/airflow/.local/lib/python3.12/site-packages/airflow/example_dags/example_setup_teardown.py
[2025-07-22T17:50:07.763+0000] {logging_mixin.py:188} INFO - [2025-07-22T17:50:07.763+0000] {dag.py:3096} INFO - Sync 1 DAGs
[2025-07-22T17:50:07.846+0000] {logging_mixin.py:188} INFO - [2025-07-22T17:50:07.846+0000] {dag.py:3954} INFO - Setting next_dagrun for example_setup_teardown to 2025-07-21 00:00:00+00:00, run_after=2025-07-22 00:00:00+00:00
[2025-07-22T17:50:07.853+0000] {processor.py:183} INFO - Processing /home/airflow/.local/lib/python3.12/site-packages/airflow/example_dags/example_setup_teardown.py took 0.107 seconds
[2025-07-22T17:50:38.397+0000] {processor.py:161} INFO - Started process (PID=1071) to work on /home/airflow/.local/lib/python3.12/site-packages/airflow/example_dags/example_setup_teardown.py
[2025-07-22T17:50:38.397+0000] {processor.py:830} INFO - Processing file /home/airflow/.local/lib/python3.12/site-packages/airflow/example_dags/example_setup_teardown.py for tasks to queue
[2025-07-22T17:50:38.398+0000] {logging_mixin.py:188} INFO - [2025-07-22T17:50:38.398+0000] {dagbag.py:540} INFO - Filling up the DagBag from /home/airflow/.local/lib/python3.12/site-packages/airflow/example_dags/example_setup_teardown.py
[2025-07-22T17:50:38.401+0000] {processor.py:840} INFO - DAG(s) 'example_setup_teardown' retrieved from /home/airflow/.local/lib/python3.12/site-packages/airflow/example_dags/example_setup_teardown.py
[2025-07-22T17:50:38.409+0000] {logging_mixin.py:188} INFO - [2025-07-22T17:50:38.409+0000] {dag.py:3096} INFO - Sync 1 DAGs
[2025-07-22T17:50:38.479+0000] {logging_mixin.py:188} INFO - [2025-07-22T17:50:38.479+0000] {dag.py:3954} INFO - Setting next_dagrun for example_setup_teardown to 2025-07-21 00:00:00+00:00, run_after=2025-07-22 00:00:00+00:00
[2025-07-22T17:50:38.485+0000] {processor.py:183} INFO - Processing /home/airflow/.local/lib/python3.12/site-packages/airflow/example_dags/example_setup_teardown.py took 0.091 seconds
[2025-07-22T17:51:08.981+0000] {processor.py:161} INFO - Started process (PID=1131) to work on /home/airflow/.local/lib/python3.12/site-packages/airflow/example_dags/example_setup_teardown.py
[2025-07-22T17:51:08.984+0000] {processor.py:830} INFO - Processing file /home/airflow/.local/lib/python3.12/site-packages/airflow/example_dags/example_setup_teardown.py for tasks to queue
[2025-07-22T17:51:08.986+0000] {logging_mixin.py:188} INFO - [2025-07-22T17:51:08.986+0000] {dagbag.py:540} INFO - Filling up the DagBag from /home/airflow/.local/lib/python3.12/site-packages/airflow/example_dags/example_setup_teardown.py
[2025-07-22T17:51:08.989+0000] {processor.py:840} INFO - DAG(s) 'example_setup_teardown' retrieved from /home/airflow/.local/lib/python3.12/site-packages/airflow/example_dags/example_setup_teardown.py
[2025-07-22T17:51:09.006+0000] {logging_mixin.py:188} INFO - [2025-07-22T17:51:09.006+0000] {dag.py:3096} INFO - Sync 1 DAGs
[2025-07-22T17:51:09.015+0000] {logging_mixin.py:188} INFO - [2025-07-22T17:51:09.015+0000] {dag.py:3954} INFO - Setting next_dagrun for example_setup_teardown to 2025-07-21 00:00:00+00:00, run_after=2025-07-22 00:00:00+00:00
[2025-07-22T17:51:09.115+0000] {processor.py:183} INFO - Processing /home/airflow/.local/lib/python3.12/site-packages/airflow/example_dags/example_setup_teardown.py took 0.137 seconds
[2025-07-22T17:51:39.429+0000] {processor.py:161} INFO - Started process (PID=1191) to work on /home/airflow/.local/lib/python3.12/site-packages/airflow/example_dags/example_setup_teardown.py
[2025-07-22T17:51:39.430+0000] {processor.py:830} INFO - Processing file /home/airflow/.local/lib/python3.12/site-packages/airflow/example_dags/example_setup_teardown.py for tasks to queue
[2025-07-22T17:51:39.431+0000] {logging_mixin.py:188} INFO - [2025-07-22T17:51:39.431+0000] {dagbag.py:540} INFO - Filling up the DagBag from /home/airflow/.local/lib/python3.12/site-packages/airflow/example_dags/example_setup_teardown.py
[2025-07-22T17:51:39.434+0000] {processor.py:840} INFO - DAG(s) 'example_setup_teardown' retrieved from /home/airflow/.local/lib/python3.12/site-packages/airflow/example_dags/example_setup_teardown.py
[2025-07-22T17:51:39.443+0000] {logging_mixin.py:188} INFO - [2025-07-22T17:51:39.443+0000] {dag.py:3096} INFO - Sync 1 DAGs
[2025-07-22T17:51:39.454+0000] {logging_mixin.py:188} INFO - [2025-07-22T17:51:39.453+0000] {dag.py:3954} INFO - Setting next_dagrun for example_setup_teardown to 2025-07-21 00:00:00+00:00, run_after=2025-07-22 00:00:00+00:00
[2025-07-22T17:51:39.464+0000] {processor.py:183} INFO - Processing /home/airflow/.local/lib/python3.12/site-packages/airflow/example_dags/example_setup_teardown.py took 0.037 seconds
[2025-07-22T17:52:10.421+0000] {processor.py:161} INFO - Started process (PID=1251) to work on /home/airflow/.local/lib/python3.12/site-packages/airflow/example_dags/example_setup_teardown.py
[2025-07-22T17:52:10.422+0000] {processor.py:830} INFO - Processing file /home/airflow/.local/lib/python3.12/site-packages/airflow/example_dags/example_setup_teardown.py for tasks to queue
[2025-07-22T17:52:10.423+0000] {logging_mixin.py:188} INFO - [2025-07-22T17:52:10.423+0000] {dagbag.py:540} INFO - Filling up the DagBag from /home/airflow/.local/lib/python3.12/site-packages/airflow/example_dags/example_setup_teardown.py
[2025-07-22T17:52:10.426+0000] {processor.py:840} INFO - DAG(s) 'example_setup_teardown' retrieved from /home/airflow/.local/lib/python3.12/site-packages/airflow/example_dags/example_setup_teardown.py
[2025-07-22T17:52:10.435+0000] {logging_mixin.py:188} INFO - [2025-07-22T17:52:10.435+0000] {dag.py:3096} INFO - Sync 1 DAGs
[2025-07-22T17:52:10.443+0000] {logging_mixin.py:188} INFO - [2025-07-22T17:52:10.443+0000] {dag.py:3954} INFO - Setting next_dagrun for example_setup_teardown to 2025-07-21 00:00:00+00:00, run_after=2025-07-22 00:00:00+00:00
[2025-07-22T17:52:10.453+0000] {processor.py:183} INFO - Processing /home/airflow/.local/lib/python3.12/site-packages/airflow/example_dags/example_setup_teardown.py took 0.035 seconds
[2025-07-22T17:52:40.524+0000] {processor.py:161} INFO - Started process (PID=1311) to work on /home/airflow/.local/lib/python3.12/site-packages/airflow/example_dags/example_setup_teardown.py
[2025-07-22T17:52:40.525+0000] {processor.py:830} INFO - Processing file /home/airflow/.local/lib/python3.12/site-packages/airflow/example_dags/example_setup_teardown.py for tasks to queue
[2025-07-22T17:52:40.526+0000] {logging_mixin.py:188} INFO - [2025-07-22T17:52:40.526+0000] {dagbag.py:540} INFO - Filling up the DagBag from /home/airflow/.local/lib/python3.12/site-packages/airflow/example_dags/example_setup_teardown.py
[2025-07-22T17:52:40.529+0000] {processor.py:840} INFO - DAG(s) 'example_setup_teardown' retrieved from /home/airflow/.local/lib/python3.12/site-packages/airflow/example_dags/example_setup_teardown.py
[2025-07-22T17:52:40.537+0000] {logging_mixin.py:188} INFO - [2025-07-22T17:52:40.536+0000] {dag.py:3096} INFO - Sync 1 DAGs
[2025-07-22T17:52:40.544+0000] {logging_mixin.py:188} INFO - [2025-07-22T17:52:40.544+0000] {dag.py:3954} INFO - Setting next_dagrun for example_setup_teardown to 2025-07-21 00:00:00+00:00, run_after=2025-07-22 00:00:00+00:00
[2025-07-22T17:52:40.552+0000] {processor.py:183} INFO - Processing /home/airflow/.local/lib/python3.12/site-packages/airflow/example_dags/example_setup_teardown.py took 0.031 seconds
[2025-07-22T17:53:10.693+0000] {processor.py:161} INFO - Started process (PID=1371) to work on /home/airflow/.local/lib/python3.12/site-packages/airflow/example_dags/example_setup_teardown.py
[2025-07-22T17:53:10.695+0000] {processor.py:830} INFO - Processing file /home/airflow/.local/lib/python3.12/site-packages/airflow/example_dags/example_setup_teardown.py for tasks to queue
[2025-07-22T17:53:10.696+0000] {logging_mixin.py:188} INFO - [2025-07-22T17:53:10.696+0000] {dagbag.py:540} INFO - Filling up the DagBag from /home/airflow/.local/lib/python3.12/site-packages/airflow/example_dags/example_setup_teardown.py
[2025-07-22T17:53:10.700+0000] {processor.py:840} INFO - DAG(s) 'example_setup_teardown' retrieved from /home/airflow/.local/lib/python3.12/site-packages/airflow/example_dags/example_setup_teardown.py
[2025-07-22T17:53:10.709+0000] {logging_mixin.py:188} INFO - [2025-07-22T17:53:10.709+0000] {dag.py:3096} INFO - Sync 1 DAGs
[2025-07-22T17:53:10.718+0000] {logging_mixin.py:188} INFO - [2025-07-22T17:53:10.718+0000] {dag.py:3954} INFO - Setting next_dagrun for example_setup_teardown to 2025-07-21 00:00:00+00:00, run_after=2025-07-22 00:00:00+00:00
[2025-07-22T17:53:10.728+0000] {processor.py:183} INFO - Processing /home/airflow/.local/lib/python3.12/site-packages/airflow/example_dags/example_setup_teardown.py took 0.037 seconds
[2025-07-22T17:53:40.795+0000] {processor.py:161} INFO - Started process (PID=1431) to work on /home/airflow/.local/lib/python3.12/site-packages/airflow/example_dags/example_setup_teardown.py
[2025-07-22T17:53:40.795+0000] {processor.py:830} INFO - Processing file /home/airflow/.local/lib/python3.12/site-packages/airflow/example_dags/example_setup_teardown.py for tasks to queue
[2025-07-22T17:53:40.796+0000] {logging_mixin.py:188} INFO - [2025-07-22T17:53:40.796+0000] {dagbag.py:540} INFO - Filling up the DagBag from /home/airflow/.local/lib/python3.12/site-packages/airflow/example_dags/example_setup_teardown.py
[2025-07-22T17:53:40.799+0000] {processor.py:840} INFO - DAG(s) 'example_setup_teardown' retrieved from /home/airflow/.local/lib/python3.12/site-packages/airflow/example_dags/example_setup_teardown.py
[2025-07-22T17:53:40.808+0000] {logging_mixin.py:188} INFO - [2025-07-22T17:53:40.808+0000] {dag.py:3096} INFO - Sync 1 DAGs
[2025-07-22T17:53:40.817+0000] {logging_mixin.py:188} INFO - [2025-07-22T17:53:40.817+0000] {dag.py:3954} INFO - Setting next_dagrun for example_setup_teardown to 2025-07-21 00:00:00+00:00, run_after=2025-07-22 00:00:00+00:00
[2025-07-22T17:53:40.824+0000] {processor.py:183} INFO - Processing /home/airflow/.local/lib/python3.12/site-packages/airflow/example_dags/example_setup_teardown.py took 0.032 seconds
[2025-07-22T17:54:11.715+0000] {processor.py:161} INFO - Started process (PID=1491) to work on /home/airflow/.local/lib/python3.12/site-packages/airflow/example_dags/example_setup_teardown.py
[2025-07-22T17:54:11.716+0000] {processor.py:830} INFO - Processing file /home/airflow/.local/lib/python3.12/site-packages/airflow/example_dags/example_setup_teardown.py for tasks to queue
[2025-07-22T17:54:11.717+0000] {logging_mixin.py:188} INFO - [2025-07-22T17:54:11.717+0000] {dagbag.py:540} INFO - Filling up the DagBag from /home/airflow/.local/lib/python3.12/site-packages/airflow/example_dags/example_setup_teardown.py
[2025-07-22T17:54:11.720+0000] {processor.py:840} INFO - DAG(s) 'example_setup_teardown' retrieved from /home/airflow/.local/lib/python3.12/site-packages/airflow/example_dags/example_setup_teardown.py
[2025-07-22T17:54:11.731+0000] {logging_mixin.py:188} INFO - [2025-07-22T17:54:11.731+0000] {dag.py:3096} INFO - Sync 1 DAGs
[2025-07-22T17:54:11.763+0000] {logging_mixin.py:188} INFO - [2025-07-22T17:54:11.763+0000] {dag.py:3954} INFO - Setting next_dagrun for example_setup_teardown to 2025-07-21 00:00:00+00:00, run_after=2025-07-22 00:00:00+00:00
[2025-07-22T17:54:11.840+0000] {processor.py:183} INFO - Processing /home/airflow/.local/lib/python3.12/site-packages/airflow/example_dags/example_setup_teardown.py took 0.128 seconds
[2025-07-22T17:54:41.935+0000] {processor.py:161} INFO - Started process (PID=1550) to work on /home/airflow/.local/lib/python3.12/site-packages/airflow/example_dags/example_setup_teardown.py
[2025-07-22T17:54:41.938+0000] {processor.py:830} INFO - Processing file /home/airflow/.local/lib/python3.12/site-packages/airflow/example_dags/example_setup_teardown.py for tasks to queue
[2025-07-22T17:54:41.939+0000] {logging_mixin.py:188} INFO - [2025-07-22T17:54:41.939+0000] {dagbag.py:540} INFO - Filling up the DagBag from /home/airflow/.local/lib/python3.12/site-packages/airflow/example_dags/example_setup_teardown.py
[2025-07-22T17:54:41.942+0000] {processor.py:840} INFO - DAG(s) 'example_setup_teardown' retrieved from /home/airflow/.local/lib/python3.12/site-packages/airflow/example_dags/example_setup_teardown.py
[2025-07-22T17:54:41.951+0000] {logging_mixin.py:188} INFO - [2025-07-22T17:54:41.951+0000] {dag.py:3096} INFO - Sync 1 DAGs
[2025-07-22T17:54:41.960+0000] {logging_mixin.py:188} INFO - [2025-07-22T17:54:41.960+0000] {dag.py:3954} INFO - Setting next_dagrun for example_setup_teardown to 2025-07-21 00:00:00+00:00, run_after=2025-07-22 00:00:00+00:00
[2025-07-22T17:54:41.970+0000] {processor.py:183} INFO - Processing /home/airflow/.local/lib/python3.12/site-packages/airflow/example_dags/example_setup_teardown.py took 0.037 seconds
