[2025-07-22T17:47:04.050+0000] {processor.py:161} INFO - Started process (PID=653) to work on /home/airflow/.local/lib/python3.12/site-packages/airflow/example_dags/example_branch_python_dop_operator_3.py
[2025-07-22T17:47:04.052+0000] {processor.py:830} INFO - Processing file /home/airflow/.local/lib/python3.12/site-packages/airflow/example_dags/example_branch_python_dop_operator_3.py for tasks to queue
[2025-07-22T17:47:04.055+0000] {logging_mixin.py:188} INFO - [2025-07-22T17:47:04.055+0000] {dagbag.py:540} INFO - Filling up the DagBag from /home/airflow/.local/lib/python3.12/site-packages/airflow/example_dags/example_branch_python_dop_operator_3.py
[2025-07-22T17:47:04.060+0000] {processor.py:840} INFO - DAG(s) 'example_branch_dop_operator_v3' retrieved from /home/airflow/.local/lib/python3.12/site-packages/airflow/example_dags/example_branch_python_dop_operator_3.py
[2025-07-22T17:47:04.084+0000] {logging_mixin.py:188} INFO - [2025-07-22T17:47:04.084+0000] {dag.py:3096} INFO - Sync 1 DAGs
[2025-07-22T17:47:04.098+0000] {logging_mixin.py:188} INFO - [2025-07-22T17:47:04.098+0000] {dag.py:3954} INFO - Setting next_dagrun for example_branch_dop_operator_v3 to 2025-07-22 17:46:00+00:00, run_after=2025-07-22 17:47:00+00:00
[2025-07-22T17:47:04.112+0000] {processor.py:183} INFO - Processing /home/airflow/.local/lib/python3.12/site-packages/airflow/example_dags/example_branch_python_dop_operator_3.py took 0.065 seconds
[2025-07-22T17:47:34.753+0000] {processor.py:161} INFO - Started process (PID=713) to work on /home/airflow/.local/lib/python3.12/site-packages/airflow/example_dags/example_branch_python_dop_operator_3.py
[2025-07-22T17:47:34.753+0000] {processor.py:830} INFO - Processing file /home/airflow/.local/lib/python3.12/site-packages/airflow/example_dags/example_branch_python_dop_operator_3.py for tasks to queue
[2025-07-22T17:47:34.754+0000] {logging_mixin.py:188} INFO - [2025-07-22T17:47:34.754+0000] {dagbag.py:540} INFO - Filling up the DagBag from /home/airflow/.local/lib/python3.12/site-packages/airflow/example_dags/example_branch_python_dop_operator_3.py
[2025-07-22T17:47:34.757+0000] {processor.py:840} INFO - DAG(s) 'example_branch_dop_operator_v3' retrieved from /home/airflow/.local/lib/python3.12/site-packages/airflow/example_dags/example_branch_python_dop_operator_3.py
[2025-07-22T17:47:34.777+0000] {logging_mixin.py:188} INFO - [2025-07-22T17:47:34.777+0000] {dag.py:3096} INFO - Sync 1 DAGs
[2025-07-22T17:47:34.795+0000] {logging_mixin.py:188} INFO - [2025-07-22T17:47:34.794+0000] {dag.py:3954} INFO - Setting next_dagrun for example_branch_dop_operator_v3 to 2025-07-22 17:46:00+00:00, run_after=2025-07-22 17:47:00+00:00
[2025-07-22T17:47:34.806+0000] {processor.py:183} INFO - Processing /home/airflow/.local/lib/python3.12/site-packages/airflow/example_dags/example_branch_python_dop_operator_3.py took 0.056 seconds
[2025-07-22T17:48:05.684+0000] {processor.py:161} INFO - Started process (PID=773) to work on /home/airflow/.local/lib/python3.12/site-packages/airflow/example_dags/example_branch_python_dop_operator_3.py
[2025-07-22T17:48:05.684+0000] {processor.py:830} INFO - Processing file /home/airflow/.local/lib/python3.12/site-packages/airflow/example_dags/example_branch_python_dop_operator_3.py for tasks to queue
[2025-07-22T17:48:05.685+0000] {logging_mixin.py:188} INFO - [2025-07-22T17:48:05.685+0000] {dagbag.py:540} INFO - Filling up the DagBag from /home/airflow/.local/lib/python3.12/site-packages/airflow/example_dags/example_branch_python_dop_operator_3.py
[2025-07-22T17:48:05.689+0000] {processor.py:840} INFO - DAG(s) 'example_branch_dop_operator_v3' retrieved from /home/airflow/.local/lib/python3.12/site-packages/airflow/example_dags/example_branch_python_dop_operator_3.py
[2025-07-22T17:48:05.702+0000] {logging_mixin.py:188} INFO - [2025-07-22T17:48:05.701+0000] {dag.py:3096} INFO - Sync 1 DAGs
[2025-07-22T17:48:05.711+0000] {logging_mixin.py:188} INFO - [2025-07-22T17:48:05.711+0000] {dag.py:3954} INFO - Setting next_dagrun for example_branch_dop_operator_v3 to 2025-07-22 17:47:00+00:00, run_after=2025-07-22 17:48:00+00:00
[2025-07-22T17:48:05.717+0000] {processor.py:183} INFO - Processing /home/airflow/.local/lib/python3.12/site-packages/airflow/example_dags/example_branch_python_dop_operator_3.py took 0.036 seconds
[2025-07-22T17:48:36.559+0000] {processor.py:161} INFO - Started process (PID=833) to work on /home/airflow/.local/lib/python3.12/site-packages/airflow/example_dags/example_branch_python_dop_operator_3.py
[2025-07-22T17:48:36.560+0000] {processor.py:830} INFO - Processing file /home/airflow/.local/lib/python3.12/site-packages/airflow/example_dags/example_branch_python_dop_operator_3.py for tasks to queue
[2025-07-22T17:48:36.561+0000] {logging_mixin.py:188} INFO - [2025-07-22T17:48:36.561+0000] {dagbag.py:540} INFO - Filling up the DagBag from /home/airflow/.local/lib/python3.12/site-packages/airflow/example_dags/example_branch_python_dop_operator_3.py
[2025-07-22T17:48:36.566+0000] {processor.py:840} INFO - DAG(s) 'example_branch_dop_operator_v3' retrieved from /home/airflow/.local/lib/python3.12/site-packages/airflow/example_dags/example_branch_python_dop_operator_3.py
[2025-07-22T17:48:36.579+0000] {logging_mixin.py:188} INFO - [2025-07-22T17:48:36.579+0000] {dag.py:3096} INFO - Sync 1 DAGs
[2025-07-22T17:48:36.589+0000] {logging_mixin.py:188} INFO - [2025-07-22T17:48:36.589+0000] {dag.py:3954} INFO - Setting next_dagrun for example_branch_dop_operator_v3 to 2025-07-22 17:47:00+00:00, run_after=2025-07-22 17:48:00+00:00
[2025-07-22T17:48:36.595+0000] {processor.py:183} INFO - Processing /home/airflow/.local/lib/python3.12/site-packages/airflow/example_dags/example_branch_python_dop_operator_3.py took 0.041 seconds
[2025-07-22T17:49:06.667+0000] {processor.py:161} INFO - Started process (PID=890) to work on /home/airflow/.local/lib/python3.12/site-packages/airflow/example_dags/example_branch_python_dop_operator_3.py
[2025-07-22T17:49:06.668+0000] {processor.py:830} INFO - Processing file /home/airflow/.local/lib/python3.12/site-packages/airflow/example_dags/example_branch_python_dop_operator_3.py for tasks to queue
[2025-07-22T17:49:06.669+0000] {logging_mixin.py:188} INFO - [2025-07-22T17:49:06.668+0000] {dagbag.py:540} INFO - Filling up the DagBag from /home/airflow/.local/lib/python3.12/site-packages/airflow/example_dags/example_branch_python_dop_operator_3.py
[2025-07-22T17:49:06.673+0000] {processor.py:840} INFO - DAG(s) 'example_branch_dop_operator_v3' retrieved from /home/airflow/.local/lib/python3.12/site-packages/airflow/example_dags/example_branch_python_dop_operator_3.py
[2025-07-22T17:49:06.690+0000] {logging_mixin.py:188} INFO - [2025-07-22T17:49:06.689+0000] {dag.py:3096} INFO - Sync 1 DAGs
[2025-07-22T17:49:06.701+0000] {logging_mixin.py:188} INFO - [2025-07-22T17:49:06.701+0000] {dag.py:3954} INFO - Setting next_dagrun for example_branch_dop_operator_v3 to 2025-07-22 17:48:00+00:00, run_after=2025-07-22 17:49:00+00:00
[2025-07-22T17:49:06.710+0000] {processor.py:183} INFO - Processing /home/airflow/.local/lib/python3.12/site-packages/airflow/example_dags/example_branch_python_dop_operator_3.py took 0.046 seconds
[2025-07-22T17:49:36.760+0000] {processor.py:161} INFO - Started process (PID=950) to work on /home/airflow/.local/lib/python3.12/site-packages/airflow/example_dags/example_branch_python_dop_operator_3.py
[2025-07-22T17:49:36.760+0000] {processor.py:830} INFO - Processing file /home/airflow/.local/lib/python3.12/site-packages/airflow/example_dags/example_branch_python_dop_operator_3.py for tasks to queue
[2025-07-22T17:49:36.761+0000] {logging_mixin.py:188} INFO - [2025-07-22T17:49:36.761+0000] {dagbag.py:540} INFO - Filling up the DagBag from /home/airflow/.local/lib/python3.12/site-packages/airflow/example_dags/example_branch_python_dop_operator_3.py
[2025-07-22T17:49:36.764+0000] {processor.py:840} INFO - DAG(s) 'example_branch_dop_operator_v3' retrieved from /home/airflow/.local/lib/python3.12/site-packages/airflow/example_dags/example_branch_python_dop_operator_3.py
[2025-07-22T17:49:36.774+0000] {logging_mixin.py:188} INFO - [2025-07-22T17:49:36.774+0000] {dag.py:3096} INFO - Sync 1 DAGs
[2025-07-22T17:49:36.784+0000] {logging_mixin.py:188} INFO - [2025-07-22T17:49:36.784+0000] {dag.py:3954} INFO - Setting next_dagrun for example_branch_dop_operator_v3 to 2025-07-22 17:48:00+00:00, run_after=2025-07-22 17:49:00+00:00
[2025-07-22T17:49:36.794+0000] {processor.py:183} INFO - Processing /home/airflow/.local/lib/python3.12/site-packages/airflow/example_dags/example_branch_python_dop_operator_3.py took 0.036 seconds
[2025-07-22T17:50:07.617+0000] {processor.py:161} INFO - Started process (PID=1010) to work on /home/airflow/.local/lib/python3.12/site-packages/airflow/example_dags/example_branch_python_dop_operator_3.py
[2025-07-22T17:50:07.617+0000] {processor.py:830} INFO - Processing file /home/airflow/.local/lib/python3.12/site-packages/airflow/example_dags/example_branch_python_dop_operator_3.py for tasks to queue
[2025-07-22T17:50:07.618+0000] {logging_mixin.py:188} INFO - [2025-07-22T17:50:07.618+0000] {dagbag.py:540} INFO - Filling up the DagBag from /home/airflow/.local/lib/python3.12/site-packages/airflow/example_dags/example_branch_python_dop_operator_3.py
[2025-07-22T17:50:07.622+0000] {processor.py:840} INFO - DAG(s) 'example_branch_dop_operator_v3' retrieved from /home/airflow/.local/lib/python3.12/site-packages/airflow/example_dags/example_branch_python_dop_operator_3.py
[2025-07-22T17:50:07.633+0000] {logging_mixin.py:188} INFO - [2025-07-22T17:50:07.633+0000] {dag.py:3096} INFO - Sync 1 DAGs
[2025-07-22T17:50:07.729+0000] {logging_mixin.py:188} INFO - [2025-07-22T17:50:07.729+0000] {dag.py:3954} INFO - Setting next_dagrun for example_branch_dop_operator_v3 to 2025-07-22 17:49:00+00:00, run_after=2025-07-22 17:50:00+00:00
[2025-07-22T17:50:07.735+0000] {processor.py:183} INFO - Processing /home/airflow/.local/lib/python3.12/site-packages/airflow/example_dags/example_branch_python_dop_operator_3.py took 0.121 seconds
[2025-07-22T17:50:38.276+0000] {processor.py:161} INFO - Started process (PID=1070) to work on /home/airflow/.local/lib/python3.12/site-packages/airflow/example_dags/example_branch_python_dop_operator_3.py
[2025-07-22T17:50:38.276+0000] {processor.py:830} INFO - Processing file /home/airflow/.local/lib/python3.12/site-packages/airflow/example_dags/example_branch_python_dop_operator_3.py for tasks to queue
[2025-07-22T17:50:38.277+0000] {logging_mixin.py:188} INFO - [2025-07-22T17:50:38.277+0000] {dagbag.py:540} INFO - Filling up the DagBag from /home/airflow/.local/lib/python3.12/site-packages/airflow/example_dags/example_branch_python_dop_operator_3.py
[2025-07-22T17:50:38.283+0000] {processor.py:840} INFO - DAG(s) 'example_branch_dop_operator_v3' retrieved from /home/airflow/.local/lib/python3.12/site-packages/airflow/example_dags/example_branch_python_dop_operator_3.py
[2025-07-22T17:50:38.293+0000] {logging_mixin.py:188} INFO - [2025-07-22T17:50:38.292+0000] {dag.py:3096} INFO - Sync 1 DAGs
[2025-07-22T17:50:38.377+0000] {logging_mixin.py:188} INFO - [2025-07-22T17:50:38.377+0000] {dag.py:3954} INFO - Setting next_dagrun for example_branch_dop_operator_v3 to 2025-07-22 17:49:00+00:00, run_after=2025-07-22 17:50:00+00:00
[2025-07-22T17:50:38.385+0000] {processor.py:183} INFO - Processing /home/airflow/.local/lib/python3.12/site-packages/airflow/example_dags/example_branch_python_dop_operator_3.py took 0.112 seconds
[2025-07-22T17:51:08.969+0000] {processor.py:161} INFO - Started process (PID=1130) to work on /home/airflow/.local/lib/python3.12/site-packages/airflow/example_dags/example_branch_python_dop_operator_3.py
[2025-07-22T17:51:08.971+0000] {processor.py:830} INFO - Processing file /home/airflow/.local/lib/python3.12/site-packages/airflow/example_dags/example_branch_python_dop_operator_3.py for tasks to queue
[2025-07-22T17:51:08.972+0000] {logging_mixin.py:188} INFO - [2025-07-22T17:51:08.972+0000] {dagbag.py:540} INFO - Filling up the DagBag from /home/airflow/.local/lib/python3.12/site-packages/airflow/example_dags/example_branch_python_dop_operator_3.py
[2025-07-22T17:51:08.976+0000] {processor.py:840} INFO - DAG(s) 'example_branch_dop_operator_v3' retrieved from /home/airflow/.local/lib/python3.12/site-packages/airflow/example_dags/example_branch_python_dop_operator_3.py
[2025-07-22T17:51:08.984+0000] {logging_mixin.py:188} INFO - [2025-07-22T17:51:08.984+0000] {dag.py:3096} INFO - Sync 1 DAGs
[2025-07-22T17:51:08.997+0000] {logging_mixin.py:188} INFO - [2025-07-22T17:51:08.997+0000] {dag.py:3954} INFO - Setting next_dagrun for example_branch_dop_operator_v3 to 2025-07-22 17:50:00+00:00, run_after=2025-07-22 17:51:00+00:00
[2025-07-22T17:51:09.100+0000] {processor.py:183} INFO - Processing /home/airflow/.local/lib/python3.12/site-packages/airflow/example_dags/example_branch_python_dop_operator_3.py took 0.134 seconds
[2025-07-22T17:51:39.422+0000] {processor.py:161} INFO - Started process (PID=1190) to work on /home/airflow/.local/lib/python3.12/site-packages/airflow/example_dags/example_branch_python_dop_operator_3.py
[2025-07-22T17:51:39.422+0000] {processor.py:830} INFO - Processing file /home/airflow/.local/lib/python3.12/site-packages/airflow/example_dags/example_branch_python_dop_operator_3.py for tasks to queue
[2025-07-22T17:51:39.423+0000] {logging_mixin.py:188} INFO - [2025-07-22T17:51:39.423+0000] {dagbag.py:540} INFO - Filling up the DagBag from /home/airflow/.local/lib/python3.12/site-packages/airflow/example_dags/example_branch_python_dop_operator_3.py
[2025-07-22T17:51:39.427+0000] {processor.py:840} INFO - DAG(s) 'example_branch_dop_operator_v3' retrieved from /home/airflow/.local/lib/python3.12/site-packages/airflow/example_dags/example_branch_python_dop_operator_3.py
[2025-07-22T17:51:39.438+0000] {logging_mixin.py:188} INFO - [2025-07-22T17:51:39.438+0000] {dag.py:3096} INFO - Sync 1 DAGs
[2025-07-22T17:51:39.451+0000] {logging_mixin.py:188} INFO - [2025-07-22T17:51:39.450+0000] {dag.py:3954} INFO - Setting next_dagrun for example_branch_dop_operator_v3 to 2025-07-22 17:50:00+00:00, run_after=2025-07-22 17:51:00+00:00
[2025-07-22T17:51:39.460+0000] {processor.py:183} INFO - Processing /home/airflow/.local/lib/python3.12/site-packages/airflow/example_dags/example_branch_python_dop_operator_3.py took 0.041 seconds
[2025-07-22T17:52:10.378+0000] {processor.py:161} INFO - Started process (PID=1250) to work on /home/airflow/.local/lib/python3.12/site-packages/airflow/example_dags/example_branch_python_dop_operator_3.py
[2025-07-22T17:52:10.381+0000] {processor.py:830} INFO - Processing file /home/airflow/.local/lib/python3.12/site-packages/airflow/example_dags/example_branch_python_dop_operator_3.py for tasks to queue
[2025-07-22T17:52:10.382+0000] {logging_mixin.py:188} INFO - [2025-07-22T17:52:10.382+0000] {dagbag.py:540} INFO - Filling up the DagBag from /home/airflow/.local/lib/python3.12/site-packages/airflow/example_dags/example_branch_python_dop_operator_3.py
[2025-07-22T17:52:10.387+0000] {processor.py:840} INFO - DAG(s) 'example_branch_dop_operator_v3' retrieved from /home/airflow/.local/lib/python3.12/site-packages/airflow/example_dags/example_branch_python_dop_operator_3.py
[2025-07-22T17:52:10.395+0000] {logging_mixin.py:188} INFO - [2025-07-22T17:52:10.395+0000] {dag.py:3096} INFO - Sync 1 DAGs
[2025-07-22T17:52:10.407+0000] {logging_mixin.py:188} INFO - [2025-07-22T17:52:10.407+0000] {dag.py:3954} INFO - Setting next_dagrun for example_branch_dop_operator_v3 to 2025-07-22 17:51:00+00:00, run_after=2025-07-22 17:52:00+00:00
[2025-07-22T17:52:10.414+0000] {processor.py:183} INFO - Processing /home/airflow/.local/lib/python3.12/site-packages/airflow/example_dags/example_branch_python_dop_operator_3.py took 0.039 seconds
[2025-07-22T17:52:40.477+0000] {processor.py:161} INFO - Started process (PID=1310) to work on /home/airflow/.local/lib/python3.12/site-packages/airflow/example_dags/example_branch_python_dop_operator_3.py
[2025-07-22T17:52:40.479+0000] {processor.py:830} INFO - Processing file /home/airflow/.local/lib/python3.12/site-packages/airflow/example_dags/example_branch_python_dop_operator_3.py for tasks to queue
[2025-07-22T17:52:40.481+0000] {logging_mixin.py:188} INFO - [2025-07-22T17:52:40.480+0000] {dagbag.py:540} INFO - Filling up the DagBag from /home/airflow/.local/lib/python3.12/site-packages/airflow/example_dags/example_branch_python_dop_operator_3.py
[2025-07-22T17:52:40.486+0000] {processor.py:840} INFO - DAG(s) 'example_branch_dop_operator_v3' retrieved from /home/airflow/.local/lib/python3.12/site-packages/airflow/example_dags/example_branch_python_dop_operator_3.py
[2025-07-22T17:52:40.505+0000] {logging_mixin.py:188} INFO - [2025-07-22T17:52:40.505+0000] {dag.py:3096} INFO - Sync 1 DAGs
[2025-07-22T17:52:40.515+0000] {logging_mixin.py:188} INFO - [2025-07-22T17:52:40.515+0000] {dag.py:3954} INFO - Setting next_dagrun for example_branch_dop_operator_v3 to 2025-07-22 17:51:00+00:00, run_after=2025-07-22 17:52:00+00:00
[2025-07-22T17:52:40.522+0000] {processor.py:183} INFO - Processing /home/airflow/.local/lib/python3.12/site-packages/airflow/example_dags/example_branch_python_dop_operator_3.py took 0.048 seconds
[2025-07-22T17:53:10.690+0000] {processor.py:161} INFO - Started process (PID=1370) to work on /home/airflow/.local/lib/python3.12/site-packages/airflow/example_dags/example_branch_python_dop_operator_3.py
[2025-07-22T17:53:10.691+0000] {processor.py:830} INFO - Processing file /home/airflow/.local/lib/python3.12/site-packages/airflow/example_dags/example_branch_python_dop_operator_3.py for tasks to queue
[2025-07-22T17:53:10.691+0000] {logging_mixin.py:188} INFO - [2025-07-22T17:53:10.691+0000] {dagbag.py:540} INFO - Filling up the DagBag from /home/airflow/.local/lib/python3.12/site-packages/airflow/example_dags/example_branch_python_dop_operator_3.py
[2025-07-22T17:53:10.695+0000] {processor.py:840} INFO - DAG(s) 'example_branch_dop_operator_v3' retrieved from /home/airflow/.local/lib/python3.12/site-packages/airflow/example_dags/example_branch_python_dop_operator_3.py
[2025-07-22T17:53:10.704+0000] {logging_mixin.py:188} INFO - [2025-07-22T17:53:10.704+0000] {dag.py:3096} INFO - Sync 1 DAGs
[2025-07-22T17:53:10.714+0000] {logging_mixin.py:188} INFO - [2025-07-22T17:53:10.714+0000] {dag.py:3954} INFO - Setting next_dagrun for example_branch_dop_operator_v3 to 2025-07-22 17:52:00+00:00, run_after=2025-07-22 17:53:00+00:00
[2025-07-22T17:53:10.724+0000] {processor.py:183} INFO - Processing /home/airflow/.local/lib/python3.12/site-packages/airflow/example_dags/example_branch_python_dop_operator_3.py took 0.036 seconds
[2025-07-22T17:53:40.779+0000] {processor.py:161} INFO - Started process (PID=1430) to work on /home/airflow/.local/lib/python3.12/site-packages/airflow/example_dags/example_branch_python_dop_operator_3.py
[2025-07-22T17:53:40.780+0000] {processor.py:830} INFO - Processing file /home/airflow/.local/lib/python3.12/site-packages/airflow/example_dags/example_branch_python_dop_operator_3.py for tasks to queue
[2025-07-22T17:53:40.780+0000] {logging_mixin.py:188} INFO - [2025-07-22T17:53:40.780+0000] {dagbag.py:540} INFO - Filling up the DagBag from /home/airflow/.local/lib/python3.12/site-packages/airflow/example_dags/example_branch_python_dop_operator_3.py
[2025-07-22T17:53:40.784+0000] {processor.py:840} INFO - DAG(s) 'example_branch_dop_operator_v3' retrieved from /home/airflow/.local/lib/python3.12/site-packages/airflow/example_dags/example_branch_python_dop_operator_3.py
[2025-07-22T17:53:40.792+0000] {logging_mixin.py:188} INFO - [2025-07-22T17:53:40.792+0000] {dag.py:3096} INFO - Sync 1 DAGs
[2025-07-22T17:53:40.801+0000] {logging_mixin.py:188} INFO - [2025-07-22T17:53:40.801+0000] {dag.py:3954} INFO - Setting next_dagrun for example_branch_dop_operator_v3 to 2025-07-22 17:52:00+00:00, run_after=2025-07-22 17:53:00+00:00
[2025-07-22T17:53:40.807+0000] {processor.py:183} INFO - Processing /home/airflow/.local/lib/python3.12/site-packages/airflow/example_dags/example_branch_python_dop_operator_3.py took 0.030 seconds
[2025-07-22T17:54:11.719+0000] {processor.py:161} INFO - Started process (PID=1490) to work on /home/airflow/.local/lib/python3.12/site-packages/airflow/example_dags/example_branch_python_dop_operator_3.py
[2025-07-22T17:54:11.720+0000] {processor.py:830} INFO - Processing file /home/airflow/.local/lib/python3.12/site-packages/airflow/example_dags/example_branch_python_dop_operator_3.py for tasks to queue
[2025-07-22T17:54:11.722+0000] {logging_mixin.py:188} INFO - [2025-07-22T17:54:11.722+0000] {dagbag.py:540} INFO - Filling up the DagBag from /home/airflow/.local/lib/python3.12/site-packages/airflow/example_dags/example_branch_python_dop_operator_3.py
[2025-07-22T17:54:11.726+0000] {processor.py:840} INFO - DAG(s) 'example_branch_dop_operator_v3' retrieved from /home/airflow/.local/lib/python3.12/site-packages/airflow/example_dags/example_branch_python_dop_operator_3.py
[2025-07-22T17:54:11.738+0000] {logging_mixin.py:188} INFO - [2025-07-22T17:54:11.738+0000] {dag.py:3096} INFO - Sync 1 DAGs
[2025-07-22T17:54:11.810+0000] {logging_mixin.py:188} INFO - [2025-07-22T17:54:11.810+0000] {dag.py:3954} INFO - Setting next_dagrun for example_branch_dop_operator_v3 to 2025-07-22 17:53:00+00:00, run_after=2025-07-22 17:54:00+00:00
[2025-07-22T17:54:11.895+0000] {processor.py:183} INFO - Processing /home/airflow/.local/lib/python3.12/site-packages/airflow/example_dags/example_branch_python_dop_operator_3.py took 0.183 seconds
[2025-07-22T17:54:41.948+0000] {processor.py:161} INFO - Started process (PID=1551) to work on /home/airflow/.local/lib/python3.12/site-packages/airflow/example_dags/example_branch_python_dop_operator_3.py
[2025-07-22T17:54:41.949+0000] {processor.py:830} INFO - Processing file /home/airflow/.local/lib/python3.12/site-packages/airflow/example_dags/example_branch_python_dop_operator_3.py for tasks to queue
[2025-07-22T17:54:41.951+0000] {logging_mixin.py:188} INFO - [2025-07-22T17:54:41.951+0000] {dagbag.py:540} INFO - Filling up the DagBag from /home/airflow/.local/lib/python3.12/site-packages/airflow/example_dags/example_branch_python_dop_operator_3.py
[2025-07-22T17:54:41.955+0000] {processor.py:840} INFO - DAG(s) 'example_branch_dop_operator_v3' retrieved from /home/airflow/.local/lib/python3.12/site-packages/airflow/example_dags/example_branch_python_dop_operator_3.py
[2025-07-22T17:54:41.963+0000] {logging_mixin.py:188} INFO - [2025-07-22T17:54:41.963+0000] {dag.py:3096} INFO - Sync 1 DAGs
[2025-07-22T17:54:41.974+0000] {logging_mixin.py:188} INFO - [2025-07-22T17:54:41.974+0000] {dag.py:3954} INFO - Setting next_dagrun for example_branch_dop_operator_v3 to 2025-07-22 17:53:00+00:00, run_after=2025-07-22 17:54:00+00:00
[2025-07-22T17:54:41.980+0000] {processor.py:183} INFO - Processing /home/airflow/.local/lib/python3.12/site-packages/airflow/example_dags/example_branch_python_dop_operator_3.py took 0.035 seconds
