[2025-07-22T17:47:07.056+0000] {processor.py:161} INFO - Started process (PID=689) to work on /home/airflow/.local/lib/python3.12/site-packages/airflow/example_dags/example_datasets.py
[2025-07-22T17:47:07.057+0000] {processor.py:830} INFO - Processing file /home/airflow/.local/lib/python3.12/site-packages/airflow/example_dags/example_datasets.py for tasks to queue
[2025-07-22T17:47:07.059+0000] {logging_mixin.py:188} INFO - [2025-07-22T17:47:07.059+0000] {dagbag.py:540} INFO - Filling up the DagBag from /home/airflow/.local/lib/python3.12/site-packages/airflow/example_dags/example_datasets.py
[2025-07-22T17:47:07.069+0000] {processor.py:840} INFO - DAG(s) 'consume_1_or_2_with_dataset_expressions', 'dataset_consumes_1_and_2', 'dataset_produces_1', 'conditional_dataset_and_time_based_timetable', 'consume_1_and_2_with_dataset_expressions', 'dataset_produces_2', 'dataset_consumes_unknown_never_scheduled', 'consume_1_or_both_2_and_3_with_dataset_expressions', 'dataset_consumes_1', 'dataset_consumes_1_never_scheduled' retrieved from /home/airflow/.local/lib/python3.12/site-packages/airflow/example_dags/example_datasets.py
[2025-07-22T17:47:07.089+0000] {logging_mixin.py:188} INFO - [2025-07-22T17:47:07.089+0000] {dag.py:3096} INFO - Sync 10 DAGs
[2025-07-22T17:47:07.100+0000] {logging_mixin.py:188} INFO - [2025-07-22T17:47:07.099+0000] {dag.py:3954} INFO - Setting next_dagrun for conditional_dataset_and_time_based_timetable to 2025-07-16 01:00:00+00:00, run_after=2025-07-16 01:00:00+00:00
[2025-07-22T17:47:07.101+0000] {logging_mixin.py:188} INFO - [2025-07-22T17:47:07.101+0000] {dag.py:3954} INFO - Setting next_dagrun for consume_1_and_2_with_dataset_expressions to None, run_after=None
[2025-07-22T17:47:07.102+0000] {logging_mixin.py:188} INFO - [2025-07-22T17:47:07.102+0000] {dag.py:3954} INFO - Setting next_dagrun for consume_1_or_2_with_dataset_expressions to None, run_after=None
[2025-07-22T17:47:07.102+0000] {logging_mixin.py:188} INFO - [2025-07-22T17:47:07.102+0000] {dag.py:3954} INFO - Setting next_dagrun for consume_1_or_both_2_and_3_with_dataset_expressions to None, run_after=None
[2025-07-22T17:47:07.102+0000] {logging_mixin.py:188} INFO - [2025-07-22T17:47:07.102+0000] {dag.py:3954} INFO - Setting next_dagrun for dataset_consumes_1 to None, run_after=None
[2025-07-22T17:47:07.103+0000] {logging_mixin.py:188} INFO - [2025-07-22T17:47:07.103+0000] {dag.py:3954} INFO - Setting next_dagrun for dataset_consumes_1_and_2 to None, run_after=None
[2025-07-22T17:47:07.103+0000] {logging_mixin.py:188} INFO - [2025-07-22T17:47:07.103+0000] {dag.py:3954} INFO - Setting next_dagrun for dataset_consumes_1_never_scheduled to None, run_after=None
[2025-07-22T17:47:07.104+0000] {logging_mixin.py:188} INFO - [2025-07-22T17:47:07.103+0000] {dag.py:3954} INFO - Setting next_dagrun for dataset_consumes_unknown_never_scheduled to None, run_after=None
[2025-07-22T17:47:07.104+0000] {logging_mixin.py:188} INFO - [2025-07-22T17:47:07.104+0000] {dag.py:3954} INFO - Setting next_dagrun for dataset_produces_1 to 2025-07-21 00:00:00+00:00, run_after=2025-07-22 00:00:00+00:00
[2025-07-22T17:47:07.105+0000] {logging_mixin.py:188} INFO - [2025-07-22T17:47:07.105+0000] {dag.py:3954} INFO - Setting next_dagrun for dataset_produces_2 to None, run_after=None
[2025-07-22T17:47:07.116+0000] {processor.py:183} INFO - Processing /home/airflow/.local/lib/python3.12/site-packages/airflow/example_dags/example_datasets.py took 0.066 seconds
[2025-07-22T17:47:37.855+0000] {processor.py:161} INFO - Started process (PID=749) to work on /home/airflow/.local/lib/python3.12/site-packages/airflow/example_dags/example_datasets.py
[2025-07-22T17:47:37.856+0000] {processor.py:830} INFO - Processing file /home/airflow/.local/lib/python3.12/site-packages/airflow/example_dags/example_datasets.py for tasks to queue
[2025-07-22T17:47:37.858+0000] {logging_mixin.py:188} INFO - [2025-07-22T17:47:37.858+0000] {dagbag.py:540} INFO - Filling up the DagBag from /home/airflow/.local/lib/python3.12/site-packages/airflow/example_dags/example_datasets.py
[2025-07-22T17:47:37.868+0000] {processor.py:840} INFO - DAG(s) 'dataset_produces_1', 'dataset_consumes_1_never_scheduled', 'dataset_consumes_1', 'consume_1_or_both_2_and_3_with_dataset_expressions', 'dataset_consumes_unknown_never_scheduled', 'consume_1_and_2_with_dataset_expressions', 'conditional_dataset_and_time_based_timetable', 'dataset_produces_2', 'dataset_consumes_1_and_2', 'consume_1_or_2_with_dataset_expressions' retrieved from /home/airflow/.local/lib/python3.12/site-packages/airflow/example_dags/example_datasets.py
[2025-07-22T17:47:37.900+0000] {logging_mixin.py:188} INFO - [2025-07-22T17:47:37.900+0000] {dag.py:3096} INFO - Sync 10 DAGs
[2025-07-22T17:47:37.910+0000] {logging_mixin.py:188} INFO - [2025-07-22T17:47:37.910+0000] {dag.py:3954} INFO - Setting next_dagrun for conditional_dataset_and_time_based_timetable to 2025-07-16 01:00:00+00:00, run_after=2025-07-16 01:00:00+00:00
[2025-07-22T17:47:37.912+0000] {logging_mixin.py:188} INFO - [2025-07-22T17:47:37.912+0000] {dag.py:3954} INFO - Setting next_dagrun for consume_1_and_2_with_dataset_expressions to None, run_after=None
[2025-07-22T17:47:37.913+0000] {logging_mixin.py:188} INFO - [2025-07-22T17:47:37.913+0000] {dag.py:3954} INFO - Setting next_dagrun for consume_1_or_2_with_dataset_expressions to None, run_after=None
[2025-07-22T17:47:37.915+0000] {logging_mixin.py:188} INFO - [2025-07-22T17:47:37.915+0000] {dag.py:3954} INFO - Setting next_dagrun for consume_1_or_both_2_and_3_with_dataset_expressions to None, run_after=None
[2025-07-22T17:47:37.915+0000] {logging_mixin.py:188} INFO - [2025-07-22T17:47:37.915+0000] {dag.py:3954} INFO - Setting next_dagrun for dataset_consumes_1 to None, run_after=None
[2025-07-22T17:47:37.916+0000] {logging_mixin.py:188} INFO - [2025-07-22T17:47:37.916+0000] {dag.py:3954} INFO - Setting next_dagrun for dataset_consumes_1_and_2 to None, run_after=None
[2025-07-22T17:47:37.916+0000] {logging_mixin.py:188} INFO - [2025-07-22T17:47:37.916+0000] {dag.py:3954} INFO - Setting next_dagrun for dataset_consumes_1_never_scheduled to None, run_after=None
[2025-07-22T17:47:37.917+0000] {logging_mixin.py:188} INFO - [2025-07-22T17:47:37.916+0000] {dag.py:3954} INFO - Setting next_dagrun for dataset_consumes_unknown_never_scheduled to None, run_after=None
[2025-07-22T17:47:37.917+0000] {logging_mixin.py:188} INFO - [2025-07-22T17:47:37.917+0000] {dag.py:3954} INFO - Setting next_dagrun for dataset_produces_1 to 2025-07-21 00:00:00+00:00, run_after=2025-07-22 00:00:00+00:00
[2025-07-22T17:47:37.918+0000] {logging_mixin.py:188} INFO - [2025-07-22T17:47:37.918+0000] {dag.py:3954} INFO - Setting next_dagrun for dataset_produces_2 to None, run_after=None
[2025-07-22T17:47:37.932+0000] {processor.py:183} INFO - Processing /home/airflow/.local/lib/python3.12/site-packages/airflow/example_dags/example_datasets.py took 0.084 seconds
[2025-07-22T17:48:08.731+0000] {processor.py:161} INFO - Started process (PID=809) to work on /home/airflow/.local/lib/python3.12/site-packages/airflow/example_dags/example_datasets.py
[2025-07-22T17:48:08.732+0000] {processor.py:830} INFO - Processing file /home/airflow/.local/lib/python3.12/site-packages/airflow/example_dags/example_datasets.py for tasks to queue
[2025-07-22T17:48:08.734+0000] {logging_mixin.py:188} INFO - [2025-07-22T17:48:08.734+0000] {dagbag.py:540} INFO - Filling up the DagBag from /home/airflow/.local/lib/python3.12/site-packages/airflow/example_dags/example_datasets.py
[2025-07-22T17:48:08.743+0000] {processor.py:840} INFO - DAG(s) 'consume_1_and_2_with_dataset_expressions', 'dataset_produces_1', 'conditional_dataset_and_time_based_timetable', 'dataset_consumes_1_never_scheduled', 'dataset_produces_2', 'dataset_consumes_1', 'consume_1_or_2_with_dataset_expressions', 'dataset_consumes_unknown_never_scheduled', 'dataset_consumes_1_and_2', 'consume_1_or_both_2_and_3_with_dataset_expressions' retrieved from /home/airflow/.local/lib/python3.12/site-packages/airflow/example_dags/example_datasets.py
[2025-07-22T17:48:08.770+0000] {logging_mixin.py:188} INFO - [2025-07-22T17:48:08.770+0000] {dag.py:3096} INFO - Sync 10 DAGs
[2025-07-22T17:48:08.780+0000] {logging_mixin.py:188} INFO - [2025-07-22T17:48:08.780+0000] {dag.py:3954} INFO - Setting next_dagrun for conditional_dataset_and_time_based_timetable to 2025-07-16 01:00:00+00:00, run_after=2025-07-16 01:00:00+00:00
[2025-07-22T17:48:08.782+0000] {logging_mixin.py:188} INFO - [2025-07-22T17:48:08.782+0000] {dag.py:3954} INFO - Setting next_dagrun for consume_1_and_2_with_dataset_expressions to None, run_after=None
[2025-07-22T17:48:08.783+0000] {logging_mixin.py:188} INFO - [2025-07-22T17:48:08.783+0000] {dag.py:3954} INFO - Setting next_dagrun for consume_1_or_2_with_dataset_expressions to None, run_after=None
[2025-07-22T17:48:08.783+0000] {logging_mixin.py:188} INFO - [2025-07-22T17:48:08.783+0000] {dag.py:3954} INFO - Setting next_dagrun for consume_1_or_both_2_and_3_with_dataset_expressions to None, run_after=None
[2025-07-22T17:48:08.784+0000] {logging_mixin.py:188} INFO - [2025-07-22T17:48:08.784+0000] {dag.py:3954} INFO - Setting next_dagrun for dataset_consumes_1 to None, run_after=None
[2025-07-22T17:48:08.784+0000] {logging_mixin.py:188} INFO - [2025-07-22T17:48:08.784+0000] {dag.py:3954} INFO - Setting next_dagrun for dataset_consumes_1_and_2 to None, run_after=None
[2025-07-22T17:48:08.785+0000] {logging_mixin.py:188} INFO - [2025-07-22T17:48:08.785+0000] {dag.py:3954} INFO - Setting next_dagrun for dataset_consumes_1_never_scheduled to None, run_after=None
[2025-07-22T17:48:08.787+0000] {logging_mixin.py:188} INFO - [2025-07-22T17:48:08.787+0000] {dag.py:3954} INFO - Setting next_dagrun for dataset_consumes_unknown_never_scheduled to None, run_after=None
[2025-07-22T17:48:08.788+0000] {logging_mixin.py:188} INFO - [2025-07-22T17:48:08.788+0000] {dag.py:3954} INFO - Setting next_dagrun for dataset_produces_1 to 2025-07-21 00:00:00+00:00, run_after=2025-07-22 00:00:00+00:00
[2025-07-22T17:48:08.788+0000] {logging_mixin.py:188} INFO - [2025-07-22T17:48:08.788+0000] {dag.py:3954} INFO - Setting next_dagrun for dataset_produces_2 to None, run_after=None
[2025-07-22T17:48:08.803+0000] {processor.py:183} INFO - Processing /home/airflow/.local/lib/python3.12/site-packages/airflow/example_dags/example_datasets.py took 0.079 seconds
[2025-07-22T17:48:39.809+0000] {processor.py:161} INFO - Started process (PID=869) to work on /home/airflow/.local/lib/python3.12/site-packages/airflow/example_dags/example_datasets.py
[2025-07-22T17:48:39.810+0000] {processor.py:830} INFO - Processing file /home/airflow/.local/lib/python3.12/site-packages/airflow/example_dags/example_datasets.py for tasks to queue
[2025-07-22T17:48:39.812+0000] {logging_mixin.py:188} INFO - [2025-07-22T17:48:39.811+0000] {dagbag.py:540} INFO - Filling up the DagBag from /home/airflow/.local/lib/python3.12/site-packages/airflow/example_dags/example_datasets.py
[2025-07-22T17:48:39.822+0000] {processor.py:840} INFO - DAG(s) 'consume_1_and_2_with_dataset_expressions', 'dataset_produces_2', 'dataset_produces_1', 'dataset_consumes_1_and_2', 'conditional_dataset_and_time_based_timetable', 'dataset_consumes_1_never_scheduled', 'dataset_consumes_unknown_never_scheduled', 'dataset_consumes_1', 'consume_1_or_both_2_and_3_with_dataset_expressions', 'consume_1_or_2_with_dataset_expressions' retrieved from /home/airflow/.local/lib/python3.12/site-packages/airflow/example_dags/example_datasets.py
[2025-07-22T17:48:39.851+0000] {logging_mixin.py:188} INFO - [2025-07-22T17:48:39.851+0000] {dag.py:3096} INFO - Sync 10 DAGs
[2025-07-22T17:48:39.859+0000] {logging_mixin.py:188} INFO - [2025-07-22T17:48:39.859+0000] {dag.py:3954} INFO - Setting next_dagrun for conditional_dataset_and_time_based_timetable to 2025-07-16 01:00:00+00:00, run_after=2025-07-16 01:00:00+00:00
[2025-07-22T17:48:39.861+0000] {logging_mixin.py:188} INFO - [2025-07-22T17:48:39.861+0000] {dag.py:3954} INFO - Setting next_dagrun for consume_1_and_2_with_dataset_expressions to None, run_after=None
[2025-07-22T17:48:39.861+0000] {logging_mixin.py:188} INFO - [2025-07-22T17:48:39.861+0000] {dag.py:3954} INFO - Setting next_dagrun for consume_1_or_2_with_dataset_expressions to None, run_after=None
[2025-07-22T17:48:39.863+0000] {logging_mixin.py:188} INFO - [2025-07-22T17:48:39.863+0000] {dag.py:3954} INFO - Setting next_dagrun for consume_1_or_both_2_and_3_with_dataset_expressions to None, run_after=None
[2025-07-22T17:48:39.864+0000] {logging_mixin.py:188} INFO - [2025-07-22T17:48:39.864+0000] {dag.py:3954} INFO - Setting next_dagrun for dataset_consumes_1 to None, run_after=None
[2025-07-22T17:48:39.864+0000] {logging_mixin.py:188} INFO - [2025-07-22T17:48:39.864+0000] {dag.py:3954} INFO - Setting next_dagrun for dataset_consumes_1_and_2 to None, run_after=None
[2025-07-22T17:48:39.864+0000] {logging_mixin.py:188} INFO - [2025-07-22T17:48:39.864+0000] {dag.py:3954} INFO - Setting next_dagrun for dataset_consumes_1_never_scheduled to None, run_after=None
[2025-07-22T17:48:39.865+0000] {logging_mixin.py:188} INFO - [2025-07-22T17:48:39.865+0000] {dag.py:3954} INFO - Setting next_dagrun for dataset_consumes_unknown_never_scheduled to None, run_after=None
[2025-07-22T17:48:39.865+0000] {logging_mixin.py:188} INFO - [2025-07-22T17:48:39.865+0000] {dag.py:3954} INFO - Setting next_dagrun for dataset_produces_1 to 2025-07-21 00:00:00+00:00, run_after=2025-07-22 00:00:00+00:00
[2025-07-22T17:48:39.866+0000] {logging_mixin.py:188} INFO - [2025-07-22T17:48:39.866+0000] {dag.py:3954} INFO - Setting next_dagrun for dataset_produces_2 to None, run_after=None
[2025-07-22T17:48:39.880+0000] {processor.py:183} INFO - Processing /home/airflow/.local/lib/python3.12/site-packages/airflow/example_dags/example_datasets.py took 0.077 seconds
[2025-07-22T17:49:09.907+0000] {processor.py:161} INFO - Started process (PID=928) to work on /home/airflow/.local/lib/python3.12/site-packages/airflow/example_dags/example_datasets.py
[2025-07-22T17:49:09.908+0000] {processor.py:830} INFO - Processing file /home/airflow/.local/lib/python3.12/site-packages/airflow/example_dags/example_datasets.py for tasks to queue
[2025-07-22T17:49:09.908+0000] {logging_mixin.py:188} INFO - [2025-07-22T17:49:09.908+0000] {dagbag.py:540} INFO - Filling up the DagBag from /home/airflow/.local/lib/python3.12/site-packages/airflow/example_dags/example_datasets.py
[2025-07-22T17:49:09.914+0000] {processor.py:840} INFO - DAG(s) 'dataset_consumes_1', 'dataset_produces_2', 'consume_1_or_both_2_and_3_with_dataset_expressions', 'dataset_consumes_1_and_2', 'dataset_produces_1', 'consume_1_or_2_with_dataset_expressions', 'dataset_consumes_unknown_never_scheduled', 'conditional_dataset_and_time_based_timetable', 'dataset_consumes_1_never_scheduled', 'consume_1_and_2_with_dataset_expressions' retrieved from /home/airflow/.local/lib/python3.12/site-packages/airflow/example_dags/example_datasets.py
[2025-07-22T17:49:09.934+0000] {logging_mixin.py:188} INFO - [2025-07-22T17:49:09.934+0000] {dag.py:3096} INFO - Sync 10 DAGs
[2025-07-22T17:49:10.016+0000] {logging_mixin.py:188} INFO - [2025-07-22T17:49:10.016+0000] {dag.py:3954} INFO - Setting next_dagrun for conditional_dataset_and_time_based_timetable to 2025-07-16 01:00:00+00:00, run_after=2025-07-16 01:00:00+00:00
[2025-07-22T17:49:10.019+0000] {logging_mixin.py:188} INFO - [2025-07-22T17:49:10.019+0000] {dag.py:3954} INFO - Setting next_dagrun for consume_1_and_2_with_dataset_expressions to None, run_after=None
[2025-07-22T17:49:10.019+0000] {logging_mixin.py:188} INFO - [2025-07-22T17:49:10.019+0000] {dag.py:3954} INFO - Setting next_dagrun for consume_1_or_2_with_dataset_expressions to None, run_after=None
[2025-07-22T17:49:10.020+0000] {logging_mixin.py:188} INFO - [2025-07-22T17:49:10.019+0000] {dag.py:3954} INFO - Setting next_dagrun for consume_1_or_both_2_and_3_with_dataset_expressions to None, run_after=None
[2025-07-22T17:49:10.020+0000] {logging_mixin.py:188} INFO - [2025-07-22T17:49:10.020+0000] {dag.py:3954} INFO - Setting next_dagrun for dataset_consumes_1 to None, run_after=None
[2025-07-22T17:49:10.020+0000] {logging_mixin.py:188} INFO - [2025-07-22T17:49:10.020+0000] {dag.py:3954} INFO - Setting next_dagrun for dataset_consumes_1_and_2 to None, run_after=None
[2025-07-22T17:49:10.020+0000] {logging_mixin.py:188} INFO - [2025-07-22T17:49:10.020+0000] {dag.py:3954} INFO - Setting next_dagrun for dataset_consumes_1_never_scheduled to None, run_after=None
[2025-07-22T17:49:10.021+0000] {logging_mixin.py:188} INFO - [2025-07-22T17:49:10.021+0000] {dag.py:3954} INFO - Setting next_dagrun for dataset_consumes_unknown_never_scheduled to None, run_after=None
[2025-07-22T17:49:10.022+0000] {logging_mixin.py:188} INFO - [2025-07-22T17:49:10.021+0000] {dag.py:3954} INFO - Setting next_dagrun for dataset_produces_1 to 2025-07-21 00:00:00+00:00, run_after=2025-07-22 00:00:00+00:00
[2025-07-22T17:49:10.022+0000] {logging_mixin.py:188} INFO - [2025-07-22T17:49:10.022+0000] {dag.py:3954} INFO - Setting next_dagrun for dataset_produces_2 to None, run_after=None
[2025-07-22T17:49:10.036+0000] {processor.py:183} INFO - Processing /home/airflow/.local/lib/python3.12/site-packages/airflow/example_dags/example_datasets.py took 0.131 seconds
[2025-07-22T17:49:40.981+0000] {processor.py:161} INFO - Started process (PID=988) to work on /home/airflow/.local/lib/python3.12/site-packages/airflow/example_dags/example_datasets.py
[2025-07-22T17:49:40.983+0000] {processor.py:830} INFO - Processing file /home/airflow/.local/lib/python3.12/site-packages/airflow/example_dags/example_datasets.py for tasks to queue
[2025-07-22T17:49:40.985+0000] {logging_mixin.py:188} INFO - [2025-07-22T17:49:40.985+0000] {dagbag.py:540} INFO - Filling up the DagBag from /home/airflow/.local/lib/python3.12/site-packages/airflow/example_dags/example_datasets.py
[2025-07-22T17:49:41.002+0000] {processor.py:840} INFO - DAG(s) 'dataset_consumes_1_never_scheduled', 'dataset_produces_1', 'consume_1_or_both_2_and_3_with_dataset_expressions', 'dataset_consumes_unknown_never_scheduled', 'dataset_consumes_1_and_2', 'consume_1_and_2_with_dataset_expressions', 'dataset_consumes_1', 'conditional_dataset_and_time_based_timetable', 'consume_1_or_2_with_dataset_expressions', 'dataset_produces_2' retrieved from /home/airflow/.local/lib/python3.12/site-packages/airflow/example_dags/example_datasets.py
[2025-07-22T17:49:41.032+0000] {logging_mixin.py:188} INFO - [2025-07-22T17:49:41.032+0000] {dag.py:3096} INFO - Sync 10 DAGs
[2025-07-22T17:49:41.043+0000] {logging_mixin.py:188} INFO - [2025-07-22T17:49:41.043+0000] {dag.py:3954} INFO - Setting next_dagrun for conditional_dataset_and_time_based_timetable to 2025-07-16 01:00:00+00:00, run_after=2025-07-16 01:00:00+00:00
[2025-07-22T17:49:41.045+0000] {logging_mixin.py:188} INFO - [2025-07-22T17:49:41.045+0000] {dag.py:3954} INFO - Setting next_dagrun for consume_1_and_2_with_dataset_expressions to None, run_after=None
[2025-07-22T17:49:41.045+0000] {logging_mixin.py:188} INFO - [2025-07-22T17:49:41.045+0000] {dag.py:3954} INFO - Setting next_dagrun for consume_1_or_2_with_dataset_expressions to None, run_after=None
[2025-07-22T17:49:41.045+0000] {logging_mixin.py:188} INFO - [2025-07-22T17:49:41.045+0000] {dag.py:3954} INFO - Setting next_dagrun for consume_1_or_both_2_and_3_with_dataset_expressions to None, run_after=None
[2025-07-22T17:49:41.046+0000] {logging_mixin.py:188} INFO - [2025-07-22T17:49:41.046+0000] {dag.py:3954} INFO - Setting next_dagrun for dataset_consumes_1 to None, run_after=None
[2025-07-22T17:49:41.046+0000] {logging_mixin.py:188} INFO - [2025-07-22T17:49:41.046+0000] {dag.py:3954} INFO - Setting next_dagrun for dataset_consumes_1_and_2 to None, run_after=None
[2025-07-22T17:49:41.046+0000] {logging_mixin.py:188} INFO - [2025-07-22T17:49:41.046+0000] {dag.py:3954} INFO - Setting next_dagrun for dataset_consumes_1_never_scheduled to None, run_after=None
[2025-07-22T17:49:41.047+0000] {logging_mixin.py:188} INFO - [2025-07-22T17:49:41.047+0000] {dag.py:3954} INFO - Setting next_dagrun for dataset_consumes_unknown_never_scheduled to None, run_after=None
[2025-07-22T17:49:41.048+0000] {logging_mixin.py:188} INFO - [2025-07-22T17:49:41.048+0000] {dag.py:3954} INFO - Setting next_dagrun for dataset_produces_1 to 2025-07-21 00:00:00+00:00, run_after=2025-07-22 00:00:00+00:00
[2025-07-22T17:49:41.050+0000] {logging_mixin.py:188} INFO - [2025-07-22T17:49:41.050+0000] {dag.py:3954} INFO - Setting next_dagrun for dataset_produces_2 to None, run_after=None
[2025-07-22T17:49:41.144+0000] {processor.py:183} INFO - Processing /home/airflow/.local/lib/python3.12/site-packages/airflow/example_dags/example_datasets.py took 0.170 seconds
[2025-07-22T17:50:11.199+0000] {processor.py:161} INFO - Started process (PID=1052) to work on /home/airflow/.local/lib/python3.12/site-packages/airflow/example_dags/example_datasets.py
[2025-07-22T17:50:11.200+0000] {processor.py:830} INFO - Processing file /home/airflow/.local/lib/python3.12/site-packages/airflow/example_dags/example_datasets.py for tasks to queue
[2025-07-22T17:50:11.201+0000] {logging_mixin.py:188} INFO - [2025-07-22T17:50:11.201+0000] {dagbag.py:540} INFO - Filling up the DagBag from /home/airflow/.local/lib/python3.12/site-packages/airflow/example_dags/example_datasets.py
[2025-07-22T17:50:11.207+0000] {processor.py:840} INFO - DAG(s) 'dataset_consumes_1_never_scheduled', 'dataset_produces_2', 'consume_1_or_2_with_dataset_expressions', 'consume_1_or_both_2_and_3_with_dataset_expressions', 'dataset_consumes_1_and_2', 'dataset_consumes_unknown_never_scheduled', 'dataset_consumes_1', 'dataset_produces_1', 'conditional_dataset_and_time_based_timetable', 'consume_1_and_2_with_dataset_expressions' retrieved from /home/airflow/.local/lib/python3.12/site-packages/airflow/example_dags/example_datasets.py
[2025-07-22T17:50:11.229+0000] {logging_mixin.py:188} INFO - [2025-07-22T17:50:11.229+0000] {dag.py:3096} INFO - Sync 10 DAGs
[2025-07-22T17:50:11.240+0000] {logging_mixin.py:188} INFO - [2025-07-22T17:50:11.240+0000] {dag.py:3954} INFO - Setting next_dagrun for conditional_dataset_and_time_based_timetable to 2025-07-16 01:00:00+00:00, run_after=2025-07-16 01:00:00+00:00
[2025-07-22T17:50:11.244+0000] {logging_mixin.py:188} INFO - [2025-07-22T17:50:11.243+0000] {dag.py:3954} INFO - Setting next_dagrun for consume_1_and_2_with_dataset_expressions to None, run_after=None
[2025-07-22T17:50:11.244+0000] {logging_mixin.py:188} INFO - [2025-07-22T17:50:11.244+0000] {dag.py:3954} INFO - Setting next_dagrun for consume_1_or_2_with_dataset_expressions to None, run_after=None
[2025-07-22T17:50:11.244+0000] {logging_mixin.py:188} INFO - [2025-07-22T17:50:11.244+0000] {dag.py:3954} INFO - Setting next_dagrun for consume_1_or_both_2_and_3_with_dataset_expressions to None, run_after=None
[2025-07-22T17:50:11.245+0000] {logging_mixin.py:188} INFO - [2025-07-22T17:50:11.245+0000] {dag.py:3954} INFO - Setting next_dagrun for dataset_consumes_1 to None, run_after=None
[2025-07-22T17:50:11.246+0000] {logging_mixin.py:188} INFO - [2025-07-22T17:50:11.246+0000] {dag.py:3954} INFO - Setting next_dagrun for dataset_consumes_1_and_2 to None, run_after=None
[2025-07-22T17:50:11.246+0000] {logging_mixin.py:188} INFO - [2025-07-22T17:50:11.246+0000] {dag.py:3954} INFO - Setting next_dagrun for dataset_consumes_1_never_scheduled to None, run_after=None
[2025-07-22T17:50:11.248+0000] {logging_mixin.py:188} INFO - [2025-07-22T17:50:11.248+0000] {dag.py:3954} INFO - Setting next_dagrun for dataset_consumes_unknown_never_scheduled to None, run_after=None
[2025-07-22T17:50:11.248+0000] {logging_mixin.py:188} INFO - [2025-07-22T17:50:11.248+0000] {dag.py:3954} INFO - Setting next_dagrun for dataset_produces_1 to 2025-07-21 00:00:00+00:00, run_after=2025-07-22 00:00:00+00:00
[2025-07-22T17:50:11.249+0000] {logging_mixin.py:188} INFO - [2025-07-22T17:50:11.249+0000] {dag.py:3954} INFO - Setting next_dagrun for dataset_produces_2 to None, run_after=None
[2025-07-22T17:50:11.351+0000] {processor.py:183} INFO - Processing /home/airflow/.local/lib/python3.12/site-packages/airflow/example_dags/example_datasets.py took 0.155 seconds
[2025-07-22T17:50:41.596+0000] {processor.py:161} INFO - Started process (PID=1108) to work on /home/airflow/.local/lib/python3.12/site-packages/airflow/example_dags/example_datasets.py
[2025-07-22T17:50:41.597+0000] {processor.py:830} INFO - Processing file /home/airflow/.local/lib/python3.12/site-packages/airflow/example_dags/example_datasets.py for tasks to queue
[2025-07-22T17:50:41.597+0000] {logging_mixin.py:188} INFO - [2025-07-22T17:50:41.597+0000] {dagbag.py:540} INFO - Filling up the DagBag from /home/airflow/.local/lib/python3.12/site-packages/airflow/example_dags/example_datasets.py
[2025-07-22T17:50:41.604+0000] {processor.py:840} INFO - DAG(s) 'dataset_consumes_1', 'dataset_produces_2', 'conditional_dataset_and_time_based_timetable', 'consume_1_and_2_with_dataset_expressions', 'dataset_consumes_1_never_scheduled', 'dataset_produces_1', 'dataset_consumes_1_and_2', 'consume_1_or_both_2_and_3_with_dataset_expressions', 'consume_1_or_2_with_dataset_expressions', 'dataset_consumes_unknown_never_scheduled' retrieved from /home/airflow/.local/lib/python3.12/site-packages/airflow/example_dags/example_datasets.py
[2025-07-22T17:50:41.628+0000] {logging_mixin.py:188} INFO - [2025-07-22T17:50:41.627+0000] {dag.py:3096} INFO - Sync 10 DAGs
[2025-07-22T17:50:41.646+0000] {logging_mixin.py:188} INFO - [2025-07-22T17:50:41.646+0000] {dag.py:3954} INFO - Setting next_dagrun for conditional_dataset_and_time_based_timetable to 2025-07-16 01:00:00+00:00, run_after=2025-07-16 01:00:00+00:00
[2025-07-22T17:50:41.648+0000] {logging_mixin.py:188} INFO - [2025-07-22T17:50:41.648+0000] {dag.py:3954} INFO - Setting next_dagrun for consume_1_and_2_with_dataset_expressions to None, run_after=None
[2025-07-22T17:50:41.649+0000] {logging_mixin.py:188} INFO - [2025-07-22T17:50:41.649+0000] {dag.py:3954} INFO - Setting next_dagrun for consume_1_or_2_with_dataset_expressions to None, run_after=None
[2025-07-22T17:50:41.652+0000] {logging_mixin.py:188} INFO - [2025-07-22T17:50:41.651+0000] {dag.py:3954} INFO - Setting next_dagrun for consume_1_or_both_2_and_3_with_dataset_expressions to None, run_after=None
[2025-07-22T17:50:41.653+0000] {logging_mixin.py:188} INFO - [2025-07-22T17:50:41.653+0000] {dag.py:3954} INFO - Setting next_dagrun for dataset_consumes_1 to None, run_after=None
[2025-07-22T17:50:41.654+0000] {logging_mixin.py:188} INFO - [2025-07-22T17:50:41.654+0000] {dag.py:3954} INFO - Setting next_dagrun for dataset_consumes_1_and_2 to None, run_after=None
[2025-07-22T17:50:41.662+0000] {logging_mixin.py:188} INFO - [2025-07-22T17:50:41.662+0000] {dag.py:3954} INFO - Setting next_dagrun for dataset_consumes_1_never_scheduled to None, run_after=None
[2025-07-22T17:50:41.664+0000] {logging_mixin.py:188} INFO - [2025-07-22T17:50:41.664+0000] {dag.py:3954} INFO - Setting next_dagrun for dataset_consumes_unknown_never_scheduled to None, run_after=None
[2025-07-22T17:50:41.665+0000] {logging_mixin.py:188} INFO - [2025-07-22T17:50:41.665+0000] {dag.py:3954} INFO - Setting next_dagrun for dataset_produces_1 to 2025-07-21 00:00:00+00:00, run_after=2025-07-22 00:00:00+00:00
[2025-07-22T17:50:41.667+0000] {logging_mixin.py:188} INFO - [2025-07-22T17:50:41.667+0000] {dag.py:3954} INFO - Setting next_dagrun for dataset_produces_2 to None, run_after=None
[2025-07-22T17:50:41.702+0000] {processor.py:183} INFO - Processing /home/airflow/.local/lib/python3.12/site-packages/airflow/example_dags/example_datasets.py took 0.109 seconds
[2025-07-22T17:51:12.694+0000] {processor.py:161} INFO - Started process (PID=1168) to work on /home/airflow/.local/lib/python3.12/site-packages/airflow/example_dags/example_datasets.py
[2025-07-22T17:51:12.694+0000] {processor.py:830} INFO - Processing file /home/airflow/.local/lib/python3.12/site-packages/airflow/example_dags/example_datasets.py for tasks to queue
[2025-07-22T17:51:12.695+0000] {logging_mixin.py:188} INFO - [2025-07-22T17:51:12.695+0000] {dagbag.py:540} INFO - Filling up the DagBag from /home/airflow/.local/lib/python3.12/site-packages/airflow/example_dags/example_datasets.py
[2025-07-22T17:51:12.700+0000] {processor.py:840} INFO - DAG(s) 'dataset_produces_1', 'consume_1_or_2_with_dataset_expressions', 'consume_1_and_2_with_dataset_expressions', 'dataset_consumes_1', 'dataset_consumes_1_never_scheduled', 'dataset_produces_2', 'dataset_consumes_1_and_2', 'consume_1_or_both_2_and_3_with_dataset_expressions', 'conditional_dataset_and_time_based_timetable', 'dataset_consumes_unknown_never_scheduled' retrieved from /home/airflow/.local/lib/python3.12/site-packages/airflow/example_dags/example_datasets.py
[2025-07-22T17:51:12.714+0000] {logging_mixin.py:188} INFO - [2025-07-22T17:51:12.714+0000] {dag.py:3096} INFO - Sync 10 DAGs
[2025-07-22T17:51:12.722+0000] {logging_mixin.py:188} INFO - [2025-07-22T17:51:12.722+0000] {dag.py:3954} INFO - Setting next_dagrun for conditional_dataset_and_time_based_timetable to 2025-07-16 01:00:00+00:00, run_after=2025-07-16 01:00:00+00:00
[2025-07-22T17:51:12.723+0000] {logging_mixin.py:188} INFO - [2025-07-22T17:51:12.723+0000] {dag.py:3954} INFO - Setting next_dagrun for consume_1_and_2_with_dataset_expressions to None, run_after=None
[2025-07-22T17:51:12.723+0000] {logging_mixin.py:188} INFO - [2025-07-22T17:51:12.723+0000] {dag.py:3954} INFO - Setting next_dagrun for consume_1_or_2_with_dataset_expressions to None, run_after=None
[2025-07-22T17:51:12.723+0000] {logging_mixin.py:188} INFO - [2025-07-22T17:51:12.723+0000] {dag.py:3954} INFO - Setting next_dagrun for consume_1_or_both_2_and_3_with_dataset_expressions to None, run_after=None
[2025-07-22T17:51:12.724+0000] {logging_mixin.py:188} INFO - [2025-07-22T17:51:12.724+0000] {dag.py:3954} INFO - Setting next_dagrun for dataset_consumes_1 to None, run_after=None
[2025-07-22T17:51:12.724+0000] {logging_mixin.py:188} INFO - [2025-07-22T17:51:12.724+0000] {dag.py:3954} INFO - Setting next_dagrun for dataset_consumes_1_and_2 to None, run_after=None
[2025-07-22T17:51:12.724+0000] {logging_mixin.py:188} INFO - [2025-07-22T17:51:12.724+0000] {dag.py:3954} INFO - Setting next_dagrun for dataset_consumes_1_never_scheduled to None, run_after=None
[2025-07-22T17:51:12.725+0000] {logging_mixin.py:188} INFO - [2025-07-22T17:51:12.725+0000] {dag.py:3954} INFO - Setting next_dagrun for dataset_consumes_unknown_never_scheduled to None, run_after=None
[2025-07-22T17:51:12.725+0000] {logging_mixin.py:188} INFO - [2025-07-22T17:51:12.725+0000] {dag.py:3954} INFO - Setting next_dagrun for dataset_produces_1 to 2025-07-21 00:00:00+00:00, run_after=2025-07-22 00:00:00+00:00
[2025-07-22T17:51:12.726+0000] {logging_mixin.py:188} INFO - [2025-07-22T17:51:12.726+0000] {dag.py:3954} INFO - Setting next_dagrun for dataset_produces_2 to None, run_after=None
[2025-07-22T17:51:12.735+0000] {processor.py:183} INFO - Processing /home/airflow/.local/lib/python3.12/site-packages/airflow/example_dags/example_datasets.py took 0.044 seconds
[2025-07-22T17:51:43.583+0000] {processor.py:161} INFO - Started process (PID=1228) to work on /home/airflow/.local/lib/python3.12/site-packages/airflow/example_dags/example_datasets.py
[2025-07-22T17:51:43.584+0000] {processor.py:830} INFO - Processing file /home/airflow/.local/lib/python3.12/site-packages/airflow/example_dags/example_datasets.py for tasks to queue
[2025-07-22T17:51:43.585+0000] {logging_mixin.py:188} INFO - [2025-07-22T17:51:43.585+0000] {dagbag.py:540} INFO - Filling up the DagBag from /home/airflow/.local/lib/python3.12/site-packages/airflow/example_dags/example_datasets.py
[2025-07-22T17:51:43.593+0000] {processor.py:840} INFO - DAG(s) 'consume_1_and_2_with_dataset_expressions', 'consume_1_or_both_2_and_3_with_dataset_expressions', 'dataset_produces_1', 'conditional_dataset_and_time_based_timetable', 'dataset_consumes_1_never_scheduled', 'dataset_consumes_unknown_never_scheduled', 'dataset_consumes_1_and_2', 'dataset_produces_2', 'consume_1_or_2_with_dataset_expressions', 'dataset_consumes_1' retrieved from /home/airflow/.local/lib/python3.12/site-packages/airflow/example_dags/example_datasets.py
[2025-07-22T17:51:43.612+0000] {logging_mixin.py:188} INFO - [2025-07-22T17:51:43.612+0000] {dag.py:3096} INFO - Sync 10 DAGs
[2025-07-22T17:51:43.626+0000] {logging_mixin.py:188} INFO - [2025-07-22T17:51:43.626+0000] {dag.py:3954} INFO - Setting next_dagrun for conditional_dataset_and_time_based_timetable to 2025-07-16 01:00:00+00:00, run_after=2025-07-16 01:00:00+00:00
[2025-07-22T17:51:43.627+0000] {logging_mixin.py:188} INFO - [2025-07-22T17:51:43.627+0000] {dag.py:3954} INFO - Setting next_dagrun for consume_1_and_2_with_dataset_expressions to None, run_after=None
[2025-07-22T17:51:43.628+0000] {logging_mixin.py:188} INFO - [2025-07-22T17:51:43.628+0000] {dag.py:3954} INFO - Setting next_dagrun for consume_1_or_2_with_dataset_expressions to None, run_after=None
[2025-07-22T17:51:43.629+0000] {logging_mixin.py:188} INFO - [2025-07-22T17:51:43.628+0000] {dag.py:3954} INFO - Setting next_dagrun for consume_1_or_both_2_and_3_with_dataset_expressions to None, run_after=None
[2025-07-22T17:51:43.629+0000] {logging_mixin.py:188} INFO - [2025-07-22T17:51:43.629+0000] {dag.py:3954} INFO - Setting next_dagrun for dataset_consumes_1 to None, run_after=None
[2025-07-22T17:51:43.629+0000] {logging_mixin.py:188} INFO - [2025-07-22T17:51:43.629+0000] {dag.py:3954} INFO - Setting next_dagrun for dataset_consumes_1_and_2 to None, run_after=None
[2025-07-22T17:51:43.630+0000] {logging_mixin.py:188} INFO - [2025-07-22T17:51:43.630+0000] {dag.py:3954} INFO - Setting next_dagrun for dataset_consumes_1_never_scheduled to None, run_after=None
[2025-07-22T17:51:43.630+0000] {logging_mixin.py:188} INFO - [2025-07-22T17:51:43.630+0000] {dag.py:3954} INFO - Setting next_dagrun for dataset_consumes_unknown_never_scheduled to None, run_after=None
[2025-07-22T17:51:43.631+0000] {logging_mixin.py:188} INFO - [2025-07-22T17:51:43.631+0000] {dag.py:3954} INFO - Setting next_dagrun for dataset_produces_1 to 2025-07-21 00:00:00+00:00, run_after=2025-07-22 00:00:00+00:00
[2025-07-22T17:51:43.632+0000] {logging_mixin.py:188} INFO - [2025-07-22T17:51:43.632+0000] {dag.py:3954} INFO - Setting next_dagrun for dataset_produces_2 to None, run_after=None
[2025-07-22T17:51:43.649+0000] {processor.py:183} INFO - Processing /home/airflow/.local/lib/python3.12/site-packages/airflow/example_dags/example_datasets.py took 0.070 seconds
[2025-07-22T17:52:13.702+0000] {processor.py:161} INFO - Started process (PID=1289) to work on /home/airflow/.local/lib/python3.12/site-packages/airflow/example_dags/example_datasets.py
[2025-07-22T17:52:13.703+0000] {processor.py:830} INFO - Processing file /home/airflow/.local/lib/python3.12/site-packages/airflow/example_dags/example_datasets.py for tasks to queue
[2025-07-22T17:52:13.704+0000] {logging_mixin.py:188} INFO - [2025-07-22T17:52:13.704+0000] {dagbag.py:540} INFO - Filling up the DagBag from /home/airflow/.local/lib/python3.12/site-packages/airflow/example_dags/example_datasets.py
[2025-07-22T17:52:13.710+0000] {processor.py:840} INFO - DAG(s) 'consume_1_or_both_2_and_3_with_dataset_expressions', 'consume_1_or_2_with_dataset_expressions', 'dataset_consumes_1_never_scheduled', 'dataset_produces_2', 'dataset_consumes_1_and_2', 'dataset_produces_1', 'conditional_dataset_and_time_based_timetable', 'dataset_consumes_1', 'consume_1_and_2_with_dataset_expressions', 'dataset_consumes_unknown_never_scheduled' retrieved from /home/airflow/.local/lib/python3.12/site-packages/airflow/example_dags/example_datasets.py
[2025-07-22T17:52:13.728+0000] {logging_mixin.py:188} INFO - [2025-07-22T17:52:13.728+0000] {dag.py:3096} INFO - Sync 10 DAGs
[2025-07-22T17:52:13.739+0000] {logging_mixin.py:188} INFO - [2025-07-22T17:52:13.739+0000] {dag.py:3954} INFO - Setting next_dagrun for conditional_dataset_and_time_based_timetable to 2025-07-16 01:00:00+00:00, run_after=2025-07-16 01:00:00+00:00
[2025-07-22T17:52:13.741+0000] {logging_mixin.py:188} INFO - [2025-07-22T17:52:13.741+0000] {dag.py:3954} INFO - Setting next_dagrun for consume_1_and_2_with_dataset_expressions to None, run_after=None
[2025-07-22T17:52:13.742+0000] {logging_mixin.py:188} INFO - [2025-07-22T17:52:13.742+0000] {dag.py:3954} INFO - Setting next_dagrun for consume_1_or_2_with_dataset_expressions to None, run_after=None
[2025-07-22T17:52:13.743+0000] {logging_mixin.py:188} INFO - [2025-07-22T17:52:13.743+0000] {dag.py:3954} INFO - Setting next_dagrun for consume_1_or_both_2_and_3_with_dataset_expressions to None, run_after=None
[2025-07-22T17:52:13.745+0000] {logging_mixin.py:188} INFO - [2025-07-22T17:52:13.745+0000] {dag.py:3954} INFO - Setting next_dagrun for dataset_consumes_1 to None, run_after=None
[2025-07-22T17:52:13.745+0000] {logging_mixin.py:188} INFO - [2025-07-22T17:52:13.745+0000] {dag.py:3954} INFO - Setting next_dagrun for dataset_consumes_1_and_2 to None, run_after=None
[2025-07-22T17:52:13.748+0000] {logging_mixin.py:188} INFO - [2025-07-22T17:52:13.748+0000] {dag.py:3954} INFO - Setting next_dagrun for dataset_consumes_1_never_scheduled to None, run_after=None
[2025-07-22T17:52:13.749+0000] {logging_mixin.py:188} INFO - [2025-07-22T17:52:13.749+0000] {dag.py:3954} INFO - Setting next_dagrun for dataset_consumes_unknown_never_scheduled to None, run_after=None
[2025-07-22T17:52:13.751+0000] {logging_mixin.py:188} INFO - [2025-07-22T17:52:13.751+0000] {dag.py:3954} INFO - Setting next_dagrun for dataset_produces_1 to 2025-07-21 00:00:00+00:00, run_after=2025-07-22 00:00:00+00:00
[2025-07-22T17:52:13.752+0000] {logging_mixin.py:188} INFO - [2025-07-22T17:52:13.752+0000] {dag.py:3954} INFO - Setting next_dagrun for dataset_produces_2 to None, run_after=None
[2025-07-22T17:52:13.772+0000] {processor.py:183} INFO - Processing /home/airflow/.local/lib/python3.12/site-packages/airflow/example_dags/example_datasets.py took 0.072 seconds
[2025-07-22T17:52:44.798+0000] {processor.py:161} INFO - Started process (PID=1348) to work on /home/airflow/.local/lib/python3.12/site-packages/airflow/example_dags/example_datasets.py
[2025-07-22T17:52:44.799+0000] {processor.py:830} INFO - Processing file /home/airflow/.local/lib/python3.12/site-packages/airflow/example_dags/example_datasets.py for tasks to queue
[2025-07-22T17:52:44.800+0000] {logging_mixin.py:188} INFO - [2025-07-22T17:52:44.800+0000] {dagbag.py:540} INFO - Filling up the DagBag from /home/airflow/.local/lib/python3.12/site-packages/airflow/example_dags/example_datasets.py
[2025-07-22T17:52:44.806+0000] {processor.py:840} INFO - DAG(s) 'dataset_consumes_1_and_2', 'dataset_produces_1', 'consume_1_and_2_with_dataset_expressions', 'dataset_produces_2', 'dataset_consumes_1', 'dataset_consumes_unknown_never_scheduled', 'dataset_consumes_1_never_scheduled', 'conditional_dataset_and_time_based_timetable', 'consume_1_or_both_2_and_3_with_dataset_expressions', 'consume_1_or_2_with_dataset_expressions' retrieved from /home/airflow/.local/lib/python3.12/site-packages/airflow/example_dags/example_datasets.py
[2025-07-22T17:52:44.821+0000] {logging_mixin.py:188} INFO - [2025-07-22T17:52:44.821+0000] {dag.py:3096} INFO - Sync 10 DAGs
[2025-07-22T17:52:44.831+0000] {logging_mixin.py:188} INFO - [2025-07-22T17:52:44.830+0000] {dag.py:3954} INFO - Setting next_dagrun for conditional_dataset_and_time_based_timetable to 2025-07-16 01:00:00+00:00, run_after=2025-07-16 01:00:00+00:00
[2025-07-22T17:52:44.832+0000] {logging_mixin.py:188} INFO - [2025-07-22T17:52:44.832+0000] {dag.py:3954} INFO - Setting next_dagrun for consume_1_and_2_with_dataset_expressions to None, run_after=None
[2025-07-22T17:52:44.834+0000] {logging_mixin.py:188} INFO - [2025-07-22T17:52:44.834+0000] {dag.py:3954} INFO - Setting next_dagrun for consume_1_or_2_with_dataset_expressions to None, run_after=None
[2025-07-22T17:52:44.835+0000] {logging_mixin.py:188} INFO - [2025-07-22T17:52:44.835+0000] {dag.py:3954} INFO - Setting next_dagrun for consume_1_or_both_2_and_3_with_dataset_expressions to None, run_after=None
[2025-07-22T17:52:44.835+0000] {logging_mixin.py:188} INFO - [2025-07-22T17:52:44.835+0000] {dag.py:3954} INFO - Setting next_dagrun for dataset_consumes_1 to None, run_after=None
[2025-07-22T17:52:44.837+0000] {logging_mixin.py:188} INFO - [2025-07-22T17:52:44.837+0000] {dag.py:3954} INFO - Setting next_dagrun for dataset_consumes_1_and_2 to None, run_after=None
[2025-07-22T17:52:44.838+0000] {logging_mixin.py:188} INFO - [2025-07-22T17:52:44.838+0000] {dag.py:3954} INFO - Setting next_dagrun for dataset_consumes_1_never_scheduled to None, run_after=None
[2025-07-22T17:52:44.839+0000] {logging_mixin.py:188} INFO - [2025-07-22T17:52:44.839+0000] {dag.py:3954} INFO - Setting next_dagrun for dataset_consumes_unknown_never_scheduled to None, run_after=None
[2025-07-22T17:52:44.840+0000] {logging_mixin.py:188} INFO - [2025-07-22T17:52:44.840+0000] {dag.py:3954} INFO - Setting next_dagrun for dataset_produces_1 to 2025-07-21 00:00:00+00:00, run_after=2025-07-22 00:00:00+00:00
[2025-07-22T17:52:44.842+0000] {logging_mixin.py:188} INFO - [2025-07-22T17:52:44.842+0000] {dag.py:3954} INFO - Setting next_dagrun for dataset_produces_2 to None, run_after=None
[2025-07-22T17:52:44.855+0000] {processor.py:183} INFO - Processing /home/airflow/.local/lib/python3.12/site-packages/airflow/example_dags/example_datasets.py took 0.060 seconds
[2025-07-22T17:53:15.883+0000] {processor.py:161} INFO - Started process (PID=1408) to work on /home/airflow/.local/lib/python3.12/site-packages/airflow/example_dags/example_datasets.py
[2025-07-22T17:53:15.884+0000] {processor.py:830} INFO - Processing file /home/airflow/.local/lib/python3.12/site-packages/airflow/example_dags/example_datasets.py for tasks to queue
[2025-07-22T17:53:15.884+0000] {logging_mixin.py:188} INFO - [2025-07-22T17:53:15.884+0000] {dagbag.py:540} INFO - Filling up the DagBag from /home/airflow/.local/lib/python3.12/site-packages/airflow/example_dags/example_datasets.py
[2025-07-22T17:53:15.892+0000] {processor.py:840} INFO - DAG(s) 'consume_1_and_2_with_dataset_expressions', 'dataset_produces_1', 'dataset_consumes_1_and_2', 'dataset_consumes_1_never_scheduled', 'dataset_consumes_1', 'consume_1_or_both_2_and_3_with_dataset_expressions', 'dataset_produces_2', 'conditional_dataset_and_time_based_timetable', 'consume_1_or_2_with_dataset_expressions', 'dataset_consumes_unknown_never_scheduled' retrieved from /home/airflow/.local/lib/python3.12/site-packages/airflow/example_dags/example_datasets.py
[2025-07-22T17:53:15.909+0000] {logging_mixin.py:188} INFO - [2025-07-22T17:53:15.909+0000] {dag.py:3096} INFO - Sync 10 DAGs
[2025-07-22T17:53:15.921+0000] {logging_mixin.py:188} INFO - [2025-07-22T17:53:15.921+0000] {dag.py:3954} INFO - Setting next_dagrun for conditional_dataset_and_time_based_timetable to 2025-07-16 01:00:00+00:00, run_after=2025-07-16 01:00:00+00:00
[2025-07-22T17:53:15.924+0000] {logging_mixin.py:188} INFO - [2025-07-22T17:53:15.924+0000] {dag.py:3954} INFO - Setting next_dagrun for consume_1_and_2_with_dataset_expressions to None, run_after=None
[2025-07-22T17:53:15.925+0000] {logging_mixin.py:188} INFO - [2025-07-22T17:53:15.925+0000] {dag.py:3954} INFO - Setting next_dagrun for consume_1_or_2_with_dataset_expressions to None, run_after=None
[2025-07-22T17:53:15.926+0000] {logging_mixin.py:188} INFO - [2025-07-22T17:53:15.926+0000] {dag.py:3954} INFO - Setting next_dagrun for consume_1_or_both_2_and_3_with_dataset_expressions to None, run_after=None
[2025-07-22T17:53:15.926+0000] {logging_mixin.py:188} INFO - [2025-07-22T17:53:15.926+0000] {dag.py:3954} INFO - Setting next_dagrun for dataset_consumes_1 to None, run_after=None
[2025-07-22T17:53:15.926+0000] {logging_mixin.py:188} INFO - [2025-07-22T17:53:15.926+0000] {dag.py:3954} INFO - Setting next_dagrun for dataset_consumes_1_and_2 to None, run_after=None
[2025-07-22T17:53:15.927+0000] {logging_mixin.py:188} INFO - [2025-07-22T17:53:15.927+0000] {dag.py:3954} INFO - Setting next_dagrun for dataset_consumes_1_never_scheduled to None, run_after=None
[2025-07-22T17:53:15.927+0000] {logging_mixin.py:188} INFO - [2025-07-22T17:53:15.927+0000] {dag.py:3954} INFO - Setting next_dagrun for dataset_consumes_unknown_never_scheduled to None, run_after=None
[2025-07-22T17:53:15.928+0000] {logging_mixin.py:188} INFO - [2025-07-22T17:53:15.928+0000] {dag.py:3954} INFO - Setting next_dagrun for dataset_produces_1 to 2025-07-21 00:00:00+00:00, run_after=2025-07-22 00:00:00+00:00
[2025-07-22T17:53:15.928+0000] {logging_mixin.py:188} INFO - [2025-07-22T17:53:15.928+0000] {dag.py:3954} INFO - Setting next_dagrun for dataset_produces_2 to None, run_after=None
[2025-07-22T17:53:15.942+0000] {processor.py:183} INFO - Processing /home/airflow/.local/lib/python3.12/site-packages/airflow/example_dags/example_datasets.py took 0.061 seconds
[2025-07-22T17:53:46.834+0000] {processor.py:161} INFO - Started process (PID=1468) to work on /home/airflow/.local/lib/python3.12/site-packages/airflow/example_dags/example_datasets.py
[2025-07-22T17:53:46.834+0000] {processor.py:830} INFO - Processing file /home/airflow/.local/lib/python3.12/site-packages/airflow/example_dags/example_datasets.py for tasks to queue
[2025-07-22T17:53:46.835+0000] {logging_mixin.py:188} INFO - [2025-07-22T17:53:46.835+0000] {dagbag.py:540} INFO - Filling up the DagBag from /home/airflow/.local/lib/python3.12/site-packages/airflow/example_dags/example_datasets.py
[2025-07-22T17:53:46.840+0000] {processor.py:840} INFO - DAG(s) 'dataset_consumes_1', 'consume_1_or_both_2_and_3_with_dataset_expressions', 'dataset_consumes_unknown_never_scheduled', 'consume_1_and_2_with_dataset_expressions', 'dataset_consumes_1_never_scheduled', 'consume_1_or_2_with_dataset_expressions', 'dataset_produces_2', 'dataset_produces_1', 'dataset_consumes_1_and_2', 'conditional_dataset_and_time_based_timetable' retrieved from /home/airflow/.local/lib/python3.12/site-packages/airflow/example_dags/example_datasets.py
[2025-07-22T17:53:46.857+0000] {logging_mixin.py:188} INFO - [2025-07-22T17:53:46.857+0000] {dag.py:3096} INFO - Sync 10 DAGs
[2025-07-22T17:53:46.868+0000] {logging_mixin.py:188} INFO - [2025-07-22T17:53:46.868+0000] {dag.py:3954} INFO - Setting next_dagrun for conditional_dataset_and_time_based_timetable to 2025-07-16 01:00:00+00:00, run_after=2025-07-16 01:00:00+00:00
[2025-07-22T17:53:46.870+0000] {logging_mixin.py:188} INFO - [2025-07-22T17:53:46.870+0000] {dag.py:3954} INFO - Setting next_dagrun for consume_1_and_2_with_dataset_expressions to None, run_after=None
[2025-07-22T17:53:46.870+0000] {logging_mixin.py:188} INFO - [2025-07-22T17:53:46.870+0000] {dag.py:3954} INFO - Setting next_dagrun for consume_1_or_2_with_dataset_expressions to None, run_after=None
[2025-07-22T17:53:46.872+0000] {logging_mixin.py:188} INFO - [2025-07-22T17:53:46.872+0000] {dag.py:3954} INFO - Setting next_dagrun for consume_1_or_both_2_and_3_with_dataset_expressions to None, run_after=None
[2025-07-22T17:53:46.872+0000] {logging_mixin.py:188} INFO - [2025-07-22T17:53:46.872+0000] {dag.py:3954} INFO - Setting next_dagrun for dataset_consumes_1 to None, run_after=None
[2025-07-22T17:53:46.873+0000] {logging_mixin.py:188} INFO - [2025-07-22T17:53:46.873+0000] {dag.py:3954} INFO - Setting next_dagrun for dataset_consumes_1_and_2 to None, run_after=None
[2025-07-22T17:53:46.874+0000] {logging_mixin.py:188} INFO - [2025-07-22T17:53:46.874+0000] {dag.py:3954} INFO - Setting next_dagrun for dataset_consumes_1_never_scheduled to None, run_after=None
[2025-07-22T17:53:46.874+0000] {logging_mixin.py:188} INFO - [2025-07-22T17:53:46.874+0000] {dag.py:3954} INFO - Setting next_dagrun for dataset_consumes_unknown_never_scheduled to None, run_after=None
[2025-07-22T17:53:46.875+0000] {logging_mixin.py:188} INFO - [2025-07-22T17:53:46.875+0000] {dag.py:3954} INFO - Setting next_dagrun for dataset_produces_1 to 2025-07-21 00:00:00+00:00, run_after=2025-07-22 00:00:00+00:00
[2025-07-22T17:53:46.876+0000] {logging_mixin.py:188} INFO - [2025-07-22T17:53:46.875+0000] {dag.py:3954} INFO - Setting next_dagrun for dataset_produces_2 to None, run_after=None
[2025-07-22T17:53:46.891+0000] {processor.py:183} INFO - Processing /home/airflow/.local/lib/python3.12/site-packages/airflow/example_dags/example_datasets.py took 0.060 seconds
[2025-07-22T17:54:17.203+0000] {processor.py:161} INFO - Started process (PID=1528) to work on /home/airflow/.local/lib/python3.12/site-packages/airflow/example_dags/example_datasets.py
[2025-07-22T17:54:17.203+0000] {processor.py:830} INFO - Processing file /home/airflow/.local/lib/python3.12/site-packages/airflow/example_dags/example_datasets.py for tasks to queue
[2025-07-22T17:54:17.204+0000] {logging_mixin.py:188} INFO - [2025-07-22T17:54:17.204+0000] {dagbag.py:540} INFO - Filling up the DagBag from /home/airflow/.local/lib/python3.12/site-packages/airflow/example_dags/example_datasets.py
[2025-07-22T17:54:17.209+0000] {processor.py:840} INFO - DAG(s) 'consume_1_and_2_with_dataset_expressions', 'consume_1_or_2_with_dataset_expressions', 'dataset_consumes_unknown_never_scheduled', 'dataset_consumes_1_and_2', 'dataset_consumes_1_never_scheduled', 'dataset_consumes_1', 'consume_1_or_both_2_and_3_with_dataset_expressions', 'dataset_produces_2', 'conditional_dataset_and_time_based_timetable', 'dataset_produces_1' retrieved from /home/airflow/.local/lib/python3.12/site-packages/airflow/example_dags/example_datasets.py
[2025-07-22T17:54:17.226+0000] {logging_mixin.py:188} INFO - [2025-07-22T17:54:17.226+0000] {dag.py:3096} INFO - Sync 10 DAGs
[2025-07-22T17:54:17.235+0000] {logging_mixin.py:188} INFO - [2025-07-22T17:54:17.235+0000] {dag.py:3954} INFO - Setting next_dagrun for conditional_dataset_and_time_based_timetable to 2025-07-16 01:00:00+00:00, run_after=2025-07-16 01:00:00+00:00
[2025-07-22T17:54:17.237+0000] {logging_mixin.py:188} INFO - [2025-07-22T17:54:17.237+0000] {dag.py:3954} INFO - Setting next_dagrun for consume_1_and_2_with_dataset_expressions to None, run_after=None
[2025-07-22T17:54:17.238+0000] {logging_mixin.py:188} INFO - [2025-07-22T17:54:17.238+0000] {dag.py:3954} INFO - Setting next_dagrun for consume_1_or_2_with_dataset_expressions to None, run_after=None
[2025-07-22T17:54:17.241+0000] {logging_mixin.py:188} INFO - [2025-07-22T17:54:17.241+0000] {dag.py:3954} INFO - Setting next_dagrun for consume_1_or_both_2_and_3_with_dataset_expressions to None, run_after=None
[2025-07-22T17:54:17.243+0000] {logging_mixin.py:188} INFO - [2025-07-22T17:54:17.243+0000] {dag.py:3954} INFO - Setting next_dagrun for dataset_consumes_1 to None, run_after=None
[2025-07-22T17:54:17.244+0000] {logging_mixin.py:188} INFO - [2025-07-22T17:54:17.244+0000] {dag.py:3954} INFO - Setting next_dagrun for dataset_consumes_1_and_2 to None, run_after=None
[2025-07-22T17:54:17.245+0000] {logging_mixin.py:188} INFO - [2025-07-22T17:54:17.245+0000] {dag.py:3954} INFO - Setting next_dagrun for dataset_consumes_1_never_scheduled to None, run_after=None
[2025-07-22T17:54:17.245+0000] {logging_mixin.py:188} INFO - [2025-07-22T17:54:17.245+0000] {dag.py:3954} INFO - Setting next_dagrun for dataset_consumes_unknown_never_scheduled to None, run_after=None
[2025-07-22T17:54:17.248+0000] {logging_mixin.py:188} INFO - [2025-07-22T17:54:17.248+0000] {dag.py:3954} INFO - Setting next_dagrun for dataset_produces_1 to 2025-07-21 00:00:00+00:00, run_after=2025-07-22 00:00:00+00:00
[2025-07-22T17:54:17.248+0000] {logging_mixin.py:188} INFO - [2025-07-22T17:54:17.248+0000] {dag.py:3954} INFO - Setting next_dagrun for dataset_produces_2 to None, run_after=None
[2025-07-22T17:54:17.265+0000] {processor.py:183} INFO - Processing /home/airflow/.local/lib/python3.12/site-packages/airflow/example_dags/example_datasets.py took 0.064 seconds
[2025-07-22T17:54:47.972+0000] {processor.py:161} INFO - Started process (PID=1588) to work on /home/airflow/.local/lib/python3.12/site-packages/airflow/example_dags/example_datasets.py
[2025-07-22T17:54:47.975+0000] {processor.py:830} INFO - Processing file /home/airflow/.local/lib/python3.12/site-packages/airflow/example_dags/example_datasets.py for tasks to queue
[2025-07-22T17:54:47.977+0000] {logging_mixin.py:188} INFO - [2025-07-22T17:54:47.977+0000] {dagbag.py:540} INFO - Filling up the DagBag from /home/airflow/.local/lib/python3.12/site-packages/airflow/example_dags/example_datasets.py
[2025-07-22T17:54:47.983+0000] {processor.py:840} INFO - DAG(s) 'conditional_dataset_and_time_based_timetable', 'dataset_consumes_1_never_scheduled', 'consume_1_and_2_with_dataset_expressions', 'dataset_consumes_unknown_never_scheduled', 'dataset_produces_1', 'consume_1_or_2_with_dataset_expressions', 'dataset_produces_2', 'dataset_consumes_1_and_2', 'dataset_consumes_1', 'consume_1_or_both_2_and_3_with_dataset_expressions' retrieved from /home/airflow/.local/lib/python3.12/site-packages/airflow/example_dags/example_datasets.py
[2025-07-22T17:54:48.000+0000] {logging_mixin.py:188} INFO - [2025-07-22T17:54:48.000+0000] {dag.py:3096} INFO - Sync 10 DAGs
[2025-07-22T17:54:48.012+0000] {logging_mixin.py:188} INFO - [2025-07-22T17:54:48.012+0000] {dag.py:3954} INFO - Setting next_dagrun for conditional_dataset_and_time_based_timetable to 2025-07-16 01:00:00+00:00, run_after=2025-07-16 01:00:00+00:00
[2025-07-22T17:54:48.015+0000] {logging_mixin.py:188} INFO - [2025-07-22T17:54:48.015+0000] {dag.py:3954} INFO - Setting next_dagrun for consume_1_and_2_with_dataset_expressions to None, run_after=None
[2025-07-22T17:54:48.016+0000] {logging_mixin.py:188} INFO - [2025-07-22T17:54:48.016+0000] {dag.py:3954} INFO - Setting next_dagrun for consume_1_or_2_with_dataset_expressions to None, run_after=None
[2025-07-22T17:54:48.016+0000] {logging_mixin.py:188} INFO - [2025-07-22T17:54:48.016+0000] {dag.py:3954} INFO - Setting next_dagrun for consume_1_or_both_2_and_3_with_dataset_expressions to None, run_after=None
[2025-07-22T17:54:48.017+0000] {logging_mixin.py:188} INFO - [2025-07-22T17:54:48.017+0000] {dag.py:3954} INFO - Setting next_dagrun for dataset_consumes_1 to None, run_after=None
[2025-07-22T17:54:48.018+0000] {logging_mixin.py:188} INFO - [2025-07-22T17:54:48.018+0000] {dag.py:3954} INFO - Setting next_dagrun for dataset_consumes_1_and_2 to None, run_after=None
[2025-07-22T17:54:48.018+0000] {logging_mixin.py:188} INFO - [2025-07-22T17:54:48.018+0000] {dag.py:3954} INFO - Setting next_dagrun for dataset_consumes_1_never_scheduled to None, run_after=None
[2025-07-22T17:54:48.019+0000] {logging_mixin.py:188} INFO - [2025-07-22T17:54:48.018+0000] {dag.py:3954} INFO - Setting next_dagrun for dataset_consumes_unknown_never_scheduled to None, run_after=None
[2025-07-22T17:54:48.020+0000] {logging_mixin.py:188} INFO - [2025-07-22T17:54:48.020+0000] {dag.py:3954} INFO - Setting next_dagrun for dataset_produces_1 to 2025-07-21 00:00:00+00:00, run_after=2025-07-22 00:00:00+00:00
[2025-07-22T17:54:48.020+0000] {logging_mixin.py:188} INFO - [2025-07-22T17:54:48.020+0000] {dag.py:3954} INFO - Setting next_dagrun for dataset_produces_2 to None, run_after=None
[2025-07-22T17:54:48.035+0000] {processor.py:183} INFO - Processing /home/airflow/.local/lib/python3.12/site-packages/airflow/example_dags/example_datasets.py took 0.064 seconds
