[2025-07-22T17:47:05.611+0000] {processor.py:161} INFO - Started process (PID=670) to work on /home/airflow/.local/lib/python3.12/site-packages/airflow/example_dags/example_params_ui_tutorial.py
[2025-07-22T17:47:05.611+0000] {processor.py:830} INFO - Processing file /home/airflow/.local/lib/python3.12/site-packages/airflow/example_dags/example_params_ui_tutorial.py for tasks to queue
[2025-07-22T17:47:05.612+0000] {logging_mixin.py:188} INFO - [2025-07-22T17:47:05.612+0000] {dagbag.py:540} INFO - Filling up the DagBag from /home/airflow/.local/lib/python3.12/site-packages/airflow/example_dags/example_params_ui_tutorial.py
[2025-07-22T17:47:05.618+0000] {processor.py:840} INFO - DAG(s) 'example_params_ui_tutorial' retrieved from /home/airflow/.local/lib/python3.12/site-packages/airflow/example_dags/example_params_ui_tutorial.py
[2025-07-22T17:47:05.641+0000] {logging_mixin.py:188} INFO - [2025-07-22T17:47:05.641+0000] {dag.py:3096} INFO - Sync 1 DAGs
[2025-07-22T17:47:05.646+0000] {logging_mixin.py:188} INFO - [2025-07-22T17:47:05.646+0000] {dag.py:3954} INFO - Setting next_dagrun for example_params_ui_tutorial to None, run_after=None
[2025-07-22T17:47:05.653+0000] {processor.py:183} INFO - Processing /home/airflow/.local/lib/python3.12/site-packages/airflow/example_dags/example_params_ui_tutorial.py took 0.045 seconds
[2025-07-22T17:47:36.275+0000] {processor.py:161} INFO - Started process (PID=730) to work on /home/airflow/.local/lib/python3.12/site-packages/airflow/example_dags/example_params_ui_tutorial.py
[2025-07-22T17:47:36.278+0000] {processor.py:830} INFO - Processing file /home/airflow/.local/lib/python3.12/site-packages/airflow/example_dags/example_params_ui_tutorial.py for tasks to queue
[2025-07-22T17:47:36.279+0000] {logging_mixin.py:188} INFO - [2025-07-22T17:47:36.279+0000] {dagbag.py:540} INFO - Filling up the DagBag from /home/airflow/.local/lib/python3.12/site-packages/airflow/example_dags/example_params_ui_tutorial.py
[2025-07-22T17:47:36.284+0000] {processor.py:840} INFO - DAG(s) 'example_params_ui_tutorial' retrieved from /home/airflow/.local/lib/python3.12/site-packages/airflow/example_dags/example_params_ui_tutorial.py
[2025-07-22T17:47:36.305+0000] {logging_mixin.py:188} INFO - [2025-07-22T17:47:36.305+0000] {dag.py:3096} INFO - Sync 1 DAGs
[2025-07-22T17:47:36.311+0000] {logging_mixin.py:188} INFO - [2025-07-22T17:47:36.311+0000] {dag.py:3954} INFO - Setting next_dagrun for example_params_ui_tutorial to None, run_after=None
[2025-07-22T17:47:36.319+0000] {processor.py:183} INFO - Processing /home/airflow/.local/lib/python3.12/site-packages/airflow/example_dags/example_params_ui_tutorial.py took 0.047 seconds
[2025-07-22T17:48:07.193+0000] {processor.py:161} INFO - Started process (PID=790) to work on /home/airflow/.local/lib/python3.12/site-packages/airflow/example_dags/example_params_ui_tutorial.py
[2025-07-22T17:48:07.193+0000] {processor.py:830} INFO - Processing file /home/airflow/.local/lib/python3.12/site-packages/airflow/example_dags/example_params_ui_tutorial.py for tasks to queue
[2025-07-22T17:48:07.194+0000] {logging_mixin.py:188} INFO - [2025-07-22T17:48:07.194+0000] {dagbag.py:540} INFO - Filling up the DagBag from /home/airflow/.local/lib/python3.12/site-packages/airflow/example_dags/example_params_ui_tutorial.py
[2025-07-22T17:48:07.200+0000] {processor.py:840} INFO - DAG(s) 'example_params_ui_tutorial' retrieved from /home/airflow/.local/lib/python3.12/site-packages/airflow/example_dags/example_params_ui_tutorial.py
[2025-07-22T17:48:07.219+0000] {logging_mixin.py:188} INFO - [2025-07-22T17:48:07.219+0000] {dag.py:3096} INFO - Sync 1 DAGs
[2025-07-22T17:48:07.224+0000] {logging_mixin.py:188} INFO - [2025-07-22T17:48:07.224+0000] {dag.py:3954} INFO - Setting next_dagrun for example_params_ui_tutorial to None, run_after=None
[2025-07-22T17:48:07.230+0000] {processor.py:183} INFO - Processing /home/airflow/.local/lib/python3.12/site-packages/airflow/example_dags/example_params_ui_tutorial.py took 0.039 seconds
[2025-07-22T17:48:38.072+0000] {processor.py:161} INFO - Started process (PID=850) to work on /home/airflow/.local/lib/python3.12/site-packages/airflow/example_dags/example_params_ui_tutorial.py
[2025-07-22T17:48:38.075+0000] {processor.py:830} INFO - Processing file /home/airflow/.local/lib/python3.12/site-packages/airflow/example_dags/example_params_ui_tutorial.py for tasks to queue
[2025-07-22T17:48:38.078+0000] {logging_mixin.py:188} INFO - [2025-07-22T17:48:38.078+0000] {dagbag.py:540} INFO - Filling up the DagBag from /home/airflow/.local/lib/python3.12/site-packages/airflow/example_dags/example_params_ui_tutorial.py
[2025-07-22T17:48:38.084+0000] {processor.py:840} INFO - DAG(s) 'example_params_ui_tutorial' retrieved from /home/airflow/.local/lib/python3.12/site-packages/airflow/example_dags/example_params_ui_tutorial.py
[2025-07-22T17:48:38.108+0000] {logging_mixin.py:188} INFO - [2025-07-22T17:48:38.108+0000] {dag.py:3096} INFO - Sync 1 DAGs
[2025-07-22T17:48:38.113+0000] {logging_mixin.py:188} INFO - [2025-07-22T17:48:38.112+0000] {dag.py:3954} INFO - Setting next_dagrun for example_params_ui_tutorial to None, run_after=None
[2025-07-22T17:48:38.193+0000] {processor.py:183} INFO - Processing /home/airflow/.local/lib/python3.12/site-packages/airflow/example_dags/example_params_ui_tutorial.py took 0.124 seconds
[2025-07-22T17:49:08.227+0000] {processor.py:161} INFO - Started process (PID=909) to work on /home/airflow/.local/lib/python3.12/site-packages/airflow/example_dags/example_params_ui_tutorial.py
[2025-07-22T17:49:08.229+0000] {processor.py:830} INFO - Processing file /home/airflow/.local/lib/python3.12/site-packages/airflow/example_dags/example_params_ui_tutorial.py for tasks to queue
[2025-07-22T17:49:08.230+0000] {logging_mixin.py:188} INFO - [2025-07-22T17:49:08.229+0000] {dagbag.py:540} INFO - Filling up the DagBag from /home/airflow/.local/lib/python3.12/site-packages/airflow/example_dags/example_params_ui_tutorial.py
[2025-07-22T17:49:08.237+0000] {processor.py:840} INFO - DAG(s) 'example_params_ui_tutorial' retrieved from /home/airflow/.local/lib/python3.12/site-packages/airflow/example_dags/example_params_ui_tutorial.py
[2025-07-22T17:49:08.261+0000] {logging_mixin.py:188} INFO - [2025-07-22T17:49:08.261+0000] {dag.py:3096} INFO - Sync 1 DAGs
[2025-07-22T17:49:08.268+0000] {logging_mixin.py:188} INFO - [2025-07-22T17:49:08.268+0000] {dag.py:3954} INFO - Setting next_dagrun for example_params_ui_tutorial to None, run_after=None
[2025-07-22T17:49:08.276+0000] {processor.py:183} INFO - Processing /home/airflow/.local/lib/python3.12/site-packages/airflow/example_dags/example_params_ui_tutorial.py took 0.052 seconds
[2025-07-22T17:49:38.362+0000] {processor.py:161} INFO - Started process (PID=968) to work on /home/airflow/.local/lib/python3.12/site-packages/airflow/example_dags/example_params_ui_tutorial.py
[2025-07-22T17:49:38.363+0000] {processor.py:830} INFO - Processing file /home/airflow/.local/lib/python3.12/site-packages/airflow/example_dags/example_params_ui_tutorial.py for tasks to queue
[2025-07-22T17:49:38.364+0000] {logging_mixin.py:188} INFO - [2025-07-22T17:49:38.364+0000] {dagbag.py:540} INFO - Filling up the DagBag from /home/airflow/.local/lib/python3.12/site-packages/airflow/example_dags/example_params_ui_tutorial.py
[2025-07-22T17:49:38.369+0000] {processor.py:840} INFO - DAG(s) 'example_params_ui_tutorial' retrieved from /home/airflow/.local/lib/python3.12/site-packages/airflow/example_dags/example_params_ui_tutorial.py
[2025-07-22T17:49:38.393+0000] {logging_mixin.py:188} INFO - [2025-07-22T17:49:38.393+0000] {dag.py:3096} INFO - Sync 1 DAGs
[2025-07-22T17:49:38.398+0000] {logging_mixin.py:188} INFO - [2025-07-22T17:49:38.398+0000] {dag.py:3954} INFO - Setting next_dagrun for example_params_ui_tutorial to None, run_after=None
[2025-07-22T17:49:38.405+0000] {processor.py:183} INFO - Processing /home/airflow/.local/lib/python3.12/site-packages/airflow/example_dags/example_params_ui_tutorial.py took 0.045 seconds
[2025-07-22T17:50:09.633+0000] {processor.py:161} INFO - Started process (PID=1029) to work on /home/airflow/.local/lib/python3.12/site-packages/airflow/example_dags/example_params_ui_tutorial.py
[2025-07-22T17:50:09.634+0000] {processor.py:830} INFO - Processing file /home/airflow/.local/lib/python3.12/site-packages/airflow/example_dags/example_params_ui_tutorial.py for tasks to queue
[2025-07-22T17:50:09.635+0000] {logging_mixin.py:188} INFO - [2025-07-22T17:50:09.635+0000] {dagbag.py:540} INFO - Filling up the DagBag from /home/airflow/.local/lib/python3.12/site-packages/airflow/example_dags/example_params_ui_tutorial.py
[2025-07-22T17:50:09.641+0000] {processor.py:840} INFO - DAG(s) 'example_params_ui_tutorial' retrieved from /home/airflow/.local/lib/python3.12/site-packages/airflow/example_dags/example_params_ui_tutorial.py
[2025-07-22T17:50:09.662+0000] {logging_mixin.py:188} INFO - [2025-07-22T17:50:09.662+0000] {dag.py:3096} INFO - Sync 1 DAGs
[2025-07-22T17:50:09.669+0000] {logging_mixin.py:188} INFO - [2025-07-22T17:50:09.669+0000] {dag.py:3954} INFO - Setting next_dagrun for example_params_ui_tutorial to None, run_after=None
[2025-07-22T17:50:09.685+0000] {processor.py:183} INFO - Processing /home/airflow/.local/lib/python3.12/site-packages/airflow/example_dags/example_params_ui_tutorial.py took 0.055 seconds
[2025-07-22T17:50:41.021+0000] {processor.py:161} INFO - Started process (PID=1089) to work on /home/airflow/.local/lib/python3.12/site-packages/airflow/example_dags/example_params_ui_tutorial.py
[2025-07-22T17:50:41.022+0000] {processor.py:830} INFO - Processing file /home/airflow/.local/lib/python3.12/site-packages/airflow/example_dags/example_params_ui_tutorial.py for tasks to queue
[2025-07-22T17:50:41.023+0000] {logging_mixin.py:188} INFO - [2025-07-22T17:50:41.023+0000] {dagbag.py:540} INFO - Filling up the DagBag from /home/airflow/.local/lib/python3.12/site-packages/airflow/example_dags/example_params_ui_tutorial.py
[2025-07-22T17:50:41.027+0000] {processor.py:840} INFO - DAG(s) 'example_params_ui_tutorial' retrieved from /home/airflow/.local/lib/python3.12/site-packages/airflow/example_dags/example_params_ui_tutorial.py
[2025-07-22T17:50:41.049+0000] {logging_mixin.py:188} INFO - [2025-07-22T17:50:41.049+0000] {dag.py:3096} INFO - Sync 1 DAGs
[2025-07-22T17:50:41.056+0000] {logging_mixin.py:188} INFO - [2025-07-22T17:50:41.056+0000] {dag.py:3954} INFO - Setting next_dagrun for example_params_ui_tutorial to None, run_after=None
[2025-07-22T17:50:41.067+0000] {processor.py:183} INFO - Processing /home/airflow/.local/lib/python3.12/site-packages/airflow/example_dags/example_params_ui_tutorial.py took 0.049 seconds
[2025-07-22T17:51:11.378+0000] {processor.py:161} INFO - Started process (PID=1149) to work on /home/airflow/.local/lib/python3.12/site-packages/airflow/example_dags/example_params_ui_tutorial.py
[2025-07-22T17:51:11.379+0000] {processor.py:830} INFO - Processing file /home/airflow/.local/lib/python3.12/site-packages/airflow/example_dags/example_params_ui_tutorial.py for tasks to queue
[2025-07-22T17:51:11.380+0000] {logging_mixin.py:188} INFO - [2025-07-22T17:51:11.380+0000] {dagbag.py:540} INFO - Filling up the DagBag from /home/airflow/.local/lib/python3.12/site-packages/airflow/example_dags/example_params_ui_tutorial.py
[2025-07-22T17:51:11.388+0000] {processor.py:840} INFO - DAG(s) 'example_params_ui_tutorial' retrieved from /home/airflow/.local/lib/python3.12/site-packages/airflow/example_dags/example_params_ui_tutorial.py
[2025-07-22T17:51:11.491+0000] {logging_mixin.py:188} INFO - [2025-07-22T17:51:11.491+0000] {dag.py:3096} INFO - Sync 1 DAGs
[2025-07-22T17:51:11.497+0000] {logging_mixin.py:188} INFO - [2025-07-22T17:51:11.497+0000] {dag.py:3954} INFO - Setting next_dagrun for example_params_ui_tutorial to None, run_after=None
[2025-07-22T17:51:11.503+0000] {processor.py:183} INFO - Processing /home/airflow/.local/lib/python3.12/site-packages/airflow/example_dags/example_params_ui_tutorial.py took 0.128 seconds
[2025-07-22T17:51:42.055+0000] {processor.py:161} INFO - Started process (PID=1209) to work on /home/airflow/.local/lib/python3.12/site-packages/airflow/example_dags/example_params_ui_tutorial.py
[2025-07-22T17:51:42.056+0000] {processor.py:830} INFO - Processing file /home/airflow/.local/lib/python3.12/site-packages/airflow/example_dags/example_params_ui_tutorial.py for tasks to queue
[2025-07-22T17:51:42.057+0000] {logging_mixin.py:188} INFO - [2025-07-22T17:51:42.057+0000] {dagbag.py:540} INFO - Filling up the DagBag from /home/airflow/.local/lib/python3.12/site-packages/airflow/example_dags/example_params_ui_tutorial.py
[2025-07-22T17:51:42.063+0000] {processor.py:840} INFO - DAG(s) 'example_params_ui_tutorial' retrieved from /home/airflow/.local/lib/python3.12/site-packages/airflow/example_dags/example_params_ui_tutorial.py
[2025-07-22T17:51:42.085+0000] {logging_mixin.py:188} INFO - [2025-07-22T17:51:42.085+0000] {dag.py:3096} INFO - Sync 1 DAGs
[2025-07-22T17:51:42.090+0000] {logging_mixin.py:188} INFO - [2025-07-22T17:51:42.090+0000] {dag.py:3954} INFO - Setting next_dagrun for example_params_ui_tutorial to None, run_after=None
[2025-07-22T17:51:42.097+0000] {processor.py:183} INFO - Processing /home/airflow/.local/lib/python3.12/site-packages/airflow/example_dags/example_params_ui_tutorial.py took 0.044 seconds
[2025-07-22T17:52:13.194+0000] {processor.py:161} INFO - Started process (PID=1269) to work on /home/airflow/.local/lib/python3.12/site-packages/airflow/example_dags/example_params_ui_tutorial.py
[2025-07-22T17:52:13.195+0000] {processor.py:830} INFO - Processing file /home/airflow/.local/lib/python3.12/site-packages/airflow/example_dags/example_params_ui_tutorial.py for tasks to queue
[2025-07-22T17:52:13.196+0000] {logging_mixin.py:188} INFO - [2025-07-22T17:52:13.195+0000] {dagbag.py:540} INFO - Filling up the DagBag from /home/airflow/.local/lib/python3.12/site-packages/airflow/example_dags/example_params_ui_tutorial.py
[2025-07-22T17:52:13.201+0000] {processor.py:840} INFO - DAG(s) 'example_params_ui_tutorial' retrieved from /home/airflow/.local/lib/python3.12/site-packages/airflow/example_dags/example_params_ui_tutorial.py
[2025-07-22T17:52:13.222+0000] {logging_mixin.py:188} INFO - [2025-07-22T17:52:13.222+0000] {dag.py:3096} INFO - Sync 1 DAGs
[2025-07-22T17:52:13.229+0000] {logging_mixin.py:188} INFO - [2025-07-22T17:52:13.229+0000] {dag.py:3954} INFO - Setting next_dagrun for example_params_ui_tutorial to None, run_after=None
[2025-07-22T17:52:13.239+0000] {processor.py:183} INFO - Processing /home/airflow/.local/lib/python3.12/site-packages/airflow/example_dags/example_params_ui_tutorial.py took 0.047 seconds
[2025-07-22T17:52:44.248+0000] {processor.py:161} INFO - Started process (PID=1329) to work on /home/airflow/.local/lib/python3.12/site-packages/airflow/example_dags/example_params_ui_tutorial.py
[2025-07-22T17:52:44.249+0000] {processor.py:830} INFO - Processing file /home/airflow/.local/lib/python3.12/site-packages/airflow/example_dags/example_params_ui_tutorial.py for tasks to queue
[2025-07-22T17:52:44.250+0000] {logging_mixin.py:188} INFO - [2025-07-22T17:52:44.250+0000] {dagbag.py:540} INFO - Filling up the DagBag from /home/airflow/.local/lib/python3.12/site-packages/airflow/example_dags/example_params_ui_tutorial.py
[2025-07-22T17:52:44.259+0000] {processor.py:840} INFO - DAG(s) 'example_params_ui_tutorial' retrieved from /home/airflow/.local/lib/python3.12/site-packages/airflow/example_dags/example_params_ui_tutorial.py
[2025-07-22T17:52:44.287+0000] {logging_mixin.py:188} INFO - [2025-07-22T17:52:44.287+0000] {dag.py:3096} INFO - Sync 1 DAGs
[2025-07-22T17:52:44.295+0000] {logging_mixin.py:188} INFO - [2025-07-22T17:52:44.295+0000] {dag.py:3954} INFO - Setting next_dagrun for example_params_ui_tutorial to None, run_after=None
[2025-07-22T17:52:44.306+0000] {processor.py:183} INFO - Processing /home/airflow/.local/lib/python3.12/site-packages/airflow/example_dags/example_params_ui_tutorial.py took 0.062 seconds
[2025-07-22T17:53:15.332+0000] {processor.py:161} INFO - Started process (PID=1389) to work on /home/airflow/.local/lib/python3.12/site-packages/airflow/example_dags/example_params_ui_tutorial.py
[2025-07-22T17:53:15.333+0000] {processor.py:830} INFO - Processing file /home/airflow/.local/lib/python3.12/site-packages/airflow/example_dags/example_params_ui_tutorial.py for tasks to queue
[2025-07-22T17:53:15.334+0000] {logging_mixin.py:188} INFO - [2025-07-22T17:53:15.334+0000] {dagbag.py:540} INFO - Filling up the DagBag from /home/airflow/.local/lib/python3.12/site-packages/airflow/example_dags/example_params_ui_tutorial.py
[2025-07-22T17:53:15.340+0000] {processor.py:840} INFO - DAG(s) 'example_params_ui_tutorial' retrieved from /home/airflow/.local/lib/python3.12/site-packages/airflow/example_dags/example_params_ui_tutorial.py
[2025-07-22T17:53:15.361+0000] {logging_mixin.py:188} INFO - [2025-07-22T17:53:15.361+0000] {dag.py:3096} INFO - Sync 1 DAGs
[2025-07-22T17:53:15.367+0000] {logging_mixin.py:188} INFO - [2025-07-22T17:53:15.367+0000] {dag.py:3954} INFO - Setting next_dagrun for example_params_ui_tutorial to None, run_after=None
[2025-07-22T17:53:15.379+0000] {processor.py:183} INFO - Processing /home/airflow/.local/lib/python3.12/site-packages/airflow/example_dags/example_params_ui_tutorial.py took 0.051 seconds
[2025-07-22T17:53:46.392+0000] {processor.py:161} INFO - Started process (PID=1449) to work on /home/airflow/.local/lib/python3.12/site-packages/airflow/example_dags/example_params_ui_tutorial.py
[2025-07-22T17:53:46.394+0000] {processor.py:830} INFO - Processing file /home/airflow/.local/lib/python3.12/site-packages/airflow/example_dags/example_params_ui_tutorial.py for tasks to queue
[2025-07-22T17:53:46.395+0000] {logging_mixin.py:188} INFO - [2025-07-22T17:53:46.395+0000] {dagbag.py:540} INFO - Filling up the DagBag from /home/airflow/.local/lib/python3.12/site-packages/airflow/example_dags/example_params_ui_tutorial.py
[2025-07-22T17:53:46.401+0000] {processor.py:840} INFO - DAG(s) 'example_params_ui_tutorial' retrieved from /home/airflow/.local/lib/python3.12/site-packages/airflow/example_dags/example_params_ui_tutorial.py
[2025-07-22T17:53:46.420+0000] {logging_mixin.py:188} INFO - [2025-07-22T17:53:46.420+0000] {dag.py:3096} INFO - Sync 1 DAGs
[2025-07-22T17:53:46.425+0000] {logging_mixin.py:188} INFO - [2025-07-22T17:53:46.425+0000] {dag.py:3954} INFO - Setting next_dagrun for example_params_ui_tutorial to None, run_after=None
[2025-07-22T17:53:46.433+0000] {processor.py:183} INFO - Processing /home/airflow/.local/lib/python3.12/site-packages/airflow/example_dags/example_params_ui_tutorial.py took 0.043 seconds
[2025-07-22T17:54:16.737+0000] {processor.py:161} INFO - Started process (PID=1509) to work on /home/airflow/.local/lib/python3.12/site-packages/airflow/example_dags/example_params_ui_tutorial.py
[2025-07-22T17:54:16.738+0000] {processor.py:830} INFO - Processing file /home/airflow/.local/lib/python3.12/site-packages/airflow/example_dags/example_params_ui_tutorial.py for tasks to queue
[2025-07-22T17:54:16.739+0000] {logging_mixin.py:188} INFO - [2025-07-22T17:54:16.739+0000] {dagbag.py:540} INFO - Filling up the DagBag from /home/airflow/.local/lib/python3.12/site-packages/airflow/example_dags/example_params_ui_tutorial.py
[2025-07-22T17:54:16.744+0000] {processor.py:840} INFO - DAG(s) 'example_params_ui_tutorial' retrieved from /home/airflow/.local/lib/python3.12/site-packages/airflow/example_dags/example_params_ui_tutorial.py
[2025-07-22T17:54:16.762+0000] {logging_mixin.py:188} INFO - [2025-07-22T17:54:16.762+0000] {dag.py:3096} INFO - Sync 1 DAGs
[2025-07-22T17:54:16.770+0000] {logging_mixin.py:188} INFO - [2025-07-22T17:54:16.770+0000] {dag.py:3954} INFO - Setting next_dagrun for example_params_ui_tutorial to None, run_after=None
[2025-07-22T17:54:16.779+0000] {processor.py:183} INFO - Processing /home/airflow/.local/lib/python3.12/site-packages/airflow/example_dags/example_params_ui_tutorial.py took 0.044 seconds
[2025-07-22T17:54:47.545+0000] {processor.py:161} INFO - Started process (PID=1569) to work on /home/airflow/.local/lib/python3.12/site-packages/airflow/example_dags/example_params_ui_tutorial.py
[2025-07-22T17:54:47.547+0000] {processor.py:830} INFO - Processing file /home/airflow/.local/lib/python3.12/site-packages/airflow/example_dags/example_params_ui_tutorial.py for tasks to queue
[2025-07-22T17:54:47.548+0000] {logging_mixin.py:188} INFO - [2025-07-22T17:54:47.548+0000] {dagbag.py:540} INFO - Filling up the DagBag from /home/airflow/.local/lib/python3.12/site-packages/airflow/example_dags/example_params_ui_tutorial.py
[2025-07-22T17:54:47.553+0000] {processor.py:840} INFO - DAG(s) 'example_params_ui_tutorial' retrieved from /home/airflow/.local/lib/python3.12/site-packages/airflow/example_dags/example_params_ui_tutorial.py
[2025-07-22T17:54:47.571+0000] {logging_mixin.py:188} INFO - [2025-07-22T17:54:47.571+0000] {dag.py:3096} INFO - Sync 1 DAGs
[2025-07-22T17:54:47.577+0000] {logging_mixin.py:188} INFO - [2025-07-22T17:54:47.577+0000] {dag.py:3954} INFO - Setting next_dagrun for example_params_ui_tutorial to None, run_after=None
[2025-07-22T17:54:47.584+0000] {processor.py:183} INFO - Processing /home/airflow/.local/lib/python3.12/site-packages/airflow/example_dags/example_params_ui_tutorial.py took 0.042 seconds
