[2025-07-22T17:47:05.851+0000] {processor.py:161} INFO - Started process (PID=679) to work on /home/airflow/.local/lib/python3.12/site-packages/airflow/example_dags/example_latest_only_with_trigger.py
[2025-07-22T17:47:05.853+0000] {processor.py:830} INFO - Processing file /home/airflow/.local/lib/python3.12/site-packages/airflow/example_dags/example_latest_only_with_trigger.py for tasks to queue
[2025-07-22T17:47:05.854+0000] {logging_mixin.py:188} INFO - [2025-07-22T17:47:05.854+0000] {dagbag.py:540} INFO - Filling up the DagBag from /home/airflow/.local/lib/python3.12/site-packages/airflow/example_dags/example_latest_only_with_trigger.py
[2025-07-22T17:47:05.856+0000] {processor.py:840} INFO - DAG(s) 'latest_only_with_trigger' retrieved from /home/airflow/.local/lib/python3.12/site-packages/airflow/example_dags/example_latest_only_with_trigger.py
[2025-07-22T17:47:05.864+0000] {logging_mixin.py:188} INFO - [2025-07-22T17:47:05.864+0000] {dag.py:3096} INFO - Sync 1 DAGs
[2025-07-22T17:47:05.873+0000] {logging_mixin.py:188} INFO - [2025-07-22T17:47:05.873+0000] {dag.py:3954} INFO - Setting next_dagrun for latest_only_with_trigger to 2025-07-22 12:00:00+00:00, run_after=2025-07-22 16:00:00+00:00
[2025-07-22T17:47:05.880+0000] {processor.py:183} INFO - Processing /home/airflow/.local/lib/python3.12/site-packages/airflow/example_dags/example_latest_only_with_trigger.py took 0.031 seconds
[2025-07-22T17:47:36.562+0000] {processor.py:161} INFO - Started process (PID=739) to work on /home/airflow/.local/lib/python3.12/site-packages/airflow/example_dags/example_latest_only_with_trigger.py
[2025-07-22T17:47:36.563+0000] {processor.py:830} INFO - Processing file /home/airflow/.local/lib/python3.12/site-packages/airflow/example_dags/example_latest_only_with_trigger.py for tasks to queue
[2025-07-22T17:47:36.564+0000] {logging_mixin.py:188} INFO - [2025-07-22T17:47:36.563+0000] {dagbag.py:540} INFO - Filling up the DagBag from /home/airflow/.local/lib/python3.12/site-packages/airflow/example_dags/example_latest_only_with_trigger.py
[2025-07-22T17:47:36.566+0000] {processor.py:840} INFO - DAG(s) 'latest_only_with_trigger' retrieved from /home/airflow/.local/lib/python3.12/site-packages/airflow/example_dags/example_latest_only_with_trigger.py
[2025-07-22T17:47:36.573+0000] {logging_mixin.py:188} INFO - [2025-07-22T17:47:36.573+0000] {dag.py:3096} INFO - Sync 1 DAGs
[2025-07-22T17:47:36.580+0000] {logging_mixin.py:188} INFO - [2025-07-22T17:47:36.580+0000] {dag.py:3954} INFO - Setting next_dagrun for latest_only_with_trigger to 2025-07-22 12:00:00+00:00, run_after=2025-07-22 16:00:00+00:00
[2025-07-22T17:47:36.586+0000] {processor.py:183} INFO - Processing /home/airflow/.local/lib/python3.12/site-packages/airflow/example_dags/example_latest_only_with_trigger.py took 0.026 seconds
[2025-07-22T17:48:07.481+0000] {processor.py:161} INFO - Started process (PID=799) to work on /home/airflow/.local/lib/python3.12/site-packages/airflow/example_dags/example_latest_only_with_trigger.py
[2025-07-22T17:48:07.482+0000] {processor.py:830} INFO - Processing file /home/airflow/.local/lib/python3.12/site-packages/airflow/example_dags/example_latest_only_with_trigger.py for tasks to queue
[2025-07-22T17:48:07.482+0000] {logging_mixin.py:188} INFO - [2025-07-22T17:48:07.482+0000] {dagbag.py:540} INFO - Filling up the DagBag from /home/airflow/.local/lib/python3.12/site-packages/airflow/example_dags/example_latest_only_with_trigger.py
[2025-07-22T17:48:07.485+0000] {processor.py:840} INFO - DAG(s) 'latest_only_with_trigger' retrieved from /home/airflow/.local/lib/python3.12/site-packages/airflow/example_dags/example_latest_only_with_trigger.py
[2025-07-22T17:48:07.494+0000] {logging_mixin.py:188} INFO - [2025-07-22T17:48:07.494+0000] {dag.py:3096} INFO - Sync 1 DAGs
[2025-07-22T17:48:07.503+0000] {logging_mixin.py:188} INFO - [2025-07-22T17:48:07.503+0000] {dag.py:3954} INFO - Setting next_dagrun for latest_only_with_trigger to 2025-07-22 12:00:00+00:00, run_after=2025-07-22 16:00:00+00:00
[2025-07-22T17:48:07.512+0000] {processor.py:183} INFO - Processing /home/airflow/.local/lib/python3.12/site-packages/airflow/example_dags/example_latest_only_with_trigger.py took 0.033 seconds
[2025-07-22T17:48:38.498+0000] {processor.py:161} INFO - Started process (PID=859) to work on /home/airflow/.local/lib/python3.12/site-packages/airflow/example_dags/example_latest_only_with_trigger.py
[2025-07-22T17:48:38.500+0000] {processor.py:830} INFO - Processing file /home/airflow/.local/lib/python3.12/site-packages/airflow/example_dags/example_latest_only_with_trigger.py for tasks to queue
[2025-07-22T17:48:38.501+0000] {logging_mixin.py:188} INFO - [2025-07-22T17:48:38.501+0000] {dagbag.py:540} INFO - Filling up the DagBag from /home/airflow/.local/lib/python3.12/site-packages/airflow/example_dags/example_latest_only_with_trigger.py
[2025-07-22T17:48:38.504+0000] {processor.py:840} INFO - DAG(s) 'latest_only_with_trigger' retrieved from /home/airflow/.local/lib/python3.12/site-packages/airflow/example_dags/example_latest_only_with_trigger.py
[2025-07-22T17:48:38.512+0000] {logging_mixin.py:188} INFO - [2025-07-22T17:48:38.512+0000] {dag.py:3096} INFO - Sync 1 DAGs
[2025-07-22T17:48:38.520+0000] {logging_mixin.py:188} INFO - [2025-07-22T17:48:38.520+0000] {dag.py:3954} INFO - Setting next_dagrun for latest_only_with_trigger to 2025-07-22 12:00:00+00:00, run_after=2025-07-22 16:00:00+00:00
[2025-07-22T17:48:38.595+0000] {processor.py:183} INFO - Processing /home/airflow/.local/lib/python3.12/site-packages/airflow/example_dags/example_latest_only_with_trigger.py took 0.100 seconds
[2025-07-22T17:49:09.589+0000] {processor.py:161} INFO - Started process (PID=918) to work on /home/airflow/.local/lib/python3.12/site-packages/airflow/example_dags/example_latest_only_with_trigger.py
[2025-07-22T17:49:09.591+0000] {processor.py:830} INFO - Processing file /home/airflow/.local/lib/python3.12/site-packages/airflow/example_dags/example_latest_only_with_trigger.py for tasks to queue
[2025-07-22T17:49:09.595+0000] {logging_mixin.py:188} INFO - [2025-07-22T17:49:09.594+0000] {dagbag.py:540} INFO - Filling up the DagBag from /home/airflow/.local/lib/python3.12/site-packages/airflow/example_dags/example_latest_only_with_trigger.py
[2025-07-22T17:49:09.599+0000] {processor.py:840} INFO - DAG(s) 'latest_only_with_trigger' retrieved from /home/airflow/.local/lib/python3.12/site-packages/airflow/example_dags/example_latest_only_with_trigger.py
[2025-07-22T17:49:09.612+0000] {logging_mixin.py:188} INFO - [2025-07-22T17:49:09.612+0000] {dag.py:3096} INFO - Sync 1 DAGs
[2025-07-22T17:49:09.623+0000] {logging_mixin.py:188} INFO - [2025-07-22T17:49:09.623+0000] {dag.py:3954} INFO - Setting next_dagrun for latest_only_with_trigger to 2025-07-22 12:00:00+00:00, run_after=2025-07-22 16:00:00+00:00
[2025-07-22T17:49:09.633+0000] {processor.py:183} INFO - Processing /home/airflow/.local/lib/python3.12/site-packages/airflow/example_dags/example_latest_only_with_trigger.py took 0.049 seconds
[2025-07-22T17:49:39.718+0000] {processor.py:161} INFO - Started process (PID=978) to work on /home/airflow/.local/lib/python3.12/site-packages/airflow/example_dags/example_latest_only_with_trigger.py
[2025-07-22T17:49:39.721+0000] {processor.py:830} INFO - Processing file /home/airflow/.local/lib/python3.12/site-packages/airflow/example_dags/example_latest_only_with_trigger.py for tasks to queue
[2025-07-22T17:49:39.724+0000] {logging_mixin.py:188} INFO - [2025-07-22T17:49:39.724+0000] {dagbag.py:540} INFO - Filling up the DagBag from /home/airflow/.local/lib/python3.12/site-packages/airflow/example_dags/example_latest_only_with_trigger.py
[2025-07-22T17:49:39.730+0000] {processor.py:840} INFO - DAG(s) 'latest_only_with_trigger' retrieved from /home/airflow/.local/lib/python3.12/site-packages/airflow/example_dags/example_latest_only_with_trigger.py
[2025-07-22T17:49:39.742+0000] {logging_mixin.py:188} INFO - [2025-07-22T17:49:39.741+0000] {dag.py:3096} INFO - Sync 1 DAGs
[2025-07-22T17:49:39.751+0000] {logging_mixin.py:188} INFO - [2025-07-22T17:49:39.751+0000] {dag.py:3954} INFO - Setting next_dagrun for latest_only_with_trigger to 2025-07-22 12:00:00+00:00, run_after=2025-07-22 16:00:00+00:00
[2025-07-22T17:49:39.762+0000] {processor.py:183} INFO - Processing /home/airflow/.local/lib/python3.12/site-packages/airflow/example_dags/example_latest_only_with_trigger.py took 0.049 seconds
[2025-07-22T17:50:09.860+0000] {processor.py:161} INFO - Started process (PID=1038) to work on /home/airflow/.local/lib/python3.12/site-packages/airflow/example_dags/example_latest_only_with_trigger.py
[2025-07-22T17:50:09.861+0000] {processor.py:830} INFO - Processing file /home/airflow/.local/lib/python3.12/site-packages/airflow/example_dags/example_latest_only_with_trigger.py for tasks to queue
[2025-07-22T17:50:09.862+0000] {logging_mixin.py:188} INFO - [2025-07-22T17:50:09.862+0000] {dagbag.py:540} INFO - Filling up the DagBag from /home/airflow/.local/lib/python3.12/site-packages/airflow/example_dags/example_latest_only_with_trigger.py
[2025-07-22T17:50:09.865+0000] {processor.py:840} INFO - DAG(s) 'latest_only_with_trigger' retrieved from /home/airflow/.local/lib/python3.12/site-packages/airflow/example_dags/example_latest_only_with_trigger.py
[2025-07-22T17:50:09.883+0000] {logging_mixin.py:188} INFO - [2025-07-22T17:50:09.883+0000] {dag.py:3096} INFO - Sync 1 DAGs
[2025-07-22T17:50:09.892+0000] {logging_mixin.py:188} INFO - [2025-07-22T17:50:09.892+0000] {dag.py:3954} INFO - Setting next_dagrun for latest_only_with_trigger to 2025-07-22 12:00:00+00:00, run_after=2025-07-22 16:00:00+00:00
[2025-07-22T17:50:09.899+0000] {processor.py:183} INFO - Processing /home/airflow/.local/lib/python3.12/site-packages/airflow/example_dags/example_latest_only_with_trigger.py took 0.041 seconds
[2025-07-22T17:50:41.238+0000] {processor.py:161} INFO - Started process (PID=1098) to work on /home/airflow/.local/lib/python3.12/site-packages/airflow/example_dags/example_latest_only_with_trigger.py
[2025-07-22T17:50:41.241+0000] {processor.py:830} INFO - Processing file /home/airflow/.local/lib/python3.12/site-packages/airflow/example_dags/example_latest_only_with_trigger.py for tasks to queue
[2025-07-22T17:50:41.243+0000] {logging_mixin.py:188} INFO - [2025-07-22T17:50:41.243+0000] {dagbag.py:540} INFO - Filling up the DagBag from /home/airflow/.local/lib/python3.12/site-packages/airflow/example_dags/example_latest_only_with_trigger.py
[2025-07-22T17:50:41.245+0000] {processor.py:840} INFO - DAG(s) 'latest_only_with_trigger' retrieved from /home/airflow/.local/lib/python3.12/site-packages/airflow/example_dags/example_latest_only_with_trigger.py
[2025-07-22T17:50:41.260+0000] {logging_mixin.py:188} INFO - [2025-07-22T17:50:41.260+0000] {dag.py:3096} INFO - Sync 1 DAGs
[2025-07-22T17:50:41.268+0000] {logging_mixin.py:188} INFO - [2025-07-22T17:50:41.267+0000] {dag.py:3954} INFO - Setting next_dagrun for latest_only_with_trigger to 2025-07-22 12:00:00+00:00, run_after=2025-07-22 16:00:00+00:00
[2025-07-22T17:50:41.276+0000] {processor.py:183} INFO - Processing /home/airflow/.local/lib/python3.12/site-packages/airflow/example_dags/example_latest_only_with_trigger.py took 0.040 seconds
[2025-07-22T17:51:12.028+0000] {processor.py:161} INFO - Started process (PID=1158) to work on /home/airflow/.local/lib/python3.12/site-packages/airflow/example_dags/example_latest_only_with_trigger.py
[2025-07-22T17:51:12.028+0000] {processor.py:830} INFO - Processing file /home/airflow/.local/lib/python3.12/site-packages/airflow/example_dags/example_latest_only_with_trigger.py for tasks to queue
[2025-07-22T17:51:12.030+0000] {logging_mixin.py:188} INFO - [2025-07-22T17:51:12.029+0000] {dagbag.py:540} INFO - Filling up the DagBag from /home/airflow/.local/lib/python3.12/site-packages/airflow/example_dags/example_latest_only_with_trigger.py
[2025-07-22T17:51:12.033+0000] {processor.py:840} INFO - DAG(s) 'latest_only_with_trigger' retrieved from /home/airflow/.local/lib/python3.12/site-packages/airflow/example_dags/example_latest_only_with_trigger.py
[2025-07-22T17:51:12.120+0000] {logging_mixin.py:188} INFO - [2025-07-22T17:51:12.120+0000] {dag.py:3096} INFO - Sync 1 DAGs
[2025-07-22T17:51:12.129+0000] {logging_mixin.py:188} INFO - [2025-07-22T17:51:12.129+0000] {dag.py:3954} INFO - Setting next_dagrun for latest_only_with_trigger to 2025-07-22 12:00:00+00:00, run_after=2025-07-22 16:00:00+00:00
[2025-07-22T17:51:12.138+0000] {processor.py:183} INFO - Processing /home/airflow/.local/lib/python3.12/site-packages/airflow/example_dags/example_latest_only_with_trigger.py took 0.112 seconds
[2025-07-22T17:51:42.274+0000] {processor.py:161} INFO - Started process (PID=1218) to work on /home/airflow/.local/lib/python3.12/site-packages/airflow/example_dags/example_latest_only_with_trigger.py
[2025-07-22T17:51:42.274+0000] {processor.py:830} INFO - Processing file /home/airflow/.local/lib/python3.12/site-packages/airflow/example_dags/example_latest_only_with_trigger.py for tasks to queue
[2025-07-22T17:51:42.275+0000] {logging_mixin.py:188} INFO - [2025-07-22T17:51:42.275+0000] {dagbag.py:540} INFO - Filling up the DagBag from /home/airflow/.local/lib/python3.12/site-packages/airflow/example_dags/example_latest_only_with_trigger.py
[2025-07-22T17:51:42.277+0000] {processor.py:840} INFO - DAG(s) 'latest_only_with_trigger' retrieved from /home/airflow/.local/lib/python3.12/site-packages/airflow/example_dags/example_latest_only_with_trigger.py
[2025-07-22T17:51:42.287+0000] {logging_mixin.py:188} INFO - [2025-07-22T17:51:42.287+0000] {dag.py:3096} INFO - Sync 1 DAGs
[2025-07-22T17:51:42.295+0000] {logging_mixin.py:188} INFO - [2025-07-22T17:51:42.295+0000] {dag.py:3954} INFO - Setting next_dagrun for latest_only_with_trigger to 2025-07-22 12:00:00+00:00, run_after=2025-07-22 16:00:00+00:00
[2025-07-22T17:51:42.302+0000] {processor.py:183} INFO - Processing /home/airflow/.local/lib/python3.12/site-packages/airflow/example_dags/example_latest_only_with_trigger.py took 0.031 seconds
[2025-07-22T17:52:13.447+0000] {processor.py:161} INFO - Started process (PID=1278) to work on /home/airflow/.local/lib/python3.12/site-packages/airflow/example_dags/example_latest_only_with_trigger.py
[2025-07-22T17:52:13.448+0000] {processor.py:830} INFO - Processing file /home/airflow/.local/lib/python3.12/site-packages/airflow/example_dags/example_latest_only_with_trigger.py for tasks to queue
[2025-07-22T17:52:13.450+0000] {logging_mixin.py:188} INFO - [2025-07-22T17:52:13.449+0000] {dagbag.py:540} INFO - Filling up the DagBag from /home/airflow/.local/lib/python3.12/site-packages/airflow/example_dags/example_latest_only_with_trigger.py
[2025-07-22T17:52:13.453+0000] {processor.py:840} INFO - DAG(s) 'latest_only_with_trigger' retrieved from /home/airflow/.local/lib/python3.12/site-packages/airflow/example_dags/example_latest_only_with_trigger.py
[2025-07-22T17:52:13.464+0000] {logging_mixin.py:188} INFO - [2025-07-22T17:52:13.464+0000] {dag.py:3096} INFO - Sync 1 DAGs
[2025-07-22T17:52:13.474+0000] {logging_mixin.py:188} INFO - [2025-07-22T17:52:13.473+0000] {dag.py:3954} INFO - Setting next_dagrun for latest_only_with_trigger to 2025-07-22 12:00:00+00:00, run_after=2025-07-22 16:00:00+00:00
[2025-07-22T17:52:13.483+0000] {processor.py:183} INFO - Processing /home/airflow/.local/lib/python3.12/site-packages/airflow/example_dags/example_latest_only_with_trigger.py took 0.040 seconds
[2025-07-22T17:52:44.564+0000] {processor.py:161} INFO - Started process (PID=1338) to work on /home/airflow/.local/lib/python3.12/site-packages/airflow/example_dags/example_latest_only_with_trigger.py
[2025-07-22T17:52:44.564+0000] {processor.py:830} INFO - Processing file /home/airflow/.local/lib/python3.12/site-packages/airflow/example_dags/example_latest_only_with_trigger.py for tasks to queue
[2025-07-22T17:52:44.565+0000] {logging_mixin.py:188} INFO - [2025-07-22T17:52:44.565+0000] {dagbag.py:540} INFO - Filling up the DagBag from /home/airflow/.local/lib/python3.12/site-packages/airflow/example_dags/example_latest_only_with_trigger.py
[2025-07-22T17:52:44.567+0000] {processor.py:840} INFO - DAG(s) 'latest_only_with_trigger' retrieved from /home/airflow/.local/lib/python3.12/site-packages/airflow/example_dags/example_latest_only_with_trigger.py
[2025-07-22T17:52:44.577+0000] {logging_mixin.py:188} INFO - [2025-07-22T17:52:44.577+0000] {dag.py:3096} INFO - Sync 1 DAGs
[2025-07-22T17:52:44.588+0000] {logging_mixin.py:188} INFO - [2025-07-22T17:52:44.588+0000] {dag.py:3954} INFO - Setting next_dagrun for latest_only_with_trigger to 2025-07-22 12:00:00+00:00, run_after=2025-07-22 16:00:00+00:00
[2025-07-22T17:52:44.599+0000] {processor.py:183} INFO - Processing /home/airflow/.local/lib/python3.12/site-packages/airflow/example_dags/example_latest_only_with_trigger.py took 0.038 seconds
[2025-07-22T17:53:15.619+0000] {processor.py:161} INFO - Started process (PID=1398) to work on /home/airflow/.local/lib/python3.12/site-packages/airflow/example_dags/example_latest_only_with_trigger.py
[2025-07-22T17:53:15.620+0000] {processor.py:830} INFO - Processing file /home/airflow/.local/lib/python3.12/site-packages/airflow/example_dags/example_latest_only_with_trigger.py for tasks to queue
[2025-07-22T17:53:15.621+0000] {logging_mixin.py:188} INFO - [2025-07-22T17:53:15.621+0000] {dagbag.py:540} INFO - Filling up the DagBag from /home/airflow/.local/lib/python3.12/site-packages/airflow/example_dags/example_latest_only_with_trigger.py
[2025-07-22T17:53:15.623+0000] {processor.py:840} INFO - DAG(s) 'latest_only_with_trigger' retrieved from /home/airflow/.local/lib/python3.12/site-packages/airflow/example_dags/example_latest_only_with_trigger.py
[2025-07-22T17:53:15.631+0000] {logging_mixin.py:188} INFO - [2025-07-22T17:53:15.631+0000] {dag.py:3096} INFO - Sync 1 DAGs
[2025-07-22T17:53:15.641+0000] {logging_mixin.py:188} INFO - [2025-07-22T17:53:15.640+0000] {dag.py:3954} INFO - Setting next_dagrun for latest_only_with_trigger to 2025-07-22 12:00:00+00:00, run_after=2025-07-22 16:00:00+00:00
[2025-07-22T17:53:15.647+0000] {processor.py:183} INFO - Processing /home/airflow/.local/lib/python3.12/site-packages/airflow/example_dags/example_latest_only_with_trigger.py took 0.030 seconds
[2025-07-22T17:53:46.576+0000] {processor.py:161} INFO - Started process (PID=1458) to work on /home/airflow/.local/lib/python3.12/site-packages/airflow/example_dags/example_latest_only_with_trigger.py
[2025-07-22T17:53:46.577+0000] {processor.py:830} INFO - Processing file /home/airflow/.local/lib/python3.12/site-packages/airflow/example_dags/example_latest_only_with_trigger.py for tasks to queue
[2025-07-22T17:53:46.578+0000] {logging_mixin.py:188} INFO - [2025-07-22T17:53:46.578+0000] {dagbag.py:540} INFO - Filling up the DagBag from /home/airflow/.local/lib/python3.12/site-packages/airflow/example_dags/example_latest_only_with_trigger.py
[2025-07-22T17:53:46.581+0000] {processor.py:840} INFO - DAG(s) 'latest_only_with_trigger' retrieved from /home/airflow/.local/lib/python3.12/site-packages/airflow/example_dags/example_latest_only_with_trigger.py
[2025-07-22T17:53:46.590+0000] {logging_mixin.py:188} INFO - [2025-07-22T17:53:46.590+0000] {dag.py:3096} INFO - Sync 1 DAGs
[2025-07-22T17:53:46.601+0000] {logging_mixin.py:188} INFO - [2025-07-22T17:53:46.601+0000] {dag.py:3954} INFO - Setting next_dagrun for latest_only_with_trigger to 2025-07-22 12:00:00+00:00, run_after=2025-07-22 16:00:00+00:00
[2025-07-22T17:53:46.610+0000] {processor.py:183} INFO - Processing /home/airflow/.local/lib/python3.12/site-packages/airflow/example_dags/example_latest_only_with_trigger.py took 0.037 seconds
[2025-07-22T17:54:16.983+0000] {processor.py:161} INFO - Started process (PID=1518) to work on /home/airflow/.local/lib/python3.12/site-packages/airflow/example_dags/example_latest_only_with_trigger.py
[2025-07-22T17:54:16.983+0000] {processor.py:830} INFO - Processing file /home/airflow/.local/lib/python3.12/site-packages/airflow/example_dags/example_latest_only_with_trigger.py for tasks to queue
[2025-07-22T17:54:16.986+0000] {logging_mixin.py:188} INFO - [2025-07-22T17:54:16.986+0000] {dagbag.py:540} INFO - Filling up the DagBag from /home/airflow/.local/lib/python3.12/site-packages/airflow/example_dags/example_latest_only_with_trigger.py
[2025-07-22T17:54:16.988+0000] {processor.py:840} INFO - DAG(s) 'latest_only_with_trigger' retrieved from /home/airflow/.local/lib/python3.12/site-packages/airflow/example_dags/example_latest_only_with_trigger.py
[2025-07-22T17:54:16.996+0000] {logging_mixin.py:188} INFO - [2025-07-22T17:54:16.995+0000] {dag.py:3096} INFO - Sync 1 DAGs
[2025-07-22T17:54:17.004+0000] {logging_mixin.py:188} INFO - [2025-07-22T17:54:17.004+0000] {dag.py:3954} INFO - Setting next_dagrun for latest_only_with_trigger to 2025-07-22 12:00:00+00:00, run_after=2025-07-22 16:00:00+00:00
[2025-07-22T17:54:17.013+0000] {processor.py:183} INFO - Processing /home/airflow/.local/lib/python3.12/site-packages/airflow/example_dags/example_latest_only_with_trigger.py took 0.033 seconds
[2025-07-22T17:54:47.747+0000] {processor.py:161} INFO - Started process (PID=1578) to work on /home/airflow/.local/lib/python3.12/site-packages/airflow/example_dags/example_latest_only_with_trigger.py
[2025-07-22T17:54:47.748+0000] {processor.py:830} INFO - Processing file /home/airflow/.local/lib/python3.12/site-packages/airflow/example_dags/example_latest_only_with_trigger.py for tasks to queue
[2025-07-22T17:54:47.749+0000] {logging_mixin.py:188} INFO - [2025-07-22T17:54:47.749+0000] {dagbag.py:540} INFO - Filling up the DagBag from /home/airflow/.local/lib/python3.12/site-packages/airflow/example_dags/example_latest_only_with_trigger.py
[2025-07-22T17:54:47.752+0000] {processor.py:840} INFO - DAG(s) 'latest_only_with_trigger' retrieved from /home/airflow/.local/lib/python3.12/site-packages/airflow/example_dags/example_latest_only_with_trigger.py
[2025-07-22T17:54:47.760+0000] {logging_mixin.py:188} INFO - [2025-07-22T17:54:47.760+0000] {dag.py:3096} INFO - Sync 1 DAGs
[2025-07-22T17:54:47.767+0000] {logging_mixin.py:188} INFO - [2025-07-22T17:54:47.767+0000] {dag.py:3954} INFO - Setting next_dagrun for latest_only_with_trigger to 2025-07-22 12:00:00+00:00, run_after=2025-07-22 16:00:00+00:00
[2025-07-22T17:54:47.776+0000] {processor.py:183} INFO - Processing /home/airflow/.local/lib/python3.12/site-packages/airflow/example_dags/example_latest_only_with_trigger.py took 0.031 seconds
