[2025-07-22T17:47:04.386+0000] {processor.py:161} INFO - Started process (PID=663) to work on /home/airflow/.local/lib/python3.12/site-packages/airflow/example_dags/example_branch_labels.py
[2025-07-22T17:47:04.386+0000] {processor.py:830} INFO - Processing file /home/airflow/.local/lib/python3.12/site-packages/airflow/example_dags/example_branch_labels.py for tasks to queue
[2025-07-22T17:47:04.387+0000] {logging_mixin.py:188} INFO - [2025-07-22T17:47:04.387+0000] {dagbag.py:540} INFO - Filling up the DagBag from /home/airflow/.local/lib/python3.12/site-packages/airflow/example_dags/example_branch_labels.py
[2025-07-22T17:47:04.389+0000] {processor.py:840} INFO - DAG(s) 'example_branch_labels' retrieved from /home/airflow/.local/lib/python3.12/site-packages/airflow/example_dags/example_branch_labels.py
[2025-07-22T17:47:04.407+0000] {logging_mixin.py:188} INFO - [2025-07-22T17:47:04.407+0000] {dag.py:3096} INFO - Sync 1 DAGs
[2025-07-22T17:47:04.415+0000] {logging_mixin.py:188} INFO - [2025-07-22T17:47:04.415+0000] {dag.py:3954} INFO - Setting next_dagrun for example_branch_labels to 2025-07-21 00:00:00+00:00, run_after=2025-07-22 00:00:00+00:00
[2025-07-22T17:47:04.421+0000] {processor.py:183} INFO - Processing /home/airflow/.local/lib/python3.12/site-packages/airflow/example_dags/example_branch_labels.py took 0.036 seconds
[2025-07-22T17:47:35.083+0000] {processor.py:161} INFO - Started process (PID=723) to work on /home/airflow/.local/lib/python3.12/site-packages/airflow/example_dags/example_branch_labels.py
[2025-07-22T17:47:35.084+0000] {processor.py:830} INFO - Processing file /home/airflow/.local/lib/python3.12/site-packages/airflow/example_dags/example_branch_labels.py for tasks to queue
[2025-07-22T17:47:35.084+0000] {logging_mixin.py:188} INFO - [2025-07-22T17:47:35.084+0000] {dagbag.py:540} INFO - Filling up the DagBag from /home/airflow/.local/lib/python3.12/site-packages/airflow/example_dags/example_branch_labels.py
[2025-07-22T17:47:35.087+0000] {processor.py:840} INFO - DAG(s) 'example_branch_labels' retrieved from /home/airflow/.local/lib/python3.12/site-packages/airflow/example_dags/example_branch_labels.py
[2025-07-22T17:47:35.094+0000] {logging_mixin.py:188} INFO - [2025-07-22T17:47:35.094+0000] {dag.py:3096} INFO - Sync 1 DAGs
[2025-07-22T17:47:35.103+0000] {logging_mixin.py:188} INFO - [2025-07-22T17:47:35.103+0000] {dag.py:3954} INFO - Setting next_dagrun for example_branch_labels to 2025-07-21 00:00:00+00:00, run_after=2025-07-22 00:00:00+00:00
[2025-07-22T17:47:35.112+0000] {processor.py:183} INFO - Processing /home/airflow/.local/lib/python3.12/site-packages/airflow/example_dags/example_branch_labels.py took 0.031 seconds
[2025-07-22T17:48:06.010+0000] {processor.py:161} INFO - Started process (PID=783) to work on /home/airflow/.local/lib/python3.12/site-packages/airflow/example_dags/example_branch_labels.py
[2025-07-22T17:48:06.011+0000] {processor.py:830} INFO - Processing file /home/airflow/.local/lib/python3.12/site-packages/airflow/example_dags/example_branch_labels.py for tasks to queue
[2025-07-22T17:48:06.011+0000] {logging_mixin.py:188} INFO - [2025-07-22T17:48:06.011+0000] {dagbag.py:540} INFO - Filling up the DagBag from /home/airflow/.local/lib/python3.12/site-packages/airflow/example_dags/example_branch_labels.py
[2025-07-22T17:48:06.014+0000] {processor.py:840} INFO - DAG(s) 'example_branch_labels' retrieved from /home/airflow/.local/lib/python3.12/site-packages/airflow/example_dags/example_branch_labels.py
[2025-07-22T17:48:06.022+0000] {logging_mixin.py:188} INFO - [2025-07-22T17:48:06.022+0000] {dag.py:3096} INFO - Sync 1 DAGs
[2025-07-22T17:48:06.033+0000] {logging_mixin.py:188} INFO - [2025-07-22T17:48:06.033+0000] {dag.py:3954} INFO - Setting next_dagrun for example_branch_labels to 2025-07-21 00:00:00+00:00, run_after=2025-07-22 00:00:00+00:00
[2025-07-22T17:48:06.039+0000] {processor.py:183} INFO - Processing /home/airflow/.local/lib/python3.12/site-packages/airflow/example_dags/example_branch_labels.py took 0.031 seconds
[2025-07-22T17:48:36.866+0000] {processor.py:161} INFO - Started process (PID=843) to work on /home/airflow/.local/lib/python3.12/site-packages/airflow/example_dags/example_branch_labels.py
[2025-07-22T17:48:36.867+0000] {processor.py:830} INFO - Processing file /home/airflow/.local/lib/python3.12/site-packages/airflow/example_dags/example_branch_labels.py for tasks to queue
[2025-07-22T17:48:36.869+0000] {logging_mixin.py:188} INFO - [2025-07-22T17:48:36.869+0000] {dagbag.py:540} INFO - Filling up the DagBag from /home/airflow/.local/lib/python3.12/site-packages/airflow/example_dags/example_branch_labels.py
[2025-07-22T17:48:36.873+0000] {processor.py:840} INFO - DAG(s) 'example_branch_labels' retrieved from /home/airflow/.local/lib/python3.12/site-packages/airflow/example_dags/example_branch_labels.py
[2025-07-22T17:48:36.884+0000] {logging_mixin.py:188} INFO - [2025-07-22T17:48:36.884+0000] {dag.py:3096} INFO - Sync 1 DAGs
[2025-07-22T17:48:36.891+0000] {logging_mixin.py:188} INFO - [2025-07-22T17:48:36.891+0000] {dag.py:3954} INFO - Setting next_dagrun for example_branch_labels to 2025-07-21 00:00:00+00:00, run_after=2025-07-22 00:00:00+00:00
[2025-07-22T17:48:36.899+0000] {processor.py:183} INFO - Processing /home/airflow/.local/lib/python3.12/site-packages/airflow/example_dags/example_branch_labels.py took 0.036 seconds
[2025-07-22T17:49:07.039+0000] {processor.py:161} INFO - Started process (PID=902) to work on /home/airflow/.local/lib/python3.12/site-packages/airflow/example_dags/example_branch_labels.py
[2025-07-22T17:49:07.039+0000] {processor.py:830} INFO - Processing file /home/airflow/.local/lib/python3.12/site-packages/airflow/example_dags/example_branch_labels.py for tasks to queue
[2025-07-22T17:49:07.040+0000] {logging_mixin.py:188} INFO - [2025-07-22T17:49:07.040+0000] {dagbag.py:540} INFO - Filling up the DagBag from /home/airflow/.local/lib/python3.12/site-packages/airflow/example_dags/example_branch_labels.py
[2025-07-22T17:49:07.043+0000] {processor.py:840} INFO - DAG(s) 'example_branch_labels' retrieved from /home/airflow/.local/lib/python3.12/site-packages/airflow/example_dags/example_branch_labels.py
[2025-07-22T17:49:07.052+0000] {logging_mixin.py:188} INFO - [2025-07-22T17:49:07.052+0000] {dag.py:3096} INFO - Sync 1 DAGs
[2025-07-22T17:49:07.059+0000] {logging_mixin.py:188} INFO - [2025-07-22T17:49:07.059+0000] {dag.py:3954} INFO - Setting next_dagrun for example_branch_labels to 2025-07-21 00:00:00+00:00, run_after=2025-07-22 00:00:00+00:00
[2025-07-22T17:49:07.065+0000] {processor.py:183} INFO - Processing /home/airflow/.local/lib/python3.12/site-packages/airflow/example_dags/example_branch_labels.py took 0.029 seconds
[2025-07-22T17:49:38.131+0000] {processor.py:161} INFO - Started process (PID=962) to work on /home/airflow/.local/lib/python3.12/site-packages/airflow/example_dags/example_branch_labels.py
[2025-07-22T17:49:38.131+0000] {processor.py:830} INFO - Processing file /home/airflow/.local/lib/python3.12/site-packages/airflow/example_dags/example_branch_labels.py for tasks to queue
[2025-07-22T17:49:38.132+0000] {logging_mixin.py:188} INFO - [2025-07-22T17:49:38.132+0000] {dagbag.py:540} INFO - Filling up the DagBag from /home/airflow/.local/lib/python3.12/site-packages/airflow/example_dags/example_branch_labels.py
[2025-07-22T17:49:38.136+0000] {processor.py:840} INFO - DAG(s) 'example_branch_labels' retrieved from /home/airflow/.local/lib/python3.12/site-packages/airflow/example_dags/example_branch_labels.py
[2025-07-22T17:49:38.145+0000] {logging_mixin.py:188} INFO - [2025-07-22T17:49:38.145+0000] {dag.py:3096} INFO - Sync 1 DAGs
[2025-07-22T17:49:38.153+0000] {logging_mixin.py:188} INFO - [2025-07-22T17:49:38.153+0000] {dag.py:3954} INFO - Setting next_dagrun for example_branch_labels to 2025-07-21 00:00:00+00:00, run_after=2025-07-22 00:00:00+00:00
[2025-07-22T17:49:38.159+0000] {processor.py:183} INFO - Processing /home/airflow/.local/lib/python3.12/site-packages/airflow/example_dags/example_branch_labels.py took 0.038 seconds
[2025-07-22T17:50:08.203+0000] {processor.py:161} INFO - Started process (PID=1020) to work on /home/airflow/.local/lib/python3.12/site-packages/airflow/example_dags/example_branch_labels.py
[2025-07-22T17:50:08.204+0000] {processor.py:830} INFO - Processing file /home/airflow/.local/lib/python3.12/site-packages/airflow/example_dags/example_branch_labels.py for tasks to queue
[2025-07-22T17:50:08.204+0000] {logging_mixin.py:188} INFO - [2025-07-22T17:50:08.204+0000] {dagbag.py:540} INFO - Filling up the DagBag from /home/airflow/.local/lib/python3.12/site-packages/airflow/example_dags/example_branch_labels.py
[2025-07-22T17:50:08.207+0000] {processor.py:840} INFO - DAG(s) 'example_branch_labels' retrieved from /home/airflow/.local/lib/python3.12/site-packages/airflow/example_dags/example_branch_labels.py
[2025-07-22T17:50:08.215+0000] {logging_mixin.py:188} INFO - [2025-07-22T17:50:08.215+0000] {dag.py:3096} INFO - Sync 1 DAGs
[2025-07-22T17:50:08.222+0000] {logging_mixin.py:188} INFO - [2025-07-22T17:50:08.222+0000] {dag.py:3954} INFO - Setting next_dagrun for example_branch_labels to 2025-07-21 00:00:00+00:00, run_after=2025-07-22 00:00:00+00:00
[2025-07-22T17:50:08.227+0000] {processor.py:183} INFO - Processing /home/airflow/.local/lib/python3.12/site-packages/airflow/example_dags/example_branch_labels.py took 0.026 seconds
[2025-07-22T17:50:39.023+0000] {processor.py:161} INFO - Started process (PID=1080) to work on /home/airflow/.local/lib/python3.12/site-packages/airflow/example_dags/example_branch_labels.py
[2025-07-22T17:50:39.024+0000] {processor.py:830} INFO - Processing file /home/airflow/.local/lib/python3.12/site-packages/airflow/example_dags/example_branch_labels.py for tasks to queue
[2025-07-22T17:50:39.025+0000] {logging_mixin.py:188} INFO - [2025-07-22T17:50:39.025+0000] {dagbag.py:540} INFO - Filling up the DagBag from /home/airflow/.local/lib/python3.12/site-packages/airflow/example_dags/example_branch_labels.py
[2025-07-22T17:50:39.029+0000] {processor.py:840} INFO - DAG(s) 'example_branch_labels' retrieved from /home/airflow/.local/lib/python3.12/site-packages/airflow/example_dags/example_branch_labels.py
[2025-07-22T17:50:39.041+0000] {logging_mixin.py:188} INFO - [2025-07-22T17:50:39.040+0000] {dag.py:3096} INFO - Sync 1 DAGs
[2025-07-22T17:50:39.132+0000] {logging_mixin.py:188} INFO - [2025-07-22T17:50:39.132+0000] {dag.py:3954} INFO - Setting next_dagrun for example_branch_labels to 2025-07-21 00:00:00+00:00, run_after=2025-07-22 00:00:00+00:00
[2025-07-22T17:50:39.142+0000] {processor.py:183} INFO - Processing /home/airflow/.local/lib/python3.12/site-packages/airflow/example_dags/example_branch_labels.py took 0.122 seconds
[2025-07-22T17:51:09.624+0000] {processor.py:161} INFO - Started process (PID=1140) to work on /home/airflow/.local/lib/python3.12/site-packages/airflow/example_dags/example_branch_labels.py
[2025-07-22T17:51:09.624+0000] {processor.py:830} INFO - Processing file /home/airflow/.local/lib/python3.12/site-packages/airflow/example_dags/example_branch_labels.py for tasks to queue
[2025-07-22T17:51:09.625+0000] {logging_mixin.py:188} INFO - [2025-07-22T17:51:09.625+0000] {dagbag.py:540} INFO - Filling up the DagBag from /home/airflow/.local/lib/python3.12/site-packages/airflow/example_dags/example_branch_labels.py
[2025-07-22T17:51:09.629+0000] {processor.py:840} INFO - DAG(s) 'example_branch_labels' retrieved from /home/airflow/.local/lib/python3.12/site-packages/airflow/example_dags/example_branch_labels.py
[2025-07-22T17:51:09.639+0000] {logging_mixin.py:188} INFO - [2025-07-22T17:51:09.639+0000] {dag.py:3096} INFO - Sync 1 DAGs
[2025-07-22T17:51:09.730+0000] {logging_mixin.py:188} INFO - [2025-07-22T17:51:09.730+0000] {dag.py:3954} INFO - Setting next_dagrun for example_branch_labels to 2025-07-21 00:00:00+00:00, run_after=2025-07-22 00:00:00+00:00
[2025-07-22T17:51:09.736+0000] {processor.py:183} INFO - Processing /home/airflow/.local/lib/python3.12/site-packages/airflow/example_dags/example_branch_labels.py took 0.115 seconds
[2025-07-22T17:51:40.665+0000] {processor.py:161} INFO - Started process (PID=1200) to work on /home/airflow/.local/lib/python3.12/site-packages/airflow/example_dags/example_branch_labels.py
[2025-07-22T17:51:40.672+0000] {processor.py:830} INFO - Processing file /home/airflow/.local/lib/python3.12/site-packages/airflow/example_dags/example_branch_labels.py for tasks to queue
[2025-07-22T17:51:40.683+0000] {logging_mixin.py:188} INFO - [2025-07-22T17:51:40.681+0000] {dagbag.py:540} INFO - Filling up the DagBag from /home/airflow/.local/lib/python3.12/site-packages/airflow/example_dags/example_branch_labels.py
[2025-07-22T17:51:40.691+0000] {processor.py:840} INFO - DAG(s) 'example_branch_labels' retrieved from /home/airflow/.local/lib/python3.12/site-packages/airflow/example_dags/example_branch_labels.py
[2025-07-22T17:51:40.713+0000] {logging_mixin.py:188} INFO - [2025-07-22T17:51:40.713+0000] {dag.py:3096} INFO - Sync 1 DAGs
[2025-07-22T17:51:40.726+0000] {logging_mixin.py:188} INFO - [2025-07-22T17:51:40.726+0000] {dag.py:3954} INFO - Setting next_dagrun for example_branch_labels to 2025-07-21 00:00:00+00:00, run_after=2025-07-22 00:00:00+00:00
[2025-07-22T17:51:40.740+0000] {processor.py:183} INFO - Processing /home/airflow/.local/lib/python3.12/site-packages/airflow/example_dags/example_branch_labels.py took 0.082 seconds
[2025-07-22T17:52:10.781+0000] {processor.py:161} INFO - Started process (PID=1260) to work on /home/airflow/.local/lib/python3.12/site-packages/airflow/example_dags/example_branch_labels.py
[2025-07-22T17:52:10.781+0000] {processor.py:830} INFO - Processing file /home/airflow/.local/lib/python3.12/site-packages/airflow/example_dags/example_branch_labels.py for tasks to queue
[2025-07-22T17:52:10.782+0000] {logging_mixin.py:188} INFO - [2025-07-22T17:52:10.782+0000] {dagbag.py:540} INFO - Filling up the DagBag from /home/airflow/.local/lib/python3.12/site-packages/airflow/example_dags/example_branch_labels.py
[2025-07-22T17:52:10.785+0000] {processor.py:840} INFO - DAG(s) 'example_branch_labels' retrieved from /home/airflow/.local/lib/python3.12/site-packages/airflow/example_dags/example_branch_labels.py
[2025-07-22T17:52:10.792+0000] {logging_mixin.py:188} INFO - [2025-07-22T17:52:10.792+0000] {dag.py:3096} INFO - Sync 1 DAGs
[2025-07-22T17:52:10.800+0000] {logging_mixin.py:188} INFO - [2025-07-22T17:52:10.800+0000] {dag.py:3954} INFO - Setting next_dagrun for example_branch_labels to 2025-07-21 00:00:00+00:00, run_after=2025-07-22 00:00:00+00:00
[2025-07-22T17:52:10.805+0000] {processor.py:183} INFO - Processing /home/airflow/.local/lib/python3.12/site-packages/airflow/example_dags/example_branch_labels.py took 0.027 seconds
[2025-07-22T17:52:41.741+0000] {processor.py:161} INFO - Started process (PID=1320) to work on /home/airflow/.local/lib/python3.12/site-packages/airflow/example_dags/example_branch_labels.py
[2025-07-22T17:52:41.744+0000] {processor.py:830} INFO - Processing file /home/airflow/.local/lib/python3.12/site-packages/airflow/example_dags/example_branch_labels.py for tasks to queue
[2025-07-22T17:52:41.745+0000] {logging_mixin.py:188} INFO - [2025-07-22T17:52:41.745+0000] {dagbag.py:540} INFO - Filling up the DagBag from /home/airflow/.local/lib/python3.12/site-packages/airflow/example_dags/example_branch_labels.py
[2025-07-22T17:52:41.750+0000] {processor.py:840} INFO - DAG(s) 'example_branch_labels' retrieved from /home/airflow/.local/lib/python3.12/site-packages/airflow/example_dags/example_branch_labels.py
[2025-07-22T17:52:41.759+0000] {logging_mixin.py:188} INFO - [2025-07-22T17:52:41.759+0000] {dag.py:3096} INFO - Sync 1 DAGs
[2025-07-22T17:52:41.768+0000] {logging_mixin.py:188} INFO - [2025-07-22T17:52:41.768+0000] {dag.py:3954} INFO - Setting next_dagrun for example_branch_labels to 2025-07-21 00:00:00+00:00, run_after=2025-07-22 00:00:00+00:00
[2025-07-22T17:52:41.774+0000] {processor.py:183} INFO - Processing /home/airflow/.local/lib/python3.12/site-packages/airflow/example_dags/example_branch_labels.py took 0.035 seconds
[2025-07-22T17:53:11.942+0000] {processor.py:161} INFO - Started process (PID=1380) to work on /home/airflow/.local/lib/python3.12/site-packages/airflow/example_dags/example_branch_labels.py
[2025-07-22T17:53:11.946+0000] {processor.py:830} INFO - Processing file /home/airflow/.local/lib/python3.12/site-packages/airflow/example_dags/example_branch_labels.py for tasks to queue
[2025-07-22T17:53:11.946+0000] {logging_mixin.py:188} INFO - [2025-07-22T17:53:11.946+0000] {dagbag.py:540} INFO - Filling up the DagBag from /home/airflow/.local/lib/python3.12/site-packages/airflow/example_dags/example_branch_labels.py
[2025-07-22T17:53:11.950+0000] {processor.py:840} INFO - DAG(s) 'example_branch_labels' retrieved from /home/airflow/.local/lib/python3.12/site-packages/airflow/example_dags/example_branch_labels.py
[2025-07-22T17:53:11.958+0000] {logging_mixin.py:188} INFO - [2025-07-22T17:53:11.958+0000] {dag.py:3096} INFO - Sync 1 DAGs
[2025-07-22T17:53:11.966+0000] {logging_mixin.py:188} INFO - [2025-07-22T17:53:11.966+0000] {dag.py:3954} INFO - Setting next_dagrun for example_branch_labels to 2025-07-21 00:00:00+00:00, run_after=2025-07-22 00:00:00+00:00
[2025-07-22T17:53:11.972+0000] {processor.py:183} INFO - Processing /home/airflow/.local/lib/python3.12/site-packages/airflow/example_dags/example_branch_labels.py took 0.031 seconds
[2025-07-22T17:53:42.036+0000] {processor.py:161} INFO - Started process (PID=1440) to work on /home/airflow/.local/lib/python3.12/site-packages/airflow/example_dags/example_branch_labels.py
[2025-07-22T17:53:42.037+0000] {processor.py:830} INFO - Processing file /home/airflow/.local/lib/python3.12/site-packages/airflow/example_dags/example_branch_labels.py for tasks to queue
[2025-07-22T17:53:42.038+0000] {logging_mixin.py:188} INFO - [2025-07-22T17:53:42.038+0000] {dagbag.py:540} INFO - Filling up the DagBag from /home/airflow/.local/lib/python3.12/site-packages/airflow/example_dags/example_branch_labels.py
[2025-07-22T17:53:42.041+0000] {processor.py:840} INFO - DAG(s) 'example_branch_labels' retrieved from /home/airflow/.local/lib/python3.12/site-packages/airflow/example_dags/example_branch_labels.py
[2025-07-22T17:53:42.050+0000] {logging_mixin.py:188} INFO - [2025-07-22T17:53:42.050+0000] {dag.py:3096} INFO - Sync 1 DAGs
[2025-07-22T17:53:42.058+0000] {logging_mixin.py:188} INFO - [2025-07-22T17:53:42.058+0000] {dag.py:3954} INFO - Setting next_dagrun for example_branch_labels to 2025-07-21 00:00:00+00:00, run_after=2025-07-22 00:00:00+00:00
[2025-07-22T17:53:42.065+0000] {processor.py:183} INFO - Processing /home/airflow/.local/lib/python3.12/site-packages/airflow/example_dags/example_branch_labels.py took 0.032 seconds
[2025-07-22T17:54:12.340+0000] {processor.py:161} INFO - Started process (PID=1500) to work on /home/airflow/.local/lib/python3.12/site-packages/airflow/example_dags/example_branch_labels.py
[2025-07-22T17:54:12.342+0000] {processor.py:830} INFO - Processing file /home/airflow/.local/lib/python3.12/site-packages/airflow/example_dags/example_branch_labels.py for tasks to queue
[2025-07-22T17:54:12.343+0000] {logging_mixin.py:188} INFO - [2025-07-22T17:54:12.343+0000] {dagbag.py:540} INFO - Filling up the DagBag from /home/airflow/.local/lib/python3.12/site-packages/airflow/example_dags/example_branch_labels.py
[2025-07-22T17:54:12.346+0000] {processor.py:840} INFO - DAG(s) 'example_branch_labels' retrieved from /home/airflow/.local/lib/python3.12/site-packages/airflow/example_dags/example_branch_labels.py
[2025-07-22T17:54:12.357+0000] {logging_mixin.py:188} INFO - [2025-07-22T17:54:12.357+0000] {dag.py:3096} INFO - Sync 1 DAGs
[2025-07-22T17:54:12.367+0000] {logging_mixin.py:188} INFO - [2025-07-22T17:54:12.367+0000] {dag.py:3954} INFO - Setting next_dagrun for example_branch_labels to 2025-07-21 00:00:00+00:00, run_after=2025-07-22 00:00:00+00:00
[2025-07-22T17:54:12.380+0000] {processor.py:183} INFO - Processing /home/airflow/.local/lib/python3.12/site-packages/airflow/example_dags/example_branch_labels.py took 0.043 seconds
[2025-07-22T17:54:43.192+0000] {processor.py:161} INFO - Started process (PID=1560) to work on /home/airflow/.local/lib/python3.12/site-packages/airflow/example_dags/example_branch_labels.py
[2025-07-22T17:54:43.194+0000] {processor.py:830} INFO - Processing file /home/airflow/.local/lib/python3.12/site-packages/airflow/example_dags/example_branch_labels.py for tasks to queue
[2025-07-22T17:54:43.197+0000] {logging_mixin.py:188} INFO - [2025-07-22T17:54:43.196+0000] {dagbag.py:540} INFO - Filling up the DagBag from /home/airflow/.local/lib/python3.12/site-packages/airflow/example_dags/example_branch_labels.py
[2025-07-22T17:54:43.200+0000] {processor.py:840} INFO - DAG(s) 'example_branch_labels' retrieved from /home/airflow/.local/lib/python3.12/site-packages/airflow/example_dags/example_branch_labels.py
[2025-07-22T17:54:43.210+0000] {logging_mixin.py:188} INFO - [2025-07-22T17:54:43.210+0000] {dag.py:3096} INFO - Sync 1 DAGs
[2025-07-22T17:54:43.218+0000] {logging_mixin.py:188} INFO - [2025-07-22T17:54:43.218+0000] {dag.py:3954} INFO - Setting next_dagrun for example_branch_labels to 2025-07-21 00:00:00+00:00, run_after=2025-07-22 00:00:00+00:00
[2025-07-22T17:54:43.225+0000] {processor.py:183} INFO - Processing /home/airflow/.local/lib/python3.12/site-packages/airflow/example_dags/example_branch_labels.py took 0.035 seconds
