[2025-07-22T17:47:05.898+0000] {processor.py:161} INFO - Started process (PID=682) to work on /home/airflow/.local/lib/python3.12/site-packages/airflow/example_dags/example_branch_operator.py
[2025-07-22T17:47:05.900+0000] {processor.py:830} INFO - Processing file /home/airflow/.local/lib/python3.12/site-packages/airflow/example_dags/example_branch_operator.py for tasks to queue
[2025-07-22T17:47:05.903+0000] {logging_mixin.py:188} INFO - [2025-07-22T17:47:05.902+0000] {dagbag.py:540} INFO - Filling up the DagBag from /home/airflow/.local/lib/python3.12/site-packages/airflow/example_dags/example_branch_operator.py
[2025-07-22T17:47:05.909+0000] {processor.py:840} INFO - DAG(s) 'example_branch_operator' retrieved from /home/airflow/.local/lib/python3.12/site-packages/airflow/example_dags/example_branch_operator.py
[2025-07-22T17:47:05.920+0000] {logging_mixin.py:188} INFO - [2025-07-22T17:47:05.920+0000] {dag.py:3096} INFO - Sync 1 DAGs
[2025-07-22T17:47:05.929+0000] {logging_mixin.py:188} INFO - [2025-07-22T17:47:05.929+0000] {dag.py:3954} INFO - Setting next_dagrun for example_branch_operator to 2025-07-21 00:00:00+00:00, run_after=2025-07-22 00:00:00+00:00
[2025-07-22T17:47:05.936+0000] {processor.py:183} INFO - Processing /home/airflow/.local/lib/python3.12/site-packages/airflow/example_dags/example_branch_operator.py took 0.040 seconds
[2025-07-22T17:47:36.633+0000] {processor.py:161} INFO - Started process (PID=742) to work on /home/airflow/.local/lib/python3.12/site-packages/airflow/example_dags/example_branch_operator.py
[2025-07-22T17:47:36.633+0000] {processor.py:830} INFO - Processing file /home/airflow/.local/lib/python3.12/site-packages/airflow/example_dags/example_branch_operator.py for tasks to queue
[2025-07-22T17:47:36.634+0000] {logging_mixin.py:188} INFO - [2025-07-22T17:47:36.634+0000] {dagbag.py:540} INFO - Filling up the DagBag from /home/airflow/.local/lib/python3.12/site-packages/airflow/example_dags/example_branch_operator.py
[2025-07-22T17:47:36.640+0000] {processor.py:840} INFO - DAG(s) 'example_branch_operator' retrieved from /home/airflow/.local/lib/python3.12/site-packages/airflow/example_dags/example_branch_operator.py
[2025-07-22T17:47:36.653+0000] {logging_mixin.py:188} INFO - [2025-07-22T17:47:36.652+0000] {dag.py:3096} INFO - Sync 1 DAGs
[2025-07-22T17:47:36.661+0000] {logging_mixin.py:188} INFO - [2025-07-22T17:47:36.661+0000] {dag.py:3954} INFO - Setting next_dagrun for example_branch_operator to 2025-07-21 00:00:00+00:00, run_after=2025-07-22 00:00:00+00:00
[2025-07-22T17:47:36.667+0000] {processor.py:183} INFO - Processing /home/airflow/.local/lib/python3.12/site-packages/airflow/example_dags/example_branch_operator.py took 0.036 seconds
[2025-07-22T17:48:07.545+0000] {processor.py:161} INFO - Started process (PID=802) to work on /home/airflow/.local/lib/python3.12/site-packages/airflow/example_dags/example_branch_operator.py
[2025-07-22T17:48:07.546+0000] {processor.py:830} INFO - Processing file /home/airflow/.local/lib/python3.12/site-packages/airflow/example_dags/example_branch_operator.py for tasks to queue
[2025-07-22T17:48:07.546+0000] {logging_mixin.py:188} INFO - [2025-07-22T17:48:07.546+0000] {dagbag.py:540} INFO - Filling up the DagBag from /home/airflow/.local/lib/python3.12/site-packages/airflow/example_dags/example_branch_operator.py
[2025-07-22T17:48:07.552+0000] {processor.py:840} INFO - DAG(s) 'example_branch_operator' retrieved from /home/airflow/.local/lib/python3.12/site-packages/airflow/example_dags/example_branch_operator.py
[2025-07-22T17:48:07.567+0000] {logging_mixin.py:188} INFO - [2025-07-22T17:48:07.567+0000] {dag.py:3096} INFO - Sync 1 DAGs
[2025-07-22T17:48:07.575+0000] {logging_mixin.py:188} INFO - [2025-07-22T17:48:07.575+0000] {dag.py:3954} INFO - Setting next_dagrun for example_branch_operator to 2025-07-21 00:00:00+00:00, run_after=2025-07-22 00:00:00+00:00
[2025-07-22T17:48:07.584+0000] {processor.py:183} INFO - Processing /home/airflow/.local/lib/python3.12/site-packages/airflow/example_dags/example_branch_operator.py took 0.041 seconds
[2025-07-22T17:48:38.635+0000] {processor.py:161} INFO - Started process (PID=862) to work on /home/airflow/.local/lib/python3.12/site-packages/airflow/example_dags/example_branch_operator.py
[2025-07-22T17:48:38.637+0000] {processor.py:830} INFO - Processing file /home/airflow/.local/lib/python3.12/site-packages/airflow/example_dags/example_branch_operator.py for tasks to queue
[2025-07-22T17:48:38.637+0000] {logging_mixin.py:188} INFO - [2025-07-22T17:48:38.637+0000] {dagbag.py:540} INFO - Filling up the DagBag from /home/airflow/.local/lib/python3.12/site-packages/airflow/example_dags/example_branch_operator.py
[2025-07-22T17:48:38.644+0000] {processor.py:840} INFO - DAG(s) 'example_branch_operator' retrieved from /home/airflow/.local/lib/python3.12/site-packages/airflow/example_dags/example_branch_operator.py
[2025-07-22T17:48:38.656+0000] {logging_mixin.py:188} INFO - [2025-07-22T17:48:38.656+0000] {dag.py:3096} INFO - Sync 1 DAGs
[2025-07-22T17:48:38.665+0000] {logging_mixin.py:188} INFO - [2025-07-22T17:48:38.665+0000] {dag.py:3954} INFO - Setting next_dagrun for example_branch_operator to 2025-07-21 00:00:00+00:00, run_after=2025-07-22 00:00:00+00:00
[2025-07-22T17:48:38.674+0000] {processor.py:183} INFO - Processing /home/airflow/.local/lib/python3.12/site-packages/airflow/example_dags/example_branch_operator.py took 0.042 seconds
[2025-07-22T17:49:09.690+0000] {processor.py:161} INFO - Started process (PID=921) to work on /home/airflow/.local/lib/python3.12/site-packages/airflow/example_dags/example_branch_operator.py
[2025-07-22T17:49:09.691+0000] {processor.py:830} INFO - Processing file /home/airflow/.local/lib/python3.12/site-packages/airflow/example_dags/example_branch_operator.py for tasks to queue
[2025-07-22T17:49:09.692+0000] {logging_mixin.py:188} INFO - [2025-07-22T17:49:09.691+0000] {dagbag.py:540} INFO - Filling up the DagBag from /home/airflow/.local/lib/python3.12/site-packages/airflow/example_dags/example_branch_operator.py
[2025-07-22T17:49:09.700+0000] {processor.py:840} INFO - DAG(s) 'example_branch_operator' retrieved from /home/airflow/.local/lib/python3.12/site-packages/airflow/example_dags/example_branch_operator.py
[2025-07-22T17:49:09.714+0000] {logging_mixin.py:188} INFO - [2025-07-22T17:49:09.714+0000] {dag.py:3096} INFO - Sync 1 DAGs
[2025-07-22T17:49:09.726+0000] {logging_mixin.py:188} INFO - [2025-07-22T17:49:09.726+0000] {dag.py:3954} INFO - Setting next_dagrun for example_branch_operator to 2025-07-21 00:00:00+00:00, run_after=2025-07-22 00:00:00+00:00
[2025-07-22T17:49:09.829+0000] {processor.py:183} INFO - Processing /home/airflow/.local/lib/python3.12/site-packages/airflow/example_dags/example_branch_operator.py took 0.141 seconds
[2025-07-22T17:49:39.850+0000] {processor.py:161} INFO - Started process (PID=983) to work on /home/airflow/.local/lib/python3.12/site-packages/airflow/example_dags/example_branch_operator.py
[2025-07-22T17:49:39.850+0000] {processor.py:830} INFO - Processing file /home/airflow/.local/lib/python3.12/site-packages/airflow/example_dags/example_branch_operator.py for tasks to queue
[2025-07-22T17:49:39.851+0000] {logging_mixin.py:188} INFO - [2025-07-22T17:49:39.851+0000] {dagbag.py:540} INFO - Filling up the DagBag from /home/airflow/.local/lib/python3.12/site-packages/airflow/example_dags/example_branch_operator.py
[2025-07-22T17:49:39.856+0000] {processor.py:840} INFO - DAG(s) 'example_branch_operator' retrieved from /home/airflow/.local/lib/python3.12/site-packages/airflow/example_dags/example_branch_operator.py
[2025-07-22T17:49:39.867+0000] {logging_mixin.py:188} INFO - [2025-07-22T17:49:39.867+0000] {dag.py:3096} INFO - Sync 1 DAGs
[2025-07-22T17:49:39.875+0000] {logging_mixin.py:188} INFO - [2025-07-22T17:49:39.875+0000] {dag.py:3954} INFO - Setting next_dagrun for example_branch_operator to 2025-07-21 00:00:00+00:00, run_after=2025-07-22 00:00:00+00:00
[2025-07-22T17:49:39.884+0000] {processor.py:183} INFO - Processing /home/airflow/.local/lib/python3.12/site-packages/airflow/example_dags/example_branch_operator.py took 0.037 seconds
[2025-07-22T17:50:09.994+0000] {processor.py:161} INFO - Started process (PID=1043) to work on /home/airflow/.local/lib/python3.12/site-packages/airflow/example_dags/example_branch_operator.py
[2025-07-22T17:50:09.994+0000] {processor.py:830} INFO - Processing file /home/airflow/.local/lib/python3.12/site-packages/airflow/example_dags/example_branch_operator.py for tasks to queue
[2025-07-22T17:50:09.995+0000] {logging_mixin.py:188} INFO - [2025-07-22T17:50:09.995+0000] {dagbag.py:540} INFO - Filling up the DagBag from /home/airflow/.local/lib/python3.12/site-packages/airflow/example_dags/example_branch_operator.py
[2025-07-22T17:50:10.001+0000] {processor.py:840} INFO - DAG(s) 'example_branch_operator' retrieved from /home/airflow/.local/lib/python3.12/site-packages/airflow/example_dags/example_branch_operator.py
[2025-07-22T17:50:10.020+0000] {logging_mixin.py:188} INFO - [2025-07-22T17:50:10.020+0000] {dag.py:3096} INFO - Sync 1 DAGs
[2025-07-22T17:50:10.028+0000] {logging_mixin.py:188} INFO - [2025-07-22T17:50:10.028+0000] {dag.py:3954} INFO - Setting next_dagrun for example_branch_operator to 2025-07-21 00:00:00+00:00, run_after=2025-07-22 00:00:00+00:00
[2025-07-22T17:50:10.034+0000] {processor.py:183} INFO - Processing /home/airflow/.local/lib/python3.12/site-packages/airflow/example_dags/example_branch_operator.py took 0.043 seconds
[2025-07-22T17:50:41.318+0000] {processor.py:161} INFO - Started process (PID=1101) to work on /home/airflow/.local/lib/python3.12/site-packages/airflow/example_dags/example_branch_operator.py
[2025-07-22T17:50:41.319+0000] {processor.py:830} INFO - Processing file /home/airflow/.local/lib/python3.12/site-packages/airflow/example_dags/example_branch_operator.py for tasks to queue
[2025-07-22T17:50:41.320+0000] {logging_mixin.py:188} INFO - [2025-07-22T17:50:41.320+0000] {dagbag.py:540} INFO - Filling up the DagBag from /home/airflow/.local/lib/python3.12/site-packages/airflow/example_dags/example_branch_operator.py
[2025-07-22T17:50:41.326+0000] {processor.py:840} INFO - DAG(s) 'example_branch_operator' retrieved from /home/airflow/.local/lib/python3.12/site-packages/airflow/example_dags/example_branch_operator.py
[2025-07-22T17:50:41.345+0000] {logging_mixin.py:188} INFO - [2025-07-22T17:50:41.345+0000] {dag.py:3096} INFO - Sync 1 DAGs
[2025-07-22T17:50:41.368+0000] {logging_mixin.py:188} INFO - [2025-07-22T17:50:41.367+0000] {dag.py:3954} INFO - Setting next_dagrun for example_branch_operator to 2025-07-21 00:00:00+00:00, run_after=2025-07-22 00:00:00+00:00
[2025-07-22T17:50:41.385+0000] {processor.py:183} INFO - Processing /home/airflow/.local/lib/python3.12/site-packages/airflow/example_dags/example_branch_operator.py took 0.069 seconds
[2025-07-22T17:51:12.160+0000] {processor.py:161} INFO - Started process (PID=1161) to work on /home/airflow/.local/lib/python3.12/site-packages/airflow/example_dags/example_branch_operator.py
[2025-07-22T17:51:12.161+0000] {processor.py:830} INFO - Processing file /home/airflow/.local/lib/python3.12/site-packages/airflow/example_dags/example_branch_operator.py for tasks to queue
[2025-07-22T17:51:12.161+0000] {logging_mixin.py:188} INFO - [2025-07-22T17:51:12.161+0000] {dagbag.py:540} INFO - Filling up the DagBag from /home/airflow/.local/lib/python3.12/site-packages/airflow/example_dags/example_branch_operator.py
[2025-07-22T17:51:12.244+0000] {processor.py:840} INFO - DAG(s) 'example_branch_operator' retrieved from /home/airflow/.local/lib/python3.12/site-packages/airflow/example_dags/example_branch_operator.py
[2025-07-22T17:51:12.257+0000] {logging_mixin.py:188} INFO - [2025-07-22T17:51:12.257+0000] {dag.py:3096} INFO - Sync 1 DAGs
[2025-07-22T17:51:12.264+0000] {logging_mixin.py:188} INFO - [2025-07-22T17:51:12.264+0000] {dag.py:3954} INFO - Setting next_dagrun for example_branch_operator to 2025-07-21 00:00:00+00:00, run_after=2025-07-22 00:00:00+00:00
[2025-07-22T17:51:12.270+0000] {processor.py:183} INFO - Processing /home/airflow/.local/lib/python3.12/site-packages/airflow/example_dags/example_branch_operator.py took 0.113 seconds
[2025-07-22T17:51:42.336+0000] {processor.py:161} INFO - Started process (PID=1221) to work on /home/airflow/.local/lib/python3.12/site-packages/airflow/example_dags/example_branch_operator.py
[2025-07-22T17:51:42.336+0000] {processor.py:830} INFO - Processing file /home/airflow/.local/lib/python3.12/site-packages/airflow/example_dags/example_branch_operator.py for tasks to queue
[2025-07-22T17:51:42.337+0000] {logging_mixin.py:188} INFO - [2025-07-22T17:51:42.337+0000] {dagbag.py:540} INFO - Filling up the DagBag from /home/airflow/.local/lib/python3.12/site-packages/airflow/example_dags/example_branch_operator.py
[2025-07-22T17:51:42.343+0000] {processor.py:840} INFO - DAG(s) 'example_branch_operator' retrieved from /home/airflow/.local/lib/python3.12/site-packages/airflow/example_dags/example_branch_operator.py
[2025-07-22T17:51:42.356+0000] {logging_mixin.py:188} INFO - [2025-07-22T17:51:42.356+0000] {dag.py:3096} INFO - Sync 1 DAGs
[2025-07-22T17:51:42.364+0000] {logging_mixin.py:188} INFO - [2025-07-22T17:51:42.364+0000] {dag.py:3954} INFO - Setting next_dagrun for example_branch_operator to 2025-07-21 00:00:00+00:00, run_after=2025-07-22 00:00:00+00:00
[2025-07-22T17:51:42.371+0000] {processor.py:183} INFO - Processing /home/airflow/.local/lib/python3.12/site-packages/airflow/example_dags/example_branch_operator.py took 0.038 seconds
[2025-07-22T17:52:13.496+0000] {processor.py:161} INFO - Started process (PID=1281) to work on /home/airflow/.local/lib/python3.12/site-packages/airflow/example_dags/example_branch_operator.py
[2025-07-22T17:52:13.497+0000] {processor.py:830} INFO - Processing file /home/airflow/.local/lib/python3.12/site-packages/airflow/example_dags/example_branch_operator.py for tasks to queue
[2025-07-22T17:52:13.498+0000] {logging_mixin.py:188} INFO - [2025-07-22T17:52:13.498+0000] {dagbag.py:540} INFO - Filling up the DagBag from /home/airflow/.local/lib/python3.12/site-packages/airflow/example_dags/example_branch_operator.py
[2025-07-22T17:52:13.505+0000] {processor.py:840} INFO - DAG(s) 'example_branch_operator' retrieved from /home/airflow/.local/lib/python3.12/site-packages/airflow/example_dags/example_branch_operator.py
[2025-07-22T17:52:13.519+0000] {logging_mixin.py:188} INFO - [2025-07-22T17:52:13.519+0000] {dag.py:3096} INFO - Sync 1 DAGs
[2025-07-22T17:52:13.529+0000] {logging_mixin.py:188} INFO - [2025-07-22T17:52:13.529+0000] {dag.py:3954} INFO - Setting next_dagrun for example_branch_operator to 2025-07-21 00:00:00+00:00, run_after=2025-07-22 00:00:00+00:00
[2025-07-22T17:52:13.536+0000] {processor.py:183} INFO - Processing /home/airflow/.local/lib/python3.12/site-packages/airflow/example_dags/example_branch_operator.py took 0.043 seconds
[2025-07-22T17:52:44.620+0000] {processor.py:161} INFO - Started process (PID=1341) to work on /home/airflow/.local/lib/python3.12/site-packages/airflow/example_dags/example_branch_operator.py
[2025-07-22T17:52:44.621+0000] {processor.py:830} INFO - Processing file /home/airflow/.local/lib/python3.12/site-packages/airflow/example_dags/example_branch_operator.py for tasks to queue
[2025-07-22T17:52:44.624+0000] {logging_mixin.py:188} INFO - [2025-07-22T17:52:44.624+0000] {dagbag.py:540} INFO - Filling up the DagBag from /home/airflow/.local/lib/python3.12/site-packages/airflow/example_dags/example_branch_operator.py
[2025-07-22T17:52:44.631+0000] {processor.py:840} INFO - DAG(s) 'example_branch_operator' retrieved from /home/airflow/.local/lib/python3.12/site-packages/airflow/example_dags/example_branch_operator.py
[2025-07-22T17:52:44.645+0000] {logging_mixin.py:188} INFO - [2025-07-22T17:52:44.645+0000] {dag.py:3096} INFO - Sync 1 DAGs
[2025-07-22T17:52:44.655+0000] {logging_mixin.py:188} INFO - [2025-07-22T17:52:44.655+0000] {dag.py:3954} INFO - Setting next_dagrun for example_branch_operator to 2025-07-21 00:00:00+00:00, run_after=2025-07-22 00:00:00+00:00
[2025-07-22T17:52:44.663+0000] {processor.py:183} INFO - Processing /home/airflow/.local/lib/python3.12/site-packages/airflow/example_dags/example_branch_operator.py took 0.045 seconds
[2025-07-22T17:53:15.699+0000] {processor.py:161} INFO - Started process (PID=1401) to work on /home/airflow/.local/lib/python3.12/site-packages/airflow/example_dags/example_branch_operator.py
[2025-07-22T17:53:15.699+0000] {processor.py:830} INFO - Processing file /home/airflow/.local/lib/python3.12/site-packages/airflow/example_dags/example_branch_operator.py for tasks to queue
[2025-07-22T17:53:15.700+0000] {logging_mixin.py:188} INFO - [2025-07-22T17:53:15.700+0000] {dagbag.py:540} INFO - Filling up the DagBag from /home/airflow/.local/lib/python3.12/site-packages/airflow/example_dags/example_branch_operator.py
[2025-07-22T17:53:15.707+0000] {processor.py:840} INFO - DAG(s) 'example_branch_operator' retrieved from /home/airflow/.local/lib/python3.12/site-packages/airflow/example_dags/example_branch_operator.py
[2025-07-22T17:53:15.718+0000] {logging_mixin.py:188} INFO - [2025-07-22T17:53:15.718+0000] {dag.py:3096} INFO - Sync 1 DAGs
[2025-07-22T17:53:15.727+0000] {logging_mixin.py:188} INFO - [2025-07-22T17:53:15.726+0000] {dag.py:3954} INFO - Setting next_dagrun for example_branch_operator to 2025-07-21 00:00:00+00:00, run_after=2025-07-22 00:00:00+00:00
[2025-07-22T17:53:15.733+0000] {processor.py:183} INFO - Processing /home/airflow/.local/lib/python3.12/site-packages/airflow/example_dags/example_branch_operator.py took 0.037 seconds
[2025-07-22T17:53:46.653+0000] {processor.py:161} INFO - Started process (PID=1461) to work on /home/airflow/.local/lib/python3.12/site-packages/airflow/example_dags/example_branch_operator.py
[2025-07-22T17:53:46.654+0000] {processor.py:830} INFO - Processing file /home/airflow/.local/lib/python3.12/site-packages/airflow/example_dags/example_branch_operator.py for tasks to queue
[2025-07-22T17:53:46.654+0000] {logging_mixin.py:188} INFO - [2025-07-22T17:53:46.654+0000] {dagbag.py:540} INFO - Filling up the DagBag from /home/airflow/.local/lib/python3.12/site-packages/airflow/example_dags/example_branch_operator.py
[2025-07-22T17:53:46.660+0000] {processor.py:840} INFO - DAG(s) 'example_branch_operator' retrieved from /home/airflow/.local/lib/python3.12/site-packages/airflow/example_dags/example_branch_operator.py
[2025-07-22T17:53:46.670+0000] {logging_mixin.py:188} INFO - [2025-07-22T17:53:46.670+0000] {dag.py:3096} INFO - Sync 1 DAGs
[2025-07-22T17:53:46.676+0000] {logging_mixin.py:188} INFO - [2025-07-22T17:53:46.676+0000] {dag.py:3954} INFO - Setting next_dagrun for example_branch_operator to 2025-07-21 00:00:00+00:00, run_after=2025-07-22 00:00:00+00:00
[2025-07-22T17:53:46.681+0000] {processor.py:183} INFO - Processing /home/airflow/.local/lib/python3.12/site-packages/airflow/example_dags/example_branch_operator.py took 0.030 seconds
[2025-07-22T17:54:17.033+0000] {processor.py:161} INFO - Started process (PID=1521) to work on /home/airflow/.local/lib/python3.12/site-packages/airflow/example_dags/example_branch_operator.py
[2025-07-22T17:54:17.035+0000] {processor.py:830} INFO - Processing file /home/airflow/.local/lib/python3.12/site-packages/airflow/example_dags/example_branch_operator.py for tasks to queue
[2025-07-22T17:54:17.037+0000] {logging_mixin.py:188} INFO - [2025-07-22T17:54:17.037+0000] {dagbag.py:540} INFO - Filling up the DagBag from /home/airflow/.local/lib/python3.12/site-packages/airflow/example_dags/example_branch_operator.py
[2025-07-22T17:54:17.044+0000] {processor.py:840} INFO - DAG(s) 'example_branch_operator' retrieved from /home/airflow/.local/lib/python3.12/site-packages/airflow/example_dags/example_branch_operator.py
[2025-07-22T17:54:17.056+0000] {logging_mixin.py:188} INFO - [2025-07-22T17:54:17.056+0000] {dag.py:3096} INFO - Sync 1 DAGs
[2025-07-22T17:54:17.064+0000] {logging_mixin.py:188} INFO - [2025-07-22T17:54:17.064+0000] {dag.py:3954} INFO - Setting next_dagrun for example_branch_operator to 2025-07-21 00:00:00+00:00, run_after=2025-07-22 00:00:00+00:00
[2025-07-22T17:54:17.070+0000] {processor.py:183} INFO - Processing /home/airflow/.local/lib/python3.12/site-packages/airflow/example_dags/example_branch_operator.py took 0.040 seconds
[2025-07-22T17:54:47.816+0000] {processor.py:161} INFO - Started process (PID=1581) to work on /home/airflow/.local/lib/python3.12/site-packages/airflow/example_dags/example_branch_operator.py
[2025-07-22T17:54:47.817+0000] {processor.py:830} INFO - Processing file /home/airflow/.local/lib/python3.12/site-packages/airflow/example_dags/example_branch_operator.py for tasks to queue
[2025-07-22T17:54:47.818+0000] {logging_mixin.py:188} INFO - [2025-07-22T17:54:47.818+0000] {dagbag.py:540} INFO - Filling up the DagBag from /home/airflow/.local/lib/python3.12/site-packages/airflow/example_dags/example_branch_operator.py
[2025-07-22T17:54:47.824+0000] {processor.py:840} INFO - DAG(s) 'example_branch_operator' retrieved from /home/airflow/.local/lib/python3.12/site-packages/airflow/example_dags/example_branch_operator.py
[2025-07-22T17:54:47.839+0000] {logging_mixin.py:188} INFO - [2025-07-22T17:54:47.839+0000] {dag.py:3096} INFO - Sync 1 DAGs
[2025-07-22T17:54:47.846+0000] {logging_mixin.py:188} INFO - [2025-07-22T17:54:47.846+0000] {dag.py:3954} INFO - Setting next_dagrun for example_branch_operator to 2025-07-21 00:00:00+00:00, run_after=2025-07-22 00:00:00+00:00
[2025-07-22T17:54:47.852+0000] {processor.py:183} INFO - Processing /home/airflow/.local/lib/python3.12/site-packages/airflow/example_dags/example_branch_operator.py took 0.039 seconds
