[2025-07-22T17:47:05.989+0000] {processor.py:161} INFO - Started process (PID=686) to work on /home/airflow/.local/lib/python3.12/site-packages/airflow/example_dags/example_short_circuit_operator.py
[2025-07-22T17:47:05.989+0000] {processor.py:830} INFO - Processing file /home/airflow/.local/lib/python3.12/site-packages/airflow/example_dags/example_short_circuit_operator.py for tasks to queue
[2025-07-22T17:47:05.990+0000] {logging_mixin.py:188} INFO - [2025-07-22T17:47:05.990+0000] {dagbag.py:540} INFO - Filling up the DagBag from /home/airflow/.local/lib/python3.12/site-packages/airflow/example_dags/example_short_circuit_operator.py
[2025-07-22T17:47:05.993+0000] {processor.py:840} INFO - DAG(s) 'example_short_circuit_operator' retrieved from /home/airflow/.local/lib/python3.12/site-packages/airflow/example_dags/example_short_circuit_operator.py
[2025-07-22T17:47:06.001+0000] {logging_mixin.py:188} INFO - [2025-07-22T17:47:06.001+0000] {dag.py:3096} INFO - Sync 1 DAGs
[2025-07-22T17:47:06.007+0000] {logging_mixin.py:188} INFO - [2025-07-22T17:47:06.007+0000] {dag.py:3954} INFO - Setting next_dagrun for example_short_circuit_operator to 2025-07-21 00:00:00+00:00, run_after=2025-07-22 00:00:00+00:00
[2025-07-22T17:47:06.012+0000] {processor.py:183} INFO - Processing /home/airflow/.local/lib/python3.12/site-packages/airflow/example_dags/example_short_circuit_operator.py took 0.026 seconds
[2025-07-22T17:47:36.726+0000] {processor.py:161} INFO - Started process (PID=746) to work on /home/airflow/.local/lib/python3.12/site-packages/airflow/example_dags/example_short_circuit_operator.py
[2025-07-22T17:47:36.727+0000] {processor.py:830} INFO - Processing file /home/airflow/.local/lib/python3.12/site-packages/airflow/example_dags/example_short_circuit_operator.py for tasks to queue
[2025-07-22T17:47:36.728+0000] {logging_mixin.py:188} INFO - [2025-07-22T17:47:36.727+0000] {dagbag.py:540} INFO - Filling up the DagBag from /home/airflow/.local/lib/python3.12/site-packages/airflow/example_dags/example_short_circuit_operator.py
[2025-07-22T17:47:36.734+0000] {processor.py:840} INFO - DAG(s) 'example_short_circuit_operator' retrieved from /home/airflow/.local/lib/python3.12/site-packages/airflow/example_dags/example_short_circuit_operator.py
[2025-07-22T17:47:36.760+0000] {logging_mixin.py:188} INFO - [2025-07-22T17:47:36.760+0000] {dag.py:3096} INFO - Sync 1 DAGs
[2025-07-22T17:47:36.775+0000] {logging_mixin.py:188} INFO - [2025-07-22T17:47:36.775+0000] {dag.py:3954} INFO - Setting next_dagrun for example_short_circuit_operator to 2025-07-21 00:00:00+00:00, run_after=2025-07-22 00:00:00+00:00
[2025-07-22T17:47:36.784+0000] {processor.py:183} INFO - Processing /home/airflow/.local/lib/python3.12/site-packages/airflow/example_dags/example_short_circuit_operator.py took 0.061 seconds
[2025-07-22T17:48:07.622+0000] {processor.py:161} INFO - Started process (PID=806) to work on /home/airflow/.local/lib/python3.12/site-packages/airflow/example_dags/example_short_circuit_operator.py
[2025-07-22T17:48:07.624+0000] {processor.py:830} INFO - Processing file /home/airflow/.local/lib/python3.12/site-packages/airflow/example_dags/example_short_circuit_operator.py for tasks to queue
[2025-07-22T17:48:07.626+0000] {logging_mixin.py:188} INFO - [2025-07-22T17:48:07.625+0000] {dagbag.py:540} INFO - Filling up the DagBag from /home/airflow/.local/lib/python3.12/site-packages/airflow/example_dags/example_short_circuit_operator.py
[2025-07-22T17:48:07.628+0000] {processor.py:840} INFO - DAG(s) 'example_short_circuit_operator' retrieved from /home/airflow/.local/lib/python3.12/site-packages/airflow/example_dags/example_short_circuit_operator.py
[2025-07-22T17:48:07.643+0000] {logging_mixin.py:188} INFO - [2025-07-22T17:48:07.643+0000] {dag.py:3096} INFO - Sync 1 DAGs
[2025-07-22T17:48:07.652+0000] {logging_mixin.py:188} INFO - [2025-07-22T17:48:07.652+0000] {dag.py:3954} INFO - Setting next_dagrun for example_short_circuit_operator to 2025-07-21 00:00:00+00:00, run_after=2025-07-22 00:00:00+00:00
[2025-07-22T17:48:07.658+0000] {processor.py:183} INFO - Processing /home/airflow/.local/lib/python3.12/site-packages/airflow/example_dags/example_short_circuit_operator.py took 0.038 seconds
[2025-07-22T17:48:38.721+0000] {processor.py:161} INFO - Started process (PID=866) to work on /home/airflow/.local/lib/python3.12/site-packages/airflow/example_dags/example_short_circuit_operator.py
[2025-07-22T17:48:38.721+0000] {processor.py:830} INFO - Processing file /home/airflow/.local/lib/python3.12/site-packages/airflow/example_dags/example_short_circuit_operator.py for tasks to queue
[2025-07-22T17:48:38.721+0000] {logging_mixin.py:188} INFO - [2025-07-22T17:48:38.721+0000] {dagbag.py:540} INFO - Filling up the DagBag from /home/airflow/.local/lib/python3.12/site-packages/airflow/example_dags/example_short_circuit_operator.py
[2025-07-22T17:48:38.724+0000] {processor.py:840} INFO - DAG(s) 'example_short_circuit_operator' retrieved from /home/airflow/.local/lib/python3.12/site-packages/airflow/example_dags/example_short_circuit_operator.py
[2025-07-22T17:48:38.731+0000] {logging_mixin.py:188} INFO - [2025-07-22T17:48:38.731+0000] {dag.py:3096} INFO - Sync 1 DAGs
[2025-07-22T17:48:38.738+0000] {logging_mixin.py:188} INFO - [2025-07-22T17:48:38.738+0000] {dag.py:3954} INFO - Setting next_dagrun for example_short_circuit_operator to 2025-07-21 00:00:00+00:00, run_after=2025-07-22 00:00:00+00:00
[2025-07-22T17:48:38.743+0000] {processor.py:183} INFO - Processing /home/airflow/.local/lib/python3.12/site-packages/airflow/example_dags/example_short_circuit_operator.py took 0.025 seconds
[2025-07-22T17:49:09.840+0000] {processor.py:161} INFO - Started process (PID=925) to work on /home/airflow/.local/lib/python3.12/site-packages/airflow/example_dags/example_short_circuit_operator.py
[2025-07-22T17:49:09.841+0000] {processor.py:830} INFO - Processing file /home/airflow/.local/lib/python3.12/site-packages/airflow/example_dags/example_short_circuit_operator.py for tasks to queue
[2025-07-22T17:49:09.841+0000] {logging_mixin.py:188} INFO - [2025-07-22T17:49:09.841+0000] {dagbag.py:540} INFO - Filling up the DagBag from /home/airflow/.local/lib/python3.12/site-packages/airflow/example_dags/example_short_circuit_operator.py
[2025-07-22T17:49:09.844+0000] {processor.py:840} INFO - DAG(s) 'example_short_circuit_operator' retrieved from /home/airflow/.local/lib/python3.12/site-packages/airflow/example_dags/example_short_circuit_operator.py
[2025-07-22T17:49:09.857+0000] {logging_mixin.py:188} INFO - [2025-07-22T17:49:09.857+0000] {dag.py:3096} INFO - Sync 1 DAGs
[2025-07-22T17:49:09.864+0000] {logging_mixin.py:188} INFO - [2025-07-22T17:49:09.863+0000] {dag.py:3954} INFO - Setting next_dagrun for example_short_circuit_operator to 2025-07-21 00:00:00+00:00, run_after=2025-07-22 00:00:00+00:00
[2025-07-22T17:49:09.873+0000] {processor.py:183} INFO - Processing /home/airflow/.local/lib/python3.12/site-packages/airflow/example_dags/example_short_circuit_operator.py took 0.035 seconds
[2025-07-22T17:49:39.891+0000] {processor.py:161} INFO - Started process (PID=985) to work on /home/airflow/.local/lib/python3.12/site-packages/airflow/example_dags/example_short_circuit_operator.py
[2025-07-22T17:49:39.891+0000] {processor.py:830} INFO - Processing file /home/airflow/.local/lib/python3.12/site-packages/airflow/example_dags/example_short_circuit_operator.py for tasks to queue
[2025-07-22T17:49:39.892+0000] {logging_mixin.py:188} INFO - [2025-07-22T17:49:39.891+0000] {dagbag.py:540} INFO - Filling up the DagBag from /home/airflow/.local/lib/python3.12/site-packages/airflow/example_dags/example_short_circuit_operator.py
[2025-07-22T17:49:39.894+0000] {processor.py:840} INFO - DAG(s) 'example_short_circuit_operator' retrieved from /home/airflow/.local/lib/python3.12/site-packages/airflow/example_dags/example_short_circuit_operator.py
[2025-07-22T17:49:39.902+0000] {logging_mixin.py:188} INFO - [2025-07-22T17:49:39.902+0000] {dag.py:3096} INFO - Sync 1 DAGs
[2025-07-22T17:49:39.908+0000] {logging_mixin.py:188} INFO - [2025-07-22T17:49:39.908+0000] {dag.py:3954} INFO - Setting next_dagrun for example_short_circuit_operator to 2025-07-21 00:00:00+00:00, run_after=2025-07-22 00:00:00+00:00
[2025-07-22T17:49:39.914+0000] {processor.py:183} INFO - Processing /home/airflow/.local/lib/python3.12/site-packages/airflow/example_dags/example_short_circuit_operator.py took 0.025 seconds
[2025-07-22T17:50:10.040+0000] {processor.py:161} INFO - Started process (PID=1045) to work on /home/airflow/.local/lib/python3.12/site-packages/airflow/example_dags/example_short_circuit_operator.py
[2025-07-22T17:50:10.040+0000] {processor.py:830} INFO - Processing file /home/airflow/.local/lib/python3.12/site-packages/airflow/example_dags/example_short_circuit_operator.py for tasks to queue
[2025-07-22T17:50:10.041+0000] {logging_mixin.py:188} INFO - [2025-07-22T17:50:10.041+0000] {dagbag.py:540} INFO - Filling up the DagBag from /home/airflow/.local/lib/python3.12/site-packages/airflow/example_dags/example_short_circuit_operator.py
[2025-07-22T17:50:10.046+0000] {processor.py:840} INFO - DAG(s) 'example_short_circuit_operator' retrieved from /home/airflow/.local/lib/python3.12/site-packages/airflow/example_dags/example_short_circuit_operator.py
[2025-07-22T17:50:10.057+0000] {logging_mixin.py:188} INFO - [2025-07-22T17:50:10.057+0000] {dag.py:3096} INFO - Sync 1 DAGs
[2025-07-22T17:50:10.069+0000] {logging_mixin.py:188} INFO - [2025-07-22T17:50:10.069+0000] {dag.py:3954} INFO - Setting next_dagrun for example_short_circuit_operator to 2025-07-21 00:00:00+00:00, run_after=2025-07-22 00:00:00+00:00
[2025-07-22T17:50:10.080+0000] {processor.py:183} INFO - Processing /home/airflow/.local/lib/python3.12/site-packages/airflow/example_dags/example_short_circuit_operator.py took 0.042 seconds
[2025-07-22T17:50:41.478+0000] {processor.py:161} INFO - Started process (PID=1105) to work on /home/airflow/.local/lib/python3.12/site-packages/airflow/example_dags/example_short_circuit_operator.py
[2025-07-22T17:50:41.481+0000] {processor.py:830} INFO - Processing file /home/airflow/.local/lib/python3.12/site-packages/airflow/example_dags/example_short_circuit_operator.py for tasks to queue
[2025-07-22T17:50:41.484+0000] {logging_mixin.py:188} INFO - [2025-07-22T17:50:41.484+0000] {dagbag.py:540} INFO - Filling up the DagBag from /home/airflow/.local/lib/python3.12/site-packages/airflow/example_dags/example_short_circuit_operator.py
[2025-07-22T17:50:41.489+0000] {processor.py:840} INFO - DAG(s) 'example_short_circuit_operator' retrieved from /home/airflow/.local/lib/python3.12/site-packages/airflow/example_dags/example_short_circuit_operator.py
[2025-07-22T17:50:41.510+0000] {logging_mixin.py:188} INFO - [2025-07-22T17:50:41.510+0000] {dag.py:3096} INFO - Sync 1 DAGs
[2025-07-22T17:50:41.526+0000] {logging_mixin.py:188} INFO - [2025-07-22T17:50:41.526+0000] {dag.py:3954} INFO - Setting next_dagrun for example_short_circuit_operator to 2025-07-21 00:00:00+00:00, run_after=2025-07-22 00:00:00+00:00
[2025-07-22T17:50:41.534+0000] {processor.py:183} INFO - Processing /home/airflow/.local/lib/python3.12/site-packages/airflow/example_dags/example_short_circuit_operator.py took 0.060 seconds
[2025-07-22T17:51:12.397+0000] {processor.py:161} INFO - Started process (PID=1165) to work on /home/airflow/.local/lib/python3.12/site-packages/airflow/example_dags/example_short_circuit_operator.py
[2025-07-22T17:51:12.398+0000] {processor.py:830} INFO - Processing file /home/airflow/.local/lib/python3.12/site-packages/airflow/example_dags/example_short_circuit_operator.py for tasks to queue
[2025-07-22T17:51:12.400+0000] {logging_mixin.py:188} INFO - [2025-07-22T17:51:12.400+0000] {dagbag.py:540} INFO - Filling up the DagBag from /home/airflow/.local/lib/python3.12/site-packages/airflow/example_dags/example_short_circuit_operator.py
[2025-07-22T17:51:12.479+0000] {processor.py:840} INFO - DAG(s) 'example_short_circuit_operator' retrieved from /home/airflow/.local/lib/python3.12/site-packages/airflow/example_dags/example_short_circuit_operator.py
[2025-07-22T17:51:12.490+0000] {logging_mixin.py:188} INFO - [2025-07-22T17:51:12.490+0000] {dag.py:3096} INFO - Sync 1 DAGs
[2025-07-22T17:51:12.497+0000] {logging_mixin.py:188} INFO - [2025-07-22T17:51:12.497+0000] {dag.py:3954} INFO - Setting next_dagrun for example_short_circuit_operator to 2025-07-21 00:00:00+00:00, run_after=2025-07-22 00:00:00+00:00
[2025-07-22T17:51:12.503+0000] {processor.py:183} INFO - Processing /home/airflow/.local/lib/python3.12/site-packages/airflow/example_dags/example_short_circuit_operator.py took 0.109 seconds
[2025-07-22T17:51:43.501+0000] {processor.py:161} INFO - Started process (PID=1225) to work on /home/airflow/.local/lib/python3.12/site-packages/airflow/example_dags/example_short_circuit_operator.py
[2025-07-22T17:51:43.502+0000] {processor.py:830} INFO - Processing file /home/airflow/.local/lib/python3.12/site-packages/airflow/example_dags/example_short_circuit_operator.py for tasks to queue
[2025-07-22T17:51:43.503+0000] {logging_mixin.py:188} INFO - [2025-07-22T17:51:43.503+0000] {dagbag.py:540} INFO - Filling up the DagBag from /home/airflow/.local/lib/python3.12/site-packages/airflow/example_dags/example_short_circuit_operator.py
[2025-07-22T17:51:43.506+0000] {processor.py:840} INFO - DAG(s) 'example_short_circuit_operator' retrieved from /home/airflow/.local/lib/python3.12/site-packages/airflow/example_dags/example_short_circuit_operator.py
[2025-07-22T17:51:43.520+0000] {logging_mixin.py:188} INFO - [2025-07-22T17:51:43.520+0000] {dag.py:3096} INFO - Sync 1 DAGs
[2025-07-22T17:51:43.531+0000] {logging_mixin.py:188} INFO - [2025-07-22T17:51:43.531+0000] {dag.py:3954} INFO - Setting next_dagrun for example_short_circuit_operator to 2025-07-21 00:00:00+00:00, run_after=2025-07-22 00:00:00+00:00
[2025-07-22T17:51:43.540+0000] {processor.py:183} INFO - Processing /home/airflow/.local/lib/python3.12/site-packages/airflow/example_dags/example_short_circuit_operator.py took 0.043 seconds
[2025-07-22T17:52:13.611+0000] {processor.py:161} INFO - Started process (PID=1285) to work on /home/airflow/.local/lib/python3.12/site-packages/airflow/example_dags/example_short_circuit_operator.py
[2025-07-22T17:52:13.612+0000] {processor.py:830} INFO - Processing file /home/airflow/.local/lib/python3.12/site-packages/airflow/example_dags/example_short_circuit_operator.py for tasks to queue
[2025-07-22T17:52:13.613+0000] {logging_mixin.py:188} INFO - [2025-07-22T17:52:13.613+0000] {dagbag.py:540} INFO - Filling up the DagBag from /home/airflow/.local/lib/python3.12/site-packages/airflow/example_dags/example_short_circuit_operator.py
[2025-07-22T17:52:13.616+0000] {processor.py:840} INFO - DAG(s) 'example_short_circuit_operator' retrieved from /home/airflow/.local/lib/python3.12/site-packages/airflow/example_dags/example_short_circuit_operator.py
[2025-07-22T17:52:13.626+0000] {logging_mixin.py:188} INFO - [2025-07-22T17:52:13.626+0000] {dag.py:3096} INFO - Sync 1 DAGs
[2025-07-22T17:52:13.634+0000] {logging_mixin.py:188} INFO - [2025-07-22T17:52:13.634+0000] {dag.py:3954} INFO - Setting next_dagrun for example_short_circuit_operator to 2025-07-21 00:00:00+00:00, run_after=2025-07-22 00:00:00+00:00
[2025-07-22T17:52:13.646+0000] {processor.py:183} INFO - Processing /home/airflow/.local/lib/python3.12/site-packages/airflow/example_dags/example_short_circuit_operator.py took 0.038 seconds
[2025-07-22T17:52:44.729+0000] {processor.py:161} INFO - Started process (PID=1345) to work on /home/airflow/.local/lib/python3.12/site-packages/airflow/example_dags/example_short_circuit_operator.py
[2025-07-22T17:52:44.730+0000] {processor.py:830} INFO - Processing file /home/airflow/.local/lib/python3.12/site-packages/airflow/example_dags/example_short_circuit_operator.py for tasks to queue
[2025-07-22T17:52:44.732+0000] {logging_mixin.py:188} INFO - [2025-07-22T17:52:44.731+0000] {dagbag.py:540} INFO - Filling up the DagBag from /home/airflow/.local/lib/python3.12/site-packages/airflow/example_dags/example_short_circuit_operator.py
[2025-07-22T17:52:44.734+0000] {processor.py:840} INFO - DAG(s) 'example_short_circuit_operator' retrieved from /home/airflow/.local/lib/python3.12/site-packages/airflow/example_dags/example_short_circuit_operator.py
[2025-07-22T17:52:44.745+0000] {logging_mixin.py:188} INFO - [2025-07-22T17:52:44.745+0000] {dag.py:3096} INFO - Sync 1 DAGs
[2025-07-22T17:52:44.754+0000] {logging_mixin.py:188} INFO - [2025-07-22T17:52:44.754+0000] {dag.py:3954} INFO - Setting next_dagrun for example_short_circuit_operator to 2025-07-21 00:00:00+00:00, run_after=2025-07-22 00:00:00+00:00
[2025-07-22T17:52:44.760+0000] {processor.py:183} INFO - Processing /home/airflow/.local/lib/python3.12/site-packages/airflow/example_dags/example_short_circuit_operator.py took 0.035 seconds
[2025-07-22T17:53:15.792+0000] {processor.py:161} INFO - Started process (PID=1405) to work on /home/airflow/.local/lib/python3.12/site-packages/airflow/example_dags/example_short_circuit_operator.py
[2025-07-22T17:53:15.792+0000] {processor.py:830} INFO - Processing file /home/airflow/.local/lib/python3.12/site-packages/airflow/example_dags/example_short_circuit_operator.py for tasks to queue
[2025-07-22T17:53:15.796+0000] {logging_mixin.py:188} INFO - [2025-07-22T17:53:15.796+0000] {dagbag.py:540} INFO - Filling up the DagBag from /home/airflow/.local/lib/python3.12/site-packages/airflow/example_dags/example_short_circuit_operator.py
[2025-07-22T17:53:15.799+0000] {processor.py:840} INFO - DAG(s) 'example_short_circuit_operator' retrieved from /home/airflow/.local/lib/python3.12/site-packages/airflow/example_dags/example_short_circuit_operator.py
[2025-07-22T17:53:15.810+0000] {logging_mixin.py:188} INFO - [2025-07-22T17:53:15.810+0000] {dag.py:3096} INFO - Sync 1 DAGs
[2025-07-22T17:53:15.827+0000] {logging_mixin.py:188} INFO - [2025-07-22T17:53:15.827+0000] {dag.py:3954} INFO - Setting next_dagrun for example_short_circuit_operator to 2025-07-21 00:00:00+00:00, run_after=2025-07-22 00:00:00+00:00
[2025-07-22T17:53:15.835+0000] {processor.py:183} INFO - Processing /home/airflow/.local/lib/python3.12/site-packages/airflow/example_dags/example_short_circuit_operator.py took 0.046 seconds
[2025-07-22T17:53:46.762+0000] {processor.py:161} INFO - Started process (PID=1465) to work on /home/airflow/.local/lib/python3.12/site-packages/airflow/example_dags/example_short_circuit_operator.py
[2025-07-22T17:53:46.763+0000] {processor.py:830} INFO - Processing file /home/airflow/.local/lib/python3.12/site-packages/airflow/example_dags/example_short_circuit_operator.py for tasks to queue
[2025-07-22T17:53:46.764+0000] {logging_mixin.py:188} INFO - [2025-07-22T17:53:46.763+0000] {dagbag.py:540} INFO - Filling up the DagBag from /home/airflow/.local/lib/python3.12/site-packages/airflow/example_dags/example_short_circuit_operator.py
[2025-07-22T17:53:46.766+0000] {processor.py:840} INFO - DAG(s) 'example_short_circuit_operator' retrieved from /home/airflow/.local/lib/python3.12/site-packages/airflow/example_dags/example_short_circuit_operator.py
[2025-07-22T17:53:46.777+0000] {logging_mixin.py:188} INFO - [2025-07-22T17:53:46.777+0000] {dag.py:3096} INFO - Sync 1 DAGs
[2025-07-22T17:53:46.785+0000] {logging_mixin.py:188} INFO - [2025-07-22T17:53:46.785+0000] {dag.py:3954} INFO - Setting next_dagrun for example_short_circuit_operator to 2025-07-21 00:00:00+00:00, run_after=2025-07-22 00:00:00+00:00
[2025-07-22T17:53:46.796+0000] {processor.py:183} INFO - Processing /home/airflow/.local/lib/python3.12/site-packages/airflow/example_dags/example_short_circuit_operator.py took 0.036 seconds
[2025-07-22T17:54:17.120+0000] {processor.py:161} INFO - Started process (PID=1525) to work on /home/airflow/.local/lib/python3.12/site-packages/airflow/example_dags/example_short_circuit_operator.py
[2025-07-22T17:54:17.122+0000] {processor.py:830} INFO - Processing file /home/airflow/.local/lib/python3.12/site-packages/airflow/example_dags/example_short_circuit_operator.py for tasks to queue
[2025-07-22T17:54:17.124+0000] {logging_mixin.py:188} INFO - [2025-07-22T17:54:17.124+0000] {dagbag.py:540} INFO - Filling up the DagBag from /home/airflow/.local/lib/python3.12/site-packages/airflow/example_dags/example_short_circuit_operator.py
[2025-07-22T17:54:17.127+0000] {processor.py:840} INFO - DAG(s) 'example_short_circuit_operator' retrieved from /home/airflow/.local/lib/python3.12/site-packages/airflow/example_dags/example_short_circuit_operator.py
[2025-07-22T17:54:17.151+0000] {logging_mixin.py:188} INFO - [2025-07-22T17:54:17.151+0000] {dag.py:3096} INFO - Sync 1 DAGs
[2025-07-22T17:54:17.163+0000] {logging_mixin.py:188} INFO - [2025-07-22T17:54:17.163+0000] {dag.py:3954} INFO - Setting next_dagrun for example_short_circuit_operator to 2025-07-21 00:00:00+00:00, run_after=2025-07-22 00:00:00+00:00
[2025-07-22T17:54:17.173+0000] {processor.py:183} INFO - Processing /home/airflow/.local/lib/python3.12/site-packages/airflow/example_dags/example_short_circuit_operator.py took 0.056 seconds
[2025-07-22T17:54:47.926+0000] {processor.py:161} INFO - Started process (PID=1585) to work on /home/airflow/.local/lib/python3.12/site-packages/airflow/example_dags/example_short_circuit_operator.py
[2025-07-22T17:54:47.928+0000] {processor.py:830} INFO - Processing file /home/airflow/.local/lib/python3.12/site-packages/airflow/example_dags/example_short_circuit_operator.py for tasks to queue
[2025-07-22T17:54:47.929+0000] {logging_mixin.py:188} INFO - [2025-07-22T17:54:47.929+0000] {dagbag.py:540} INFO - Filling up the DagBag from /home/airflow/.local/lib/python3.12/site-packages/airflow/example_dags/example_short_circuit_operator.py
[2025-07-22T17:54:47.932+0000] {processor.py:840} INFO - DAG(s) 'example_short_circuit_operator' retrieved from /home/airflow/.local/lib/python3.12/site-packages/airflow/example_dags/example_short_circuit_operator.py
[2025-07-22T17:54:47.942+0000] {logging_mixin.py:188} INFO - [2025-07-22T17:54:47.942+0000] {dag.py:3096} INFO - Sync 1 DAGs
[2025-07-22T17:54:47.951+0000] {logging_mixin.py:188} INFO - [2025-07-22T17:54:47.951+0000] {dag.py:3954} INFO - Setting next_dagrun for example_short_circuit_operator to 2025-07-21 00:00:00+00:00, run_after=2025-07-22 00:00:00+00:00
[2025-07-22T17:54:47.959+0000] {processor.py:183} INFO - Processing /home/airflow/.local/lib/python3.12/site-packages/airflow/example_dags/example_short_circuit_operator.py took 0.035 seconds
