[2025-07-22T17:47:05.812+0000] {processor.py:161} INFO - Started process (PID=677) to work on /home/airflow/.local/lib/python3.12/site-packages/airflow/example_dags/example_xcomargs.py
[2025-07-22T17:47:05.813+0000] {processor.py:830} INFO - Processing file /home/airflow/.local/lib/python3.12/site-packages/airflow/example_dags/example_xcomargs.py for tasks to queue
[2025-07-22T17:47:05.814+0000] {logging_mixin.py:188} INFO - [2025-07-22T17:47:05.814+0000] {dagbag.py:540} INFO - Filling up the DagBag from /home/airflow/.local/lib/python3.12/site-packages/airflow/example_dags/example_xcomargs.py
[2025-07-22T17:47:05.817+0000] {processor.py:840} INFO - DAG(s) 'example_xcom_args_with_operators', 'example_xcom_args' retrieved from /home/airflow/.local/lib/python3.12/site-packages/airflow/example_dags/example_xcomargs.py
[2025-07-22T17:47:05.825+0000] {logging_mixin.py:188} INFO - [2025-07-22T17:47:05.825+0000] {dag.py:3096} INFO - Sync 2 DAGs
[2025-07-22T17:47:05.832+0000] {logging_mixin.py:188} INFO - [2025-07-22T17:47:05.832+0000] {dag.py:3954} INFO - Setting next_dagrun for example_xcom_args to None, run_after=None
[2025-07-22T17:47:05.833+0000] {logging_mixin.py:188} INFO - [2025-07-22T17:47:05.833+0000] {dag.py:3954} INFO - Setting next_dagrun for example_xcom_args_with_operators to None, run_after=None
[2025-07-22T17:47:05.840+0000] {processor.py:183} INFO - Processing /home/airflow/.local/lib/python3.12/site-packages/airflow/example_dags/example_xcomargs.py took 0.031 seconds
[2025-07-22T17:47:36.523+0000] {processor.py:161} INFO - Started process (PID=737) to work on /home/airflow/.local/lib/python3.12/site-packages/airflow/example_dags/example_xcomargs.py
[2025-07-22T17:47:36.524+0000] {processor.py:830} INFO - Processing file /home/airflow/.local/lib/python3.12/site-packages/airflow/example_dags/example_xcomargs.py for tasks to queue
[2025-07-22T17:47:36.526+0000] {logging_mixin.py:188} INFO - [2025-07-22T17:47:36.525+0000] {dagbag.py:540} INFO - Filling up the DagBag from /home/airflow/.local/lib/python3.12/site-packages/airflow/example_dags/example_xcomargs.py
[2025-07-22T17:47:36.530+0000] {processor.py:840} INFO - DAG(s) 'example_xcom_args', 'example_xcom_args_with_operators' retrieved from /home/airflow/.local/lib/python3.12/site-packages/airflow/example_dags/example_xcomargs.py
[2025-07-22T17:47:36.540+0000] {logging_mixin.py:188} INFO - [2025-07-22T17:47:36.540+0000] {dag.py:3096} INFO - Sync 2 DAGs
[2025-07-22T17:47:36.544+0000] {logging_mixin.py:188} INFO - [2025-07-22T17:47:36.544+0000] {dag.py:3954} INFO - Setting next_dagrun for example_xcom_args to None, run_after=None
[2025-07-22T17:47:36.546+0000] {logging_mixin.py:188} INFO - [2025-07-22T17:47:36.546+0000] {dag.py:3954} INFO - Setting next_dagrun for example_xcom_args_with_operators to None, run_after=None
[2025-07-22T17:47:36.554+0000] {processor.py:183} INFO - Processing /home/airflow/.local/lib/python3.12/site-packages/airflow/example_dags/example_xcomargs.py took 0.033 seconds
[2025-07-22T17:48:07.411+0000] {processor.py:161} INFO - Started process (PID=797) to work on /home/airflow/.local/lib/python3.12/site-packages/airflow/example_dags/example_xcomargs.py
[2025-07-22T17:48:07.411+0000] {processor.py:830} INFO - Processing file /home/airflow/.local/lib/python3.12/site-packages/airflow/example_dags/example_xcomargs.py for tasks to queue
[2025-07-22T17:48:07.412+0000] {logging_mixin.py:188} INFO - [2025-07-22T17:48:07.412+0000] {dagbag.py:540} INFO - Filling up the DagBag from /home/airflow/.local/lib/python3.12/site-packages/airflow/example_dags/example_xcomargs.py
[2025-07-22T17:48:07.416+0000] {processor.py:840} INFO - DAG(s) 'example_xcom_args_with_operators', 'example_xcom_args' retrieved from /home/airflow/.local/lib/python3.12/site-packages/airflow/example_dags/example_xcomargs.py
[2025-07-22T17:48:07.427+0000] {logging_mixin.py:188} INFO - [2025-07-22T17:48:07.427+0000] {dag.py:3096} INFO - Sync 2 DAGs
[2025-07-22T17:48:07.432+0000] {logging_mixin.py:188} INFO - [2025-07-22T17:48:07.431+0000] {dag.py:3954} INFO - Setting next_dagrun for example_xcom_args to None, run_after=None
[2025-07-22T17:48:07.434+0000] {logging_mixin.py:188} INFO - [2025-07-22T17:48:07.434+0000] {dag.py:3954} INFO - Setting next_dagrun for example_xcom_args_with_operators to None, run_after=None
[2025-07-22T17:48:07.441+0000] {processor.py:183} INFO - Processing /home/airflow/.local/lib/python3.12/site-packages/airflow/example_dags/example_xcomargs.py took 0.033 seconds
[2025-07-22T17:48:38.417+0000] {processor.py:161} INFO - Started process (PID=857) to work on /home/airflow/.local/lib/python3.12/site-packages/airflow/example_dags/example_xcomargs.py
[2025-07-22T17:48:38.419+0000] {processor.py:830} INFO - Processing file /home/airflow/.local/lib/python3.12/site-packages/airflow/example_dags/example_xcomargs.py for tasks to queue
[2025-07-22T17:48:38.419+0000] {logging_mixin.py:188} INFO - [2025-07-22T17:48:38.419+0000] {dagbag.py:540} INFO - Filling up the DagBag from /home/airflow/.local/lib/python3.12/site-packages/airflow/example_dags/example_xcomargs.py
[2025-07-22T17:48:38.423+0000] {processor.py:840} INFO - DAG(s) 'example_xcom_args_with_operators', 'example_xcom_args' retrieved from /home/airflow/.local/lib/python3.12/site-packages/airflow/example_dags/example_xcomargs.py
[2025-07-22T17:48:38.432+0000] {logging_mixin.py:188} INFO - [2025-07-22T17:48:38.431+0000] {dag.py:3096} INFO - Sync 2 DAGs
[2025-07-22T17:48:38.436+0000] {logging_mixin.py:188} INFO - [2025-07-22T17:48:38.436+0000] {dag.py:3954} INFO - Setting next_dagrun for example_xcom_args to None, run_after=None
[2025-07-22T17:48:38.437+0000] {logging_mixin.py:188} INFO - [2025-07-22T17:48:38.437+0000] {dag.py:3954} INFO - Setting next_dagrun for example_xcom_args_with_operators to None, run_after=None
[2025-07-22T17:48:38.443+0000] {processor.py:183} INFO - Processing /home/airflow/.local/lib/python3.12/site-packages/airflow/example_dags/example_xcomargs.py took 0.027 seconds
[2025-07-22T17:49:08.523+0000] {processor.py:161} INFO - Started process (PID=916) to work on /home/airflow/.local/lib/python3.12/site-packages/airflow/example_dags/example_xcomargs.py
[2025-07-22T17:49:08.524+0000] {processor.py:830} INFO - Processing file /home/airflow/.local/lib/python3.12/site-packages/airflow/example_dags/example_xcomargs.py for tasks to queue
[2025-07-22T17:49:08.525+0000] {logging_mixin.py:188} INFO - [2025-07-22T17:49:08.525+0000] {dagbag.py:540} INFO - Filling up the DagBag from /home/airflow/.local/lib/python3.12/site-packages/airflow/example_dags/example_xcomargs.py
[2025-07-22T17:49:08.530+0000] {processor.py:840} INFO - DAG(s) 'example_xcom_args', 'example_xcom_args_with_operators' retrieved from /home/airflow/.local/lib/python3.12/site-packages/airflow/example_dags/example_xcomargs.py
[2025-07-22T17:49:08.541+0000] {logging_mixin.py:188} INFO - [2025-07-22T17:49:08.541+0000] {dag.py:3096} INFO - Sync 2 DAGs
[2025-07-22T17:49:08.546+0000] {logging_mixin.py:188} INFO - [2025-07-22T17:49:08.545+0000] {dag.py:3954} INFO - Setting next_dagrun for example_xcom_args to None, run_after=None
[2025-07-22T17:49:08.549+0000] {logging_mixin.py:188} INFO - [2025-07-22T17:49:08.549+0000] {dag.py:3954} INFO - Setting next_dagrun for example_xcom_args_with_operators to None, run_after=None
[2025-07-22T17:49:08.554+0000] {processor.py:183} INFO - Processing /home/airflow/.local/lib/python3.12/site-packages/airflow/example_dags/example_xcomargs.py took 0.034 seconds
[2025-07-22T17:49:38.660+0000] {processor.py:161} INFO - Started process (PID=976) to work on /home/airflow/.local/lib/python3.12/site-packages/airflow/example_dags/example_xcomargs.py
[2025-07-22T17:49:38.661+0000] {processor.py:830} INFO - Processing file /home/airflow/.local/lib/python3.12/site-packages/airflow/example_dags/example_xcomargs.py for tasks to queue
[2025-07-22T17:49:38.661+0000] {logging_mixin.py:188} INFO - [2025-07-22T17:49:38.661+0000] {dagbag.py:540} INFO - Filling up the DagBag from /home/airflow/.local/lib/python3.12/site-packages/airflow/example_dags/example_xcomargs.py
[2025-07-22T17:49:38.664+0000] {processor.py:840} INFO - DAG(s) 'example_xcom_args', 'example_xcom_args_with_operators' retrieved from /home/airflow/.local/lib/python3.12/site-packages/airflow/example_dags/example_xcomargs.py
[2025-07-22T17:49:38.672+0000] {logging_mixin.py:188} INFO - [2025-07-22T17:49:38.672+0000] {dag.py:3096} INFO - Sync 2 DAGs
[2025-07-22T17:49:38.677+0000] {logging_mixin.py:188} INFO - [2025-07-22T17:49:38.677+0000] {dag.py:3954} INFO - Setting next_dagrun for example_xcom_args to None, run_after=None
[2025-07-22T17:49:38.679+0000] {logging_mixin.py:188} INFO - [2025-07-22T17:49:38.679+0000] {dag.py:3954} INFO - Setting next_dagrun for example_xcom_args_with_operators to None, run_after=None
[2025-07-22T17:49:38.684+0000] {processor.py:183} INFO - Processing /home/airflow/.local/lib/python3.12/site-packages/airflow/example_dags/example_xcomargs.py took 0.027 seconds
[2025-07-22T17:50:09.827+0000] {processor.py:161} INFO - Started process (PID=1036) to work on /home/airflow/.local/lib/python3.12/site-packages/airflow/example_dags/example_xcomargs.py
[2025-07-22T17:50:09.827+0000] {processor.py:830} INFO - Processing file /home/airflow/.local/lib/python3.12/site-packages/airflow/example_dags/example_xcomargs.py for tasks to queue
[2025-07-22T17:50:09.828+0000] {logging_mixin.py:188} INFO - [2025-07-22T17:50:09.828+0000] {dagbag.py:540} INFO - Filling up the DagBag from /home/airflow/.local/lib/python3.12/site-packages/airflow/example_dags/example_xcomargs.py
[2025-07-22T17:50:09.831+0000] {processor.py:840} INFO - DAG(s) 'example_xcom_args', 'example_xcom_args_with_operators' retrieved from /home/airflow/.local/lib/python3.12/site-packages/airflow/example_dags/example_xcomargs.py
[2025-07-22T17:50:09.839+0000] {logging_mixin.py:188} INFO - [2025-07-22T17:50:09.839+0000] {dag.py:3096} INFO - Sync 2 DAGs
[2025-07-22T17:50:09.843+0000] {logging_mixin.py:188} INFO - [2025-07-22T17:50:09.843+0000] {dag.py:3954} INFO - Setting next_dagrun for example_xcom_args to None, run_after=None
[2025-07-22T17:50:09.844+0000] {logging_mixin.py:188} INFO - [2025-07-22T17:50:09.844+0000] {dag.py:3954} INFO - Setting next_dagrun for example_xcom_args_with_operators to None, run_after=None
[2025-07-22T17:50:09.849+0000] {processor.py:183} INFO - Processing /home/airflow/.local/lib/python3.12/site-packages/airflow/example_dags/example_xcomargs.py took 0.024 seconds
[2025-07-22T17:50:41.207+0000] {processor.py:161} INFO - Started process (PID=1096) to work on /home/airflow/.local/lib/python3.12/site-packages/airflow/example_dags/example_xcomargs.py
[2025-07-22T17:50:41.208+0000] {processor.py:830} INFO - Processing file /home/airflow/.local/lib/python3.12/site-packages/airflow/example_dags/example_xcomargs.py for tasks to queue
[2025-07-22T17:50:41.208+0000] {logging_mixin.py:188} INFO - [2025-07-22T17:50:41.208+0000] {dagbag.py:540} INFO - Filling up the DagBag from /home/airflow/.local/lib/python3.12/site-packages/airflow/example_dags/example_xcomargs.py
[2025-07-22T17:50:41.211+0000] {processor.py:840} INFO - DAG(s) 'example_xcom_args_with_operators', 'example_xcom_args' retrieved from /home/airflow/.local/lib/python3.12/site-packages/airflow/example_dags/example_xcomargs.py
[2025-07-22T17:50:41.219+0000] {logging_mixin.py:188} INFO - [2025-07-22T17:50:41.219+0000] {dag.py:3096} INFO - Sync 2 DAGs
[2025-07-22T17:50:41.223+0000] {logging_mixin.py:188} INFO - [2025-07-22T17:50:41.223+0000] {dag.py:3954} INFO - Setting next_dagrun for example_xcom_args to None, run_after=None
[2025-07-22T17:50:41.225+0000] {logging_mixin.py:188} INFO - [2025-07-22T17:50:41.225+0000] {dag.py:3954} INFO - Setting next_dagrun for example_xcom_args_with_operators to None, run_after=None
[2025-07-22T17:50:41.229+0000] {processor.py:183} INFO - Processing /home/airflow/.local/lib/python3.12/site-packages/airflow/example_dags/example_xcomargs.py took 0.024 seconds
[2025-07-22T17:51:11.896+0000] {processor.py:161} INFO - Started process (PID=1156) to work on /home/airflow/.local/lib/python3.12/site-packages/airflow/example_dags/example_xcomargs.py
[2025-07-22T17:51:11.897+0000] {processor.py:830} INFO - Processing file /home/airflow/.local/lib/python3.12/site-packages/airflow/example_dags/example_xcomargs.py for tasks to queue
[2025-07-22T17:51:11.897+0000] {logging_mixin.py:188} INFO - [2025-07-22T17:51:11.897+0000] {dagbag.py:540} INFO - Filling up the DagBag from /home/airflow/.local/lib/python3.12/site-packages/airflow/example_dags/example_xcomargs.py
[2025-07-22T17:51:11.903+0000] {processor.py:840} INFO - DAG(s) 'example_xcom_args_with_operators', 'example_xcom_args' retrieved from /home/airflow/.local/lib/python3.12/site-packages/airflow/example_dags/example_xcomargs.py
[2025-07-22T17:51:11.996+0000] {logging_mixin.py:188} INFO - [2025-07-22T17:51:11.996+0000] {dag.py:3096} INFO - Sync 2 DAGs
[2025-07-22T17:51:12.001+0000] {logging_mixin.py:188} INFO - [2025-07-22T17:51:12.001+0000] {dag.py:3954} INFO - Setting next_dagrun for example_xcom_args to None, run_after=None
[2025-07-22T17:51:12.003+0000] {logging_mixin.py:188} INFO - [2025-07-22T17:51:12.003+0000] {dag.py:3954} INFO - Setting next_dagrun for example_xcom_args_with_operators to None, run_after=None
[2025-07-22T17:51:12.012+0000] {processor.py:183} INFO - Processing /home/airflow/.local/lib/python3.12/site-packages/airflow/example_dags/example_xcomargs.py took 0.119 seconds
[2025-07-22T17:51:42.228+0000] {processor.py:161} INFO - Started process (PID=1216) to work on /home/airflow/.local/lib/python3.12/site-packages/airflow/example_dags/example_xcomargs.py
[2025-07-22T17:51:42.229+0000] {processor.py:830} INFO - Processing file /home/airflow/.local/lib/python3.12/site-packages/airflow/example_dags/example_xcomargs.py for tasks to queue
[2025-07-22T17:51:42.229+0000] {logging_mixin.py:188} INFO - [2025-07-22T17:51:42.229+0000] {dagbag.py:540} INFO - Filling up the DagBag from /home/airflow/.local/lib/python3.12/site-packages/airflow/example_dags/example_xcomargs.py
[2025-07-22T17:51:42.233+0000] {processor.py:840} INFO - DAG(s) 'example_xcom_args', 'example_xcom_args_with_operators' retrieved from /home/airflow/.local/lib/python3.12/site-packages/airflow/example_dags/example_xcomargs.py
[2025-07-22T17:51:42.242+0000] {logging_mixin.py:188} INFO - [2025-07-22T17:51:42.242+0000] {dag.py:3096} INFO - Sync 2 DAGs
[2025-07-22T17:51:42.249+0000] {logging_mixin.py:188} INFO - [2025-07-22T17:51:42.249+0000] {dag.py:3954} INFO - Setting next_dagrun for example_xcom_args to None, run_after=None
[2025-07-22T17:51:42.253+0000] {logging_mixin.py:188} INFO - [2025-07-22T17:51:42.253+0000] {dag.py:3954} INFO - Setting next_dagrun for example_xcom_args_with_operators to None, run_after=None
[2025-07-22T17:51:42.263+0000] {processor.py:183} INFO - Processing /home/airflow/.local/lib/python3.12/site-packages/airflow/example_dags/example_xcomargs.py took 0.037 seconds
[2025-07-22T17:52:13.368+0000] {processor.py:161} INFO - Started process (PID=1276) to work on /home/airflow/.local/lib/python3.12/site-packages/airflow/example_dags/example_xcomargs.py
[2025-07-22T17:52:13.369+0000] {processor.py:830} INFO - Processing file /home/airflow/.local/lib/python3.12/site-packages/airflow/example_dags/example_xcomargs.py for tasks to queue
[2025-07-22T17:52:13.371+0000] {logging_mixin.py:188} INFO - [2025-07-22T17:52:13.370+0000] {dagbag.py:540} INFO - Filling up the DagBag from /home/airflow/.local/lib/python3.12/site-packages/airflow/example_dags/example_xcomargs.py
[2025-07-22T17:52:13.374+0000] {processor.py:840} INFO - DAG(s) 'example_xcom_args_with_operators', 'example_xcom_args' retrieved from /home/airflow/.local/lib/python3.12/site-packages/airflow/example_dags/example_xcomargs.py
[2025-07-22T17:52:13.386+0000] {logging_mixin.py:188} INFO - [2025-07-22T17:52:13.386+0000] {dag.py:3096} INFO - Sync 2 DAGs
[2025-07-22T17:52:13.390+0000] {logging_mixin.py:188} INFO - [2025-07-22T17:52:13.390+0000] {dag.py:3954} INFO - Setting next_dagrun for example_xcom_args to None, run_after=None
[2025-07-22T17:52:13.392+0000] {logging_mixin.py:188} INFO - [2025-07-22T17:52:13.392+0000] {dag.py:3954} INFO - Setting next_dagrun for example_xcom_args_with_operators to None, run_after=None
[2025-07-22T17:52:13.401+0000] {processor.py:183} INFO - Processing /home/airflow/.local/lib/python3.12/site-packages/airflow/example_dags/example_xcomargs.py took 0.035 seconds
[2025-07-22T17:52:44.516+0000] {processor.py:161} INFO - Started process (PID=1336) to work on /home/airflow/.local/lib/python3.12/site-packages/airflow/example_dags/example_xcomargs.py
[2025-07-22T17:52:44.518+0000] {processor.py:830} INFO - Processing file /home/airflow/.local/lib/python3.12/site-packages/airflow/example_dags/example_xcomargs.py for tasks to queue
[2025-07-22T17:52:44.518+0000] {logging_mixin.py:188} INFO - [2025-07-22T17:52:44.518+0000] {dagbag.py:540} INFO - Filling up the DagBag from /home/airflow/.local/lib/python3.12/site-packages/airflow/example_dags/example_xcomargs.py
[2025-07-22T17:52:44.522+0000] {processor.py:840} INFO - DAG(s) 'example_xcom_args', 'example_xcom_args_with_operators' retrieved from /home/airflow/.local/lib/python3.12/site-packages/airflow/example_dags/example_xcomargs.py
[2025-07-22T17:52:44.536+0000] {logging_mixin.py:188} INFO - [2025-07-22T17:52:44.536+0000] {dag.py:3096} INFO - Sync 2 DAGs
[2025-07-22T17:52:44.542+0000] {logging_mixin.py:188} INFO - [2025-07-22T17:52:44.542+0000] {dag.py:3954} INFO - Setting next_dagrun for example_xcom_args to None, run_after=None
[2025-07-22T17:52:44.544+0000] {logging_mixin.py:188} INFO - [2025-07-22T17:52:44.544+0000] {dag.py:3954} INFO - Setting next_dagrun for example_xcom_args_with_operators to None, run_after=None
[2025-07-22T17:52:44.553+0000] {processor.py:183} INFO - Processing /home/airflow/.local/lib/python3.12/site-packages/airflow/example_dags/example_xcomargs.py took 0.039 seconds
[2025-07-22T17:53:15.568+0000] {processor.py:161} INFO - Started process (PID=1396) to work on /home/airflow/.local/lib/python3.12/site-packages/airflow/example_dags/example_xcomargs.py
[2025-07-22T17:53:15.569+0000] {processor.py:830} INFO - Processing file /home/airflow/.local/lib/python3.12/site-packages/airflow/example_dags/example_xcomargs.py for tasks to queue
[2025-07-22T17:53:15.569+0000] {logging_mixin.py:188} INFO - [2025-07-22T17:53:15.569+0000] {dagbag.py:540} INFO - Filling up the DagBag from /home/airflow/.local/lib/python3.12/site-packages/airflow/example_dags/example_xcomargs.py
[2025-07-22T17:53:15.573+0000] {processor.py:840} INFO - DAG(s) 'example_xcom_args', 'example_xcom_args_with_operators' retrieved from /home/airflow/.local/lib/python3.12/site-packages/airflow/example_dags/example_xcomargs.py
[2025-07-22T17:53:15.586+0000] {logging_mixin.py:188} INFO - [2025-07-22T17:53:15.585+0000] {dag.py:3096} INFO - Sync 2 DAGs
[2025-07-22T17:53:15.595+0000] {logging_mixin.py:188} INFO - [2025-07-22T17:53:15.595+0000] {dag.py:3954} INFO - Setting next_dagrun for example_xcom_args to None, run_after=None
[2025-07-22T17:53:15.599+0000] {logging_mixin.py:188} INFO - [2025-07-22T17:53:15.599+0000] {dag.py:3954} INFO - Setting next_dagrun for example_xcom_args_with_operators to None, run_after=None
[2025-07-22T17:53:15.607+0000] {processor.py:183} INFO - Processing /home/airflow/.local/lib/python3.12/site-packages/airflow/example_dags/example_xcomargs.py took 0.042 seconds
[2025-07-22T17:53:46.539+0000] {processor.py:161} INFO - Started process (PID=1456) to work on /home/airflow/.local/lib/python3.12/site-packages/airflow/example_dags/example_xcomargs.py
[2025-07-22T17:53:46.539+0000] {processor.py:830} INFO - Processing file /home/airflow/.local/lib/python3.12/site-packages/airflow/example_dags/example_xcomargs.py for tasks to queue
[2025-07-22T17:53:46.541+0000] {logging_mixin.py:188} INFO - [2025-07-22T17:53:46.541+0000] {dagbag.py:540} INFO - Filling up the DagBag from /home/airflow/.local/lib/python3.12/site-packages/airflow/example_dags/example_xcomargs.py
[2025-07-22T17:53:46.544+0000] {processor.py:840} INFO - DAG(s) 'example_xcom_args', 'example_xcom_args_with_operators' retrieved from /home/airflow/.local/lib/python3.12/site-packages/airflow/example_dags/example_xcomargs.py
[2025-07-22T17:53:46.554+0000] {logging_mixin.py:188} INFO - [2025-07-22T17:53:46.554+0000] {dag.py:3096} INFO - Sync 2 DAGs
[2025-07-22T17:53:46.559+0000] {logging_mixin.py:188} INFO - [2025-07-22T17:53:46.559+0000] {dag.py:3954} INFO - Setting next_dagrun for example_xcom_args to None, run_after=None
[2025-07-22T17:53:46.560+0000] {logging_mixin.py:188} INFO - [2025-07-22T17:53:46.560+0000] {dag.py:3954} INFO - Setting next_dagrun for example_xcom_args_with_operators to None, run_after=None
[2025-07-22T17:53:46.567+0000] {processor.py:183} INFO - Processing /home/airflow/.local/lib/python3.12/site-packages/airflow/example_dags/example_xcomargs.py took 0.030 seconds
[2025-07-22T17:54:16.940+0000] {processor.py:161} INFO - Started process (PID=1516) to work on /home/airflow/.local/lib/python3.12/site-packages/airflow/example_dags/example_xcomargs.py
[2025-07-22T17:54:16.942+0000] {processor.py:830} INFO - Processing file /home/airflow/.local/lib/python3.12/site-packages/airflow/example_dags/example_xcomargs.py for tasks to queue
[2025-07-22T17:54:16.943+0000] {logging_mixin.py:188} INFO - [2025-07-22T17:54:16.942+0000] {dagbag.py:540} INFO - Filling up the DagBag from /home/airflow/.local/lib/python3.12/site-packages/airflow/example_dags/example_xcomargs.py
[2025-07-22T17:54:16.946+0000] {processor.py:840} INFO - DAG(s) 'example_xcom_args_with_operators', 'example_xcom_args' retrieved from /home/airflow/.local/lib/python3.12/site-packages/airflow/example_dags/example_xcomargs.py
[2025-07-22T17:54:16.955+0000] {logging_mixin.py:188} INFO - [2025-07-22T17:54:16.955+0000] {dag.py:3096} INFO - Sync 2 DAGs
[2025-07-22T17:54:16.961+0000] {logging_mixin.py:188} INFO - [2025-07-22T17:54:16.961+0000] {dag.py:3954} INFO - Setting next_dagrun for example_xcom_args to None, run_after=None
[2025-07-22T17:54:16.963+0000] {logging_mixin.py:188} INFO - [2025-07-22T17:54:16.962+0000] {dag.py:3954} INFO - Setting next_dagrun for example_xcom_args_with_operators to None, run_after=None
[2025-07-22T17:54:16.973+0000] {processor.py:183} INFO - Processing /home/airflow/.local/lib/python3.12/site-packages/airflow/example_dags/example_xcomargs.py took 0.035 seconds
[2025-07-22T17:54:47.713+0000] {processor.py:161} INFO - Started process (PID=1576) to work on /home/airflow/.local/lib/python3.12/site-packages/airflow/example_dags/example_xcomargs.py
[2025-07-22T17:54:47.713+0000] {processor.py:830} INFO - Processing file /home/airflow/.local/lib/python3.12/site-packages/airflow/example_dags/example_xcomargs.py for tasks to queue
[2025-07-22T17:54:47.714+0000] {logging_mixin.py:188} INFO - [2025-07-22T17:54:47.714+0000] {dagbag.py:540} INFO - Filling up the DagBag from /home/airflow/.local/lib/python3.12/site-packages/airflow/example_dags/example_xcomargs.py
[2025-07-22T17:54:47.717+0000] {processor.py:840} INFO - DAG(s) 'example_xcom_args', 'example_xcom_args_with_operators' retrieved from /home/airflow/.local/lib/python3.12/site-packages/airflow/example_dags/example_xcomargs.py
[2025-07-22T17:54:47.725+0000] {logging_mixin.py:188} INFO - [2025-07-22T17:54:47.725+0000] {dag.py:3096} INFO - Sync 2 DAGs
[2025-07-22T17:54:47.730+0000] {logging_mixin.py:188} INFO - [2025-07-22T17:54:47.730+0000] {dag.py:3954} INFO - Setting next_dagrun for example_xcom_args to None, run_after=None
[2025-07-22T17:54:47.731+0000] {logging_mixin.py:188} INFO - [2025-07-22T17:54:47.731+0000] {dag.py:3954} INFO - Setting next_dagrun for example_xcom_args_with_operators to None, run_after=None
[2025-07-22T17:54:47.735+0000] {processor.py:183} INFO - Processing /home/airflow/.local/lib/python3.12/site-packages/airflow/example_dags/example_xcomargs.py took 0.025 seconds
