[2025-07-22T17:47:04.336+0000] {processor.py:161} INFO - Started process (PID=661) to work on /home/airflow/.local/lib/python3.12/site-packages/airflow/example_dags/example_branch_datetime_operator.py
[2025-07-22T17:47:04.338+0000] {processor.py:830} INFO - Processing file /home/airflow/.local/lib/python3.12/site-packages/airflow/example_dags/example_branch_datetime_operator.py for tasks to queue
[2025-07-22T17:47:04.339+0000] {logging_mixin.py:188} INFO - [2025-07-22T17:47:04.339+0000] {dagbag.py:540} INFO - Filling up the DagBag from /home/airflow/.local/lib/python3.12/site-packages/airflow/example_dags/example_branch_datetime_operator.py
[2025-07-22T17:47:04.343+0000] {processor.py:840} INFO - DAG(s) 'example_branch_datetime_operator', 'example_branch_datetime_operator_2', 'example_branch_datetime_operator_3' retrieved from /home/airflow/.local/lib/python3.12/site-packages/airflow/example_dags/example_branch_datetime_operator.py
[2025-07-22T17:47:04.353+0000] {logging_mixin.py:188} INFO - [2025-07-22T17:47:04.353+0000] {dag.py:3096} INFO - Sync 3 DAGs
[2025-07-22T17:47:04.363+0000] {logging_mixin.py:188} INFO - [2025-07-22T17:47:04.363+0000] {dag.py:3954} INFO - Setting next_dagrun for example_branch_datetime_operator to 2025-07-21 00:00:00+00:00, run_after=2025-07-22 00:00:00+00:00
[2025-07-22T17:47:04.368+0000] {logging_mixin.py:188} INFO - [2025-07-22T17:47:04.368+0000] {dag.py:3954} INFO - Setting next_dagrun for example_branch_datetime_operator_2 to 2025-07-21 00:00:00+00:00, run_after=2025-07-22 00:00:00+00:00
[2025-07-22T17:47:04.369+0000] {logging_mixin.py:188} INFO - [2025-07-22T17:47:04.369+0000] {dag.py:3954} INFO - Setting next_dagrun for example_branch_datetime_operator_3 to 2025-07-21 00:00:00+00:00, run_after=2025-07-22 00:00:00+00:00
[2025-07-22T17:47:04.376+0000] {processor.py:183} INFO - Processing /home/airflow/.local/lib/python3.12/site-packages/airflow/example_dags/example_branch_datetime_operator.py took 0.043 seconds
[2025-07-22T17:47:35.047+0000] {processor.py:161} INFO - Started process (PID=721) to work on /home/airflow/.local/lib/python3.12/site-packages/airflow/example_dags/example_branch_datetime_operator.py
[2025-07-22T17:47:35.047+0000] {processor.py:830} INFO - Processing file /home/airflow/.local/lib/python3.12/site-packages/airflow/example_dags/example_branch_datetime_operator.py for tasks to queue
[2025-07-22T17:47:35.048+0000] {logging_mixin.py:188} INFO - [2025-07-22T17:47:35.048+0000] {dagbag.py:540} INFO - Filling up the DagBag from /home/airflow/.local/lib/python3.12/site-packages/airflow/example_dags/example_branch_datetime_operator.py
[2025-07-22T17:47:35.051+0000] {processor.py:840} INFO - DAG(s) 'example_branch_datetime_operator_3', 'example_branch_datetime_operator', 'example_branch_datetime_operator_2' retrieved from /home/airflow/.local/lib/python3.12/site-packages/airflow/example_dags/example_branch_datetime_operator.py
[2025-07-22T17:47:35.060+0000] {logging_mixin.py:188} INFO - [2025-07-22T17:47:35.060+0000] {dag.py:3096} INFO - Sync 3 DAGs
[2025-07-22T17:47:35.067+0000] {logging_mixin.py:188} INFO - [2025-07-22T17:47:35.067+0000] {dag.py:3954} INFO - Setting next_dagrun for example_branch_datetime_operator to 2025-07-21 00:00:00+00:00, run_after=2025-07-22 00:00:00+00:00
[2025-07-22T17:47:35.068+0000] {logging_mixin.py:188} INFO - [2025-07-22T17:47:35.068+0000] {dag.py:3954} INFO - Setting next_dagrun for example_branch_datetime_operator_2 to 2025-07-21 00:00:00+00:00, run_after=2025-07-22 00:00:00+00:00
[2025-07-22T17:47:35.069+0000] {logging_mixin.py:188} INFO - [2025-07-22T17:47:35.069+0000] {dag.py:3954} INFO - Setting next_dagrun for example_branch_datetime_operator_3 to 2025-07-21 00:00:00+00:00, run_after=2025-07-22 00:00:00+00:00
[2025-07-22T17:47:35.073+0000] {processor.py:183} INFO - Processing /home/airflow/.local/lib/python3.12/site-packages/airflow/example_dags/example_branch_datetime_operator.py took 0.029 seconds
[2025-07-22T17:48:05.962+0000] {processor.py:161} INFO - Started process (PID=781) to work on /home/airflow/.local/lib/python3.12/site-packages/airflow/example_dags/example_branch_datetime_operator.py
[2025-07-22T17:48:05.963+0000] {processor.py:830} INFO - Processing file /home/airflow/.local/lib/python3.12/site-packages/airflow/example_dags/example_branch_datetime_operator.py for tasks to queue
[2025-07-22T17:48:05.964+0000] {logging_mixin.py:188} INFO - [2025-07-22T17:48:05.964+0000] {dagbag.py:540} INFO - Filling up the DagBag from /home/airflow/.local/lib/python3.12/site-packages/airflow/example_dags/example_branch_datetime_operator.py
[2025-07-22T17:48:05.967+0000] {processor.py:840} INFO - DAG(s) 'example_branch_datetime_operator_2', 'example_branch_datetime_operator', 'example_branch_datetime_operator_3' retrieved from /home/airflow/.local/lib/python3.12/site-packages/airflow/example_dags/example_branch_datetime_operator.py
[2025-07-22T17:48:05.981+0000] {logging_mixin.py:188} INFO - [2025-07-22T17:48:05.981+0000] {dag.py:3096} INFO - Sync 3 DAGs
[2025-07-22T17:48:05.990+0000] {logging_mixin.py:188} INFO - [2025-07-22T17:48:05.990+0000] {dag.py:3954} INFO - Setting next_dagrun for example_branch_datetime_operator to 2025-07-21 00:00:00+00:00, run_after=2025-07-22 00:00:00+00:00
[2025-07-22T17:48:05.992+0000] {logging_mixin.py:188} INFO - [2025-07-22T17:48:05.992+0000] {dag.py:3954} INFO - Setting next_dagrun for example_branch_datetime_operator_2 to 2025-07-21 00:00:00+00:00, run_after=2025-07-22 00:00:00+00:00
[2025-07-22T17:48:05.993+0000] {logging_mixin.py:188} INFO - [2025-07-22T17:48:05.993+0000] {dag.py:3954} INFO - Setting next_dagrun for example_branch_datetime_operator_3 to 2025-07-21 00:00:00+00:00, run_after=2025-07-22 00:00:00+00:00
[2025-07-22T17:48:05.998+0000] {processor.py:183} INFO - Processing /home/airflow/.local/lib/python3.12/site-packages/airflow/example_dags/example_branch_datetime_operator.py took 0.038 seconds
[2025-07-22T17:48:36.820+0000] {processor.py:161} INFO - Started process (PID=841) to work on /home/airflow/.local/lib/python3.12/site-packages/airflow/example_dags/example_branch_datetime_operator.py
[2025-07-22T17:48:36.822+0000] {processor.py:830} INFO - Processing file /home/airflow/.local/lib/python3.12/site-packages/airflow/example_dags/example_branch_datetime_operator.py for tasks to queue
[2025-07-22T17:48:36.824+0000] {logging_mixin.py:188} INFO - [2025-07-22T17:48:36.824+0000] {dagbag.py:540} INFO - Filling up the DagBag from /home/airflow/.local/lib/python3.12/site-packages/airflow/example_dags/example_branch_datetime_operator.py
[2025-07-22T17:48:36.828+0000] {processor.py:840} INFO - DAG(s) 'example_branch_datetime_operator_3', 'example_branch_datetime_operator', 'example_branch_datetime_operator_2' retrieved from /home/airflow/.local/lib/python3.12/site-packages/airflow/example_dags/example_branch_datetime_operator.py
[2025-07-22T17:48:36.839+0000] {logging_mixin.py:188} INFO - [2025-07-22T17:48:36.839+0000] {dag.py:3096} INFO - Sync 3 DAGs
[2025-07-22T17:48:36.847+0000] {logging_mixin.py:188} INFO - [2025-07-22T17:48:36.846+0000] {dag.py:3954} INFO - Setting next_dagrun for example_branch_datetime_operator to 2025-07-21 00:00:00+00:00, run_after=2025-07-22 00:00:00+00:00
[2025-07-22T17:48:36.849+0000] {logging_mixin.py:188} INFO - [2025-07-22T17:48:36.849+0000] {dag.py:3954} INFO - Setting next_dagrun for example_branch_datetime_operator_2 to 2025-07-21 00:00:00+00:00, run_after=2025-07-22 00:00:00+00:00
[2025-07-22T17:48:36.850+0000] {logging_mixin.py:188} INFO - [2025-07-22T17:48:36.850+0000] {dag.py:3954} INFO - Setting next_dagrun for example_branch_datetime_operator_3 to 2025-07-21 00:00:00+00:00, run_after=2025-07-22 00:00:00+00:00
[2025-07-22T17:48:36.857+0000] {processor.py:183} INFO - Processing /home/airflow/.local/lib/python3.12/site-packages/airflow/example_dags/example_branch_datetime_operator.py took 0.040 seconds
[2025-07-22T17:49:06.943+0000] {processor.py:161} INFO - Started process (PID=900) to work on /home/airflow/.local/lib/python3.12/site-packages/airflow/example_dags/example_branch_datetime_operator.py
[2025-07-22T17:49:06.943+0000] {processor.py:830} INFO - Processing file /home/airflow/.local/lib/python3.12/site-packages/airflow/example_dags/example_branch_datetime_operator.py for tasks to queue
[2025-07-22T17:49:06.944+0000] {logging_mixin.py:188} INFO - [2025-07-22T17:49:06.944+0000] {dagbag.py:540} INFO - Filling up the DagBag from /home/airflow/.local/lib/python3.12/site-packages/airflow/example_dags/example_branch_datetime_operator.py
[2025-07-22T17:49:06.948+0000] {processor.py:840} INFO - DAG(s) 'example_branch_datetime_operator', 'example_branch_datetime_operator_2', 'example_branch_datetime_operator_3' retrieved from /home/airflow/.local/lib/python3.12/site-packages/airflow/example_dags/example_branch_datetime_operator.py
[2025-07-22T17:49:06.959+0000] {logging_mixin.py:188} INFO - [2025-07-22T17:49:06.958+0000] {dag.py:3096} INFO - Sync 3 DAGs
[2025-07-22T17:49:06.967+0000] {logging_mixin.py:188} INFO - [2025-07-22T17:49:06.967+0000] {dag.py:3954} INFO - Setting next_dagrun for example_branch_datetime_operator to 2025-07-21 00:00:00+00:00, run_after=2025-07-22 00:00:00+00:00
[2025-07-22T17:49:06.969+0000] {logging_mixin.py:188} INFO - [2025-07-22T17:49:06.969+0000] {dag.py:3954} INFO - Setting next_dagrun for example_branch_datetime_operator_2 to 2025-07-21 00:00:00+00:00, run_after=2025-07-22 00:00:00+00:00
[2025-07-22T17:49:06.969+0000] {logging_mixin.py:188} INFO - [2025-07-22T17:49:06.969+0000] {dag.py:3954} INFO - Setting next_dagrun for example_branch_datetime_operator_3 to 2025-07-21 00:00:00+00:00, run_after=2025-07-22 00:00:00+00:00
[2025-07-22T17:49:06.975+0000] {processor.py:183} INFO - Processing /home/airflow/.local/lib/python3.12/site-packages/airflow/example_dags/example_branch_datetime_operator.py took 0.034 seconds
[2025-07-22T17:49:37.983+0000] {processor.py:161} INFO - Started process (PID=959) to work on /home/airflow/.local/lib/python3.12/site-packages/airflow/example_dags/example_branch_datetime_operator.py
[2025-07-22T17:49:37.989+0000] {processor.py:830} INFO - Processing file /home/airflow/.local/lib/python3.12/site-packages/airflow/example_dags/example_branch_datetime_operator.py for tasks to queue
[2025-07-22T17:49:37.992+0000] {logging_mixin.py:188} INFO - [2025-07-22T17:49:37.991+0000] {dagbag.py:540} INFO - Filling up the DagBag from /home/airflow/.local/lib/python3.12/site-packages/airflow/example_dags/example_branch_datetime_operator.py
[2025-07-22T17:49:38.011+0000] {processor.py:840} INFO - DAG(s) 'example_branch_datetime_operator', 'example_branch_datetime_operator_3', 'example_branch_datetime_operator_2' retrieved from /home/airflow/.local/lib/python3.12/site-packages/airflow/example_dags/example_branch_datetime_operator.py
[2025-07-22T17:49:38.031+0000] {logging_mixin.py:188} INFO - [2025-07-22T17:49:38.030+0000] {dag.py:3096} INFO - Sync 3 DAGs
[2025-07-22T17:49:38.041+0000] {logging_mixin.py:188} INFO - [2025-07-22T17:49:38.041+0000] {dag.py:3954} INFO - Setting next_dagrun for example_branch_datetime_operator to 2025-07-21 00:00:00+00:00, run_after=2025-07-22 00:00:00+00:00
[2025-07-22T17:49:38.043+0000] {logging_mixin.py:188} INFO - [2025-07-22T17:49:38.043+0000] {dag.py:3954} INFO - Setting next_dagrun for example_branch_datetime_operator_2 to 2025-07-21 00:00:00+00:00, run_after=2025-07-22 00:00:00+00:00
[2025-07-22T17:49:38.044+0000] {logging_mixin.py:188} INFO - [2025-07-22T17:49:38.043+0000] {dag.py:3954} INFO - Setting next_dagrun for example_branch_datetime_operator_3 to 2025-07-21 00:00:00+00:00, run_after=2025-07-22 00:00:00+00:00
[2025-07-22T17:49:38.057+0000] {processor.py:183} INFO - Processing /home/airflow/.local/lib/python3.12/site-packages/airflow/example_dags/example_branch_datetime_operator.py took 0.081 seconds
[2025-07-22T17:50:08.127+0000] {processor.py:161} INFO - Started process (PID=1018) to work on /home/airflow/.local/lib/python3.12/site-packages/airflow/example_dags/example_branch_datetime_operator.py
[2025-07-22T17:50:08.127+0000] {processor.py:830} INFO - Processing file /home/airflow/.local/lib/python3.12/site-packages/airflow/example_dags/example_branch_datetime_operator.py for tasks to queue
[2025-07-22T17:50:08.128+0000] {logging_mixin.py:188} INFO - [2025-07-22T17:50:08.128+0000] {dagbag.py:540} INFO - Filling up the DagBag from /home/airflow/.local/lib/python3.12/site-packages/airflow/example_dags/example_branch_datetime_operator.py
[2025-07-22T17:50:08.133+0000] {processor.py:840} INFO - DAG(s) 'example_branch_datetime_operator_2', 'example_branch_datetime_operator_3', 'example_branch_datetime_operator' retrieved from /home/airflow/.local/lib/python3.12/site-packages/airflow/example_dags/example_branch_datetime_operator.py
[2025-07-22T17:50:08.145+0000] {logging_mixin.py:188} INFO - [2025-07-22T17:50:08.145+0000] {dag.py:3096} INFO - Sync 3 DAGs
[2025-07-22T17:50:08.153+0000] {logging_mixin.py:188} INFO - [2025-07-22T17:50:08.152+0000] {dag.py:3954} INFO - Setting next_dagrun for example_branch_datetime_operator to 2025-07-21 00:00:00+00:00, run_after=2025-07-22 00:00:00+00:00
[2025-07-22T17:50:08.154+0000] {logging_mixin.py:188} INFO - [2025-07-22T17:50:08.154+0000] {dag.py:3954} INFO - Setting next_dagrun for example_branch_datetime_operator_2 to 2025-07-21 00:00:00+00:00, run_after=2025-07-22 00:00:00+00:00
[2025-07-22T17:50:08.155+0000] {logging_mixin.py:188} INFO - [2025-07-22T17:50:08.155+0000] {dag.py:3954} INFO - Setting next_dagrun for example_branch_datetime_operator_3 to 2025-07-21 00:00:00+00:00, run_after=2025-07-22 00:00:00+00:00
[2025-07-22T17:50:08.160+0000] {processor.py:183} INFO - Processing /home/airflow/.local/lib/python3.12/site-packages/airflow/example_dags/example_branch_datetime_operator.py took 0.035 seconds
[2025-07-22T17:50:38.882+0000] {processor.py:161} INFO - Started process (PID=1078) to work on /home/airflow/.local/lib/python3.12/site-packages/airflow/example_dags/example_branch_datetime_operator.py
[2025-07-22T17:50:38.882+0000] {processor.py:830} INFO - Processing file /home/airflow/.local/lib/python3.12/site-packages/airflow/example_dags/example_branch_datetime_operator.py for tasks to queue
[2025-07-22T17:50:38.884+0000] {logging_mixin.py:188} INFO - [2025-07-22T17:50:38.884+0000] {dagbag.py:540} INFO - Filling up the DagBag from /home/airflow/.local/lib/python3.12/site-packages/airflow/example_dags/example_branch_datetime_operator.py
[2025-07-22T17:50:38.891+0000] {processor.py:840} INFO - DAG(s) 'example_branch_datetime_operator_2', 'example_branch_datetime_operator_3', 'example_branch_datetime_operator' retrieved from /home/airflow/.local/lib/python3.12/site-packages/airflow/example_dags/example_branch_datetime_operator.py
[2025-07-22T17:50:38.991+0000] {logging_mixin.py:188} INFO - [2025-07-22T17:50:38.991+0000] {dag.py:3096} INFO - Sync 3 DAGs
[2025-07-22T17:50:38.998+0000] {logging_mixin.py:188} INFO - [2025-07-22T17:50:38.998+0000] {dag.py:3954} INFO - Setting next_dagrun for example_branch_datetime_operator to 2025-07-21 00:00:00+00:00, run_after=2025-07-22 00:00:00+00:00
[2025-07-22T17:50:39.000+0000] {logging_mixin.py:188} INFO - [2025-07-22T17:50:39.000+0000] {dag.py:3954} INFO - Setting next_dagrun for example_branch_datetime_operator_2 to 2025-07-21 00:00:00+00:00, run_after=2025-07-22 00:00:00+00:00
[2025-07-22T17:50:39.001+0000] {logging_mixin.py:188} INFO - [2025-07-22T17:50:39.001+0000] {dag.py:3954} INFO - Setting next_dagrun for example_branch_datetime_operator_3 to 2025-07-21 00:00:00+00:00, run_after=2025-07-22 00:00:00+00:00
[2025-07-22T17:50:39.010+0000] {processor.py:183} INFO - Processing /home/airflow/.local/lib/python3.12/site-packages/airflow/example_dags/example_branch_datetime_operator.py took 0.131 seconds
[2025-07-22T17:51:09.480+0000] {processor.py:161} INFO - Started process (PID=1138) to work on /home/airflow/.local/lib/python3.12/site-packages/airflow/example_dags/example_branch_datetime_operator.py
[2025-07-22T17:51:09.481+0000] {processor.py:830} INFO - Processing file /home/airflow/.local/lib/python3.12/site-packages/airflow/example_dags/example_branch_datetime_operator.py for tasks to queue
[2025-07-22T17:51:09.482+0000] {logging_mixin.py:188} INFO - [2025-07-22T17:51:09.481+0000] {dagbag.py:540} INFO - Filling up the DagBag from /home/airflow/.local/lib/python3.12/site-packages/airflow/example_dags/example_branch_datetime_operator.py
[2025-07-22T17:51:09.486+0000] {processor.py:840} INFO - DAG(s) 'example_branch_datetime_operator_2', 'example_branch_datetime_operator', 'example_branch_datetime_operator_3' retrieved from /home/airflow/.local/lib/python3.12/site-packages/airflow/example_dags/example_branch_datetime_operator.py
[2025-07-22T17:51:09.498+0000] {logging_mixin.py:188} INFO - [2025-07-22T17:51:09.498+0000] {dag.py:3096} INFO - Sync 3 DAGs
[2025-07-22T17:51:09.589+0000] {logging_mixin.py:188} INFO - [2025-07-22T17:51:09.589+0000] {dag.py:3954} INFO - Setting next_dagrun for example_branch_datetime_operator to 2025-07-21 00:00:00+00:00, run_after=2025-07-22 00:00:00+00:00
[2025-07-22T17:51:09.595+0000] {logging_mixin.py:188} INFO - [2025-07-22T17:51:09.594+0000] {dag.py:3954} INFO - Setting next_dagrun for example_branch_datetime_operator_2 to 2025-07-21 00:00:00+00:00, run_after=2025-07-22 00:00:00+00:00
[2025-07-22T17:51:09.596+0000] {logging_mixin.py:188} INFO - [2025-07-22T17:51:09.596+0000] {dag.py:3954} INFO - Setting next_dagrun for example_branch_datetime_operator_3 to 2025-07-21 00:00:00+00:00, run_after=2025-07-22 00:00:00+00:00
[2025-07-22T17:51:09.608+0000] {processor.py:183} INFO - Processing /home/airflow/.local/lib/python3.12/site-packages/airflow/example_dags/example_branch_datetime_operator.py took 0.130 seconds
[2025-07-22T17:51:39.631+0000] {processor.py:161} INFO - Started process (PID=1198) to work on /home/airflow/.local/lib/python3.12/site-packages/airflow/example_dags/example_branch_datetime_operator.py
[2025-07-22T17:51:39.632+0000] {processor.py:830} INFO - Processing file /home/airflow/.local/lib/python3.12/site-packages/airflow/example_dags/example_branch_datetime_operator.py for tasks to queue
[2025-07-22T17:51:39.632+0000] {logging_mixin.py:188} INFO - [2025-07-22T17:51:39.632+0000] {dagbag.py:540} INFO - Filling up the DagBag from /home/airflow/.local/lib/python3.12/site-packages/airflow/example_dags/example_branch_datetime_operator.py
[2025-07-22T17:51:39.636+0000] {processor.py:840} INFO - DAG(s) 'example_branch_datetime_operator_2', 'example_branch_datetime_operator', 'example_branch_datetime_operator_3' retrieved from /home/airflow/.local/lib/python3.12/site-packages/airflow/example_dags/example_branch_datetime_operator.py
[2025-07-22T17:51:39.645+0000] {logging_mixin.py:188} INFO - [2025-07-22T17:51:39.645+0000] {dag.py:3096} INFO - Sync 3 DAGs
[2025-07-22T17:51:39.653+0000] {logging_mixin.py:188} INFO - [2025-07-22T17:51:39.653+0000] {dag.py:3954} INFO - Setting next_dagrun for example_branch_datetime_operator to 2025-07-21 00:00:00+00:00, run_after=2025-07-22 00:00:00+00:00
[2025-07-22T17:51:39.654+0000] {logging_mixin.py:188} INFO - [2025-07-22T17:51:39.654+0000] {dag.py:3954} INFO - Setting next_dagrun for example_branch_datetime_operator_2 to 2025-07-21 00:00:00+00:00, run_after=2025-07-22 00:00:00+00:00
[2025-07-22T17:51:39.655+0000] {logging_mixin.py:188} INFO - [2025-07-22T17:51:39.655+0000] {dag.py:3954} INFO - Setting next_dagrun for example_branch_datetime_operator_3 to 2025-07-21 00:00:00+00:00, run_after=2025-07-22 00:00:00+00:00
[2025-07-22T17:51:39.660+0000] {processor.py:183} INFO - Processing /home/airflow/.local/lib/python3.12/site-packages/airflow/example_dags/example_branch_datetime_operator.py took 0.031 seconds
[2025-07-22T17:52:10.651+0000] {processor.py:161} INFO - Started process (PID=1258) to work on /home/airflow/.local/lib/python3.12/site-packages/airflow/example_dags/example_branch_datetime_operator.py
[2025-07-22T17:52:10.658+0000] {processor.py:830} INFO - Processing file /home/airflow/.local/lib/python3.12/site-packages/airflow/example_dags/example_branch_datetime_operator.py for tasks to queue
[2025-07-22T17:52:10.674+0000] {logging_mixin.py:188} INFO - [2025-07-22T17:52:10.667+0000] {dagbag.py:540} INFO - Filling up the DagBag from /home/airflow/.local/lib/python3.12/site-packages/airflow/example_dags/example_branch_datetime_operator.py
[2025-07-22T17:52:10.696+0000] {processor.py:840} INFO - DAG(s) 'example_branch_datetime_operator_3', 'example_branch_datetime_operator_2', 'example_branch_datetime_operator' retrieved from /home/airflow/.local/lib/python3.12/site-packages/airflow/example_dags/example_branch_datetime_operator.py
[2025-07-22T17:52:10.718+0000] {logging_mixin.py:188} INFO - [2025-07-22T17:52:10.718+0000] {dag.py:3096} INFO - Sync 3 DAGs
[2025-07-22T17:52:10.727+0000] {logging_mixin.py:188} INFO - [2025-07-22T17:52:10.727+0000] {dag.py:3954} INFO - Setting next_dagrun for example_branch_datetime_operator to 2025-07-21 00:00:00+00:00, run_after=2025-07-22 00:00:00+00:00
[2025-07-22T17:52:10.730+0000] {logging_mixin.py:188} INFO - [2025-07-22T17:52:10.730+0000] {dag.py:3954} INFO - Setting next_dagrun for example_branch_datetime_operator_2 to 2025-07-21 00:00:00+00:00, run_after=2025-07-22 00:00:00+00:00
[2025-07-22T17:52:10.731+0000] {logging_mixin.py:188} INFO - [2025-07-22T17:52:10.731+0000] {dag.py:3954} INFO - Setting next_dagrun for example_branch_datetime_operator_3 to 2025-07-21 00:00:00+00:00, run_after=2025-07-22 00:00:00+00:00
[2025-07-22T17:52:10.736+0000] {processor.py:183} INFO - Processing /home/airflow/.local/lib/python3.12/site-packages/airflow/example_dags/example_branch_datetime_operator.py took 0.095 seconds
[2025-07-22T17:52:41.683+0000] {processor.py:161} INFO - Started process (PID=1318) to work on /home/airflow/.local/lib/python3.12/site-packages/airflow/example_dags/example_branch_datetime_operator.py
[2025-07-22T17:52:41.685+0000] {processor.py:830} INFO - Processing file /home/airflow/.local/lib/python3.12/site-packages/airflow/example_dags/example_branch_datetime_operator.py for tasks to queue
[2025-07-22T17:52:41.688+0000] {logging_mixin.py:188} INFO - [2025-07-22T17:52:41.687+0000] {dagbag.py:540} INFO - Filling up the DagBag from /home/airflow/.local/lib/python3.12/site-packages/airflow/example_dags/example_branch_datetime_operator.py
[2025-07-22T17:52:41.694+0000] {processor.py:840} INFO - DAG(s) 'example_branch_datetime_operator_2', 'example_branch_datetime_operator', 'example_branch_datetime_operator_3' retrieved from /home/airflow/.local/lib/python3.12/site-packages/airflow/example_dags/example_branch_datetime_operator.py
[2025-07-22T17:52:41.710+0000] {logging_mixin.py:188} INFO - [2025-07-22T17:52:41.710+0000] {dag.py:3096} INFO - Sync 3 DAGs
[2025-07-22T17:52:41.720+0000] {logging_mixin.py:188} INFO - [2025-07-22T17:52:41.720+0000] {dag.py:3954} INFO - Setting next_dagrun for example_branch_datetime_operator to 2025-07-21 00:00:00+00:00, run_after=2025-07-22 00:00:00+00:00
[2025-07-22T17:52:41.722+0000] {logging_mixin.py:188} INFO - [2025-07-22T17:52:41.722+0000] {dag.py:3954} INFO - Setting next_dagrun for example_branch_datetime_operator_2 to 2025-07-21 00:00:00+00:00, run_after=2025-07-22 00:00:00+00:00
[2025-07-22T17:52:41.723+0000] {logging_mixin.py:188} INFO - [2025-07-22T17:52:41.723+0000] {dag.py:3954} INFO - Setting next_dagrun for example_branch_datetime_operator_3 to 2025-07-21 00:00:00+00:00, run_after=2025-07-22 00:00:00+00:00
[2025-07-22T17:52:41.729+0000] {processor.py:183} INFO - Processing /home/airflow/.local/lib/python3.12/site-packages/airflow/example_dags/example_branch_datetime_operator.py took 0.052 seconds
[2025-07-22T17:53:11.888+0000] {processor.py:161} INFO - Started process (PID=1378) to work on /home/airflow/.local/lib/python3.12/site-packages/airflow/example_dags/example_branch_datetime_operator.py
[2025-07-22T17:53:11.889+0000] {processor.py:830} INFO - Processing file /home/airflow/.local/lib/python3.12/site-packages/airflow/example_dags/example_branch_datetime_operator.py for tasks to queue
[2025-07-22T17:53:11.891+0000] {logging_mixin.py:188} INFO - [2025-07-22T17:53:11.891+0000] {dagbag.py:540} INFO - Filling up the DagBag from /home/airflow/.local/lib/python3.12/site-packages/airflow/example_dags/example_branch_datetime_operator.py
[2025-07-22T17:53:11.899+0000] {processor.py:840} INFO - DAG(s) 'example_branch_datetime_operator_2', 'example_branch_datetime_operator_3', 'example_branch_datetime_operator' retrieved from /home/airflow/.local/lib/python3.12/site-packages/airflow/example_dags/example_branch_datetime_operator.py
[2025-07-22T17:53:11.912+0000] {logging_mixin.py:188} INFO - [2025-07-22T17:53:11.912+0000] {dag.py:3096} INFO - Sync 3 DAGs
[2025-07-22T17:53:11.922+0000] {logging_mixin.py:188} INFO - [2025-07-22T17:53:11.922+0000] {dag.py:3954} INFO - Setting next_dagrun for example_branch_datetime_operator to 2025-07-21 00:00:00+00:00, run_after=2025-07-22 00:00:00+00:00
[2025-07-22T17:53:11.924+0000] {logging_mixin.py:188} INFO - [2025-07-22T17:53:11.924+0000] {dag.py:3954} INFO - Setting next_dagrun for example_branch_datetime_operator_2 to 2025-07-21 00:00:00+00:00, run_after=2025-07-22 00:00:00+00:00
[2025-07-22T17:53:11.924+0000] {logging_mixin.py:188} INFO - [2025-07-22T17:53:11.924+0000] {dag.py:3954} INFO - Setting next_dagrun for example_branch_datetime_operator_3 to 2025-07-21 00:00:00+00:00, run_after=2025-07-22 00:00:00+00:00
[2025-07-22T17:53:11.930+0000] {processor.py:183} INFO - Processing /home/airflow/.local/lib/python3.12/site-packages/airflow/example_dags/example_branch_datetime_operator.py took 0.046 seconds
[2025-07-22T17:53:41.977+0000] {processor.py:161} INFO - Started process (PID=1438) to work on /home/airflow/.local/lib/python3.12/site-packages/airflow/example_dags/example_branch_datetime_operator.py
[2025-07-22T17:53:41.978+0000] {processor.py:830} INFO - Processing file /home/airflow/.local/lib/python3.12/site-packages/airflow/example_dags/example_branch_datetime_operator.py for tasks to queue
[2025-07-22T17:53:41.979+0000] {logging_mixin.py:188} INFO - [2025-07-22T17:53:41.979+0000] {dagbag.py:540} INFO - Filling up the DagBag from /home/airflow/.local/lib/python3.12/site-packages/airflow/example_dags/example_branch_datetime_operator.py
[2025-07-22T17:53:41.986+0000] {processor.py:840} INFO - DAG(s) 'example_branch_datetime_operator', 'example_branch_datetime_operator_2', 'example_branch_datetime_operator_3' retrieved from /home/airflow/.local/lib/python3.12/site-packages/airflow/example_dags/example_branch_datetime_operator.py
[2025-07-22T17:53:42.002+0000] {logging_mixin.py:188} INFO - [2025-07-22T17:53:42.002+0000] {dag.py:3096} INFO - Sync 3 DAGs
[2025-07-22T17:53:42.013+0000] {logging_mixin.py:188} INFO - [2025-07-22T17:53:42.013+0000] {dag.py:3954} INFO - Setting next_dagrun for example_branch_datetime_operator to 2025-07-21 00:00:00+00:00, run_after=2025-07-22 00:00:00+00:00
[2025-07-22T17:53:42.015+0000] {logging_mixin.py:188} INFO - [2025-07-22T17:53:42.015+0000] {dag.py:3954} INFO - Setting next_dagrun for example_branch_datetime_operator_2 to 2025-07-21 00:00:00+00:00, run_after=2025-07-22 00:00:00+00:00
[2025-07-22T17:53:42.016+0000] {logging_mixin.py:188} INFO - [2025-07-22T17:53:42.016+0000] {dag.py:3954} INFO - Setting next_dagrun for example_branch_datetime_operator_3 to 2025-07-21 00:00:00+00:00, run_after=2025-07-22 00:00:00+00:00
[2025-07-22T17:53:42.022+0000] {processor.py:183} INFO - Processing /home/airflow/.local/lib/python3.12/site-packages/airflow/example_dags/example_branch_datetime_operator.py took 0.050 seconds
[2025-07-22T17:54:12.274+0000] {processor.py:161} INFO - Started process (PID=1498) to work on /home/airflow/.local/lib/python3.12/site-packages/airflow/example_dags/example_branch_datetime_operator.py
[2025-07-22T17:54:12.275+0000] {processor.py:830} INFO - Processing file /home/airflow/.local/lib/python3.12/site-packages/airflow/example_dags/example_branch_datetime_operator.py for tasks to queue
[2025-07-22T17:54:12.276+0000] {logging_mixin.py:188} INFO - [2025-07-22T17:54:12.276+0000] {dagbag.py:540} INFO - Filling up the DagBag from /home/airflow/.local/lib/python3.12/site-packages/airflow/example_dags/example_branch_datetime_operator.py
[2025-07-22T17:54:12.280+0000] {processor.py:840} INFO - DAG(s) 'example_branch_datetime_operator_2', 'example_branch_datetime_operator_3', 'example_branch_datetime_operator' retrieved from /home/airflow/.local/lib/python3.12/site-packages/airflow/example_dags/example_branch_datetime_operator.py
[2025-07-22T17:54:12.296+0000] {logging_mixin.py:188} INFO - [2025-07-22T17:54:12.295+0000] {dag.py:3096} INFO - Sync 3 DAGs
[2025-07-22T17:54:12.306+0000] {logging_mixin.py:188} INFO - [2025-07-22T17:54:12.306+0000] {dag.py:3954} INFO - Setting next_dagrun for example_branch_datetime_operator to 2025-07-21 00:00:00+00:00, run_after=2025-07-22 00:00:00+00:00
[2025-07-22T17:54:12.308+0000] {logging_mixin.py:188} INFO - [2025-07-22T17:54:12.308+0000] {dag.py:3954} INFO - Setting next_dagrun for example_branch_datetime_operator_2 to 2025-07-21 00:00:00+00:00, run_after=2025-07-22 00:00:00+00:00
[2025-07-22T17:54:12.309+0000] {logging_mixin.py:188} INFO - [2025-07-22T17:54:12.309+0000] {dag.py:3954} INFO - Setting next_dagrun for example_branch_datetime_operator_3 to 2025-07-21 00:00:00+00:00, run_after=2025-07-22 00:00:00+00:00
[2025-07-22T17:54:12.321+0000] {processor.py:183} INFO - Processing /home/airflow/.local/lib/python3.12/site-packages/airflow/example_dags/example_branch_datetime_operator.py took 0.049 seconds
[2025-07-22T17:54:43.149+0000] {processor.py:161} INFO - Started process (PID=1558) to work on /home/airflow/.local/lib/python3.12/site-packages/airflow/example_dags/example_branch_datetime_operator.py
[2025-07-22T17:54:43.149+0000] {processor.py:830} INFO - Processing file /home/airflow/.local/lib/python3.12/site-packages/airflow/example_dags/example_branch_datetime_operator.py for tasks to queue
[2025-07-22T17:54:43.150+0000] {logging_mixin.py:188} INFO - [2025-07-22T17:54:43.150+0000] {dagbag.py:540} INFO - Filling up the DagBag from /home/airflow/.local/lib/python3.12/site-packages/airflow/example_dags/example_branch_datetime_operator.py
[2025-07-22T17:54:43.154+0000] {processor.py:840} INFO - DAG(s) 'example_branch_datetime_operator', 'example_branch_datetime_operator_3', 'example_branch_datetime_operator_2' retrieved from /home/airflow/.local/lib/python3.12/site-packages/airflow/example_dags/example_branch_datetime_operator.py
[2025-07-22T17:54:43.164+0000] {logging_mixin.py:188} INFO - [2025-07-22T17:54:43.164+0000] {dag.py:3096} INFO - Sync 3 DAGs
[2025-07-22T17:54:43.172+0000] {logging_mixin.py:188} INFO - [2025-07-22T17:54:43.172+0000] {dag.py:3954} INFO - Setting next_dagrun for example_branch_datetime_operator to 2025-07-21 00:00:00+00:00, run_after=2025-07-22 00:00:00+00:00
[2025-07-22T17:54:43.173+0000] {logging_mixin.py:188} INFO - [2025-07-22T17:54:43.173+0000] {dag.py:3954} INFO - Setting next_dagrun for example_branch_datetime_operator_2 to 2025-07-21 00:00:00+00:00, run_after=2025-07-22 00:00:00+00:00
[2025-07-22T17:54:43.174+0000] {logging_mixin.py:188} INFO - [2025-07-22T17:54:43.174+0000] {dag.py:3954} INFO - Setting next_dagrun for example_branch_datetime_operator_3 to 2025-07-21 00:00:00+00:00, run_after=2025-07-22 00:00:00+00:00
[2025-07-22T17:54:43.179+0000] {processor.py:183} INFO - Processing /home/airflow/.local/lib/python3.12/site-packages/airflow/example_dags/example_branch_datetime_operator.py took 0.033 seconds
