[2025-07-22T17:47:05.768+0000] {processor.py:161} INFO - Started process (PID=675) to work on /home/airflow/.local/lib/python3.12/site-packages/airflow/example_dags/example_branch_day_of_week_operator.py
[2025-07-22T17:47:05.769+0000] {processor.py:830} INFO - Processing file /home/airflow/.local/lib/python3.12/site-packages/airflow/example_dags/example_branch_day_of_week_operator.py for tasks to queue
[2025-07-22T17:47:05.769+0000] {logging_mixin.py:188} INFO - [2025-07-22T17:47:05.769+0000] {dagbag.py:540} INFO - Filling up the DagBag from /home/airflow/.local/lib/python3.12/site-packages/airflow/example_dags/example_branch_day_of_week_operator.py
[2025-07-22T17:47:05.772+0000] {processor.py:840} INFO - DAG(s) 'example_weekday_branch_operator' retrieved from /home/airflow/.local/lib/python3.12/site-packages/airflow/example_dags/example_branch_day_of_week_operator.py
[2025-07-22T17:47:05.781+0000] {logging_mixin.py:188} INFO - [2025-07-22T17:47:05.781+0000] {dag.py:3096} INFO - Sync 1 DAGs
[2025-07-22T17:47:05.790+0000] {logging_mixin.py:188} INFO - [2025-07-22T17:47:05.790+0000] {dag.py:3954} INFO - Setting next_dagrun for example_weekday_branch_operator to 2025-07-21 00:00:00+00:00, run_after=2025-07-22 00:00:00+00:00
[2025-07-22T17:47:05.800+0000] {processor.py:183} INFO - Processing /home/airflow/.local/lib/python3.12/site-packages/airflow/example_dags/example_branch_day_of_week_operator.py took 0.035 seconds
[2025-07-22T17:47:36.452+0000] {processor.py:161} INFO - Started process (PID=735) to work on /home/airflow/.local/lib/python3.12/site-packages/airflow/example_dags/example_branch_day_of_week_operator.py
[2025-07-22T17:47:36.453+0000] {processor.py:830} INFO - Processing file /home/airflow/.local/lib/python3.12/site-packages/airflow/example_dags/example_branch_day_of_week_operator.py for tasks to queue
[2025-07-22T17:47:36.453+0000] {logging_mixin.py:188} INFO - [2025-07-22T17:47:36.453+0000] {dagbag.py:540} INFO - Filling up the DagBag from /home/airflow/.local/lib/python3.12/site-packages/airflow/example_dags/example_branch_day_of_week_operator.py
[2025-07-22T17:47:36.456+0000] {processor.py:840} INFO - DAG(s) 'example_weekday_branch_operator' retrieved from /home/airflow/.local/lib/python3.12/site-packages/airflow/example_dags/example_branch_day_of_week_operator.py
[2025-07-22T17:47:36.466+0000] {logging_mixin.py:188} INFO - [2025-07-22T17:47:36.466+0000] {dag.py:3096} INFO - Sync 1 DAGs
[2025-07-22T17:47:36.475+0000] {logging_mixin.py:188} INFO - [2025-07-22T17:47:36.475+0000] {dag.py:3954} INFO - Setting next_dagrun for example_weekday_branch_operator to 2025-07-21 00:00:00+00:00, run_after=2025-07-22 00:00:00+00:00
[2025-07-22T17:47:36.484+0000] {processor.py:183} INFO - Processing /home/airflow/.local/lib/python3.12/site-packages/airflow/example_dags/example_branch_day_of_week_operator.py took 0.034 seconds
[2025-07-22T17:48:07.378+0000] {processor.py:161} INFO - Started process (PID=795) to work on /home/airflow/.local/lib/python3.12/site-packages/airflow/example_dags/example_branch_day_of_week_operator.py
[2025-07-22T17:48:07.378+0000] {processor.py:830} INFO - Processing file /home/airflow/.local/lib/python3.12/site-packages/airflow/example_dags/example_branch_day_of_week_operator.py for tasks to queue
[2025-07-22T17:48:07.379+0000] {logging_mixin.py:188} INFO - [2025-07-22T17:48:07.379+0000] {dagbag.py:540} INFO - Filling up the DagBag from /home/airflow/.local/lib/python3.12/site-packages/airflow/example_dags/example_branch_day_of_week_operator.py
[2025-07-22T17:48:07.382+0000] {processor.py:840} INFO - DAG(s) 'example_weekday_branch_operator' retrieved from /home/airflow/.local/lib/python3.12/site-packages/airflow/example_dags/example_branch_day_of_week_operator.py
[2025-07-22T17:48:07.389+0000] {logging_mixin.py:188} INFO - [2025-07-22T17:48:07.389+0000] {dag.py:3096} INFO - Sync 1 DAGs
[2025-07-22T17:48:07.396+0000] {logging_mixin.py:188} INFO - [2025-07-22T17:48:07.396+0000] {dag.py:3954} INFO - Setting next_dagrun for example_weekday_branch_operator to 2025-07-21 00:00:00+00:00, run_after=2025-07-22 00:00:00+00:00
[2025-07-22T17:48:07.401+0000] {processor.py:183} INFO - Processing /home/airflow/.local/lib/python3.12/site-packages/airflow/example_dags/example_branch_day_of_week_operator.py took 0.025 seconds
[2025-07-22T17:48:38.375+0000] {processor.py:161} INFO - Started process (PID=855) to work on /home/airflow/.local/lib/python3.12/site-packages/airflow/example_dags/example_branch_day_of_week_operator.py
[2025-07-22T17:48:38.375+0000] {processor.py:830} INFO - Processing file /home/airflow/.local/lib/python3.12/site-packages/airflow/example_dags/example_branch_day_of_week_operator.py for tasks to queue
[2025-07-22T17:48:38.376+0000] {logging_mixin.py:188} INFO - [2025-07-22T17:48:38.376+0000] {dagbag.py:540} INFO - Filling up the DagBag from /home/airflow/.local/lib/python3.12/site-packages/airflow/example_dags/example_branch_day_of_week_operator.py
[2025-07-22T17:48:38.379+0000] {processor.py:840} INFO - DAG(s) 'example_weekday_branch_operator' retrieved from /home/airflow/.local/lib/python3.12/site-packages/airflow/example_dags/example_branch_day_of_week_operator.py
[2025-07-22T17:48:38.389+0000] {logging_mixin.py:188} INFO - [2025-07-22T17:48:38.389+0000] {dag.py:3096} INFO - Sync 1 DAGs
[2025-07-22T17:48:38.399+0000] {logging_mixin.py:188} INFO - [2025-07-22T17:48:38.399+0000] {dag.py:3954} INFO - Setting next_dagrun for example_weekday_branch_operator to 2025-07-21 00:00:00+00:00, run_after=2025-07-22 00:00:00+00:00
[2025-07-22T17:48:38.408+0000] {processor.py:183} INFO - Processing /home/airflow/.local/lib/python3.12/site-packages/airflow/example_dags/example_branch_day_of_week_operator.py took 0.036 seconds
[2025-07-22T17:49:08.473+0000] {processor.py:161} INFO - Started process (PID=914) to work on /home/airflow/.local/lib/python3.12/site-packages/airflow/example_dags/example_branch_day_of_week_operator.py
[2025-07-22T17:49:08.474+0000] {processor.py:830} INFO - Processing file /home/airflow/.local/lib/python3.12/site-packages/airflow/example_dags/example_branch_day_of_week_operator.py for tasks to queue
[2025-07-22T17:49:08.476+0000] {logging_mixin.py:188} INFO - [2025-07-22T17:49:08.476+0000] {dagbag.py:540} INFO - Filling up the DagBag from /home/airflow/.local/lib/python3.12/site-packages/airflow/example_dags/example_branch_day_of_week_operator.py
[2025-07-22T17:49:08.479+0000] {processor.py:840} INFO - DAG(s) 'example_weekday_branch_operator' retrieved from /home/airflow/.local/lib/python3.12/site-packages/airflow/example_dags/example_branch_day_of_week_operator.py
[2025-07-22T17:49:08.492+0000] {logging_mixin.py:188} INFO - [2025-07-22T17:49:08.492+0000] {dag.py:3096} INFO - Sync 1 DAGs
[2025-07-22T17:49:08.501+0000] {logging_mixin.py:188} INFO - [2025-07-22T17:49:08.501+0000] {dag.py:3954} INFO - Setting next_dagrun for example_weekday_branch_operator to 2025-07-21 00:00:00+00:00, run_after=2025-07-22 00:00:00+00:00
[2025-07-22T17:49:08.510+0000] {processor.py:183} INFO - Processing /home/airflow/.local/lib/python3.12/site-packages/airflow/example_dags/example_branch_day_of_week_operator.py took 0.038 seconds
[2025-07-22T17:49:38.625+0000] {processor.py:161} INFO - Started process (PID=974) to work on /home/airflow/.local/lib/python3.12/site-packages/airflow/example_dags/example_branch_day_of_week_operator.py
[2025-07-22T17:49:38.626+0000] {processor.py:830} INFO - Processing file /home/airflow/.local/lib/python3.12/site-packages/airflow/example_dags/example_branch_day_of_week_operator.py for tasks to queue
[2025-07-22T17:49:38.627+0000] {logging_mixin.py:188} INFO - [2025-07-22T17:49:38.627+0000] {dagbag.py:540} INFO - Filling up the DagBag from /home/airflow/.local/lib/python3.12/site-packages/airflow/example_dags/example_branch_day_of_week_operator.py
[2025-07-22T17:49:38.630+0000] {processor.py:840} INFO - DAG(s) 'example_weekday_branch_operator' retrieved from /home/airflow/.local/lib/python3.12/site-packages/airflow/example_dags/example_branch_day_of_week_operator.py
[2025-07-22T17:49:38.637+0000] {logging_mixin.py:188} INFO - [2025-07-22T17:49:38.637+0000] {dag.py:3096} INFO - Sync 1 DAGs
[2025-07-22T17:49:38.644+0000] {logging_mixin.py:188} INFO - [2025-07-22T17:49:38.644+0000] {dag.py:3954} INFO - Setting next_dagrun for example_weekday_branch_operator to 2025-07-21 00:00:00+00:00, run_after=2025-07-22 00:00:00+00:00
[2025-07-22T17:49:38.650+0000] {processor.py:183} INFO - Processing /home/airflow/.local/lib/python3.12/site-packages/airflow/example_dags/example_branch_day_of_week_operator.py took 0.027 seconds
[2025-07-22T17:50:09.786+0000] {processor.py:161} INFO - Started process (PID=1034) to work on /home/airflow/.local/lib/python3.12/site-packages/airflow/example_dags/example_branch_day_of_week_operator.py
[2025-07-22T17:50:09.787+0000] {processor.py:830} INFO - Processing file /home/airflow/.local/lib/python3.12/site-packages/airflow/example_dags/example_branch_day_of_week_operator.py for tasks to queue
[2025-07-22T17:50:09.789+0000] {logging_mixin.py:188} INFO - [2025-07-22T17:50:09.788+0000] {dagbag.py:540} INFO - Filling up the DagBag from /home/airflow/.local/lib/python3.12/site-packages/airflow/example_dags/example_branch_day_of_week_operator.py
[2025-07-22T17:50:09.791+0000] {processor.py:840} INFO - DAG(s) 'example_weekday_branch_operator' retrieved from /home/airflow/.local/lib/python3.12/site-packages/airflow/example_dags/example_branch_day_of_week_operator.py
[2025-07-22T17:50:09.800+0000] {logging_mixin.py:188} INFO - [2025-07-22T17:50:09.800+0000] {dag.py:3096} INFO - Sync 1 DAGs
[2025-07-22T17:50:09.809+0000] {logging_mixin.py:188} INFO - [2025-07-22T17:50:09.809+0000] {dag.py:3954} INFO - Setting next_dagrun for example_weekday_branch_operator to 2025-07-21 00:00:00+00:00, run_after=2025-07-22 00:00:00+00:00
[2025-07-22T17:50:09.819+0000] {processor.py:183} INFO - Processing /home/airflow/.local/lib/python3.12/site-packages/airflow/example_dags/example_branch_day_of_week_operator.py took 0.036 seconds
[2025-07-22T17:50:41.165+0000] {processor.py:161} INFO - Started process (PID=1094) to work on /home/airflow/.local/lib/python3.12/site-packages/airflow/example_dags/example_branch_day_of_week_operator.py
[2025-07-22T17:50:41.166+0000] {processor.py:830} INFO - Processing file /home/airflow/.local/lib/python3.12/site-packages/airflow/example_dags/example_branch_day_of_week_operator.py for tasks to queue
[2025-07-22T17:50:41.167+0000] {logging_mixin.py:188} INFO - [2025-07-22T17:50:41.167+0000] {dagbag.py:540} INFO - Filling up the DagBag from /home/airflow/.local/lib/python3.12/site-packages/airflow/example_dags/example_branch_day_of_week_operator.py
[2025-07-22T17:50:41.172+0000] {processor.py:840} INFO - DAG(s) 'example_weekday_branch_operator' retrieved from /home/airflow/.local/lib/python3.12/site-packages/airflow/example_dags/example_branch_day_of_week_operator.py
[2025-07-22T17:50:41.183+0000] {logging_mixin.py:188} INFO - [2025-07-22T17:50:41.183+0000] {dag.py:3096} INFO - Sync 1 DAGs
[2025-07-22T17:50:41.193+0000] {logging_mixin.py:188} INFO - [2025-07-22T17:50:41.192+0000] {dag.py:3954} INFO - Setting next_dagrun for example_weekday_branch_operator to 2025-07-21 00:00:00+00:00, run_after=2025-07-22 00:00:00+00:00
[2025-07-22T17:50:41.202+0000] {processor.py:183} INFO - Processing /home/airflow/.local/lib/python3.12/site-packages/airflow/example_dags/example_branch_day_of_week_operator.py took 0.039 seconds
[2025-07-22T17:51:11.768+0000] {processor.py:161} INFO - Started process (PID=1154) to work on /home/airflow/.local/lib/python3.12/site-packages/airflow/example_dags/example_branch_day_of_week_operator.py
[2025-07-22T17:51:11.768+0000] {processor.py:830} INFO - Processing file /home/airflow/.local/lib/python3.12/site-packages/airflow/example_dags/example_branch_day_of_week_operator.py for tasks to queue
[2025-07-22T17:51:11.769+0000] {logging_mixin.py:188} INFO - [2025-07-22T17:51:11.769+0000] {dagbag.py:540} INFO - Filling up the DagBag from /home/airflow/.local/lib/python3.12/site-packages/airflow/example_dags/example_branch_day_of_week_operator.py
[2025-07-22T17:51:11.772+0000] {processor.py:840} INFO - DAG(s) 'example_weekday_branch_operator' retrieved from /home/airflow/.local/lib/python3.12/site-packages/airflow/example_dags/example_branch_day_of_week_operator.py
[2025-07-22T17:51:11.865+0000] {logging_mixin.py:188} INFO - [2025-07-22T17:51:11.865+0000] {dag.py:3096} INFO - Sync 1 DAGs
[2025-07-22T17:51:11.874+0000] {logging_mixin.py:188} INFO - [2025-07-22T17:51:11.874+0000] {dag.py:3954} INFO - Setting next_dagrun for example_weekday_branch_operator to 2025-07-21 00:00:00+00:00, run_after=2025-07-22 00:00:00+00:00
[2025-07-22T17:51:11.883+0000] {processor.py:183} INFO - Processing /home/airflow/.local/lib/python3.12/site-packages/airflow/example_dags/example_branch_day_of_week_operator.py took 0.118 seconds
[2025-07-22T17:51:42.184+0000] {processor.py:161} INFO - Started process (PID=1214) to work on /home/airflow/.local/lib/python3.12/site-packages/airflow/example_dags/example_branch_day_of_week_operator.py
[2025-07-22T17:51:42.185+0000] {processor.py:830} INFO - Processing file /home/airflow/.local/lib/python3.12/site-packages/airflow/example_dags/example_branch_day_of_week_operator.py for tasks to queue
[2025-07-22T17:51:42.186+0000] {logging_mixin.py:188} INFO - [2025-07-22T17:51:42.185+0000] {dagbag.py:540} INFO - Filling up the DagBag from /home/airflow/.local/lib/python3.12/site-packages/airflow/example_dags/example_branch_day_of_week_operator.py
[2025-07-22T17:51:42.189+0000] {processor.py:840} INFO - DAG(s) 'example_weekday_branch_operator' retrieved from /home/airflow/.local/lib/python3.12/site-packages/airflow/example_dags/example_branch_day_of_week_operator.py
[2025-07-22T17:51:42.197+0000] {logging_mixin.py:188} INFO - [2025-07-22T17:51:42.197+0000] {dag.py:3096} INFO - Sync 1 DAGs
[2025-07-22T17:51:42.206+0000] {logging_mixin.py:188} INFO - [2025-07-22T17:51:42.205+0000] {dag.py:3954} INFO - Setting next_dagrun for example_weekday_branch_operator to 2025-07-21 00:00:00+00:00, run_after=2025-07-22 00:00:00+00:00
[2025-07-22T17:51:42.217+0000] {processor.py:183} INFO - Processing /home/airflow/.local/lib/python3.12/site-packages/airflow/example_dags/example_branch_day_of_week_operator.py took 0.035 seconds
[2025-07-22T17:52:13.328+0000] {processor.py:161} INFO - Started process (PID=1274) to work on /home/airflow/.local/lib/python3.12/site-packages/airflow/example_dags/example_branch_day_of_week_operator.py
[2025-07-22T17:52:13.328+0000] {processor.py:830} INFO - Processing file /home/airflow/.local/lib/python3.12/site-packages/airflow/example_dags/example_branch_day_of_week_operator.py for tasks to queue
[2025-07-22T17:52:13.329+0000] {logging_mixin.py:188} INFO - [2025-07-22T17:52:13.329+0000] {dagbag.py:540} INFO - Filling up the DagBag from /home/airflow/.local/lib/python3.12/site-packages/airflow/example_dags/example_branch_day_of_week_operator.py
[2025-07-22T17:52:13.332+0000] {processor.py:840} INFO - DAG(s) 'example_weekday_branch_operator' retrieved from /home/airflow/.local/lib/python3.12/site-packages/airflow/example_dags/example_branch_day_of_week_operator.py
[2025-07-22T17:52:13.340+0000] {logging_mixin.py:188} INFO - [2025-07-22T17:52:13.340+0000] {dag.py:3096} INFO - Sync 1 DAGs
[2025-07-22T17:52:13.349+0000] {logging_mixin.py:188} INFO - [2025-07-22T17:52:13.348+0000] {dag.py:3954} INFO - Setting next_dagrun for example_weekday_branch_operator to 2025-07-21 00:00:00+00:00, run_after=2025-07-22 00:00:00+00:00
[2025-07-22T17:52:13.354+0000] {processor.py:183} INFO - Processing /home/airflow/.local/lib/python3.12/site-packages/airflow/example_dags/example_branch_day_of_week_operator.py took 0.028 seconds
[2025-07-22T17:52:44.472+0000] {processor.py:161} INFO - Started process (PID=1334) to work on /home/airflow/.local/lib/python3.12/site-packages/airflow/example_dags/example_branch_day_of_week_operator.py
[2025-07-22T17:52:44.474+0000] {processor.py:830} INFO - Processing file /home/airflow/.local/lib/python3.12/site-packages/airflow/example_dags/example_branch_day_of_week_operator.py for tasks to queue
[2025-07-22T17:52:44.475+0000] {logging_mixin.py:188} INFO - [2025-07-22T17:52:44.475+0000] {dagbag.py:540} INFO - Filling up the DagBag from /home/airflow/.local/lib/python3.12/site-packages/airflow/example_dags/example_branch_day_of_week_operator.py
[2025-07-22T17:52:44.479+0000] {processor.py:840} INFO - DAG(s) 'example_weekday_branch_operator' retrieved from /home/airflow/.local/lib/python3.12/site-packages/airflow/example_dags/example_branch_day_of_week_operator.py
[2025-07-22T17:52:44.490+0000] {logging_mixin.py:188} INFO - [2025-07-22T17:52:44.490+0000] {dag.py:3096} INFO - Sync 1 DAGs
[2025-07-22T17:52:44.501+0000] {logging_mixin.py:188} INFO - [2025-07-22T17:52:44.501+0000] {dag.py:3954} INFO - Setting next_dagrun for example_weekday_branch_operator to 2025-07-21 00:00:00+00:00, run_after=2025-07-22 00:00:00+00:00
[2025-07-22T17:52:44.510+0000] {processor.py:183} INFO - Processing /home/airflow/.local/lib/python3.12/site-packages/airflow/example_dags/example_branch_day_of_week_operator.py took 0.040 seconds
[2025-07-22T17:53:15.505+0000] {processor.py:161} INFO - Started process (PID=1394) to work on /home/airflow/.local/lib/python3.12/site-packages/airflow/example_dags/example_branch_day_of_week_operator.py
[2025-07-22T17:53:15.508+0000] {processor.py:830} INFO - Processing file /home/airflow/.local/lib/python3.12/site-packages/airflow/example_dags/example_branch_day_of_week_operator.py for tasks to queue
[2025-07-22T17:53:15.510+0000] {logging_mixin.py:188} INFO - [2025-07-22T17:53:15.510+0000] {dagbag.py:540} INFO - Filling up the DagBag from /home/airflow/.local/lib/python3.12/site-packages/airflow/example_dags/example_branch_day_of_week_operator.py
[2025-07-22T17:53:15.516+0000] {processor.py:840} INFO - DAG(s) 'example_weekday_branch_operator' retrieved from /home/airflow/.local/lib/python3.12/site-packages/airflow/example_dags/example_branch_day_of_week_operator.py
[2025-07-22T17:53:15.533+0000] {logging_mixin.py:188} INFO - [2025-07-22T17:53:15.533+0000] {dag.py:3096} INFO - Sync 1 DAGs
[2025-07-22T17:53:15.546+0000] {logging_mixin.py:188} INFO - [2025-07-22T17:53:15.546+0000] {dag.py:3954} INFO - Setting next_dagrun for example_weekday_branch_operator to 2025-07-21 00:00:00+00:00, run_after=2025-07-22 00:00:00+00:00
[2025-07-22T17:53:15.557+0000] {processor.py:183} INFO - Processing /home/airflow/.local/lib/python3.12/site-packages/airflow/example_dags/example_branch_day_of_week_operator.py took 0.057 seconds
[2025-07-22T17:53:46.502+0000] {processor.py:161} INFO - Started process (PID=1454) to work on /home/airflow/.local/lib/python3.12/site-packages/airflow/example_dags/example_branch_day_of_week_operator.py
[2025-07-22T17:53:46.502+0000] {processor.py:830} INFO - Processing file /home/airflow/.local/lib/python3.12/site-packages/airflow/example_dags/example_branch_day_of_week_operator.py for tasks to queue
[2025-07-22T17:53:46.503+0000] {logging_mixin.py:188} INFO - [2025-07-22T17:53:46.502+0000] {dagbag.py:540} INFO - Filling up the DagBag from /home/airflow/.local/lib/python3.12/site-packages/airflow/example_dags/example_branch_day_of_week_operator.py
[2025-07-22T17:53:46.506+0000] {processor.py:840} INFO - DAG(s) 'example_weekday_branch_operator' retrieved from /home/airflow/.local/lib/python3.12/site-packages/airflow/example_dags/example_branch_day_of_week_operator.py
[2025-07-22T17:53:46.513+0000] {logging_mixin.py:188} INFO - [2025-07-22T17:53:46.513+0000] {dag.py:3096} INFO - Sync 1 DAGs
[2025-07-22T17:53:46.521+0000] {logging_mixin.py:188} INFO - [2025-07-22T17:53:46.521+0000] {dag.py:3954} INFO - Setting next_dagrun for example_weekday_branch_operator to 2025-07-21 00:00:00+00:00, run_after=2025-07-22 00:00:00+00:00
[2025-07-22T17:53:46.528+0000] {processor.py:183} INFO - Processing /home/airflow/.local/lib/python3.12/site-packages/airflow/example_dags/example_branch_day_of_week_operator.py took 0.029 seconds
[2025-07-22T17:54:16.893+0000] {processor.py:161} INFO - Started process (PID=1514) to work on /home/airflow/.local/lib/python3.12/site-packages/airflow/example_dags/example_branch_day_of_week_operator.py
[2025-07-22T17:54:16.893+0000] {processor.py:830} INFO - Processing file /home/airflow/.local/lib/python3.12/site-packages/airflow/example_dags/example_branch_day_of_week_operator.py for tasks to queue
[2025-07-22T17:54:16.894+0000] {logging_mixin.py:188} INFO - [2025-07-22T17:54:16.894+0000] {dagbag.py:540} INFO - Filling up the DagBag from /home/airflow/.local/lib/python3.12/site-packages/airflow/example_dags/example_branch_day_of_week_operator.py
[2025-07-22T17:54:16.898+0000] {processor.py:840} INFO - DAG(s) 'example_weekday_branch_operator' retrieved from /home/airflow/.local/lib/python3.12/site-packages/airflow/example_dags/example_branch_day_of_week_operator.py
[2025-07-22T17:54:16.912+0000] {logging_mixin.py:188} INFO - [2025-07-22T17:54:16.912+0000] {dag.py:3096} INFO - Sync 1 DAGs
[2025-07-22T17:54:16.921+0000] {logging_mixin.py:188} INFO - [2025-07-22T17:54:16.921+0000] {dag.py:3954} INFO - Setting next_dagrun for example_weekday_branch_operator to 2025-07-21 00:00:00+00:00, run_after=2025-07-22 00:00:00+00:00
[2025-07-22T17:54:16.929+0000] {processor.py:183} INFO - Processing /home/airflow/.local/lib/python3.12/site-packages/airflow/example_dags/example_branch_day_of_week_operator.py took 0.039 seconds
[2025-07-22T17:54:47.670+0000] {processor.py:161} INFO - Started process (PID=1574) to work on /home/airflow/.local/lib/python3.12/site-packages/airflow/example_dags/example_branch_day_of_week_operator.py
[2025-07-22T17:54:47.670+0000] {processor.py:830} INFO - Processing file /home/airflow/.local/lib/python3.12/site-packages/airflow/example_dags/example_branch_day_of_week_operator.py for tasks to queue
[2025-07-22T17:54:47.671+0000] {logging_mixin.py:188} INFO - [2025-07-22T17:54:47.671+0000] {dagbag.py:540} INFO - Filling up the DagBag from /home/airflow/.local/lib/python3.12/site-packages/airflow/example_dags/example_branch_day_of_week_operator.py
[2025-07-22T17:54:47.674+0000] {processor.py:840} INFO - DAG(s) 'example_weekday_branch_operator' retrieved from /home/airflow/.local/lib/python3.12/site-packages/airflow/example_dags/example_branch_day_of_week_operator.py
[2025-07-22T17:54:47.686+0000] {logging_mixin.py:188} INFO - [2025-07-22T17:54:47.686+0000] {dag.py:3096} INFO - Sync 1 DAGs
[2025-07-22T17:54:47.694+0000] {logging_mixin.py:188} INFO - [2025-07-22T17:54:47.694+0000] {dag.py:3954} INFO - Setting next_dagrun for example_weekday_branch_operator to 2025-07-21 00:00:00+00:00, run_after=2025-07-22 00:00:00+00:00
[2025-07-22T17:54:47.703+0000] {processor.py:183} INFO - Processing /home/airflow/.local/lib/python3.12/site-packages/airflow/example_dags/example_branch_day_of_week_operator.py took 0.035 seconds
