[2025-07-22T17:47:07.108+0000] {processor.py:161} INFO - Started process (PID=691) to work on /home/airflow/.local/lib/python3.12/site-packages/airflow/example_dags/example_sla_dag.py
[2025-07-22T17:47:07.109+0000] {processor.py:830} INFO - Processing file /home/airflow/.local/lib/python3.12/site-packages/airflow/example_dags/example_sla_dag.py for tasks to queue
[2025-07-22T17:47:07.110+0000] {logging_mixin.py:188} INFO - [2025-07-22T17:47:07.110+0000] {dagbag.py:540} INFO - Filling up the DagBag from /home/airflow/.local/lib/python3.12/site-packages/airflow/example_dags/example_sla_dag.py
[2025-07-22T17:47:07.113+0000] {processor.py:840} INFO - DAG(s) 'example_sla_dag' retrieved from /home/airflow/.local/lib/python3.12/site-packages/airflow/example_dags/example_sla_dag.py
[2025-07-22T17:47:07.122+0000] {logging_mixin.py:188} INFO - [2025-07-22T17:47:07.122+0000] {dag.py:3096} INFO - Sync 1 DAGs
[2025-07-22T17:47:07.130+0000] {logging_mixin.py:188} INFO - [2025-07-22T17:47:07.130+0000] {dag.py:3954} INFO - Setting next_dagrun for example_sla_dag to 2025-07-22 17:44:00+00:00, run_after=2025-07-22 17:46:00+00:00
[2025-07-22T17:47:07.136+0000] {processor.py:183} INFO - Processing /home/airflow/.local/lib/python3.12/site-packages/airflow/example_dags/example_sla_dag.py took 0.030 seconds
[2025-07-22T17:47:37.923+0000] {processor.py:161} INFO - Started process (PID=751) to work on /home/airflow/.local/lib/python3.12/site-packages/airflow/example_dags/example_sla_dag.py
[2025-07-22T17:47:37.923+0000] {processor.py:830} INFO - Processing file /home/airflow/.local/lib/python3.12/site-packages/airflow/example_dags/example_sla_dag.py for tasks to queue
[2025-07-22T17:47:37.924+0000] {logging_mixin.py:188} INFO - [2025-07-22T17:47:37.923+0000] {dagbag.py:540} INFO - Filling up the DagBag from /home/airflow/.local/lib/python3.12/site-packages/airflow/example_dags/example_sla_dag.py
[2025-07-22T17:47:37.927+0000] {processor.py:840} INFO - DAG(s) 'example_sla_dag' retrieved from /home/airflow/.local/lib/python3.12/site-packages/airflow/example_dags/example_sla_dag.py
[2025-07-22T17:47:37.936+0000] {logging_mixin.py:188} INFO - [2025-07-22T17:47:37.936+0000] {dag.py:3096} INFO - Sync 1 DAGs
[2025-07-22T17:47:37.944+0000] {logging_mixin.py:188} INFO - [2025-07-22T17:47:37.944+0000] {dag.py:3954} INFO - Setting next_dagrun for example_sla_dag to 2025-07-22 17:44:00+00:00, run_after=2025-07-22 17:46:00+00:00
[2025-07-22T17:47:37.953+0000] {processor.py:183} INFO - Processing /home/airflow/.local/lib/python3.12/site-packages/airflow/example_dags/example_sla_dag.py took 0.032 seconds
[2025-07-22T17:48:08.794+0000] {processor.py:161} INFO - Started process (PID=811) to work on /home/airflow/.local/lib/python3.12/site-packages/airflow/example_dags/example_sla_dag.py
[2025-07-22T17:48:08.795+0000] {processor.py:830} INFO - Processing file /home/airflow/.local/lib/python3.12/site-packages/airflow/example_dags/example_sla_dag.py for tasks to queue
[2025-07-22T17:48:08.795+0000] {logging_mixin.py:188} INFO - [2025-07-22T17:48:08.795+0000] {dagbag.py:540} INFO - Filling up the DagBag from /home/airflow/.local/lib/python3.12/site-packages/airflow/example_dags/example_sla_dag.py
[2025-07-22T17:48:08.801+0000] {processor.py:840} INFO - DAG(s) 'example_sla_dag' retrieved from /home/airflow/.local/lib/python3.12/site-packages/airflow/example_dags/example_sla_dag.py
[2025-07-22T17:48:08.811+0000] {logging_mixin.py:188} INFO - [2025-07-22T17:48:08.811+0000] {dag.py:3096} INFO - Sync 1 DAGs
[2025-07-22T17:48:08.820+0000] {logging_mixin.py:188} INFO - [2025-07-22T17:48:08.820+0000] {dag.py:3954} INFO - Setting next_dagrun for example_sla_dag to 2025-07-22 17:46:00+00:00, run_after=2025-07-22 17:48:00+00:00
[2025-07-22T17:48:08.826+0000] {processor.py:183} INFO - Processing /home/airflow/.local/lib/python3.12/site-packages/airflow/example_dags/example_sla_dag.py took 0.035 seconds
[2025-07-22T17:48:39.871+0000] {processor.py:161} INFO - Started process (PID=871) to work on /home/airflow/.local/lib/python3.12/site-packages/airflow/example_dags/example_sla_dag.py
[2025-07-22T17:48:39.871+0000] {processor.py:830} INFO - Processing file /home/airflow/.local/lib/python3.12/site-packages/airflow/example_dags/example_sla_dag.py for tasks to queue
[2025-07-22T17:48:39.872+0000] {logging_mixin.py:188} INFO - [2025-07-22T17:48:39.872+0000] {dagbag.py:540} INFO - Filling up the DagBag from /home/airflow/.local/lib/python3.12/site-packages/airflow/example_dags/example_sla_dag.py
[2025-07-22T17:48:39.877+0000] {processor.py:840} INFO - DAG(s) 'example_sla_dag' retrieved from /home/airflow/.local/lib/python3.12/site-packages/airflow/example_dags/example_sla_dag.py
[2025-07-22T17:48:39.886+0000] {logging_mixin.py:188} INFO - [2025-07-22T17:48:39.886+0000] {dag.py:3096} INFO - Sync 1 DAGs
[2025-07-22T17:48:39.894+0000] {logging_mixin.py:188} INFO - [2025-07-22T17:48:39.894+0000] {dag.py:3954} INFO - Setting next_dagrun for example_sla_dag to 2025-07-22 17:46:00+00:00, run_after=2025-07-22 17:48:00+00:00
[2025-07-22T17:48:39.901+0000] {processor.py:183} INFO - Processing /home/airflow/.local/lib/python3.12/site-packages/airflow/example_dags/example_sla_dag.py took 0.032 seconds
[2025-07-22T17:49:10.045+0000] {processor.py:161} INFO - Started process (PID=931) to work on /home/airflow/.local/lib/python3.12/site-packages/airflow/example_dags/example_sla_dag.py
[2025-07-22T17:49:10.045+0000] {processor.py:830} INFO - Processing file /home/airflow/.local/lib/python3.12/site-packages/airflow/example_dags/example_sla_dag.py for tasks to queue
[2025-07-22T17:49:10.046+0000] {logging_mixin.py:188} INFO - [2025-07-22T17:49:10.046+0000] {dagbag.py:540} INFO - Filling up the DagBag from /home/airflow/.local/lib/python3.12/site-packages/airflow/example_dags/example_sla_dag.py
[2025-07-22T17:49:10.049+0000] {processor.py:840} INFO - DAG(s) 'example_sla_dag' retrieved from /home/airflow/.local/lib/python3.12/site-packages/airflow/example_dags/example_sla_dag.py
[2025-07-22T17:49:10.056+0000] {logging_mixin.py:188} INFO - [2025-07-22T17:49:10.056+0000] {dag.py:3096} INFO - Sync 1 DAGs
[2025-07-22T17:49:10.064+0000] {logging_mixin.py:188} INFO - [2025-07-22T17:49:10.064+0000] {dag.py:3954} INFO - Setting next_dagrun for example_sla_dag to 2025-07-22 17:46:00+00:00, run_after=2025-07-22 17:48:00+00:00
[2025-07-22T17:49:10.128+0000] {processor.py:183} INFO - Processing /home/airflow/.local/lib/python3.12/site-packages/airflow/example_dags/example_sla_dag.py took 0.085 seconds
[2025-07-22T17:49:41.046+0000] {processor.py:161} INFO - Started process (PID=990) to work on /home/airflow/.local/lib/python3.12/site-packages/airflow/example_dags/example_sla_dag.py
[2025-07-22T17:49:41.046+0000] {processor.py:830} INFO - Processing file /home/airflow/.local/lib/python3.12/site-packages/airflow/example_dags/example_sla_dag.py for tasks to queue
[2025-07-22T17:49:41.048+0000] {logging_mixin.py:188} INFO - [2025-07-22T17:49:41.048+0000] {dagbag.py:540} INFO - Filling up the DagBag from /home/airflow/.local/lib/python3.12/site-packages/airflow/example_dags/example_sla_dag.py
[2025-07-22T17:49:41.051+0000] {processor.py:840} INFO - DAG(s) 'example_sla_dag' retrieved from /home/airflow/.local/lib/python3.12/site-packages/airflow/example_dags/example_sla_dag.py
[2025-07-22T17:49:41.066+0000] {logging_mixin.py:188} INFO - [2025-07-22T17:49:41.065+0000] {dag.py:3096} INFO - Sync 1 DAGs
[2025-07-22T17:49:41.076+0000] {logging_mixin.py:188} INFO - [2025-07-22T17:49:41.075+0000] {dag.py:3954} INFO - Setting next_dagrun for example_sla_dag to 2025-07-22 17:46:00+00:00, run_after=2025-07-22 17:48:00+00:00
[2025-07-22T17:49:41.082+0000] {processor.py:183} INFO - Processing /home/airflow/.local/lib/python3.12/site-packages/airflow/example_dags/example_sla_dag.py took 0.039 seconds
[2025-07-22T17:50:11.115+0000] {processor.py:161} INFO - Started process (PID=1049) to work on /home/airflow/.local/lib/python3.12/site-packages/airflow/example_dags/example_sla_dag.py
[2025-07-22T17:50:11.117+0000] {processor.py:830} INFO - Processing file /home/airflow/.local/lib/python3.12/site-packages/airflow/example_dags/example_sla_dag.py for tasks to queue
[2025-07-22T17:50:11.119+0000] {logging_mixin.py:188} INFO - [2025-07-22T17:50:11.119+0000] {dagbag.py:540} INFO - Filling up the DagBag from /home/airflow/.local/lib/python3.12/site-packages/airflow/example_dags/example_sla_dag.py
[2025-07-22T17:50:11.125+0000] {processor.py:840} INFO - DAG(s) 'example_sla_dag' retrieved from /home/airflow/.local/lib/python3.12/site-packages/airflow/example_dags/example_sla_dag.py
[2025-07-22T17:50:11.141+0000] {logging_mixin.py:188} INFO - [2025-07-22T17:50:11.140+0000] {dag.py:3096} INFO - Sync 1 DAGs
[2025-07-22T17:50:11.157+0000] {logging_mixin.py:188} INFO - [2025-07-22T17:50:11.157+0000] {dag.py:3954} INFO - Setting next_dagrun for example_sla_dag to 2025-07-22 17:48:00+00:00, run_after=2025-07-22 17:50:00+00:00
[2025-07-22T17:50:11.166+0000] {processor.py:183} INFO - Processing /home/airflow/.local/lib/python3.12/site-packages/airflow/example_dags/example_sla_dag.py took 0.055 seconds
[2025-07-22T17:50:41.703+0000] {processor.py:161} INFO - Started process (PID=1110) to work on /home/airflow/.local/lib/python3.12/site-packages/airflow/example_dags/example_sla_dag.py
[2025-07-22T17:50:41.706+0000] {processor.py:830} INFO - Processing file /home/airflow/.local/lib/python3.12/site-packages/airflow/example_dags/example_sla_dag.py for tasks to queue
[2025-07-22T17:50:41.708+0000] {logging_mixin.py:188} INFO - [2025-07-22T17:50:41.707+0000] {dagbag.py:540} INFO - Filling up the DagBag from /home/airflow/.local/lib/python3.12/site-packages/airflow/example_dags/example_sla_dag.py
[2025-07-22T17:50:41.716+0000] {processor.py:840} INFO - DAG(s) 'example_sla_dag' retrieved from /home/airflow/.local/lib/python3.12/site-packages/airflow/example_dags/example_sla_dag.py
[2025-07-22T17:50:41.741+0000] {logging_mixin.py:188} INFO - [2025-07-22T17:50:41.740+0000] {dag.py:3096} INFO - Sync 1 DAGs
[2025-07-22T17:50:41.773+0000] {logging_mixin.py:188} INFO - [2025-07-22T17:50:41.773+0000] {dag.py:3954} INFO - Setting next_dagrun for example_sla_dag to 2025-07-22 17:48:00+00:00, run_after=2025-07-22 17:50:00+00:00
[2025-07-22T17:50:41.810+0000] {processor.py:183} INFO - Processing /home/airflow/.local/lib/python3.12/site-packages/airflow/example_dags/example_sla_dag.py took 0.113 seconds
[2025-07-22T17:51:12.746+0000] {processor.py:161} INFO - Started process (PID=1170) to work on /home/airflow/.local/lib/python3.12/site-packages/airflow/example_dags/example_sla_dag.py
[2025-07-22T17:51:12.748+0000] {processor.py:830} INFO - Processing file /home/airflow/.local/lib/python3.12/site-packages/airflow/example_dags/example_sla_dag.py for tasks to queue
[2025-07-22T17:51:12.749+0000] {logging_mixin.py:188} INFO - [2025-07-22T17:51:12.749+0000] {dagbag.py:540} INFO - Filling up the DagBag from /home/airflow/.local/lib/python3.12/site-packages/airflow/example_dags/example_sla_dag.py
[2025-07-22T17:51:12.753+0000] {processor.py:840} INFO - DAG(s) 'example_sla_dag' retrieved from /home/airflow/.local/lib/python3.12/site-packages/airflow/example_dags/example_sla_dag.py
[2025-07-22T17:51:12.761+0000] {logging_mixin.py:188} INFO - [2025-07-22T17:51:12.760+0000] {dag.py:3096} INFO - Sync 1 DAGs
[2025-07-22T17:51:12.772+0000] {logging_mixin.py:188} INFO - [2025-07-22T17:51:12.772+0000] {dag.py:3954} INFO - Setting next_dagrun for example_sla_dag to 2025-07-22 17:48:00+00:00, run_after=2025-07-22 17:50:00+00:00
[2025-07-22T17:51:12.779+0000] {processor.py:183} INFO - Processing /home/airflow/.local/lib/python3.12/site-packages/airflow/example_dags/example_sla_dag.py took 0.035 seconds
[2025-07-22T17:51:43.656+0000] {processor.py:161} INFO - Started process (PID=1230) to work on /home/airflow/.local/lib/python3.12/site-packages/airflow/example_dags/example_sla_dag.py
[2025-07-22T17:51:43.656+0000] {processor.py:830} INFO - Processing file /home/airflow/.local/lib/python3.12/site-packages/airflow/example_dags/example_sla_dag.py for tasks to queue
[2025-07-22T17:51:43.657+0000] {logging_mixin.py:188} INFO - [2025-07-22T17:51:43.657+0000] {dagbag.py:540} INFO - Filling up the DagBag from /home/airflow/.local/lib/python3.12/site-packages/airflow/example_dags/example_sla_dag.py
[2025-07-22T17:51:43.662+0000] {processor.py:840} INFO - DAG(s) 'example_sla_dag' retrieved from /home/airflow/.local/lib/python3.12/site-packages/airflow/example_dags/example_sla_dag.py
[2025-07-22T17:51:43.669+0000] {logging_mixin.py:188} INFO - [2025-07-22T17:51:43.669+0000] {dag.py:3096} INFO - Sync 1 DAGs
[2025-07-22T17:51:43.676+0000] {logging_mixin.py:188} INFO - [2025-07-22T17:51:43.676+0000] {dag.py:3954} INFO - Setting next_dagrun for example_sla_dag to 2025-07-22 17:48:00+00:00, run_after=2025-07-22 17:50:00+00:00
[2025-07-22T17:51:43.681+0000] {processor.py:183} INFO - Processing /home/airflow/.local/lib/python3.12/site-packages/airflow/example_dags/example_sla_dag.py took 0.028 seconds
[2025-07-22T17:52:13.721+0000] {processor.py:161} INFO - Started process (PID=1290) to work on /home/airflow/.local/lib/python3.12/site-packages/airflow/example_dags/example_sla_dag.py
[2025-07-22T17:52:13.722+0000] {processor.py:830} INFO - Processing file /home/airflow/.local/lib/python3.12/site-packages/airflow/example_dags/example_sla_dag.py for tasks to queue
[2025-07-22T17:52:13.723+0000] {logging_mixin.py:188} INFO - [2025-07-22T17:52:13.723+0000] {dagbag.py:540} INFO - Filling up the DagBag from /home/airflow/.local/lib/python3.12/site-packages/airflow/example_dags/example_sla_dag.py
[2025-07-22T17:52:13.729+0000] {processor.py:840} INFO - DAG(s) 'example_sla_dag' retrieved from /home/airflow/.local/lib/python3.12/site-packages/airflow/example_dags/example_sla_dag.py
[2025-07-22T17:52:13.741+0000] {logging_mixin.py:188} INFO - [2025-07-22T17:52:13.741+0000] {dag.py:3096} INFO - Sync 1 DAGs
[2025-07-22T17:52:13.751+0000] {logging_mixin.py:188} INFO - [2025-07-22T17:52:13.750+0000] {dag.py:3954} INFO - Setting next_dagrun for example_sla_dag to 2025-07-22 17:50:00+00:00, run_after=2025-07-22 17:52:00+00:00
[2025-07-22T17:52:13.764+0000] {processor.py:183} INFO - Processing /home/airflow/.local/lib/python3.12/site-packages/airflow/example_dags/example_sla_dag.py took 0.046 seconds
[2025-07-22T17:52:44.860+0000] {processor.py:161} INFO - Started process (PID=1350) to work on /home/airflow/.local/lib/python3.12/site-packages/airflow/example_dags/example_sla_dag.py
[2025-07-22T17:52:44.860+0000] {processor.py:830} INFO - Processing file /home/airflow/.local/lib/python3.12/site-packages/airflow/example_dags/example_sla_dag.py for tasks to queue
[2025-07-22T17:52:44.861+0000] {logging_mixin.py:188} INFO - [2025-07-22T17:52:44.861+0000] {dagbag.py:540} INFO - Filling up the DagBag from /home/airflow/.local/lib/python3.12/site-packages/airflow/example_dags/example_sla_dag.py
[2025-07-22T17:52:44.864+0000] {processor.py:840} INFO - DAG(s) 'example_sla_dag' retrieved from /home/airflow/.local/lib/python3.12/site-packages/airflow/example_dags/example_sla_dag.py
[2025-07-22T17:52:44.872+0000] {logging_mixin.py:188} INFO - [2025-07-22T17:52:44.872+0000] {dag.py:3096} INFO - Sync 1 DAGs
[2025-07-22T17:52:44.883+0000] {logging_mixin.py:188} INFO - [2025-07-22T17:52:44.883+0000] {dag.py:3954} INFO - Setting next_dagrun for example_sla_dag to 2025-07-22 17:50:00+00:00, run_after=2025-07-22 17:52:00+00:00
[2025-07-22T17:52:44.889+0000] {processor.py:183} INFO - Processing /home/airflow/.local/lib/python3.12/site-packages/airflow/example_dags/example_sla_dag.py took 0.032 seconds
[2025-07-22T17:53:15.937+0000] {processor.py:161} INFO - Started process (PID=1410) to work on /home/airflow/.local/lib/python3.12/site-packages/airflow/example_dags/example_sla_dag.py
[2025-07-22T17:53:15.937+0000] {processor.py:830} INFO - Processing file /home/airflow/.local/lib/python3.12/site-packages/airflow/example_dags/example_sla_dag.py for tasks to queue
[2025-07-22T17:53:15.938+0000] {logging_mixin.py:188} INFO - [2025-07-22T17:53:15.938+0000] {dagbag.py:540} INFO - Filling up the DagBag from /home/airflow/.local/lib/python3.12/site-packages/airflow/example_dags/example_sla_dag.py
[2025-07-22T17:53:15.942+0000] {processor.py:840} INFO - DAG(s) 'example_sla_dag' retrieved from /home/airflow/.local/lib/python3.12/site-packages/airflow/example_dags/example_sla_dag.py
[2025-07-22T17:53:15.953+0000] {logging_mixin.py:188} INFO - [2025-07-22T17:53:15.953+0000] {dag.py:3096} INFO - Sync 1 DAGs
[2025-07-22T17:53:15.962+0000] {logging_mixin.py:188} INFO - [2025-07-22T17:53:15.962+0000] {dag.py:3954} INFO - Setting next_dagrun for example_sla_dag to 2025-07-22 17:50:00+00:00, run_after=2025-07-22 17:52:00+00:00
[2025-07-22T17:53:15.971+0000] {processor.py:183} INFO - Processing /home/airflow/.local/lib/python3.12/site-packages/airflow/example_dags/example_sla_dag.py took 0.037 seconds
[2025-07-22T17:53:46.882+0000] {processor.py:161} INFO - Started process (PID=1470) to work on /home/airflow/.local/lib/python3.12/site-packages/airflow/example_dags/example_sla_dag.py
[2025-07-22T17:53:46.883+0000] {processor.py:830} INFO - Processing file /home/airflow/.local/lib/python3.12/site-packages/airflow/example_dags/example_sla_dag.py for tasks to queue
[2025-07-22T17:53:46.884+0000] {logging_mixin.py:188} INFO - [2025-07-22T17:53:46.884+0000] {dagbag.py:540} INFO - Filling up the DagBag from /home/airflow/.local/lib/python3.12/site-packages/airflow/example_dags/example_sla_dag.py
[2025-07-22T17:53:46.889+0000] {processor.py:840} INFO - DAG(s) 'example_sla_dag' retrieved from /home/airflow/.local/lib/python3.12/site-packages/airflow/example_dags/example_sla_dag.py
[2025-07-22T17:53:46.899+0000] {logging_mixin.py:188} INFO - [2025-07-22T17:53:46.899+0000] {dag.py:3096} INFO - Sync 1 DAGs
[2025-07-22T17:53:46.908+0000] {logging_mixin.py:188} INFO - [2025-07-22T17:53:46.908+0000] {dag.py:3954} INFO - Setting next_dagrun for example_sla_dag to 2025-07-22 17:50:00+00:00, run_after=2025-07-22 17:52:00+00:00
[2025-07-22T17:53:46.914+0000] {processor.py:183} INFO - Processing /home/airflow/.local/lib/python3.12/site-packages/airflow/example_dags/example_sla_dag.py took 0.035 seconds
[2025-07-22T17:54:17.272+0000] {processor.py:161} INFO - Started process (PID=1530) to work on /home/airflow/.local/lib/python3.12/site-packages/airflow/example_dags/example_sla_dag.py
[2025-07-22T17:54:17.273+0000] {processor.py:830} INFO - Processing file /home/airflow/.local/lib/python3.12/site-packages/airflow/example_dags/example_sla_dag.py for tasks to queue
[2025-07-22T17:54:17.273+0000] {logging_mixin.py:188} INFO - [2025-07-22T17:54:17.273+0000] {dagbag.py:540} INFO - Filling up the DagBag from /home/airflow/.local/lib/python3.12/site-packages/airflow/example_dags/example_sla_dag.py
[2025-07-22T17:54:17.276+0000] {processor.py:840} INFO - DAG(s) 'example_sla_dag' retrieved from /home/airflow/.local/lib/python3.12/site-packages/airflow/example_dags/example_sla_dag.py
[2025-07-22T17:54:17.284+0000] {logging_mixin.py:188} INFO - [2025-07-22T17:54:17.283+0000] {dag.py:3096} INFO - Sync 1 DAGs
[2025-07-22T17:54:17.291+0000] {logging_mixin.py:188} INFO - [2025-07-22T17:54:17.291+0000] {dag.py:3954} INFO - Setting next_dagrun for example_sla_dag to 2025-07-22 17:52:00+00:00, run_after=2025-07-22 17:54:00+00:00
[2025-07-22T17:54:17.296+0000] {processor.py:183} INFO - Processing /home/airflow/.local/lib/python3.12/site-packages/airflow/example_dags/example_sla_dag.py took 0.026 seconds
[2025-07-22T17:54:48.040+0000] {processor.py:161} INFO - Started process (PID=1590) to work on /home/airflow/.local/lib/python3.12/site-packages/airflow/example_dags/example_sla_dag.py
[2025-07-22T17:54:48.040+0000] {processor.py:830} INFO - Processing file /home/airflow/.local/lib/python3.12/site-packages/airflow/example_dags/example_sla_dag.py for tasks to queue
[2025-07-22T17:54:48.041+0000] {logging_mixin.py:188} INFO - [2025-07-22T17:54:48.041+0000] {dagbag.py:540} INFO - Filling up the DagBag from /home/airflow/.local/lib/python3.12/site-packages/airflow/example_dags/example_sla_dag.py
[2025-07-22T17:54:48.044+0000] {processor.py:840} INFO - DAG(s) 'example_sla_dag' retrieved from /home/airflow/.local/lib/python3.12/site-packages/airflow/example_dags/example_sla_dag.py
[2025-07-22T17:54:48.053+0000] {logging_mixin.py:188} INFO - [2025-07-22T17:54:48.053+0000] {dag.py:3096} INFO - Sync 1 DAGs
[2025-07-22T17:54:48.061+0000] {logging_mixin.py:188} INFO - [2025-07-22T17:54:48.061+0000] {dag.py:3954} INFO - Setting next_dagrun for example_sla_dag to 2025-07-22 17:52:00+00:00, run_after=2025-07-22 17:54:00+00:00
[2025-07-22T17:54:48.067+0000] {processor.py:183} INFO - Processing /home/airflow/.local/lib/python3.12/site-packages/airflow/example_dags/example_sla_dag.py took 0.030 seconds
