[2025-07-22T17:47:04.295+0000] {processor.py:161} INFO - Started process (PID=659) to work on /home/airflow/.local/lib/python3.12/site-packages/airflow/example_dags/example_complex.py
[2025-07-22T17:47:04.296+0000] {processor.py:830} INFO - Processing file /home/airflow/.local/lib/python3.12/site-packages/airflow/example_dags/example_complex.py for tasks to queue
[2025-07-22T17:47:04.296+0000] {logging_mixin.py:188} INFO - [2025-07-22T17:47:04.296+0000] {dagbag.py:540} INFO - Filling up the DagBag from /home/airflow/.local/lib/python3.12/site-packages/airflow/example_dags/example_complex.py
[2025-07-22T17:47:04.300+0000] {processor.py:840} INFO - DAG(s) 'example_complex' retrieved from /home/airflow/.local/lib/python3.12/site-packages/airflow/example_dags/example_complex.py
[2025-07-22T17:47:04.311+0000] {logging_mixin.py:188} INFO - [2025-07-22T17:47:04.311+0000] {dag.py:3096} INFO - Sync 1 DAGs
[2025-07-22T17:47:04.318+0000] {logging_mixin.py:188} INFO - [2025-07-22T17:47:04.318+0000] {dag.py:3954} INFO - Setting next_dagrun for example_complex to None, run_after=None
[2025-07-22T17:47:04.323+0000] {processor.py:183} INFO - Processing /home/airflow/.local/lib/python3.12/site-packages/airflow/example_dags/example_complex.py took 0.031 seconds
[2025-07-22T17:47:35.009+0000] {processor.py:161} INFO - Started process (PID=719) to work on /home/airflow/.local/lib/python3.12/site-packages/airflow/example_dags/example_complex.py
[2025-07-22T17:47:35.009+0000] {processor.py:830} INFO - Processing file /home/airflow/.local/lib/python3.12/site-packages/airflow/example_dags/example_complex.py for tasks to queue
[2025-07-22T17:47:35.010+0000] {logging_mixin.py:188} INFO - [2025-07-22T17:47:35.010+0000] {dagbag.py:540} INFO - Filling up the DagBag from /home/airflow/.local/lib/python3.12/site-packages/airflow/example_dags/example_complex.py
[2025-07-22T17:47:35.013+0000] {processor.py:840} INFO - DAG(s) 'example_complex' retrieved from /home/airflow/.local/lib/python3.12/site-packages/airflow/example_dags/example_complex.py
[2025-07-22T17:47:35.027+0000] {logging_mixin.py:188} INFO - [2025-07-22T17:47:35.027+0000] {dag.py:3096} INFO - Sync 1 DAGs
[2025-07-22T17:47:35.032+0000] {logging_mixin.py:188} INFO - [2025-07-22T17:47:35.032+0000] {dag.py:3954} INFO - Setting next_dagrun for example_complex to None, run_after=None
[2025-07-22T17:47:35.041+0000] {processor.py:183} INFO - Processing /home/airflow/.local/lib/python3.12/site-packages/airflow/example_dags/example_complex.py took 0.034 seconds
[2025-07-22T17:48:05.922+0000] {processor.py:161} INFO - Started process (PID=779) to work on /home/airflow/.local/lib/python3.12/site-packages/airflow/example_dags/example_complex.py
[2025-07-22T17:48:05.922+0000] {processor.py:830} INFO - Processing file /home/airflow/.local/lib/python3.12/site-packages/airflow/example_dags/example_complex.py for tasks to queue
[2025-07-22T17:48:05.923+0000] {logging_mixin.py:188} INFO - [2025-07-22T17:48:05.923+0000] {dagbag.py:540} INFO - Filling up the DagBag from /home/airflow/.local/lib/python3.12/site-packages/airflow/example_dags/example_complex.py
[2025-07-22T17:48:05.927+0000] {processor.py:840} INFO - DAG(s) 'example_complex' retrieved from /home/airflow/.local/lib/python3.12/site-packages/airflow/example_dags/example_complex.py
[2025-07-22T17:48:05.938+0000] {logging_mixin.py:188} INFO - [2025-07-22T17:48:05.938+0000] {dag.py:3096} INFO - Sync 1 DAGs
[2025-07-22T17:48:05.942+0000] {logging_mixin.py:188} INFO - [2025-07-22T17:48:05.942+0000] {dag.py:3954} INFO - Setting next_dagrun for example_complex to None, run_after=None
[2025-07-22T17:48:05.950+0000] {processor.py:183} INFO - Processing /home/airflow/.local/lib/python3.12/site-packages/airflow/example_dags/example_complex.py took 0.032 seconds
[2025-07-22T17:48:36.774+0000] {processor.py:161} INFO - Started process (PID=839) to work on /home/airflow/.local/lib/python3.12/site-packages/airflow/example_dags/example_complex.py
[2025-07-22T17:48:36.775+0000] {processor.py:830} INFO - Processing file /home/airflow/.local/lib/python3.12/site-packages/airflow/example_dags/example_complex.py for tasks to queue
[2025-07-22T17:48:36.776+0000] {logging_mixin.py:188} INFO - [2025-07-22T17:48:36.776+0000] {dagbag.py:540} INFO - Filling up the DagBag from /home/airflow/.local/lib/python3.12/site-packages/airflow/example_dags/example_complex.py
[2025-07-22T17:48:36.783+0000] {processor.py:840} INFO - DAG(s) 'example_complex' retrieved from /home/airflow/.local/lib/python3.12/site-packages/airflow/example_dags/example_complex.py
[2025-07-22T17:48:36.797+0000] {logging_mixin.py:188} INFO - [2025-07-22T17:48:36.797+0000] {dag.py:3096} INFO - Sync 1 DAGs
[2025-07-22T17:48:36.803+0000] {logging_mixin.py:188} INFO - [2025-07-22T17:48:36.803+0000] {dag.py:3954} INFO - Setting next_dagrun for example_complex to None, run_after=None
[2025-07-22T17:48:36.809+0000] {processor.py:183} INFO - Processing /home/airflow/.local/lib/python3.12/site-packages/airflow/example_dags/example_complex.py took 0.038 seconds
[2025-07-22T17:49:06.868+0000] {processor.py:161} INFO - Started process (PID=898) to work on /home/airflow/.local/lib/python3.12/site-packages/airflow/example_dags/example_complex.py
[2025-07-22T17:49:06.869+0000] {processor.py:830} INFO - Processing file /home/airflow/.local/lib/python3.12/site-packages/airflow/example_dags/example_complex.py for tasks to queue
[2025-07-22T17:49:06.870+0000] {logging_mixin.py:188} INFO - [2025-07-22T17:49:06.870+0000] {dagbag.py:540} INFO - Filling up the DagBag from /home/airflow/.local/lib/python3.12/site-packages/airflow/example_dags/example_complex.py
[2025-07-22T17:49:06.873+0000] {processor.py:840} INFO - DAG(s) 'example_complex' retrieved from /home/airflow/.local/lib/python3.12/site-packages/airflow/example_dags/example_complex.py
[2025-07-22T17:49:06.885+0000] {logging_mixin.py:188} INFO - [2025-07-22T17:49:06.885+0000] {dag.py:3096} INFO - Sync 1 DAGs
[2025-07-22T17:49:06.889+0000] {logging_mixin.py:188} INFO - [2025-07-22T17:49:06.889+0000] {dag.py:3954} INFO - Setting next_dagrun for example_complex to None, run_after=None
[2025-07-22T17:49:06.899+0000] {processor.py:183} INFO - Processing /home/airflow/.local/lib/python3.12/site-packages/airflow/example_dags/example_complex.py took 0.038 seconds
[2025-07-22T17:49:36.911+0000] {processor.py:161} INFO - Started process (PID=956) to work on /home/airflow/.local/lib/python3.12/site-packages/airflow/example_dags/example_complex.py
[2025-07-22T17:49:36.912+0000] {processor.py:830} INFO - Processing file /home/airflow/.local/lib/python3.12/site-packages/airflow/example_dags/example_complex.py for tasks to queue
[2025-07-22T17:49:36.912+0000] {logging_mixin.py:188} INFO - [2025-07-22T17:49:36.912+0000] {dagbag.py:540} INFO - Filling up the DagBag from /home/airflow/.local/lib/python3.12/site-packages/airflow/example_dags/example_complex.py
[2025-07-22T17:49:36.915+0000] {processor.py:840} INFO - DAG(s) 'example_complex' retrieved from /home/airflow/.local/lib/python3.12/site-packages/airflow/example_dags/example_complex.py
[2025-07-22T17:49:36.925+0000] {logging_mixin.py:188} INFO - [2025-07-22T17:49:36.925+0000] {dag.py:3096} INFO - Sync 1 DAGs
[2025-07-22T17:49:36.929+0000] {logging_mixin.py:188} INFO - [2025-07-22T17:49:36.929+0000] {dag.py:3954} INFO - Setting next_dagrun for example_complex to None, run_after=None
[2025-07-22T17:49:36.934+0000] {processor.py:183} INFO - Processing /home/airflow/.local/lib/python3.12/site-packages/airflow/example_dags/example_complex.py took 0.025 seconds
[2025-07-22T17:50:08.081+0000] {processor.py:161} INFO - Started process (PID=1016) to work on /home/airflow/.local/lib/python3.12/site-packages/airflow/example_dags/example_complex.py
[2025-07-22T17:50:08.081+0000] {processor.py:830} INFO - Processing file /home/airflow/.local/lib/python3.12/site-packages/airflow/example_dags/example_complex.py for tasks to queue
[2025-07-22T17:50:08.082+0000] {logging_mixin.py:188} INFO - [2025-07-22T17:50:08.082+0000] {dagbag.py:540} INFO - Filling up the DagBag from /home/airflow/.local/lib/python3.12/site-packages/airflow/example_dags/example_complex.py
[2025-07-22T17:50:08.086+0000] {processor.py:840} INFO - DAG(s) 'example_complex' retrieved from /home/airflow/.local/lib/python3.12/site-packages/airflow/example_dags/example_complex.py
[2025-07-22T17:50:08.107+0000] {logging_mixin.py:188} INFO - [2025-07-22T17:50:08.106+0000] {dag.py:3096} INFO - Sync 1 DAGs
[2025-07-22T17:50:08.111+0000] {logging_mixin.py:188} INFO - [2025-07-22T17:50:08.111+0000] {dag.py:3954} INFO - Setting next_dagrun for example_complex to None, run_after=None
[2025-07-22T17:50:08.121+0000] {processor.py:183} INFO - Processing /home/airflow/.local/lib/python3.12/site-packages/airflow/example_dags/example_complex.py took 0.042 seconds
[2025-07-22T17:50:38.742+0000] {processor.py:161} INFO - Started process (PID=1076) to work on /home/airflow/.local/lib/python3.12/site-packages/airflow/example_dags/example_complex.py
[2025-07-22T17:50:38.746+0000] {processor.py:830} INFO - Processing file /home/airflow/.local/lib/python3.12/site-packages/airflow/example_dags/example_complex.py for tasks to queue
[2025-07-22T17:50:38.748+0000] {logging_mixin.py:188} INFO - [2025-07-22T17:50:38.748+0000] {dagbag.py:540} INFO - Filling up the DagBag from /home/airflow/.local/lib/python3.12/site-packages/airflow/example_dags/example_complex.py
[2025-07-22T17:50:38.753+0000] {processor.py:840} INFO - DAG(s) 'example_complex' retrieved from /home/airflow/.local/lib/python3.12/site-packages/airflow/example_dags/example_complex.py
[2025-07-22T17:50:38.858+0000] {logging_mixin.py:188} INFO - [2025-07-22T17:50:38.858+0000] {dag.py:3096} INFO - Sync 1 DAGs
[2025-07-22T17:50:38.862+0000] {logging_mixin.py:188} INFO - [2025-07-22T17:50:38.862+0000] {dag.py:3954} INFO - Setting next_dagrun for example_complex to None, run_after=None
[2025-07-22T17:50:38.868+0000] {processor.py:183} INFO - Processing /home/airflow/.local/lib/python3.12/site-packages/airflow/example_dags/example_complex.py took 0.129 seconds
[2025-07-22T17:51:09.325+0000] {processor.py:161} INFO - Started process (PID=1136) to work on /home/airflow/.local/lib/python3.12/site-packages/airflow/example_dags/example_complex.py
[2025-07-22T17:51:09.326+0000] {processor.py:830} INFO - Processing file /home/airflow/.local/lib/python3.12/site-packages/airflow/example_dags/example_complex.py for tasks to queue
[2025-07-22T17:51:09.327+0000] {logging_mixin.py:188} INFO - [2025-07-22T17:51:09.327+0000] {dagbag.py:540} INFO - Filling up the DagBag from /home/airflow/.local/lib/python3.12/site-packages/airflow/example_dags/example_complex.py
[2025-07-22T17:51:09.332+0000] {processor.py:840} INFO - DAG(s) 'example_complex' retrieved from /home/airflow/.local/lib/python3.12/site-packages/airflow/example_dags/example_complex.py
[2025-07-22T17:51:09.351+0000] {logging_mixin.py:188} INFO - [2025-07-22T17:51:09.351+0000] {dag.py:3096} INFO - Sync 1 DAGs
[2025-07-22T17:51:09.450+0000] {logging_mixin.py:188} INFO - [2025-07-22T17:51:09.450+0000] {dag.py:3954} INFO - Setting next_dagrun for example_complex to None, run_after=None
[2025-07-22T17:51:09.467+0000] {processor.py:183} INFO - Processing /home/airflow/.local/lib/python3.12/site-packages/airflow/example_dags/example_complex.py took 0.147 seconds
[2025-07-22T17:51:39.559+0000] {processor.py:161} INFO - Started process (PID=1196) to work on /home/airflow/.local/lib/python3.12/site-packages/airflow/example_dags/example_complex.py
[2025-07-22T17:51:39.559+0000] {processor.py:830} INFO - Processing file /home/airflow/.local/lib/python3.12/site-packages/airflow/example_dags/example_complex.py for tasks to queue
[2025-07-22T17:51:39.560+0000] {logging_mixin.py:188} INFO - [2025-07-22T17:51:39.560+0000] {dagbag.py:540} INFO - Filling up the DagBag from /home/airflow/.local/lib/python3.12/site-packages/airflow/example_dags/example_complex.py
[2025-07-22T17:51:39.566+0000] {processor.py:840} INFO - DAG(s) 'example_complex' retrieved from /home/airflow/.local/lib/python3.12/site-packages/airflow/example_dags/example_complex.py
[2025-07-22T17:51:39.582+0000] {logging_mixin.py:188} INFO - [2025-07-22T17:51:39.582+0000] {dag.py:3096} INFO - Sync 1 DAGs
[2025-07-22T17:51:39.588+0000] {logging_mixin.py:188} INFO - [2025-07-22T17:51:39.588+0000] {dag.py:3954} INFO - Setting next_dagrun for example_complex to None, run_after=None
[2025-07-22T17:51:39.597+0000] {processor.py:183} INFO - Processing /home/airflow/.local/lib/python3.12/site-packages/airflow/example_dags/example_complex.py took 0.041 seconds
[2025-07-22T17:52:10.537+0000] {processor.py:161} INFO - Started process (PID=1256) to work on /home/airflow/.local/lib/python3.12/site-packages/airflow/example_dags/example_complex.py
[2025-07-22T17:52:10.539+0000] {processor.py:830} INFO - Processing file /home/airflow/.local/lib/python3.12/site-packages/airflow/example_dags/example_complex.py for tasks to queue
[2025-07-22T17:52:10.540+0000] {logging_mixin.py:188} INFO - [2025-07-22T17:52:10.540+0000] {dagbag.py:540} INFO - Filling up the DagBag from /home/airflow/.local/lib/python3.12/site-packages/airflow/example_dags/example_complex.py
[2025-07-22T17:52:10.545+0000] {processor.py:840} INFO - DAG(s) 'example_complex' retrieved from /home/airflow/.local/lib/python3.12/site-packages/airflow/example_dags/example_complex.py
[2025-07-22T17:52:10.570+0000] {logging_mixin.py:188} INFO - [2025-07-22T17:52:10.570+0000] {dag.py:3096} INFO - Sync 1 DAGs
[2025-07-22T17:52:10.579+0000] {logging_mixin.py:188} INFO - [2025-07-22T17:52:10.579+0000] {dag.py:3954} INFO - Setting next_dagrun for example_complex to None, run_after=None
[2025-07-22T17:52:10.609+0000] {processor.py:183} INFO - Processing /home/airflow/.local/lib/python3.12/site-packages/airflow/example_dags/example_complex.py took 0.082 seconds
[2025-07-22T17:52:40.635+0000] {processor.py:161} INFO - Started process (PID=1316) to work on /home/airflow/.local/lib/python3.12/site-packages/airflow/example_dags/example_complex.py
[2025-07-22T17:52:40.637+0000] {processor.py:830} INFO - Processing file /home/airflow/.local/lib/python3.12/site-packages/airflow/example_dags/example_complex.py for tasks to queue
[2025-07-22T17:52:40.638+0000] {logging_mixin.py:188} INFO - [2025-07-22T17:52:40.638+0000] {dagbag.py:540} INFO - Filling up the DagBag from /home/airflow/.local/lib/python3.12/site-packages/airflow/example_dags/example_complex.py
[2025-07-22T17:52:40.641+0000] {processor.py:840} INFO - DAG(s) 'example_complex' retrieved from /home/airflow/.local/lib/python3.12/site-packages/airflow/example_dags/example_complex.py
[2025-07-22T17:52:40.651+0000] {logging_mixin.py:188} INFO - [2025-07-22T17:52:40.651+0000] {dag.py:3096} INFO - Sync 1 DAGs
[2025-07-22T17:52:40.656+0000] {logging_mixin.py:188} INFO - [2025-07-22T17:52:40.655+0000] {dag.py:3954} INFO - Setting next_dagrun for example_complex to None, run_after=None
[2025-07-22T17:52:40.662+0000] {processor.py:183} INFO - Processing /home/airflow/.local/lib/python3.12/site-packages/airflow/example_dags/example_complex.py took 0.029 seconds
[2025-07-22T17:53:10.820+0000] {processor.py:161} INFO - Started process (PID=1376) to work on /home/airflow/.local/lib/python3.12/site-packages/airflow/example_dags/example_complex.py
[2025-07-22T17:53:10.821+0000] {processor.py:830} INFO - Processing file /home/airflow/.local/lib/python3.12/site-packages/airflow/example_dags/example_complex.py for tasks to queue
[2025-07-22T17:53:10.823+0000] {logging_mixin.py:188} INFO - [2025-07-22T17:53:10.823+0000] {dagbag.py:540} INFO - Filling up the DagBag from /home/airflow/.local/lib/python3.12/site-packages/airflow/example_dags/example_complex.py
[2025-07-22T17:53:10.826+0000] {processor.py:840} INFO - DAG(s) 'example_complex' retrieved from /home/airflow/.local/lib/python3.12/site-packages/airflow/example_dags/example_complex.py
[2025-07-22T17:53:10.840+0000] {logging_mixin.py:188} INFO - [2025-07-22T17:53:10.840+0000] {dag.py:3096} INFO - Sync 1 DAGs
[2025-07-22T17:53:10.844+0000] {logging_mixin.py:188} INFO - [2025-07-22T17:53:10.844+0000] {dag.py:3954} INFO - Setting next_dagrun for example_complex to None, run_after=None
[2025-07-22T17:53:10.850+0000] {processor.py:183} INFO - Processing /home/airflow/.local/lib/python3.12/site-packages/airflow/example_dags/example_complex.py took 0.032 seconds
[2025-07-22T17:53:40.908+0000] {processor.py:161} INFO - Started process (PID=1436) to work on /home/airflow/.local/lib/python3.12/site-packages/airflow/example_dags/example_complex.py
[2025-07-22T17:53:40.909+0000] {processor.py:830} INFO - Processing file /home/airflow/.local/lib/python3.12/site-packages/airflow/example_dags/example_complex.py for tasks to queue
[2025-07-22T17:53:40.909+0000] {logging_mixin.py:188} INFO - [2025-07-22T17:53:40.909+0000] {dagbag.py:540} INFO - Filling up the DagBag from /home/airflow/.local/lib/python3.12/site-packages/airflow/example_dags/example_complex.py
[2025-07-22T17:53:40.913+0000] {processor.py:840} INFO - DAG(s) 'example_complex' retrieved from /home/airflow/.local/lib/python3.12/site-packages/airflow/example_dags/example_complex.py
[2025-07-22T17:53:40.923+0000] {logging_mixin.py:188} INFO - [2025-07-22T17:53:40.923+0000] {dag.py:3096} INFO - Sync 1 DAGs
[2025-07-22T17:53:40.926+0000] {logging_mixin.py:188} INFO - [2025-07-22T17:53:40.926+0000] {dag.py:3954} INFO - Setting next_dagrun for example_complex to None, run_after=None
[2025-07-22T17:53:40.932+0000] {processor.py:183} INFO - Processing /home/airflow/.local/lib/python3.12/site-packages/airflow/example_dags/example_complex.py took 0.026 seconds
[2025-07-22T17:54:12.203+0000] {processor.py:161} INFO - Started process (PID=1496) to work on /home/airflow/.local/lib/python3.12/site-packages/airflow/example_dags/example_complex.py
[2025-07-22T17:54:12.204+0000] {processor.py:830} INFO - Processing file /home/airflow/.local/lib/python3.12/site-packages/airflow/example_dags/example_complex.py for tasks to queue
[2025-07-22T17:54:12.205+0000] {logging_mixin.py:188} INFO - [2025-07-22T17:54:12.205+0000] {dagbag.py:540} INFO - Filling up the DagBag from /home/airflow/.local/lib/python3.12/site-packages/airflow/example_dags/example_complex.py
[2025-07-22T17:54:12.214+0000] {processor.py:840} INFO - DAG(s) 'example_complex' retrieved from /home/airflow/.local/lib/python3.12/site-packages/airflow/example_dags/example_complex.py
[2025-07-22T17:54:12.236+0000] {logging_mixin.py:188} INFO - [2025-07-22T17:54:12.236+0000] {dag.py:3096} INFO - Sync 1 DAGs
[2025-07-22T17:54:12.245+0000] {logging_mixin.py:188} INFO - [2025-07-22T17:54:12.245+0000] {dag.py:3954} INFO - Setting next_dagrun for example_complex to None, run_after=None
[2025-07-22T17:54:12.259+0000] {processor.py:183} INFO - Processing /home/airflow/.local/lib/python3.12/site-packages/airflow/example_dags/example_complex.py took 0.060 seconds
[2025-07-22T17:54:43.103+0000] {processor.py:161} INFO - Started process (PID=1556) to work on /home/airflow/.local/lib/python3.12/site-packages/airflow/example_dags/example_complex.py
[2025-07-22T17:54:43.103+0000] {processor.py:830} INFO - Processing file /home/airflow/.local/lib/python3.12/site-packages/airflow/example_dags/example_complex.py for tasks to queue
[2025-07-22T17:54:43.104+0000] {logging_mixin.py:188} INFO - [2025-07-22T17:54:43.104+0000] {dagbag.py:540} INFO - Filling up the DagBag from /home/airflow/.local/lib/python3.12/site-packages/airflow/example_dags/example_complex.py
[2025-07-22T17:54:43.108+0000] {processor.py:840} INFO - DAG(s) 'example_complex' retrieved from /home/airflow/.local/lib/python3.12/site-packages/airflow/example_dags/example_complex.py
[2025-07-22T17:54:43.119+0000] {logging_mixin.py:188} INFO - [2025-07-22T17:54:43.118+0000] {dag.py:3096} INFO - Sync 1 DAGs
[2025-07-22T17:54:43.124+0000] {logging_mixin.py:188} INFO - [2025-07-22T17:54:43.124+0000] {dag.py:3954} INFO - Setting next_dagrun for example_complex to None, run_after=None
[2025-07-22T17:54:43.133+0000] {processor.py:183} INFO - Processing /home/airflow/.local/lib/python3.12/site-packages/airflow/example_dags/example_complex.py took 0.032 seconds
