[2025-07-22T17:47:04.349+0000] {processor.py:161} INFO - Started process (PID=662) to work on /home/airflow/.local/lib/python3.12/site-packages/airflow/example_dags/example_python_decorator.py
[2025-07-22T17:47:04.351+0000] {processor.py:830} INFO - Processing file /home/airflow/.local/lib/python3.12/site-packages/airflow/example_dags/example_python_decorator.py for tasks to queue
[2025-07-22T17:47:04.352+0000] {logging_mixin.py:188} INFO - [2025-07-22T17:47:04.352+0000] {dagbag.py:540} INFO - Filling up the DagBag from /home/airflow/.local/lib/python3.12/site-packages/airflow/example_dags/example_python_decorator.py
[2025-07-22T17:47:04.356+0000] {processor.py:840} INFO - DAG(s) 'example_python_decorator' retrieved from /home/airflow/.local/lib/python3.12/site-packages/airflow/example_dags/example_python_decorator.py
[2025-07-22T17:47:04.365+0000] {logging_mixin.py:188} INFO - [2025-07-22T17:47:04.365+0000] {dag.py:3096} INFO - Sync 1 DAGs
[2025-07-22T17:47:04.372+0000] {logging_mixin.py:188} INFO - [2025-07-22T17:47:04.372+0000] {dag.py:3954} INFO - Setting next_dagrun for example_python_decorator to None, run_after=None
[2025-07-22T17:47:04.378+0000] {processor.py:183} INFO - Processing /home/airflow/.local/lib/python3.12/site-packages/airflow/example_dags/example_python_decorator.py took 0.032 seconds
[2025-07-22T17:47:35.082+0000] {processor.py:161} INFO - Started process (PID=722) to work on /home/airflow/.local/lib/python3.12/site-packages/airflow/example_dags/example_python_decorator.py
[2025-07-22T17:47:35.083+0000] {processor.py:830} INFO - Processing file /home/airflow/.local/lib/python3.12/site-packages/airflow/example_dags/example_python_decorator.py for tasks to queue
[2025-07-22T17:47:35.084+0000] {logging_mixin.py:188} INFO - [2025-07-22T17:47:35.084+0000] {dagbag.py:540} INFO - Filling up the DagBag from /home/airflow/.local/lib/python3.12/site-packages/airflow/example_dags/example_python_decorator.py
[2025-07-22T17:47:35.091+0000] {processor.py:840} INFO - DAG(s) 'example_python_decorator' retrieved from /home/airflow/.local/lib/python3.12/site-packages/airflow/example_dags/example_python_decorator.py
[2025-07-22T17:47:35.102+0000] {logging_mixin.py:188} INFO - [2025-07-22T17:47:35.102+0000] {dag.py:3096} INFO - Sync 1 DAGs
[2025-07-22T17:47:35.106+0000] {logging_mixin.py:188} INFO - [2025-07-22T17:47:35.106+0000] {dag.py:3954} INFO - Setting next_dagrun for example_python_decorator to None, run_after=None
[2025-07-22T17:47:35.114+0000] {processor.py:183} INFO - Processing /home/airflow/.local/lib/python3.12/site-packages/airflow/example_dags/example_python_decorator.py took 0.034 seconds
[2025-07-22T17:48:05.998+0000] {processor.py:161} INFO - Started process (PID=782) to work on /home/airflow/.local/lib/python3.12/site-packages/airflow/example_dags/example_python_decorator.py
[2025-07-22T17:48:05.998+0000] {processor.py:830} INFO - Processing file /home/airflow/.local/lib/python3.12/site-packages/airflow/example_dags/example_python_decorator.py for tasks to queue
[2025-07-22T17:48:06.000+0000] {logging_mixin.py:188} INFO - [2025-07-22T17:48:06.000+0000] {dagbag.py:540} INFO - Filling up the DagBag from /home/airflow/.local/lib/python3.12/site-packages/airflow/example_dags/example_python_decorator.py
[2025-07-22T17:48:06.006+0000] {processor.py:840} INFO - DAG(s) 'example_python_decorator' retrieved from /home/airflow/.local/lib/python3.12/site-packages/airflow/example_dags/example_python_decorator.py
[2025-07-22T17:48:06.015+0000] {logging_mixin.py:188} INFO - [2025-07-22T17:48:06.015+0000] {dag.py:3096} INFO - Sync 1 DAGs
[2025-07-22T17:48:06.020+0000] {logging_mixin.py:188} INFO - [2025-07-22T17:48:06.019+0000] {dag.py:3954} INFO - Setting next_dagrun for example_python_decorator to None, run_after=None
[2025-07-22T17:48:06.029+0000] {processor.py:183} INFO - Processing /home/airflow/.local/lib/python3.12/site-packages/airflow/example_dags/example_python_decorator.py took 0.033 seconds
[2025-07-22T17:48:36.845+0000] {processor.py:161} INFO - Started process (PID=842) to work on /home/airflow/.local/lib/python3.12/site-packages/airflow/example_dags/example_python_decorator.py
[2025-07-22T17:48:36.846+0000] {processor.py:830} INFO - Processing file /home/airflow/.local/lib/python3.12/site-packages/airflow/example_dags/example_python_decorator.py for tasks to queue
[2025-07-22T17:48:36.847+0000] {logging_mixin.py:188} INFO - [2025-07-22T17:48:36.846+0000] {dagbag.py:540} INFO - Filling up the DagBag from /home/airflow/.local/lib/python3.12/site-packages/airflow/example_dags/example_python_decorator.py
[2025-07-22T17:48:36.853+0000] {processor.py:840} INFO - DAG(s) 'example_python_decorator' retrieved from /home/airflow/.local/lib/python3.12/site-packages/airflow/example_dags/example_python_decorator.py
[2025-07-22T17:48:36.864+0000] {logging_mixin.py:188} INFO - [2025-07-22T17:48:36.864+0000] {dag.py:3096} INFO - Sync 1 DAGs
[2025-07-22T17:48:36.868+0000] {logging_mixin.py:188} INFO - [2025-07-22T17:48:36.868+0000] {dag.py:3954} INFO - Setting next_dagrun for example_python_decorator to None, run_after=None
[2025-07-22T17:48:36.877+0000] {processor.py:183} INFO - Processing /home/airflow/.local/lib/python3.12/site-packages/airflow/example_dags/example_python_decorator.py took 0.035 seconds
[2025-07-22T17:49:06.983+0000] {processor.py:161} INFO - Started process (PID=901) to work on /home/airflow/.local/lib/python3.12/site-packages/airflow/example_dags/example_python_decorator.py
[2025-07-22T17:49:06.984+0000] {processor.py:830} INFO - Processing file /home/airflow/.local/lib/python3.12/site-packages/airflow/example_dags/example_python_decorator.py for tasks to queue
[2025-07-22T17:49:06.985+0000] {logging_mixin.py:188} INFO - [2025-07-22T17:49:06.985+0000] {dagbag.py:540} INFO - Filling up the DagBag from /home/airflow/.local/lib/python3.12/site-packages/airflow/example_dags/example_python_decorator.py
[2025-07-22T17:49:06.990+0000] {processor.py:840} INFO - DAG(s) 'example_python_decorator' retrieved from /home/airflow/.local/lib/python3.12/site-packages/airflow/example_dags/example_python_decorator.py
[2025-07-22T17:49:07.007+0000] {logging_mixin.py:188} INFO - [2025-07-22T17:49:07.006+0000] {dag.py:3096} INFO - Sync 1 DAGs
[2025-07-22T17:49:07.018+0000] {logging_mixin.py:188} INFO - [2025-07-22T17:49:07.018+0000] {dag.py:3954} INFO - Setting next_dagrun for example_python_decorator to None, run_after=None
[2025-07-22T17:49:07.028+0000] {processor.py:183} INFO - Processing /home/airflow/.local/lib/python3.12/site-packages/airflow/example_dags/example_python_decorator.py took 0.047 seconds
[2025-07-22T17:49:38.072+0000] {processor.py:161} INFO - Started process (PID=961) to work on /home/airflow/.local/lib/python3.12/site-packages/airflow/example_dags/example_python_decorator.py
[2025-07-22T17:49:38.073+0000] {processor.py:830} INFO - Processing file /home/airflow/.local/lib/python3.12/site-packages/airflow/example_dags/example_python_decorator.py for tasks to queue
[2025-07-22T17:49:38.075+0000] {logging_mixin.py:188} INFO - [2025-07-22T17:49:38.075+0000] {dagbag.py:540} INFO - Filling up the DagBag from /home/airflow/.local/lib/python3.12/site-packages/airflow/example_dags/example_python_decorator.py
[2025-07-22T17:49:38.082+0000] {processor.py:840} INFO - DAG(s) 'example_python_decorator' retrieved from /home/airflow/.local/lib/python3.12/site-packages/airflow/example_dags/example_python_decorator.py
[2025-07-22T17:49:38.096+0000] {logging_mixin.py:188} INFO - [2025-07-22T17:49:38.096+0000] {dag.py:3096} INFO - Sync 1 DAGs
[2025-07-22T17:49:38.102+0000] {logging_mixin.py:188} INFO - [2025-07-22T17:49:38.102+0000] {dag.py:3954} INFO - Setting next_dagrun for example_python_decorator to None, run_after=None
[2025-07-22T17:49:38.111+0000] {processor.py:183} INFO - Processing /home/airflow/.local/lib/python3.12/site-packages/airflow/example_dags/example_python_decorator.py took 0.042 seconds
[2025-07-22T17:50:08.171+0000] {processor.py:161} INFO - Started process (PID=1019) to work on /home/airflow/.local/lib/python3.12/site-packages/airflow/example_dags/example_python_decorator.py
[2025-07-22T17:50:08.172+0000] {processor.py:830} INFO - Processing file /home/airflow/.local/lib/python3.12/site-packages/airflow/example_dags/example_python_decorator.py for tasks to queue
[2025-07-22T17:50:08.172+0000] {logging_mixin.py:188} INFO - [2025-07-22T17:50:08.172+0000] {dagbag.py:540} INFO - Filling up the DagBag from /home/airflow/.local/lib/python3.12/site-packages/airflow/example_dags/example_python_decorator.py
[2025-07-22T17:50:08.177+0000] {processor.py:840} INFO - DAG(s) 'example_python_decorator' retrieved from /home/airflow/.local/lib/python3.12/site-packages/airflow/example_dags/example_python_decorator.py
[2025-07-22T17:50:08.185+0000] {logging_mixin.py:188} INFO - [2025-07-22T17:50:08.185+0000] {dag.py:3096} INFO - Sync 1 DAGs
[2025-07-22T17:50:08.189+0000] {logging_mixin.py:188} INFO - [2025-07-22T17:50:08.189+0000] {dag.py:3954} INFO - Setting next_dagrun for example_python_decorator to None, run_after=None
[2025-07-22T17:50:08.195+0000] {processor.py:183} INFO - Processing /home/airflow/.local/lib/python3.12/site-packages/airflow/example_dags/example_python_decorator.py took 0.026 seconds
[2025-07-22T17:50:39.001+0000] {processor.py:161} INFO - Started process (PID=1079) to work on /home/airflow/.local/lib/python3.12/site-packages/airflow/example_dags/example_python_decorator.py
[2025-07-22T17:50:39.001+0000] {processor.py:830} INFO - Processing file /home/airflow/.local/lib/python3.12/site-packages/airflow/example_dags/example_python_decorator.py for tasks to queue
[2025-07-22T17:50:39.003+0000] {logging_mixin.py:188} INFO - [2025-07-22T17:50:39.003+0000] {dagbag.py:540} INFO - Filling up the DagBag from /home/airflow/.local/lib/python3.12/site-packages/airflow/example_dags/example_python_decorator.py
[2025-07-22T17:50:39.009+0000] {processor.py:840} INFO - DAG(s) 'example_python_decorator' retrieved from /home/airflow/.local/lib/python3.12/site-packages/airflow/example_dags/example_python_decorator.py
[2025-07-22T17:50:39.116+0000] {logging_mixin.py:188} INFO - [2025-07-22T17:50:39.116+0000] {dag.py:3096} INFO - Sync 1 DAGs
[2025-07-22T17:50:39.127+0000] {logging_mixin.py:188} INFO - [2025-07-22T17:50:39.127+0000] {dag.py:3954} INFO - Setting next_dagrun for example_python_decorator to None, run_after=None
[2025-07-22T17:50:39.135+0000] {processor.py:183} INFO - Processing /home/airflow/.local/lib/python3.12/site-packages/airflow/example_dags/example_python_decorator.py took 0.137 seconds
[2025-07-22T17:51:09.560+0000] {processor.py:161} INFO - Started process (PID=1139) to work on /home/airflow/.local/lib/python3.12/site-packages/airflow/example_dags/example_python_decorator.py
[2025-07-22T17:51:09.561+0000] {processor.py:830} INFO - Processing file /home/airflow/.local/lib/python3.12/site-packages/airflow/example_dags/example_python_decorator.py for tasks to queue
[2025-07-22T17:51:09.562+0000] {logging_mixin.py:188} INFO - [2025-07-22T17:51:09.562+0000] {dagbag.py:540} INFO - Filling up the DagBag from /home/airflow/.local/lib/python3.12/site-packages/airflow/example_dags/example_python_decorator.py
[2025-07-22T17:51:09.568+0000] {processor.py:840} INFO - DAG(s) 'example_python_decorator' retrieved from /home/airflow/.local/lib/python3.12/site-packages/airflow/example_dags/example_python_decorator.py
[2025-07-22T17:51:09.585+0000] {logging_mixin.py:188} INFO - [2025-07-22T17:51:09.585+0000] {dag.py:3096} INFO - Sync 1 DAGs
[2025-07-22T17:51:09.685+0000] {logging_mixin.py:188} INFO - [2025-07-22T17:51:09.684+0000] {dag.py:3954} INFO - Setting next_dagrun for example_python_decorator to None, run_after=None
[2025-07-22T17:51:09.704+0000] {processor.py:183} INFO - Processing /home/airflow/.local/lib/python3.12/site-packages/airflow/example_dags/example_python_decorator.py took 0.147 seconds
[2025-07-22T17:51:40.656+0000] {processor.py:161} INFO - Started process (PID=1199) to work on /home/airflow/.local/lib/python3.12/site-packages/airflow/example_dags/example_python_decorator.py
[2025-07-22T17:51:40.657+0000] {processor.py:830} INFO - Processing file /home/airflow/.local/lib/python3.12/site-packages/airflow/example_dags/example_python_decorator.py for tasks to queue
[2025-07-22T17:51:40.659+0000] {logging_mixin.py:188} INFO - [2025-07-22T17:51:40.659+0000] {dagbag.py:540} INFO - Filling up the DagBag from /home/airflow/.local/lib/python3.12/site-packages/airflow/example_dags/example_python_decorator.py
[2025-07-22T17:51:40.671+0000] {processor.py:840} INFO - DAG(s) 'example_python_decorator' retrieved from /home/airflow/.local/lib/python3.12/site-packages/airflow/example_dags/example_python_decorator.py
[2025-07-22T17:51:40.703+0000] {logging_mixin.py:188} INFO - [2025-07-22T17:51:40.702+0000] {dag.py:3096} INFO - Sync 1 DAGs
[2025-07-22T17:51:40.713+0000] {logging_mixin.py:188} INFO - [2025-07-22T17:51:40.713+0000] {dag.py:3954} INFO - Setting next_dagrun for example_python_decorator to None, run_after=None
[2025-07-22T17:51:40.728+0000] {processor.py:183} INFO - Processing /home/airflow/.local/lib/python3.12/site-packages/airflow/example_dags/example_python_decorator.py took 0.078 seconds
[2025-07-22T17:52:10.745+0000] {processor.py:161} INFO - Started process (PID=1259) to work on /home/airflow/.local/lib/python3.12/site-packages/airflow/example_dags/example_python_decorator.py
[2025-07-22T17:52:10.745+0000] {processor.py:830} INFO - Processing file /home/airflow/.local/lib/python3.12/site-packages/airflow/example_dags/example_python_decorator.py for tasks to queue
[2025-07-22T17:52:10.746+0000] {logging_mixin.py:188} INFO - [2025-07-22T17:52:10.746+0000] {dagbag.py:540} INFO - Filling up the DagBag from /home/airflow/.local/lib/python3.12/site-packages/airflow/example_dags/example_python_decorator.py
[2025-07-22T17:52:10.751+0000] {processor.py:840} INFO - DAG(s) 'example_python_decorator' retrieved from /home/airflow/.local/lib/python3.12/site-packages/airflow/example_dags/example_python_decorator.py
[2025-07-22T17:52:10.760+0000] {logging_mixin.py:188} INFO - [2025-07-22T17:52:10.760+0000] {dag.py:3096} INFO - Sync 1 DAGs
[2025-07-22T17:52:10.765+0000] {logging_mixin.py:188} INFO - [2025-07-22T17:52:10.765+0000] {dag.py:3954} INFO - Setting next_dagrun for example_python_decorator to None, run_after=None
[2025-07-22T17:52:10.771+0000] {processor.py:183} INFO - Processing /home/airflow/.local/lib/python3.12/site-packages/airflow/example_dags/example_python_decorator.py took 0.029 seconds
[2025-07-22T17:52:41.726+0000] {processor.py:161} INFO - Started process (PID=1319) to work on /home/airflow/.local/lib/python3.12/site-packages/airflow/example_dags/example_python_decorator.py
[2025-07-22T17:52:41.727+0000] {processor.py:830} INFO - Processing file /home/airflow/.local/lib/python3.12/site-packages/airflow/example_dags/example_python_decorator.py for tasks to queue
[2025-07-22T17:52:41.727+0000] {logging_mixin.py:188} INFO - [2025-07-22T17:52:41.727+0000] {dagbag.py:540} INFO - Filling up the DagBag from /home/airflow/.local/lib/python3.12/site-packages/airflow/example_dags/example_python_decorator.py
[2025-07-22T17:52:41.733+0000] {processor.py:840} INFO - DAG(s) 'example_python_decorator' retrieved from /home/airflow/.local/lib/python3.12/site-packages/airflow/example_dags/example_python_decorator.py
[2025-07-22T17:52:41.741+0000] {logging_mixin.py:188} INFO - [2025-07-22T17:52:41.741+0000] {dag.py:3096} INFO - Sync 1 DAGs
[2025-07-22T17:52:41.746+0000] {logging_mixin.py:188} INFO - [2025-07-22T17:52:41.746+0000] {dag.py:3954} INFO - Setting next_dagrun for example_python_decorator to None, run_after=None
[2025-07-22T17:52:41.755+0000] {processor.py:183} INFO - Processing /home/airflow/.local/lib/python3.12/site-packages/airflow/example_dags/example_python_decorator.py took 0.032 seconds
[2025-07-22T17:53:11.927+0000] {processor.py:161} INFO - Started process (PID=1379) to work on /home/airflow/.local/lib/python3.12/site-packages/airflow/example_dags/example_python_decorator.py
[2025-07-22T17:53:11.928+0000] {processor.py:830} INFO - Processing file /home/airflow/.local/lib/python3.12/site-packages/airflow/example_dags/example_python_decorator.py for tasks to queue
[2025-07-22T17:53:11.928+0000] {logging_mixin.py:188} INFO - [2025-07-22T17:53:11.928+0000] {dagbag.py:540} INFO - Filling up the DagBag from /home/airflow/.local/lib/python3.12/site-packages/airflow/example_dags/example_python_decorator.py
[2025-07-22T17:53:11.934+0000] {processor.py:840} INFO - DAG(s) 'example_python_decorator' retrieved from /home/airflow/.local/lib/python3.12/site-packages/airflow/example_dags/example_python_decorator.py
[2025-07-22T17:53:11.942+0000] {logging_mixin.py:188} INFO - [2025-07-22T17:53:11.942+0000] {dag.py:3096} INFO - Sync 1 DAGs
[2025-07-22T17:53:11.947+0000] {logging_mixin.py:188} INFO - [2025-07-22T17:53:11.947+0000] {dag.py:3954} INFO - Setting next_dagrun for example_python_decorator to None, run_after=None
[2025-07-22T17:53:11.960+0000] {processor.py:183} INFO - Processing /home/airflow/.local/lib/python3.12/site-packages/airflow/example_dags/example_python_decorator.py took 0.035 seconds
[2025-07-22T17:53:42.028+0000] {processor.py:161} INFO - Started process (PID=1439) to work on /home/airflow/.local/lib/python3.12/site-packages/airflow/example_dags/example_python_decorator.py
[2025-07-22T17:53:42.028+0000] {processor.py:830} INFO - Processing file /home/airflow/.local/lib/python3.12/site-packages/airflow/example_dags/example_python_decorator.py for tasks to queue
[2025-07-22T17:53:42.030+0000] {logging_mixin.py:188} INFO - [2025-07-22T17:53:42.029+0000] {dagbag.py:540} INFO - Filling up the DagBag from /home/airflow/.local/lib/python3.12/site-packages/airflow/example_dags/example_python_decorator.py
[2025-07-22T17:53:42.035+0000] {processor.py:840} INFO - DAG(s) 'example_python_decorator' retrieved from /home/airflow/.local/lib/python3.12/site-packages/airflow/example_dags/example_python_decorator.py
[2025-07-22T17:53:42.045+0000] {logging_mixin.py:188} INFO - [2025-07-22T17:53:42.045+0000] {dag.py:3096} INFO - Sync 1 DAGs
[2025-07-22T17:53:42.050+0000] {logging_mixin.py:188} INFO - [2025-07-22T17:53:42.050+0000] {dag.py:3954} INFO - Setting next_dagrun for example_python_decorator to None, run_after=None
[2025-07-22T17:53:42.057+0000] {processor.py:183} INFO - Processing /home/airflow/.local/lib/python3.12/site-packages/airflow/example_dags/example_python_decorator.py took 0.032 seconds
[2025-07-22T17:54:12.307+0000] {processor.py:161} INFO - Started process (PID=1499) to work on /home/airflow/.local/lib/python3.12/site-packages/airflow/example_dags/example_python_decorator.py
[2025-07-22T17:54:12.307+0000] {processor.py:830} INFO - Processing file /home/airflow/.local/lib/python3.12/site-packages/airflow/example_dags/example_python_decorator.py for tasks to queue
[2025-07-22T17:54:12.309+0000] {logging_mixin.py:188} INFO - [2025-07-22T17:54:12.308+0000] {dagbag.py:540} INFO - Filling up the DagBag from /home/airflow/.local/lib/python3.12/site-packages/airflow/example_dags/example_python_decorator.py
[2025-07-22T17:54:12.320+0000] {processor.py:840} INFO - DAG(s) 'example_python_decorator' retrieved from /home/airflow/.local/lib/python3.12/site-packages/airflow/example_dags/example_python_decorator.py
[2025-07-22T17:54:12.337+0000] {logging_mixin.py:188} INFO - [2025-07-22T17:54:12.337+0000] {dag.py:3096} INFO - Sync 1 DAGs
[2025-07-22T17:54:12.343+0000] {logging_mixin.py:188} INFO - [2025-07-22T17:54:12.343+0000] {dag.py:3954} INFO - Setting next_dagrun for example_python_decorator to None, run_after=None
[2025-07-22T17:54:12.357+0000] {processor.py:183} INFO - Processing /home/airflow/.local/lib/python3.12/site-packages/airflow/example_dags/example_python_decorator.py took 0.053 seconds
[2025-07-22T17:54:43.177+0000] {processor.py:161} INFO - Started process (PID=1559) to work on /home/airflow/.local/lib/python3.12/site-packages/airflow/example_dags/example_python_decorator.py
[2025-07-22T17:54:43.177+0000] {processor.py:830} INFO - Processing file /home/airflow/.local/lib/python3.12/site-packages/airflow/example_dags/example_python_decorator.py for tasks to queue
[2025-07-22T17:54:43.178+0000] {logging_mixin.py:188} INFO - [2025-07-22T17:54:43.178+0000] {dagbag.py:540} INFO - Filling up the DagBag from /home/airflow/.local/lib/python3.12/site-packages/airflow/example_dags/example_python_decorator.py
[2025-07-22T17:54:43.183+0000] {processor.py:840} INFO - DAG(s) 'example_python_decorator' retrieved from /home/airflow/.local/lib/python3.12/site-packages/airflow/example_dags/example_python_decorator.py
[2025-07-22T17:54:43.191+0000] {logging_mixin.py:188} INFO - [2025-07-22T17:54:43.191+0000] {dag.py:3096} INFO - Sync 1 DAGs
[2025-07-22T17:54:43.195+0000] {logging_mixin.py:188} INFO - [2025-07-22T17:54:43.195+0000] {dag.py:3954} INFO - Setting next_dagrun for example_python_decorator to None, run_after=None
[2025-07-22T17:54:43.204+0000] {processor.py:183} INFO - Processing /home/airflow/.local/lib/python3.12/site-packages/airflow/example_dags/example_python_decorator.py took 0.029 seconds
