[2025-07-22T17:47:03.982+0000] {processor.py:161} INFO - Started process (PID=652) to work on /home/airflow/.local/lib/python3.12/site-packages/airflow/example_dags/example_task_group_decorator.py
[2025-07-22T17:47:03.983+0000] {processor.py:830} INFO - Processing file /home/airflow/.local/lib/python3.12/site-packages/airflow/example_dags/example_task_group_decorator.py for tasks to queue
[2025-07-22T17:47:03.986+0000] {logging_mixin.py:188} INFO - [2025-07-22T17:47:03.986+0000] {dagbag.py:540} INFO - Filling up the DagBag from /home/airflow/.local/lib/python3.12/site-packages/airflow/example_dags/example_task_group_decorator.py
[2025-07-22T17:47:03.993+0000] {processor.py:840} INFO - DAG(s) 'example_task_group_decorator' retrieved from /home/airflow/.local/lib/python3.12/site-packages/airflow/example_dags/example_task_group_decorator.py
[2025-07-22T17:47:04.012+0000] {logging_mixin.py:188} INFO - [2025-07-22T17:47:04.012+0000] {dag.py:3096} INFO - Sync 1 DAGs
[2025-07-22T17:47:04.026+0000] {logging_mixin.py:188} INFO - [2025-07-22T17:47:04.025+0000] {dag.py:3954} INFO - Setting next_dagrun for example_task_group_decorator to 2025-07-21 00:00:00+00:00, run_after=2025-07-22 00:00:00+00:00
[2025-07-22T17:47:04.035+0000] {processor.py:183} INFO - Processing /home/airflow/.local/lib/python3.12/site-packages/airflow/example_dags/example_task_group_decorator.py took 0.058 seconds
[2025-07-22T17:47:34.706+0000] {processor.py:161} INFO - Started process (PID=712) to work on /home/airflow/.local/lib/python3.12/site-packages/airflow/example_dags/example_task_group_decorator.py
[2025-07-22T17:47:34.707+0000] {processor.py:830} INFO - Processing file /home/airflow/.local/lib/python3.12/site-packages/airflow/example_dags/example_task_group_decorator.py for tasks to queue
[2025-07-22T17:47:34.707+0000] {logging_mixin.py:188} INFO - [2025-07-22T17:47:34.707+0000] {dagbag.py:540} INFO - Filling up the DagBag from /home/airflow/.local/lib/python3.12/site-packages/airflow/example_dags/example_task_group_decorator.py
[2025-07-22T17:47:34.717+0000] {processor.py:840} INFO - DAG(s) 'example_task_group_decorator' retrieved from /home/airflow/.local/lib/python3.12/site-packages/airflow/example_dags/example_task_group_decorator.py
[2025-07-22T17:47:34.727+0000] {logging_mixin.py:188} INFO - [2025-07-22T17:47:34.727+0000] {dag.py:3096} INFO - Sync 1 DAGs
[2025-07-22T17:47:34.735+0000] {logging_mixin.py:188} INFO - [2025-07-22T17:47:34.735+0000] {dag.py:3954} INFO - Setting next_dagrun for example_task_group_decorator to 2025-07-21 00:00:00+00:00, run_after=2025-07-22 00:00:00+00:00
[2025-07-22T17:47:34.742+0000] {processor.py:183} INFO - Processing /home/airflow/.local/lib/python3.12/site-packages/airflow/example_dags/example_task_group_decorator.py took 0.038 seconds
[2025-07-22T17:48:05.639+0000] {processor.py:161} INFO - Started process (PID=772) to work on /home/airflow/.local/lib/python3.12/site-packages/airflow/example_dags/example_task_group_decorator.py
[2025-07-22T17:48:05.639+0000] {processor.py:830} INFO - Processing file /home/airflow/.local/lib/python3.12/site-packages/airflow/example_dags/example_task_group_decorator.py for tasks to queue
[2025-07-22T17:48:05.640+0000] {logging_mixin.py:188} INFO - [2025-07-22T17:48:05.640+0000] {dagbag.py:540} INFO - Filling up the DagBag from /home/airflow/.local/lib/python3.12/site-packages/airflow/example_dags/example_task_group_decorator.py
[2025-07-22T17:48:05.646+0000] {processor.py:840} INFO - DAG(s) 'example_task_group_decorator' retrieved from /home/airflow/.local/lib/python3.12/site-packages/airflow/example_dags/example_task_group_decorator.py
[2025-07-22T17:48:05.658+0000] {logging_mixin.py:188} INFO - [2025-07-22T17:48:05.658+0000] {dag.py:3096} INFO - Sync 1 DAGs
[2025-07-22T17:48:05.666+0000] {logging_mixin.py:188} INFO - [2025-07-22T17:48:05.666+0000] {dag.py:3954} INFO - Setting next_dagrun for example_task_group_decorator to 2025-07-21 00:00:00+00:00, run_after=2025-07-22 00:00:00+00:00
[2025-07-22T17:48:05.673+0000] {processor.py:183} INFO - Processing /home/airflow/.local/lib/python3.12/site-packages/airflow/example_dags/example_task_group_decorator.py took 0.037 seconds
[2025-07-22T17:48:36.513+0000] {processor.py:161} INFO - Started process (PID=832) to work on /home/airflow/.local/lib/python3.12/site-packages/airflow/example_dags/example_task_group_decorator.py
[2025-07-22T17:48:36.514+0000] {processor.py:830} INFO - Processing file /home/airflow/.local/lib/python3.12/site-packages/airflow/example_dags/example_task_group_decorator.py for tasks to queue
[2025-07-22T17:48:36.515+0000] {logging_mixin.py:188} INFO - [2025-07-22T17:48:36.514+0000] {dagbag.py:540} INFO - Filling up the DagBag from /home/airflow/.local/lib/python3.12/site-packages/airflow/example_dags/example_task_group_decorator.py
[2025-07-22T17:48:36.520+0000] {processor.py:840} INFO - DAG(s) 'example_task_group_decorator' retrieved from /home/airflow/.local/lib/python3.12/site-packages/airflow/example_dags/example_task_group_decorator.py
[2025-07-22T17:48:36.531+0000] {logging_mixin.py:188} INFO - [2025-07-22T17:48:36.531+0000] {dag.py:3096} INFO - Sync 1 DAGs
[2025-07-22T17:48:36.539+0000] {logging_mixin.py:188} INFO - [2025-07-22T17:48:36.539+0000] {dag.py:3954} INFO - Setting next_dagrun for example_task_group_decorator to 2025-07-21 00:00:00+00:00, run_after=2025-07-22 00:00:00+00:00
[2025-07-22T17:48:36.545+0000] {processor.py:183} INFO - Processing /home/airflow/.local/lib/python3.12/site-packages/airflow/example_dags/example_task_group_decorator.py took 0.035 seconds
[2025-07-22T17:49:06.620+0000] {processor.py:161} INFO - Started process (PID=889) to work on /home/airflow/.local/lib/python3.12/site-packages/airflow/example_dags/example_task_group_decorator.py
[2025-07-22T17:49:06.623+0000] {processor.py:830} INFO - Processing file /home/airflow/.local/lib/python3.12/site-packages/airflow/example_dags/example_task_group_decorator.py for tasks to queue
[2025-07-22T17:49:06.625+0000] {logging_mixin.py:188} INFO - [2025-07-22T17:49:06.625+0000] {dagbag.py:540} INFO - Filling up the DagBag from /home/airflow/.local/lib/python3.12/site-packages/airflow/example_dags/example_task_group_decorator.py
[2025-07-22T17:49:06.631+0000] {processor.py:840} INFO - DAG(s) 'example_task_group_decorator' retrieved from /home/airflow/.local/lib/python3.12/site-packages/airflow/example_dags/example_task_group_decorator.py
[2025-07-22T17:49:06.646+0000] {logging_mixin.py:188} INFO - [2025-07-22T17:49:06.646+0000] {dag.py:3096} INFO - Sync 1 DAGs
[2025-07-22T17:49:06.658+0000] {logging_mixin.py:188} INFO - [2025-07-22T17:49:06.658+0000] {dag.py:3954} INFO - Setting next_dagrun for example_task_group_decorator to 2025-07-21 00:00:00+00:00, run_after=2025-07-22 00:00:00+00:00
[2025-07-22T17:49:06.665+0000] {processor.py:183} INFO - Processing /home/airflow/.local/lib/python3.12/site-packages/airflow/example_dags/example_task_group_decorator.py took 0.048 seconds
[2025-07-22T17:49:36.718+0000] {processor.py:161} INFO - Started process (PID=949) to work on /home/airflow/.local/lib/python3.12/site-packages/airflow/example_dags/example_task_group_decorator.py
[2025-07-22T17:49:36.719+0000] {processor.py:830} INFO - Processing file /home/airflow/.local/lib/python3.12/site-packages/airflow/example_dags/example_task_group_decorator.py for tasks to queue
[2025-07-22T17:49:36.719+0000] {logging_mixin.py:188} INFO - [2025-07-22T17:49:36.719+0000] {dagbag.py:540} INFO - Filling up the DagBag from /home/airflow/.local/lib/python3.12/site-packages/airflow/example_dags/example_task_group_decorator.py
[2025-07-22T17:49:36.724+0000] {processor.py:840} INFO - DAG(s) 'example_task_group_decorator' retrieved from /home/airflow/.local/lib/python3.12/site-packages/airflow/example_dags/example_task_group_decorator.py
[2025-07-22T17:49:36.733+0000] {logging_mixin.py:188} INFO - [2025-07-22T17:49:36.733+0000] {dag.py:3096} INFO - Sync 1 DAGs
[2025-07-22T17:49:36.746+0000] {logging_mixin.py:188} INFO - [2025-07-22T17:49:36.746+0000] {dag.py:3954} INFO - Setting next_dagrun for example_task_group_decorator to 2025-07-21 00:00:00+00:00, run_after=2025-07-22 00:00:00+00:00
[2025-07-22T17:49:36.751+0000] {processor.py:183} INFO - Processing /home/airflow/.local/lib/python3.12/site-packages/airflow/example_dags/example_task_group_decorator.py took 0.037 seconds
[2025-07-22T17:50:07.606+0000] {processor.py:161} INFO - Started process (PID=1009) to work on /home/airflow/.local/lib/python3.12/site-packages/airflow/example_dags/example_task_group_decorator.py
[2025-07-22T17:50:07.607+0000] {processor.py:830} INFO - Processing file /home/airflow/.local/lib/python3.12/site-packages/airflow/example_dags/example_task_group_decorator.py for tasks to queue
[2025-07-22T17:50:07.609+0000] {logging_mixin.py:188} INFO - [2025-07-22T17:50:07.608+0000] {dagbag.py:540} INFO - Filling up the DagBag from /home/airflow/.local/lib/python3.12/site-packages/airflow/example_dags/example_task_group_decorator.py
[2025-07-22T17:50:07.614+0000] {processor.py:840} INFO - DAG(s) 'example_task_group_decorator' retrieved from /home/airflow/.local/lib/python3.12/site-packages/airflow/example_dags/example_task_group_decorator.py
[2025-07-22T17:50:07.627+0000] {logging_mixin.py:188} INFO - [2025-07-22T17:50:07.627+0000] {dag.py:3096} INFO - Sync 1 DAGs
[2025-07-22T17:50:07.742+0000] {logging_mixin.py:188} INFO - [2025-07-22T17:50:07.741+0000] {dag.py:3954} INFO - Setting next_dagrun for example_task_group_decorator to 2025-07-21 00:00:00+00:00, run_after=2025-07-22 00:00:00+00:00
[2025-07-22T17:50:07.747+0000] {processor.py:183} INFO - Processing /home/airflow/.local/lib/python3.12/site-packages/airflow/example_dags/example_task_group_decorator.py took 0.144 seconds
[2025-07-22T17:50:38.266+0000] {processor.py:161} INFO - Started process (PID=1069) to work on /home/airflow/.local/lib/python3.12/site-packages/airflow/example_dags/example_task_group_decorator.py
[2025-07-22T17:50:38.267+0000] {processor.py:830} INFO - Processing file /home/airflow/.local/lib/python3.12/site-packages/airflow/example_dags/example_task_group_decorator.py for tasks to queue
[2025-07-22T17:50:38.267+0000] {logging_mixin.py:188} INFO - [2025-07-22T17:50:38.267+0000] {dagbag.py:540} INFO - Filling up the DagBag from /home/airflow/.local/lib/python3.12/site-packages/airflow/example_dags/example_task_group_decorator.py
[2025-07-22T17:50:38.273+0000] {processor.py:840} INFO - DAG(s) 'example_task_group_decorator' retrieved from /home/airflow/.local/lib/python3.12/site-packages/airflow/example_dags/example_task_group_decorator.py
[2025-07-22T17:50:38.290+0000] {logging_mixin.py:188} INFO - [2025-07-22T17:50:38.289+0000] {dag.py:3096} INFO - Sync 1 DAGs
[2025-07-22T17:50:38.378+0000] {logging_mixin.py:188} INFO - [2025-07-22T17:50:38.378+0000] {dag.py:3954} INFO - Setting next_dagrun for example_task_group_decorator to 2025-07-21 00:00:00+00:00, run_after=2025-07-22 00:00:00+00:00
[2025-07-22T17:50:38.388+0000] {processor.py:183} INFO - Processing /home/airflow/.local/lib/python3.12/site-packages/airflow/example_dags/example_task_group_decorator.py took 0.125 seconds
[2025-07-22T17:51:08.847+0000] {processor.py:161} INFO - Started process (PID=1129) to work on /home/airflow/.local/lib/python3.12/site-packages/airflow/example_dags/example_task_group_decorator.py
[2025-07-22T17:51:08.848+0000] {processor.py:830} INFO - Processing file /home/airflow/.local/lib/python3.12/site-packages/airflow/example_dags/example_task_group_decorator.py for tasks to queue
[2025-07-22T17:51:08.850+0000] {logging_mixin.py:188} INFO - [2025-07-22T17:51:08.850+0000] {dagbag.py:540} INFO - Filling up the DagBag from /home/airflow/.local/lib/python3.12/site-packages/airflow/example_dags/example_task_group_decorator.py
[2025-07-22T17:51:08.856+0000] {processor.py:840} INFO - DAG(s) 'example_task_group_decorator' retrieved from /home/airflow/.local/lib/python3.12/site-packages/airflow/example_dags/example_task_group_decorator.py
[2025-07-22T17:51:08.870+0000] {logging_mixin.py:188} INFO - [2025-07-22T17:51:08.870+0000] {dag.py:3096} INFO - Sync 1 DAGs
[2025-07-22T17:51:08.955+0000] {logging_mixin.py:188} INFO - [2025-07-22T17:51:08.955+0000] {dag.py:3954} INFO - Setting next_dagrun for example_task_group_decorator to 2025-07-21 00:00:00+00:00, run_after=2025-07-22 00:00:00+00:00
[2025-07-22T17:51:08.967+0000] {processor.py:183} INFO - Processing /home/airflow/.local/lib/python3.12/site-packages/airflow/example_dags/example_task_group_decorator.py took 0.122 seconds
[2025-07-22T17:51:39.381+0000] {processor.py:161} INFO - Started process (PID=1189) to work on /home/airflow/.local/lib/python3.12/site-packages/airflow/example_dags/example_task_group_decorator.py
[2025-07-22T17:51:39.381+0000] {processor.py:830} INFO - Processing file /home/airflow/.local/lib/python3.12/site-packages/airflow/example_dags/example_task_group_decorator.py for tasks to queue
[2025-07-22T17:51:39.382+0000] {logging_mixin.py:188} INFO - [2025-07-22T17:51:39.382+0000] {dagbag.py:540} INFO - Filling up the DagBag from /home/airflow/.local/lib/python3.12/site-packages/airflow/example_dags/example_task_group_decorator.py
[2025-07-22T17:51:39.388+0000] {processor.py:840} INFO - DAG(s) 'example_task_group_decorator' retrieved from /home/airflow/.local/lib/python3.12/site-packages/airflow/example_dags/example_task_group_decorator.py
[2025-07-22T17:51:39.398+0000] {logging_mixin.py:188} INFO - [2025-07-22T17:51:39.398+0000] {dag.py:3096} INFO - Sync 1 DAGs
[2025-07-22T17:51:39.405+0000] {logging_mixin.py:188} INFO - [2025-07-22T17:51:39.405+0000] {dag.py:3954} INFO - Setting next_dagrun for example_task_group_decorator to 2025-07-21 00:00:00+00:00, run_after=2025-07-22 00:00:00+00:00
[2025-07-22T17:51:39.411+0000] {processor.py:183} INFO - Processing /home/airflow/.local/lib/python3.12/site-packages/airflow/example_dags/example_task_group_decorator.py took 0.033 seconds
[2025-07-22T17:52:10.376+0000] {processor.py:161} INFO - Started process (PID=1249) to work on /home/airflow/.local/lib/python3.12/site-packages/airflow/example_dags/example_task_group_decorator.py
[2025-07-22T17:52:10.376+0000] {processor.py:830} INFO - Processing file /home/airflow/.local/lib/python3.12/site-packages/airflow/example_dags/example_task_group_decorator.py for tasks to queue
[2025-07-22T17:52:10.377+0000] {logging_mixin.py:188} INFO - [2025-07-22T17:52:10.377+0000] {dagbag.py:540} INFO - Filling up the DagBag from /home/airflow/.local/lib/python3.12/site-packages/airflow/example_dags/example_task_group_decorator.py
[2025-07-22T17:52:10.383+0000] {processor.py:840} INFO - DAG(s) 'example_task_group_decorator' retrieved from /home/airflow/.local/lib/python3.12/site-packages/airflow/example_dags/example_task_group_decorator.py
[2025-07-22T17:52:10.394+0000] {logging_mixin.py:188} INFO - [2025-07-22T17:52:10.394+0000] {dag.py:3096} INFO - Sync 1 DAGs
[2025-07-22T17:52:10.402+0000] {logging_mixin.py:188} INFO - [2025-07-22T17:52:10.402+0000] {dag.py:3954} INFO - Setting next_dagrun for example_task_group_decorator to 2025-07-21 00:00:00+00:00, run_after=2025-07-22 00:00:00+00:00
[2025-07-22T17:52:10.409+0000] {processor.py:183} INFO - Processing /home/airflow/.local/lib/python3.12/site-packages/airflow/example_dags/example_task_group_decorator.py took 0.037 seconds
[2025-07-22T17:52:40.475+0000] {processor.py:161} INFO - Started process (PID=1309) to work on /home/airflow/.local/lib/python3.12/site-packages/airflow/example_dags/example_task_group_decorator.py
[2025-07-22T17:52:40.475+0000] {processor.py:830} INFO - Processing file /home/airflow/.local/lib/python3.12/site-packages/airflow/example_dags/example_task_group_decorator.py for tasks to queue
[2025-07-22T17:52:40.476+0000] {logging_mixin.py:188} INFO - [2025-07-22T17:52:40.476+0000] {dagbag.py:540} INFO - Filling up the DagBag from /home/airflow/.local/lib/python3.12/site-packages/airflow/example_dags/example_task_group_decorator.py
[2025-07-22T17:52:40.481+0000] {processor.py:840} INFO - DAG(s) 'example_task_group_decorator' retrieved from /home/airflow/.local/lib/python3.12/site-packages/airflow/example_dags/example_task_group_decorator.py
[2025-07-22T17:52:40.493+0000] {logging_mixin.py:188} INFO - [2025-07-22T17:52:40.493+0000] {dag.py:3096} INFO - Sync 1 DAGs
[2025-07-22T17:52:40.501+0000] {logging_mixin.py:188} INFO - [2025-07-22T17:52:40.501+0000] {dag.py:3954} INFO - Setting next_dagrun for example_task_group_decorator to 2025-07-21 00:00:00+00:00, run_after=2025-07-22 00:00:00+00:00
[2025-07-22T17:52:40.512+0000] {processor.py:183} INFO - Processing /home/airflow/.local/lib/python3.12/site-packages/airflow/example_dags/example_task_group_decorator.py took 0.039 seconds
[2025-07-22T17:53:10.653+0000] {processor.py:161} INFO - Started process (PID=1369) to work on /home/airflow/.local/lib/python3.12/site-packages/airflow/example_dags/example_task_group_decorator.py
[2025-07-22T17:53:10.653+0000] {processor.py:830} INFO - Processing file /home/airflow/.local/lib/python3.12/site-packages/airflow/example_dags/example_task_group_decorator.py for tasks to queue
[2025-07-22T17:53:10.654+0000] {logging_mixin.py:188} INFO - [2025-07-22T17:53:10.654+0000] {dagbag.py:540} INFO - Filling up the DagBag from /home/airflow/.local/lib/python3.12/site-packages/airflow/example_dags/example_task_group_decorator.py
[2025-07-22T17:53:10.659+0000] {processor.py:840} INFO - DAG(s) 'example_task_group_decorator' retrieved from /home/airflow/.local/lib/python3.12/site-packages/airflow/example_dags/example_task_group_decorator.py
[2025-07-22T17:53:10.669+0000] {logging_mixin.py:188} INFO - [2025-07-22T17:53:10.669+0000] {dag.py:3096} INFO - Sync 1 DAGs
[2025-07-22T17:53:10.675+0000] {logging_mixin.py:188} INFO - [2025-07-22T17:53:10.675+0000] {dag.py:3954} INFO - Setting next_dagrun for example_task_group_decorator to 2025-07-21 00:00:00+00:00, run_after=2025-07-22 00:00:00+00:00
[2025-07-22T17:53:10.681+0000] {processor.py:183} INFO - Processing /home/airflow/.local/lib/python3.12/site-packages/airflow/example_dags/example_task_group_decorator.py took 0.030 seconds
[2025-07-22T17:53:40.752+0000] {processor.py:161} INFO - Started process (PID=1429) to work on /home/airflow/.local/lib/python3.12/site-packages/airflow/example_dags/example_task_group_decorator.py
[2025-07-22T17:53:40.752+0000] {processor.py:830} INFO - Processing file /home/airflow/.local/lib/python3.12/site-packages/airflow/example_dags/example_task_group_decorator.py for tasks to queue
[2025-07-22T17:53:40.753+0000] {logging_mixin.py:188} INFO - [2025-07-22T17:53:40.753+0000] {dagbag.py:540} INFO - Filling up the DagBag from /home/airflow/.local/lib/python3.12/site-packages/airflow/example_dags/example_task_group_decorator.py
[2025-07-22T17:53:40.757+0000] {processor.py:840} INFO - DAG(s) 'example_task_group_decorator' retrieved from /home/airflow/.local/lib/python3.12/site-packages/airflow/example_dags/example_task_group_decorator.py
[2025-07-22T17:53:40.769+0000] {logging_mixin.py:188} INFO - [2025-07-22T17:53:40.769+0000] {dag.py:3096} INFO - Sync 1 DAGs
[2025-07-22T17:53:40.776+0000] {logging_mixin.py:188} INFO - [2025-07-22T17:53:40.776+0000] {dag.py:3954} INFO - Setting next_dagrun for example_task_group_decorator to 2025-07-21 00:00:00+00:00, run_after=2025-07-22 00:00:00+00:00
[2025-07-22T17:53:40.783+0000] {processor.py:183} INFO - Processing /home/airflow/.local/lib/python3.12/site-packages/airflow/example_dags/example_task_group_decorator.py took 0.033 seconds
[2025-07-22T17:54:11.661+0000] {processor.py:161} INFO - Started process (PID=1489) to work on /home/airflow/.local/lib/python3.12/site-packages/airflow/example_dags/example_task_group_decorator.py
[2025-07-22T17:54:11.662+0000] {processor.py:830} INFO - Processing file /home/airflow/.local/lib/python3.12/site-packages/airflow/example_dags/example_task_group_decorator.py for tasks to queue
[2025-07-22T17:54:11.662+0000] {logging_mixin.py:188} INFO - [2025-07-22T17:54:11.662+0000] {dagbag.py:540} INFO - Filling up the DagBag from /home/airflow/.local/lib/python3.12/site-packages/airflow/example_dags/example_task_group_decorator.py
[2025-07-22T17:54:11.667+0000] {processor.py:840} INFO - DAG(s) 'example_task_group_decorator' retrieved from /home/airflow/.local/lib/python3.12/site-packages/airflow/example_dags/example_task_group_decorator.py
[2025-07-22T17:54:11.687+0000] {logging_mixin.py:188} INFO - [2025-07-22T17:54:11.687+0000] {dag.py:3096} INFO - Sync 1 DAGs
[2025-07-22T17:54:11.696+0000] {logging_mixin.py:188} INFO - [2025-07-22T17:54:11.696+0000] {dag.py:3954} INFO - Setting next_dagrun for example_task_group_decorator to 2025-07-21 00:00:00+00:00, run_after=2025-07-22 00:00:00+00:00
[2025-07-22T17:54:11.703+0000] {processor.py:183} INFO - Processing /home/airflow/.local/lib/python3.12/site-packages/airflow/example_dags/example_task_group_decorator.py took 0.044 seconds
[2025-07-22T17:54:41.897+0000] {processor.py:161} INFO - Started process (PID=1549) to work on /home/airflow/.local/lib/python3.12/site-packages/airflow/example_dags/example_task_group_decorator.py
[2025-07-22T17:54:41.900+0000] {processor.py:830} INFO - Processing file /home/airflow/.local/lib/python3.12/site-packages/airflow/example_dags/example_task_group_decorator.py for tasks to queue
[2025-07-22T17:54:41.901+0000] {logging_mixin.py:188} INFO - [2025-07-22T17:54:41.901+0000] {dagbag.py:540} INFO - Filling up the DagBag from /home/airflow/.local/lib/python3.12/site-packages/airflow/example_dags/example_task_group_decorator.py
[2025-07-22T17:54:41.907+0000] {processor.py:840} INFO - DAG(s) 'example_task_group_decorator' retrieved from /home/airflow/.local/lib/python3.12/site-packages/airflow/example_dags/example_task_group_decorator.py
[2025-07-22T17:54:41.921+0000] {logging_mixin.py:188} INFO - [2025-07-22T17:54:41.921+0000] {dag.py:3096} INFO - Sync 1 DAGs
[2025-07-22T17:54:41.929+0000] {logging_mixin.py:188} INFO - [2025-07-22T17:54:41.928+0000] {dag.py:3954} INFO - Setting next_dagrun for example_task_group_decorator to 2025-07-21 00:00:00+00:00, run_after=2025-07-22 00:00:00+00:00
[2025-07-22T17:54:41.935+0000] {processor.py:183} INFO - Processing /home/airflow/.local/lib/python3.12/site-packages/airflow/example_dags/example_task_group_decorator.py took 0.040 seconds
