[2025-07-22T17:47:04.507+0000] {processor.py:161} INFO - Started process (PID=667) to work on /home/airflow/.local/lib/python3.12/site-packages/airflow/example_dags/example_latest_only.py
[2025-07-22T17:47:04.508+0000] {processor.py:830} INFO - Processing file /home/airflow/.local/lib/python3.12/site-packages/airflow/example_dags/example_latest_only.py for tasks to queue
[2025-07-22T17:47:04.508+0000] {logging_mixin.py:188} INFO - [2025-07-22T17:47:04.508+0000] {dagbag.py:540} INFO - Filling up the DagBag from /home/airflow/.local/lib/python3.12/site-packages/airflow/example_dags/example_latest_only.py
[2025-07-22T17:47:04.510+0000] {processor.py:840} INFO - DAG(s) 'latest_only' retrieved from /home/airflow/.local/lib/python3.12/site-packages/airflow/example_dags/example_latest_only.py
[2025-07-22T17:47:04.517+0000] {logging_mixin.py:188} INFO - [2025-07-22T17:47:04.517+0000] {dag.py:3096} INFO - Sync 1 DAGs
[2025-07-22T17:47:04.523+0000] {logging_mixin.py:188} INFO - [2025-07-22T17:47:04.523+0000] {dag.py:3954} INFO - Setting next_dagrun for latest_only to 2025-07-22 12:00:00+00:00, run_after=2025-07-22 16:00:00+00:00
[2025-07-22T17:47:04.528+0000] {processor.py:183} INFO - Processing /home/airflow/.local/lib/python3.12/site-packages/airflow/example_dags/example_latest_only.py took 0.023 seconds
[2025-07-22T17:47:35.193+0000] {processor.py:161} INFO - Started process (PID=727) to work on /home/airflow/.local/lib/python3.12/site-packages/airflow/example_dags/example_latest_only.py
[2025-07-22T17:47:35.193+0000] {processor.py:830} INFO - Processing file /home/airflow/.local/lib/python3.12/site-packages/airflow/example_dags/example_latest_only.py for tasks to queue
[2025-07-22T17:47:35.194+0000] {logging_mixin.py:188} INFO - [2025-07-22T17:47:35.194+0000] {dagbag.py:540} INFO - Filling up the DagBag from /home/airflow/.local/lib/python3.12/site-packages/airflow/example_dags/example_latest_only.py
[2025-07-22T17:47:35.196+0000] {processor.py:840} INFO - DAG(s) 'latest_only' retrieved from /home/airflow/.local/lib/python3.12/site-packages/airflow/example_dags/example_latest_only.py
[2025-07-22T17:47:35.203+0000] {logging_mixin.py:188} INFO - [2025-07-22T17:47:35.203+0000] {dag.py:3096} INFO - Sync 1 DAGs
[2025-07-22T17:47:35.209+0000] {logging_mixin.py:188} INFO - [2025-07-22T17:47:35.209+0000] {dag.py:3954} INFO - Setting next_dagrun for latest_only to 2025-07-22 12:00:00+00:00, run_after=2025-07-22 16:00:00+00:00
[2025-07-22T17:47:35.214+0000] {processor.py:183} INFO - Processing /home/airflow/.local/lib/python3.12/site-packages/airflow/example_dags/example_latest_only.py took 0.023 seconds
[2025-07-22T17:48:06.091+0000] {processor.py:161} INFO - Started process (PID=787) to work on /home/airflow/.local/lib/python3.12/site-packages/airflow/example_dags/example_latest_only.py
[2025-07-22T17:48:06.092+0000] {processor.py:830} INFO - Processing file /home/airflow/.local/lib/python3.12/site-packages/airflow/example_dags/example_latest_only.py for tasks to queue
[2025-07-22T17:48:06.093+0000] {logging_mixin.py:188} INFO - [2025-07-22T17:48:06.093+0000] {dagbag.py:540} INFO - Filling up the DagBag from /home/airflow/.local/lib/python3.12/site-packages/airflow/example_dags/example_latest_only.py
[2025-07-22T17:48:06.095+0000] {processor.py:840} INFO - DAG(s) 'latest_only' retrieved from /home/airflow/.local/lib/python3.12/site-packages/airflow/example_dags/example_latest_only.py
[2025-07-22T17:48:06.103+0000] {logging_mixin.py:188} INFO - [2025-07-22T17:48:06.103+0000] {dag.py:3096} INFO - Sync 1 DAGs
[2025-07-22T17:48:06.112+0000] {logging_mixin.py:188} INFO - [2025-07-22T17:48:06.112+0000] {dag.py:3954} INFO - Setting next_dagrun for latest_only to 2025-07-22 12:00:00+00:00, run_after=2025-07-22 16:00:00+00:00
[2025-07-22T17:48:06.121+0000] {processor.py:183} INFO - Processing /home/airflow/.local/lib/python3.12/site-packages/airflow/example_dags/example_latest_only.py took 0.032 seconds
[2025-07-22T17:48:36.951+0000] {processor.py:161} INFO - Started process (PID=847) to work on /home/airflow/.local/lib/python3.12/site-packages/airflow/example_dags/example_latest_only.py
[2025-07-22T17:48:36.953+0000] {processor.py:830} INFO - Processing file /home/airflow/.local/lib/python3.12/site-packages/airflow/example_dags/example_latest_only.py for tasks to queue
[2025-07-22T17:48:36.956+0000] {logging_mixin.py:188} INFO - [2025-07-22T17:48:36.955+0000] {dagbag.py:540} INFO - Filling up the DagBag from /home/airflow/.local/lib/python3.12/site-packages/airflow/example_dags/example_latest_only.py
[2025-07-22T17:48:36.958+0000] {processor.py:840} INFO - DAG(s) 'latest_only' retrieved from /home/airflow/.local/lib/python3.12/site-packages/airflow/example_dags/example_latest_only.py
[2025-07-22T17:48:36.970+0000] {logging_mixin.py:188} INFO - [2025-07-22T17:48:36.970+0000] {dag.py:3096} INFO - Sync 1 DAGs
[2025-07-22T17:48:36.976+0000] {logging_mixin.py:188} INFO - [2025-07-22T17:48:36.976+0000] {dag.py:3954} INFO - Setting next_dagrun for latest_only to 2025-07-22 12:00:00+00:00, run_after=2025-07-22 16:00:00+00:00
[2025-07-22T17:48:36.982+0000] {processor.py:183} INFO - Processing /home/airflow/.local/lib/python3.12/site-packages/airflow/example_dags/example_latest_only.py took 0.032 seconds
[2025-07-22T17:49:07.134+0000] {processor.py:161} INFO - Started process (PID=906) to work on /home/airflow/.local/lib/python3.12/site-packages/airflow/example_dags/example_latest_only.py
[2025-07-22T17:49:07.134+0000] {processor.py:830} INFO - Processing file /home/airflow/.local/lib/python3.12/site-packages/airflow/example_dags/example_latest_only.py for tasks to queue
[2025-07-22T17:49:07.135+0000] {logging_mixin.py:188} INFO - [2025-07-22T17:49:07.135+0000] {dagbag.py:540} INFO - Filling up the DagBag from /home/airflow/.local/lib/python3.12/site-packages/airflow/example_dags/example_latest_only.py
[2025-07-22T17:49:07.137+0000] {processor.py:840} INFO - DAG(s) 'latest_only' retrieved from /home/airflow/.local/lib/python3.12/site-packages/airflow/example_dags/example_latest_only.py
[2025-07-22T17:49:07.144+0000] {logging_mixin.py:188} INFO - [2025-07-22T17:49:07.143+0000] {dag.py:3096} INFO - Sync 1 DAGs
[2025-07-22T17:49:07.152+0000] {logging_mixin.py:188} INFO - [2025-07-22T17:49:07.152+0000] {dag.py:3954} INFO - Setting next_dagrun for latest_only to 2025-07-22 12:00:00+00:00, run_after=2025-07-22 16:00:00+00:00
[2025-07-22T17:49:07.161+0000] {processor.py:183} INFO - Processing /home/airflow/.local/lib/python3.12/site-packages/airflow/example_dags/example_latest_only.py took 0.029 seconds
[2025-07-22T17:49:38.318+0000] {processor.py:161} INFO - Started process (PID=966) to work on /home/airflow/.local/lib/python3.12/site-packages/airflow/example_dags/example_latest_only.py
[2025-07-22T17:49:38.318+0000] {processor.py:830} INFO - Processing file /home/airflow/.local/lib/python3.12/site-packages/airflow/example_dags/example_latest_only.py for tasks to queue
[2025-07-22T17:49:38.319+0000] {logging_mixin.py:188} INFO - [2025-07-22T17:49:38.319+0000] {dagbag.py:540} INFO - Filling up the DagBag from /home/airflow/.local/lib/python3.12/site-packages/airflow/example_dags/example_latest_only.py
[2025-07-22T17:49:38.321+0000] {processor.py:840} INFO - DAG(s) 'latest_only' retrieved from /home/airflow/.local/lib/python3.12/site-packages/airflow/example_dags/example_latest_only.py
[2025-07-22T17:49:38.329+0000] {logging_mixin.py:188} INFO - [2025-07-22T17:49:38.329+0000] {dag.py:3096} INFO - Sync 1 DAGs
[2025-07-22T17:49:38.337+0000] {logging_mixin.py:188} INFO - [2025-07-22T17:49:38.337+0000] {dag.py:3954} INFO - Setting next_dagrun for latest_only to 2025-07-22 12:00:00+00:00, run_after=2025-07-22 16:00:00+00:00
[2025-07-22T17:49:38.344+0000] {processor.py:183} INFO - Processing /home/airflow/.local/lib/python3.12/site-packages/airflow/example_dags/example_latest_only.py took 0.029 seconds
[2025-07-22T17:50:09.593+0000] {processor.py:161} INFO - Started process (PID=1027) to work on /home/airflow/.local/lib/python3.12/site-packages/airflow/example_dags/example_latest_only.py
[2025-07-22T17:50:09.594+0000] {processor.py:830} INFO - Processing file /home/airflow/.local/lib/python3.12/site-packages/airflow/example_dags/example_latest_only.py for tasks to queue
[2025-07-22T17:50:09.595+0000] {logging_mixin.py:188} INFO - [2025-07-22T17:50:09.595+0000] {dagbag.py:540} INFO - Filling up the DagBag from /home/airflow/.local/lib/python3.12/site-packages/airflow/example_dags/example_latest_only.py
[2025-07-22T17:50:09.597+0000] {processor.py:840} INFO - DAG(s) 'latest_only' retrieved from /home/airflow/.local/lib/python3.12/site-packages/airflow/example_dags/example_latest_only.py
[2025-07-22T17:50:09.605+0000] {logging_mixin.py:188} INFO - [2025-07-22T17:50:09.604+0000] {dag.py:3096} INFO - Sync 1 DAGs
[2025-07-22T17:50:09.613+0000] {logging_mixin.py:188} INFO - [2025-07-22T17:50:09.612+0000] {dag.py:3954} INFO - Setting next_dagrun for latest_only to 2025-07-22 12:00:00+00:00, run_after=2025-07-22 16:00:00+00:00
[2025-07-22T17:50:09.621+0000] {processor.py:183} INFO - Processing /home/airflow/.local/lib/python3.12/site-packages/airflow/example_dags/example_latest_only.py took 0.030 seconds
[2025-07-22T17:50:40.968+0000] {processor.py:161} INFO - Started process (PID=1087) to work on /home/airflow/.local/lib/python3.12/site-packages/airflow/example_dags/example_latest_only.py
[2025-07-22T17:50:40.968+0000] {processor.py:830} INFO - Processing file /home/airflow/.local/lib/python3.12/site-packages/airflow/example_dags/example_latest_only.py for tasks to queue
[2025-07-22T17:50:40.969+0000] {logging_mixin.py:188} INFO - [2025-07-22T17:50:40.969+0000] {dagbag.py:540} INFO - Filling up the DagBag from /home/airflow/.local/lib/python3.12/site-packages/airflow/example_dags/example_latest_only.py
[2025-07-22T17:50:40.972+0000] {processor.py:840} INFO - DAG(s) 'latest_only' retrieved from /home/airflow/.local/lib/python3.12/site-packages/airflow/example_dags/example_latest_only.py
[2025-07-22T17:50:40.984+0000] {logging_mixin.py:188} INFO - [2025-07-22T17:50:40.984+0000] {dag.py:3096} INFO - Sync 1 DAGs
[2025-07-22T17:50:40.998+0000] {logging_mixin.py:188} INFO - [2025-07-22T17:50:40.998+0000] {dag.py:3954} INFO - Setting next_dagrun for latest_only to 2025-07-22 12:00:00+00:00, run_after=2025-07-22 16:00:00+00:00
[2025-07-22T17:50:41.006+0000] {processor.py:183} INFO - Processing /home/airflow/.local/lib/python3.12/site-packages/airflow/example_dags/example_latest_only.py took 0.041 seconds
[2025-07-22T17:51:11.256+0000] {processor.py:161} INFO - Started process (PID=1147) to work on /home/airflow/.local/lib/python3.12/site-packages/airflow/example_dags/example_latest_only.py
[2025-07-22T17:51:11.256+0000] {processor.py:830} INFO - Processing file /home/airflow/.local/lib/python3.12/site-packages/airflow/example_dags/example_latest_only.py for tasks to queue
[2025-07-22T17:51:11.257+0000] {logging_mixin.py:188} INFO - [2025-07-22T17:51:11.257+0000] {dagbag.py:540} INFO - Filling up the DagBag from /home/airflow/.local/lib/python3.12/site-packages/airflow/example_dags/example_latest_only.py
[2025-07-22T17:51:11.259+0000] {processor.py:840} INFO - DAG(s) 'latest_only' retrieved from /home/airflow/.local/lib/python3.12/site-packages/airflow/example_dags/example_latest_only.py
[2025-07-22T17:51:11.342+0000] {logging_mixin.py:188} INFO - [2025-07-22T17:51:11.342+0000] {dag.py:3096} INFO - Sync 1 DAGs
[2025-07-22T17:51:11.349+0000] {logging_mixin.py:188} INFO - [2025-07-22T17:51:11.349+0000] {dag.py:3954} INFO - Setting next_dagrun for latest_only to 2025-07-22 12:00:00+00:00, run_after=2025-07-22 16:00:00+00:00
[2025-07-22T17:51:11.356+0000] {processor.py:183} INFO - Processing /home/airflow/.local/lib/python3.12/site-packages/airflow/example_dags/example_latest_only.py took 0.103 seconds
[2025-07-22T17:51:41.997+0000] {processor.py:161} INFO - Started process (PID=1207) to work on /home/airflow/.local/lib/python3.12/site-packages/airflow/example_dags/example_latest_only.py
[2025-07-22T17:51:41.997+0000] {processor.py:830} INFO - Processing file /home/airflow/.local/lib/python3.12/site-packages/airflow/example_dags/example_latest_only.py for tasks to queue
[2025-07-22T17:51:41.998+0000] {logging_mixin.py:188} INFO - [2025-07-22T17:51:41.998+0000] {dagbag.py:540} INFO - Filling up the DagBag from /home/airflow/.local/lib/python3.12/site-packages/airflow/example_dags/example_latest_only.py
[2025-07-22T17:51:42.001+0000] {processor.py:840} INFO - DAG(s) 'latest_only' retrieved from /home/airflow/.local/lib/python3.12/site-packages/airflow/example_dags/example_latest_only.py
[2025-07-22T17:51:42.011+0000] {logging_mixin.py:188} INFO - [2025-07-22T17:51:42.011+0000] {dag.py:3096} INFO - Sync 1 DAGs
[2025-07-22T17:51:42.021+0000] {logging_mixin.py:188} INFO - [2025-07-22T17:51:42.020+0000] {dag.py:3954} INFO - Setting next_dagrun for latest_only to 2025-07-22 12:00:00+00:00, run_after=2025-07-22 16:00:00+00:00
[2025-07-22T17:51:42.028+0000] {processor.py:183} INFO - Processing /home/airflow/.local/lib/python3.12/site-packages/airflow/example_dags/example_latest_only.py took 0.034 seconds
[2025-07-22T17:52:13.149+0000] {processor.py:161} INFO - Started process (PID=1267) to work on /home/airflow/.local/lib/python3.12/site-packages/airflow/example_dags/example_latest_only.py
[2025-07-22T17:52:13.150+0000] {processor.py:830} INFO - Processing file /home/airflow/.local/lib/python3.12/site-packages/airflow/example_dags/example_latest_only.py for tasks to queue
[2025-07-22T17:52:13.151+0000] {logging_mixin.py:188} INFO - [2025-07-22T17:52:13.151+0000] {dagbag.py:540} INFO - Filling up the DagBag from /home/airflow/.local/lib/python3.12/site-packages/airflow/example_dags/example_latest_only.py
[2025-07-22T17:52:13.153+0000] {processor.py:840} INFO - DAG(s) 'latest_only' retrieved from /home/airflow/.local/lib/python3.12/site-packages/airflow/example_dags/example_latest_only.py
[2025-07-22T17:52:13.162+0000] {logging_mixin.py:188} INFO - [2025-07-22T17:52:13.162+0000] {dag.py:3096} INFO - Sync 1 DAGs
[2025-07-22T17:52:13.173+0000] {logging_mixin.py:188} INFO - [2025-07-22T17:52:13.173+0000] {dag.py:3954} INFO - Setting next_dagrun for latest_only to 2025-07-22 12:00:00+00:00, run_after=2025-07-22 16:00:00+00:00
[2025-07-22T17:52:13.181+0000] {processor.py:183} INFO - Processing /home/airflow/.local/lib/python3.12/site-packages/airflow/example_dags/example_latest_only.py took 0.035 seconds
[2025-07-22T17:52:44.182+0000] {processor.py:161} INFO - Started process (PID=1327) to work on /home/airflow/.local/lib/python3.12/site-packages/airflow/example_dags/example_latest_only.py
[2025-07-22T17:52:44.183+0000] {processor.py:830} INFO - Processing file /home/airflow/.local/lib/python3.12/site-packages/airflow/example_dags/example_latest_only.py for tasks to queue
[2025-07-22T17:52:44.184+0000] {logging_mixin.py:188} INFO - [2025-07-22T17:52:44.184+0000] {dagbag.py:540} INFO - Filling up the DagBag from /home/airflow/.local/lib/python3.12/site-packages/airflow/example_dags/example_latest_only.py
[2025-07-22T17:52:44.188+0000] {processor.py:840} INFO - DAG(s) 'latest_only' retrieved from /home/airflow/.local/lib/python3.12/site-packages/airflow/example_dags/example_latest_only.py
[2025-07-22T17:52:44.199+0000] {logging_mixin.py:188} INFO - [2025-07-22T17:52:44.199+0000] {dag.py:3096} INFO - Sync 1 DAGs
[2025-07-22T17:52:44.212+0000] {logging_mixin.py:188} INFO - [2025-07-22T17:52:44.212+0000] {dag.py:3954} INFO - Setting next_dagrun for latest_only to 2025-07-22 12:00:00+00:00, run_after=2025-07-22 16:00:00+00:00
[2025-07-22T17:52:44.229+0000] {processor.py:183} INFO - Processing /home/airflow/.local/lib/python3.12/site-packages/airflow/example_dags/example_latest_only.py took 0.050 seconds
[2025-07-22T17:53:15.283+0000] {processor.py:161} INFO - Started process (PID=1387) to work on /home/airflow/.local/lib/python3.12/site-packages/airflow/example_dags/example_latest_only.py
[2025-07-22T17:53:15.284+0000] {processor.py:830} INFO - Processing file /home/airflow/.local/lib/python3.12/site-packages/airflow/example_dags/example_latest_only.py for tasks to queue
[2025-07-22T17:53:15.285+0000] {logging_mixin.py:188} INFO - [2025-07-22T17:53:15.285+0000] {dagbag.py:540} INFO - Filling up the DagBag from /home/airflow/.local/lib/python3.12/site-packages/airflow/example_dags/example_latest_only.py
[2025-07-22T17:53:15.287+0000] {processor.py:840} INFO - DAG(s) 'latest_only' retrieved from /home/airflow/.local/lib/python3.12/site-packages/airflow/example_dags/example_latest_only.py
[2025-07-22T17:53:15.297+0000] {logging_mixin.py:188} INFO - [2025-07-22T17:53:15.297+0000] {dag.py:3096} INFO - Sync 1 DAGs
[2025-07-22T17:53:15.309+0000] {logging_mixin.py:188} INFO - [2025-07-22T17:53:15.308+0000] {dag.py:3954} INFO - Setting next_dagrun for latest_only to 2025-07-22 12:00:00+00:00, run_after=2025-07-22 16:00:00+00:00
[2025-07-22T17:53:15.317+0000] {processor.py:183} INFO - Processing /home/airflow/.local/lib/python3.12/site-packages/airflow/example_dags/example_latest_only.py took 0.036 seconds
[2025-07-22T17:53:46.349+0000] {processor.py:161} INFO - Started process (PID=1447) to work on /home/airflow/.local/lib/python3.12/site-packages/airflow/example_dags/example_latest_only.py
[2025-07-22T17:53:46.350+0000] {processor.py:830} INFO - Processing file /home/airflow/.local/lib/python3.12/site-packages/airflow/example_dags/example_latest_only.py for tasks to queue
[2025-07-22T17:53:46.351+0000] {logging_mixin.py:188} INFO - [2025-07-22T17:53:46.351+0000] {dagbag.py:540} INFO - Filling up the DagBag from /home/airflow/.local/lib/python3.12/site-packages/airflow/example_dags/example_latest_only.py
[2025-07-22T17:53:46.354+0000] {processor.py:840} INFO - DAG(s) 'latest_only' retrieved from /home/airflow/.local/lib/python3.12/site-packages/airflow/example_dags/example_latest_only.py
[2025-07-22T17:53:46.364+0000] {logging_mixin.py:188} INFO - [2025-07-22T17:53:46.364+0000] {dag.py:3096} INFO - Sync 1 DAGs
[2025-07-22T17:53:46.373+0000] {logging_mixin.py:188} INFO - [2025-07-22T17:53:46.373+0000] {dag.py:3954} INFO - Setting next_dagrun for latest_only to 2025-07-22 12:00:00+00:00, run_after=2025-07-22 16:00:00+00:00
[2025-07-22T17:53:46.382+0000] {processor.py:183} INFO - Processing /home/airflow/.local/lib/python3.12/site-packages/airflow/example_dags/example_latest_only.py took 0.036 seconds
[2025-07-22T17:54:16.692+0000] {processor.py:161} INFO - Started process (PID=1507) to work on /home/airflow/.local/lib/python3.12/site-packages/airflow/example_dags/example_latest_only.py
[2025-07-22T17:54:16.694+0000] {processor.py:830} INFO - Processing file /home/airflow/.local/lib/python3.12/site-packages/airflow/example_dags/example_latest_only.py for tasks to queue
[2025-07-22T17:54:16.695+0000] {logging_mixin.py:188} INFO - [2025-07-22T17:54:16.695+0000] {dagbag.py:540} INFO - Filling up the DagBag from /home/airflow/.local/lib/python3.12/site-packages/airflow/example_dags/example_latest_only.py
[2025-07-22T17:54:16.697+0000] {processor.py:840} INFO - DAG(s) 'latest_only' retrieved from /home/airflow/.local/lib/python3.12/site-packages/airflow/example_dags/example_latest_only.py
[2025-07-22T17:54:16.705+0000] {logging_mixin.py:188} INFO - [2025-07-22T17:54:16.705+0000] {dag.py:3096} INFO - Sync 1 DAGs
[2025-07-22T17:54:16.713+0000] {logging_mixin.py:188} INFO - [2025-07-22T17:54:16.713+0000] {dag.py:3954} INFO - Setting next_dagrun for latest_only to 2025-07-22 12:00:00+00:00, run_after=2025-07-22 16:00:00+00:00
[2025-07-22T17:54:16.725+0000] {processor.py:183} INFO - Processing /home/airflow/.local/lib/python3.12/site-packages/airflow/example_dags/example_latest_only.py took 0.035 seconds
[2025-07-22T17:54:47.503+0000] {processor.py:161} INFO - Started process (PID=1567) to work on /home/airflow/.local/lib/python3.12/site-packages/airflow/example_dags/example_latest_only.py
[2025-07-22T17:54:47.504+0000] {processor.py:830} INFO - Processing file /home/airflow/.local/lib/python3.12/site-packages/airflow/example_dags/example_latest_only.py for tasks to queue
[2025-07-22T17:54:47.505+0000] {logging_mixin.py:188} INFO - [2025-07-22T17:54:47.505+0000] {dagbag.py:540} INFO - Filling up the DagBag from /home/airflow/.local/lib/python3.12/site-packages/airflow/example_dags/example_latest_only.py
[2025-07-22T17:54:47.507+0000] {processor.py:840} INFO - DAG(s) 'latest_only' retrieved from /home/airflow/.local/lib/python3.12/site-packages/airflow/example_dags/example_latest_only.py
[2025-07-22T17:54:47.515+0000] {logging_mixin.py:188} INFO - [2025-07-22T17:54:47.515+0000] {dag.py:3096} INFO - Sync 1 DAGs
[2025-07-22T17:54:47.526+0000] {logging_mixin.py:188} INFO - [2025-07-22T17:54:47.526+0000] {dag.py:3954} INFO - Setting next_dagrun for latest_only to 2025-07-22 12:00:00+00:00, run_after=2025-07-22 16:00:00+00:00
[2025-07-22T17:54:47.534+0000] {processor.py:183} INFO - Processing /home/airflow/.local/lib/python3.12/site-packages/airflow/example_dags/example_latest_only.py took 0.033 seconds
