[2025-07-22T17:47:04.473+0000] {processor.py:161} INFO - Started process (PID=666) to work on /home/airflow/.local/lib/python3.12/site-packages/airflow/example_dags/example_bash_operator.py
[2025-07-22T17:47:04.473+0000] {processor.py:830} INFO - Processing file /home/airflow/.local/lib/python3.12/site-packages/airflow/example_dags/example_bash_operator.py for tasks to queue
[2025-07-22T17:47:04.474+0000] {logging_mixin.py:188} INFO - [2025-07-22T17:47:04.474+0000] {dagbag.py:540} INFO - Filling up the DagBag from /home/airflow/.local/lib/python3.12/site-packages/airflow/example_dags/example_bash_operator.py
[2025-07-22T17:47:04.478+0000] {processor.py:840} INFO - DAG(s) 'example_bash_operator' retrieved from /home/airflow/.local/lib/python3.12/site-packages/airflow/example_dags/example_bash_operator.py
[2025-07-22T17:47:04.487+0000] {logging_mixin.py:188} INFO - [2025-07-22T17:47:04.486+0000] {dag.py:3096} INFO - Sync 1 DAGs
[2025-07-22T17:47:04.494+0000] {logging_mixin.py:188} INFO - [2025-07-22T17:47:04.493+0000] {dag.py:3954} INFO - Setting next_dagrun for example_bash_operator to 2025-07-21 00:00:00+00:00, run_after=2025-07-22 00:00:00+00:00
[2025-07-22T17:47:04.499+0000] {processor.py:183} INFO - Processing /home/airflow/.local/lib/python3.12/site-packages/airflow/example_dags/example_bash_operator.py took 0.028 seconds
[2025-07-22T17:47:35.153+0000] {processor.py:161} INFO - Started process (PID=726) to work on /home/airflow/.local/lib/python3.12/site-packages/airflow/example_dags/example_bash_operator.py
[2025-07-22T17:47:35.153+0000] {processor.py:830} INFO - Processing file /home/airflow/.local/lib/python3.12/site-packages/airflow/example_dags/example_bash_operator.py for tasks to queue
[2025-07-22T17:47:35.154+0000] {logging_mixin.py:188} INFO - [2025-07-22T17:47:35.154+0000] {dagbag.py:540} INFO - Filling up the DagBag from /home/airflow/.local/lib/python3.12/site-packages/airflow/example_dags/example_bash_operator.py
[2025-07-22T17:47:35.158+0000] {processor.py:840} INFO - DAG(s) 'example_bash_operator' retrieved from /home/airflow/.local/lib/python3.12/site-packages/airflow/example_dags/example_bash_operator.py
[2025-07-22T17:47:35.168+0000] {logging_mixin.py:188} INFO - [2025-07-22T17:47:35.168+0000] {dag.py:3096} INFO - Sync 1 DAGs
[2025-07-22T17:47:35.178+0000] {logging_mixin.py:188} INFO - [2025-07-22T17:47:35.178+0000] {dag.py:3954} INFO - Setting next_dagrun for example_bash_operator to 2025-07-21 00:00:00+00:00, run_after=2025-07-22 00:00:00+00:00
[2025-07-22T17:47:35.187+0000] {processor.py:183} INFO - Processing /home/airflow/.local/lib/python3.12/site-packages/airflow/example_dags/example_bash_operator.py took 0.036 seconds
[2025-07-22T17:48:06.083+0000] {processor.py:161} INFO - Started process (PID=786) to work on /home/airflow/.local/lib/python3.12/site-packages/airflow/example_dags/example_bash_operator.py
[2025-07-22T17:48:06.084+0000] {processor.py:830} INFO - Processing file /home/airflow/.local/lib/python3.12/site-packages/airflow/example_dags/example_bash_operator.py for tasks to queue
[2025-07-22T17:48:06.084+0000] {logging_mixin.py:188} INFO - [2025-07-22T17:48:06.084+0000] {dagbag.py:540} INFO - Filling up the DagBag from /home/airflow/.local/lib/python3.12/site-packages/airflow/example_dags/example_bash_operator.py
[2025-07-22T17:48:06.088+0000] {processor.py:840} INFO - DAG(s) 'example_bash_operator' retrieved from /home/airflow/.local/lib/python3.12/site-packages/airflow/example_dags/example_bash_operator.py
[2025-07-22T17:48:06.099+0000] {logging_mixin.py:188} INFO - [2025-07-22T17:48:06.099+0000] {dag.py:3096} INFO - Sync 1 DAGs
[2025-07-22T17:48:06.108+0000] {logging_mixin.py:188} INFO - [2025-07-22T17:48:06.108+0000] {dag.py:3954} INFO - Setting next_dagrun for example_bash_operator to 2025-07-21 00:00:00+00:00, run_after=2025-07-22 00:00:00+00:00
[2025-07-22T17:48:06.117+0000] {processor.py:183} INFO - Processing /home/airflow/.local/lib/python3.12/site-packages/airflow/example_dags/example_bash_operator.py took 0.036 seconds
[2025-07-22T17:48:36.935+0000] {processor.py:161} INFO - Started process (PID=846) to work on /home/airflow/.local/lib/python3.12/site-packages/airflow/example_dags/example_bash_operator.py
[2025-07-22T17:48:36.935+0000] {processor.py:830} INFO - Processing file /home/airflow/.local/lib/python3.12/site-packages/airflow/example_dags/example_bash_operator.py for tasks to queue
[2025-07-22T17:48:36.936+0000] {logging_mixin.py:188} INFO - [2025-07-22T17:48:36.936+0000] {dagbag.py:540} INFO - Filling up the DagBag from /home/airflow/.local/lib/python3.12/site-packages/airflow/example_dags/example_bash_operator.py
[2025-07-22T17:48:36.940+0000] {processor.py:840} INFO - DAG(s) 'example_bash_operator' retrieved from /home/airflow/.local/lib/python3.12/site-packages/airflow/example_dags/example_bash_operator.py
[2025-07-22T17:48:36.950+0000] {logging_mixin.py:188} INFO - [2025-07-22T17:48:36.950+0000] {dag.py:3096} INFO - Sync 1 DAGs
[2025-07-22T17:48:36.959+0000] {logging_mixin.py:188} INFO - [2025-07-22T17:48:36.959+0000] {dag.py:3954} INFO - Setting next_dagrun for example_bash_operator to 2025-07-21 00:00:00+00:00, run_after=2025-07-22 00:00:00+00:00
[2025-07-22T17:48:36.969+0000] {processor.py:183} INFO - Processing /home/airflow/.local/lib/python3.12/site-packages/airflow/example_dags/example_bash_operator.py took 0.037 seconds
[2025-07-22T17:49:07.125+0000] {processor.py:161} INFO - Started process (PID=905) to work on /home/airflow/.local/lib/python3.12/site-packages/airflow/example_dags/example_bash_operator.py
[2025-07-22T17:49:07.127+0000] {processor.py:830} INFO - Processing file /home/airflow/.local/lib/python3.12/site-packages/airflow/example_dags/example_bash_operator.py for tasks to queue
[2025-07-22T17:49:07.127+0000] {logging_mixin.py:188} INFO - [2025-07-22T17:49:07.127+0000] {dagbag.py:540} INFO - Filling up the DagBag from /home/airflow/.local/lib/python3.12/site-packages/airflow/example_dags/example_bash_operator.py
[2025-07-22T17:49:07.132+0000] {processor.py:840} INFO - DAG(s) 'example_bash_operator' retrieved from /home/airflow/.local/lib/python3.12/site-packages/airflow/example_dags/example_bash_operator.py
[2025-07-22T17:49:07.141+0000] {logging_mixin.py:188} INFO - [2025-07-22T17:49:07.141+0000] {dag.py:3096} INFO - Sync 1 DAGs
[2025-07-22T17:49:07.152+0000] {logging_mixin.py:188} INFO - [2025-07-22T17:49:07.152+0000] {dag.py:3954} INFO - Setting next_dagrun for example_bash_operator to 2025-07-21 00:00:00+00:00, run_after=2025-07-22 00:00:00+00:00
[2025-07-22T17:49:07.161+0000] {processor.py:183} INFO - Processing /home/airflow/.local/lib/python3.12/site-packages/airflow/example_dags/example_bash_operator.py took 0.038 seconds
[2025-07-22T17:49:38.274+0000] {processor.py:161} INFO - Started process (PID=965) to work on /home/airflow/.local/lib/python3.12/site-packages/airflow/example_dags/example_bash_operator.py
[2025-07-22T17:49:38.274+0000] {processor.py:830} INFO - Processing file /home/airflow/.local/lib/python3.12/site-packages/airflow/example_dags/example_bash_operator.py for tasks to queue
[2025-07-22T17:49:38.275+0000] {logging_mixin.py:188} INFO - [2025-07-22T17:49:38.275+0000] {dagbag.py:540} INFO - Filling up the DagBag from /home/airflow/.local/lib/python3.12/site-packages/airflow/example_dags/example_bash_operator.py
[2025-07-22T17:49:38.280+0000] {processor.py:840} INFO - DAG(s) 'example_bash_operator' retrieved from /home/airflow/.local/lib/python3.12/site-packages/airflow/example_dags/example_bash_operator.py
[2025-07-22T17:49:38.290+0000] {logging_mixin.py:188} INFO - [2025-07-22T17:49:38.290+0000] {dag.py:3096} INFO - Sync 1 DAGs
[2025-07-22T17:49:38.298+0000] {logging_mixin.py:188} INFO - [2025-07-22T17:49:38.298+0000] {dag.py:3954} INFO - Setting next_dagrun for example_bash_operator to 2025-07-21 00:00:00+00:00, run_after=2025-07-22 00:00:00+00:00
[2025-07-22T17:49:38.305+0000] {processor.py:183} INFO - Processing /home/airflow/.local/lib/python3.12/site-packages/airflow/example_dags/example_bash_operator.py took 0.033 seconds
[2025-07-22T17:50:09.552+0000] {processor.py:161} INFO - Started process (PID=1026) to work on /home/airflow/.local/lib/python3.12/site-packages/airflow/example_dags/example_bash_operator.py
[2025-07-22T17:50:09.552+0000] {processor.py:830} INFO - Processing file /home/airflow/.local/lib/python3.12/site-packages/airflow/example_dags/example_bash_operator.py for tasks to queue
[2025-07-22T17:50:09.553+0000] {logging_mixin.py:188} INFO - [2025-07-22T17:50:09.553+0000] {dagbag.py:540} INFO - Filling up the DagBag from /home/airflow/.local/lib/python3.12/site-packages/airflow/example_dags/example_bash_operator.py
[2025-07-22T17:50:09.557+0000] {processor.py:840} INFO - DAG(s) 'example_bash_operator' retrieved from /home/airflow/.local/lib/python3.12/site-packages/airflow/example_dags/example_bash_operator.py
[2025-07-22T17:50:09.568+0000] {logging_mixin.py:188} INFO - [2025-07-22T17:50:09.568+0000] {dag.py:3096} INFO - Sync 1 DAGs
[2025-07-22T17:50:09.576+0000] {logging_mixin.py:188} INFO - [2025-07-22T17:50:09.576+0000] {dag.py:3954} INFO - Setting next_dagrun for example_bash_operator to 2025-07-21 00:00:00+00:00, run_after=2025-07-22 00:00:00+00:00
[2025-07-22T17:50:09.582+0000] {processor.py:183} INFO - Processing /home/airflow/.local/lib/python3.12/site-packages/airflow/example_dags/example_bash_operator.py took 0.033 seconds
[2025-07-22T17:50:40.886+0000] {processor.py:161} INFO - Started process (PID=1086) to work on /home/airflow/.local/lib/python3.12/site-packages/airflow/example_dags/example_bash_operator.py
[2025-07-22T17:50:40.889+0000] {processor.py:830} INFO - Processing file /home/airflow/.local/lib/python3.12/site-packages/airflow/example_dags/example_bash_operator.py for tasks to queue
[2025-07-22T17:50:40.895+0000] {logging_mixin.py:188} INFO - [2025-07-22T17:50:40.894+0000] {dagbag.py:540} INFO - Filling up the DagBag from /home/airflow/.local/lib/python3.12/site-packages/airflow/example_dags/example_bash_operator.py
[2025-07-22T17:50:40.910+0000] {processor.py:840} INFO - DAG(s) 'example_bash_operator' retrieved from /home/airflow/.local/lib/python3.12/site-packages/airflow/example_dags/example_bash_operator.py
[2025-07-22T17:50:40.935+0000] {logging_mixin.py:188} INFO - [2025-07-22T17:50:40.934+0000] {dag.py:3096} INFO - Sync 1 DAGs
[2025-07-22T17:50:40.947+0000] {logging_mixin.py:188} INFO - [2025-07-22T17:50:40.946+0000] {dag.py:3954} INFO - Setting next_dagrun for example_bash_operator to 2025-07-21 00:00:00+00:00, run_after=2025-07-22 00:00:00+00:00
[2025-07-22T17:50:40.955+0000] {processor.py:183} INFO - Processing /home/airflow/.local/lib/python3.12/site-packages/airflow/example_dags/example_bash_operator.py took 0.079 seconds
[2025-07-22T17:51:11.131+0000] {processor.py:161} INFO - Started process (PID=1145) to work on /home/airflow/.local/lib/python3.12/site-packages/airflow/example_dags/example_bash_operator.py
[2025-07-22T17:51:11.131+0000] {processor.py:830} INFO - Processing file /home/airflow/.local/lib/python3.12/site-packages/airflow/example_dags/example_bash_operator.py for tasks to queue
[2025-07-22T17:51:11.132+0000] {logging_mixin.py:188} INFO - [2025-07-22T17:51:11.132+0000] {dagbag.py:540} INFO - Filling up the DagBag from /home/airflow/.local/lib/python3.12/site-packages/airflow/example_dags/example_bash_operator.py
[2025-07-22T17:51:11.138+0000] {processor.py:840} INFO - DAG(s) 'example_bash_operator' retrieved from /home/airflow/.local/lib/python3.12/site-packages/airflow/example_dags/example_bash_operator.py
[2025-07-22T17:51:11.228+0000] {logging_mixin.py:188} INFO - [2025-07-22T17:51:11.228+0000] {dag.py:3096} INFO - Sync 1 DAGs
[2025-07-22T17:51:11.237+0000] {logging_mixin.py:188} INFO - [2025-07-22T17:51:11.237+0000] {dag.py:3954} INFO - Setting next_dagrun for example_bash_operator to 2025-07-21 00:00:00+00:00, run_after=2025-07-22 00:00:00+00:00
[2025-07-22T17:51:11.243+0000] {processor.py:183} INFO - Processing /home/airflow/.local/lib/python3.12/site-packages/airflow/example_dags/example_bash_operator.py took 0.114 seconds
[2025-07-22T17:51:41.948+0000] {processor.py:161} INFO - Started process (PID=1206) to work on /home/airflow/.local/lib/python3.12/site-packages/airflow/example_dags/example_bash_operator.py
[2025-07-22T17:51:41.948+0000] {processor.py:830} INFO - Processing file /home/airflow/.local/lib/python3.12/site-packages/airflow/example_dags/example_bash_operator.py for tasks to queue
[2025-07-22T17:51:41.949+0000] {logging_mixin.py:188} INFO - [2025-07-22T17:51:41.949+0000] {dagbag.py:540} INFO - Filling up the DagBag from /home/airflow/.local/lib/python3.12/site-packages/airflow/example_dags/example_bash_operator.py
[2025-07-22T17:51:41.956+0000] {processor.py:840} INFO - DAG(s) 'example_bash_operator' retrieved from /home/airflow/.local/lib/python3.12/site-packages/airflow/example_dags/example_bash_operator.py
[2025-07-22T17:51:41.970+0000] {logging_mixin.py:188} INFO - [2025-07-22T17:51:41.970+0000] {dag.py:3096} INFO - Sync 1 DAGs
[2025-07-22T17:51:41.979+0000] {logging_mixin.py:188} INFO - [2025-07-22T17:51:41.978+0000] {dag.py:3954} INFO - Setting next_dagrun for example_bash_operator to 2025-07-21 00:00:00+00:00, run_after=2025-07-22 00:00:00+00:00
[2025-07-22T17:51:41.985+0000] {processor.py:183} INFO - Processing /home/airflow/.local/lib/python3.12/site-packages/airflow/example_dags/example_bash_operator.py took 0.041 seconds
[2025-07-22T17:52:13.101+0000] {processor.py:161} INFO - Started process (PID=1266) to work on /home/airflow/.local/lib/python3.12/site-packages/airflow/example_dags/example_bash_operator.py
[2025-07-22T17:52:13.102+0000] {processor.py:830} INFO - Processing file /home/airflow/.local/lib/python3.12/site-packages/airflow/example_dags/example_bash_operator.py for tasks to queue
[2025-07-22T17:52:13.103+0000] {logging_mixin.py:188} INFO - [2025-07-22T17:52:13.102+0000] {dagbag.py:540} INFO - Filling up the DagBag from /home/airflow/.local/lib/python3.12/site-packages/airflow/example_dags/example_bash_operator.py
[2025-07-22T17:52:13.108+0000] {processor.py:840} INFO - DAG(s) 'example_bash_operator' retrieved from /home/airflow/.local/lib/python3.12/site-packages/airflow/example_dags/example_bash_operator.py
[2025-07-22T17:52:13.121+0000] {logging_mixin.py:188} INFO - [2025-07-22T17:52:13.121+0000] {dag.py:3096} INFO - Sync 1 DAGs
[2025-07-22T17:52:13.131+0000] {logging_mixin.py:188} INFO - [2025-07-22T17:52:13.131+0000] {dag.py:3954} INFO - Setting next_dagrun for example_bash_operator to 2025-07-21 00:00:00+00:00, run_after=2025-07-22 00:00:00+00:00
[2025-07-22T17:52:13.138+0000] {processor.py:183} INFO - Processing /home/airflow/.local/lib/python3.12/site-packages/airflow/example_dags/example_bash_operator.py took 0.041 seconds
[2025-07-22T17:52:44.123+0000] {processor.py:161} INFO - Started process (PID=1326) to work on /home/airflow/.local/lib/python3.12/site-packages/airflow/example_dags/example_bash_operator.py
[2025-07-22T17:52:44.124+0000] {processor.py:830} INFO - Processing file /home/airflow/.local/lib/python3.12/site-packages/airflow/example_dags/example_bash_operator.py for tasks to queue
[2025-07-22T17:52:44.125+0000] {logging_mixin.py:188} INFO - [2025-07-22T17:52:44.125+0000] {dagbag.py:540} INFO - Filling up the DagBag from /home/airflow/.local/lib/python3.12/site-packages/airflow/example_dags/example_bash_operator.py
[2025-07-22T17:52:44.134+0000] {processor.py:840} INFO - DAG(s) 'example_bash_operator' retrieved from /home/airflow/.local/lib/python3.12/site-packages/airflow/example_dags/example_bash_operator.py
[2025-07-22T17:52:44.151+0000] {logging_mixin.py:188} INFO - [2025-07-22T17:52:44.151+0000] {dag.py:3096} INFO - Sync 1 DAGs
[2025-07-22T17:52:44.160+0000] {logging_mixin.py:188} INFO - [2025-07-22T17:52:44.160+0000] {dag.py:3954} INFO - Setting next_dagrun for example_bash_operator to 2025-07-21 00:00:00+00:00, run_after=2025-07-22 00:00:00+00:00
[2025-07-22T17:52:44.169+0000] {processor.py:183} INFO - Processing /home/airflow/.local/lib/python3.12/site-packages/airflow/example_dags/example_bash_operator.py took 0.051 seconds
[2025-07-22T17:53:15.239+0000] {processor.py:161} INFO - Started process (PID=1386) to work on /home/airflow/.local/lib/python3.12/site-packages/airflow/example_dags/example_bash_operator.py
[2025-07-22T17:53:15.239+0000] {processor.py:830} INFO - Processing file /home/airflow/.local/lib/python3.12/site-packages/airflow/example_dags/example_bash_operator.py for tasks to queue
[2025-07-22T17:53:15.241+0000] {logging_mixin.py:188} INFO - [2025-07-22T17:53:15.240+0000] {dagbag.py:540} INFO - Filling up the DagBag from /home/airflow/.local/lib/python3.12/site-packages/airflow/example_dags/example_bash_operator.py
[2025-07-22T17:53:15.247+0000] {processor.py:840} INFO - DAG(s) 'example_bash_operator' retrieved from /home/airflow/.local/lib/python3.12/site-packages/airflow/example_dags/example_bash_operator.py
[2025-07-22T17:53:15.257+0000] {logging_mixin.py:188} INFO - [2025-07-22T17:53:15.257+0000] {dag.py:3096} INFO - Sync 1 DAGs
[2025-07-22T17:53:15.267+0000] {logging_mixin.py:188} INFO - [2025-07-22T17:53:15.267+0000] {dag.py:3954} INFO - Setting next_dagrun for example_bash_operator to 2025-07-21 00:00:00+00:00, run_after=2025-07-22 00:00:00+00:00
[2025-07-22T17:53:15.273+0000] {processor.py:183} INFO - Processing /home/airflow/.local/lib/python3.12/site-packages/airflow/example_dags/example_bash_operator.py took 0.037 seconds
[2025-07-22T17:53:46.306+0000] {processor.py:161} INFO - Started process (PID=1446) to work on /home/airflow/.local/lib/python3.12/site-packages/airflow/example_dags/example_bash_operator.py
[2025-07-22T17:53:46.306+0000] {processor.py:830} INFO - Processing file /home/airflow/.local/lib/python3.12/site-packages/airflow/example_dags/example_bash_operator.py for tasks to queue
[2025-07-22T17:53:46.307+0000] {logging_mixin.py:188} INFO - [2025-07-22T17:53:46.307+0000] {dagbag.py:540} INFO - Filling up the DagBag from /home/airflow/.local/lib/python3.12/site-packages/airflow/example_dags/example_bash_operator.py
[2025-07-22T17:53:46.312+0000] {processor.py:840} INFO - DAG(s) 'example_bash_operator' retrieved from /home/airflow/.local/lib/python3.12/site-packages/airflow/example_dags/example_bash_operator.py
[2025-07-22T17:53:46.324+0000] {logging_mixin.py:188} INFO - [2025-07-22T17:53:46.324+0000] {dag.py:3096} INFO - Sync 1 DAGs
[2025-07-22T17:53:46.332+0000] {logging_mixin.py:188} INFO - [2025-07-22T17:53:46.332+0000] {dag.py:3954} INFO - Setting next_dagrun for example_bash_operator to 2025-07-21 00:00:00+00:00, run_after=2025-07-22 00:00:00+00:00
[2025-07-22T17:53:46.338+0000] {processor.py:183} INFO - Processing /home/airflow/.local/lib/python3.12/site-packages/airflow/example_dags/example_bash_operator.py took 0.035 seconds
[2025-07-22T17:54:16.649+0000] {processor.py:161} INFO - Started process (PID=1506) to work on /home/airflow/.local/lib/python3.12/site-packages/airflow/example_dags/example_bash_operator.py
[2025-07-22T17:54:16.649+0000] {processor.py:830} INFO - Processing file /home/airflow/.local/lib/python3.12/site-packages/airflow/example_dags/example_bash_operator.py for tasks to queue
[2025-07-22T17:54:16.650+0000] {logging_mixin.py:188} INFO - [2025-07-22T17:54:16.650+0000] {dagbag.py:540} INFO - Filling up the DagBag from /home/airflow/.local/lib/python3.12/site-packages/airflow/example_dags/example_bash_operator.py
[2025-07-22T17:54:16.655+0000] {processor.py:840} INFO - DAG(s) 'example_bash_operator' retrieved from /home/airflow/.local/lib/python3.12/site-packages/airflow/example_dags/example_bash_operator.py
[2025-07-22T17:54:16.665+0000] {logging_mixin.py:188} INFO - [2025-07-22T17:54:16.665+0000] {dag.py:3096} INFO - Sync 1 DAGs
[2025-07-22T17:54:16.674+0000] {logging_mixin.py:188} INFO - [2025-07-22T17:54:16.674+0000] {dag.py:3954} INFO - Setting next_dagrun for example_bash_operator to 2025-07-21 00:00:00+00:00, run_after=2025-07-22 00:00:00+00:00
[2025-07-22T17:54:16.680+0000] {processor.py:183} INFO - Processing /home/airflow/.local/lib/python3.12/site-packages/airflow/example_dags/example_bash_operator.py took 0.034 seconds
[2025-07-22T17:54:47.462+0000] {processor.py:161} INFO - Started process (PID=1566) to work on /home/airflow/.local/lib/python3.12/site-packages/airflow/example_dags/example_bash_operator.py
[2025-07-22T17:54:47.463+0000] {processor.py:830} INFO - Processing file /home/airflow/.local/lib/python3.12/site-packages/airflow/example_dags/example_bash_operator.py for tasks to queue
[2025-07-22T17:54:47.464+0000] {logging_mixin.py:188} INFO - [2025-07-22T17:54:47.464+0000] {dagbag.py:540} INFO - Filling up the DagBag from /home/airflow/.local/lib/python3.12/site-packages/airflow/example_dags/example_bash_operator.py
[2025-07-22T17:54:47.468+0000] {processor.py:840} INFO - DAG(s) 'example_bash_operator' retrieved from /home/airflow/.local/lib/python3.12/site-packages/airflow/example_dags/example_bash_operator.py
[2025-07-22T17:54:47.478+0000] {logging_mixin.py:188} INFO - [2025-07-22T17:54:47.478+0000] {dag.py:3096} INFO - Sync 1 DAGs
[2025-07-22T17:54:47.487+0000] {logging_mixin.py:188} INFO - [2025-07-22T17:54:47.487+0000] {dag.py:3954} INFO - Setting next_dagrun for example_bash_operator to 2025-07-21 00:00:00+00:00, run_after=2025-07-22 00:00:00+00:00
[2025-07-22T17:54:47.493+0000] {processor.py:183} INFO - Processing /home/airflow/.local/lib/python3.12/site-packages/airflow/example_dags/example_bash_operator.py took 0.033 seconds
