[2025-07-22T17:47:05.890+0000] {processor.py:161} INFO - Started process (PID=681) to work on /home/airflow/.local/lib/python3.12/site-packages/airflow/example_dags/example_trigger_target_dag.py
[2025-07-22T17:47:05.890+0000] {processor.py:830} INFO - Processing file /home/airflow/.local/lib/python3.12/site-packages/airflow/example_dags/example_trigger_target_dag.py for tasks to queue
[2025-07-22T17:47:05.891+0000] {logging_mixin.py:188} INFO - [2025-07-22T17:47:05.891+0000] {dagbag.py:540} INFO - Filling up the DagBag from /home/airflow/.local/lib/python3.12/site-packages/airflow/example_dags/example_trigger_target_dag.py
[2025-07-22T17:47:05.893+0000] {processor.py:840} INFO - DAG(s) 'example_trigger_target_dag' retrieved from /home/airflow/.local/lib/python3.12/site-packages/airflow/example_dags/example_trigger_target_dag.py
[2025-07-22T17:47:05.901+0000] {logging_mixin.py:188} INFO - [2025-07-22T17:47:05.901+0000] {dag.py:3096} INFO - Sync 1 DAGs
[2025-07-22T17:47:05.905+0000] {logging_mixin.py:188} INFO - [2025-07-22T17:47:05.905+0000] {dag.py:3954} INFO - Setting next_dagrun for example_trigger_target_dag to None, run_after=None
[2025-07-22T17:47:05.912+0000] {processor.py:183} INFO - Processing /home/airflow/.local/lib/python3.12/site-packages/airflow/example_dags/example_trigger_target_dag.py took 0.024 seconds
[2025-07-22T17:47:36.598+0000] {processor.py:161} INFO - Started process (PID=741) to work on /home/airflow/.local/lib/python3.12/site-packages/airflow/example_dags/example_trigger_target_dag.py
[2025-07-22T17:47:36.599+0000] {processor.py:830} INFO - Processing file /home/airflow/.local/lib/python3.12/site-packages/airflow/example_dags/example_trigger_target_dag.py for tasks to queue
[2025-07-22T17:47:36.601+0000] {logging_mixin.py:188} INFO - [2025-07-22T17:47:36.601+0000] {dagbag.py:540} INFO - Filling up the DagBag from /home/airflow/.local/lib/python3.12/site-packages/airflow/example_dags/example_trigger_target_dag.py
[2025-07-22T17:47:36.603+0000] {processor.py:840} INFO - DAG(s) 'example_trigger_target_dag' retrieved from /home/airflow/.local/lib/python3.12/site-packages/airflow/example_dags/example_trigger_target_dag.py
[2025-07-22T17:47:36.611+0000] {logging_mixin.py:188} INFO - [2025-07-22T17:47:36.611+0000] {dag.py:3096} INFO - Sync 1 DAGs
[2025-07-22T17:47:36.616+0000] {logging_mixin.py:188} INFO - [2025-07-22T17:47:36.616+0000] {dag.py:3954} INFO - Setting next_dagrun for example_trigger_target_dag to None, run_after=None
[2025-07-22T17:47:36.625+0000] {processor.py:183} INFO - Processing /home/airflow/.local/lib/python3.12/site-packages/airflow/example_dags/example_trigger_target_dag.py took 0.030 seconds
[2025-07-22T17:48:07.518+0000] {processor.py:161} INFO - Started process (PID=801) to work on /home/airflow/.local/lib/python3.12/site-packages/airflow/example_dags/example_trigger_target_dag.py
[2025-07-22T17:48:07.518+0000] {processor.py:830} INFO - Processing file /home/airflow/.local/lib/python3.12/site-packages/airflow/example_dags/example_trigger_target_dag.py for tasks to queue
[2025-07-22T17:48:07.519+0000] {logging_mixin.py:188} INFO - [2025-07-22T17:48:07.518+0000] {dagbag.py:540} INFO - Filling up the DagBag from /home/airflow/.local/lib/python3.12/site-packages/airflow/example_dags/example_trigger_target_dag.py
[2025-07-22T17:48:07.521+0000] {processor.py:840} INFO - DAG(s) 'example_trigger_target_dag' retrieved from /home/airflow/.local/lib/python3.12/site-packages/airflow/example_dags/example_trigger_target_dag.py
[2025-07-22T17:48:07.527+0000] {logging_mixin.py:188} INFO - [2025-07-22T17:48:07.527+0000] {dag.py:3096} INFO - Sync 1 DAGs
[2025-07-22T17:48:07.531+0000] {logging_mixin.py:188} INFO - [2025-07-22T17:48:07.531+0000] {dag.py:3954} INFO - Setting next_dagrun for example_trigger_target_dag to None, run_after=None
[2025-07-22T17:48:07.537+0000] {processor.py:183} INFO - Processing /home/airflow/.local/lib/python3.12/site-packages/airflow/example_dags/example_trigger_target_dag.py took 0.021 seconds
[2025-07-22T17:48:38.605+0000] {processor.py:161} INFO - Started process (PID=861) to work on /home/airflow/.local/lib/python3.12/site-packages/airflow/example_dags/example_trigger_target_dag.py
[2025-07-22T17:48:38.606+0000] {processor.py:830} INFO - Processing file /home/airflow/.local/lib/python3.12/site-packages/airflow/example_dags/example_trigger_target_dag.py for tasks to queue
[2025-07-22T17:48:38.606+0000] {logging_mixin.py:188} INFO - [2025-07-22T17:48:38.606+0000] {dagbag.py:540} INFO - Filling up the DagBag from /home/airflow/.local/lib/python3.12/site-packages/airflow/example_dags/example_trigger_target_dag.py
[2025-07-22T17:48:38.608+0000] {processor.py:840} INFO - DAG(s) 'example_trigger_target_dag' retrieved from /home/airflow/.local/lib/python3.12/site-packages/airflow/example_dags/example_trigger_target_dag.py
[2025-07-22T17:48:38.616+0000] {logging_mixin.py:188} INFO - [2025-07-22T17:48:38.616+0000] {dag.py:3096} INFO - Sync 1 DAGs
[2025-07-22T17:48:38.620+0000] {logging_mixin.py:188} INFO - [2025-07-22T17:48:38.620+0000] {dag.py:3954} INFO - Setting next_dagrun for example_trigger_target_dag to None, run_after=None
[2025-07-22T17:48:38.626+0000] {processor.py:183} INFO - Processing /home/airflow/.local/lib/python3.12/site-packages/airflow/example_dags/example_trigger_target_dag.py took 0.022 seconds
[2025-07-22T17:49:09.654+0000] {processor.py:161} INFO - Started process (PID=920) to work on /home/airflow/.local/lib/python3.12/site-packages/airflow/example_dags/example_trigger_target_dag.py
[2025-07-22T17:49:09.654+0000] {processor.py:830} INFO - Processing file /home/airflow/.local/lib/python3.12/site-packages/airflow/example_dags/example_trigger_target_dag.py for tasks to queue
[2025-07-22T17:49:09.656+0000] {logging_mixin.py:188} INFO - [2025-07-22T17:49:09.656+0000] {dagbag.py:540} INFO - Filling up the DagBag from /home/airflow/.local/lib/python3.12/site-packages/airflow/example_dags/example_trigger_target_dag.py
[2025-07-22T17:49:09.659+0000] {processor.py:840} INFO - DAG(s) 'example_trigger_target_dag' retrieved from /home/airflow/.local/lib/python3.12/site-packages/airflow/example_dags/example_trigger_target_dag.py
[2025-07-22T17:49:09.671+0000] {logging_mixin.py:188} INFO - [2025-07-22T17:49:09.671+0000] {dag.py:3096} INFO - Sync 1 DAGs
[2025-07-22T17:49:09.678+0000] {logging_mixin.py:188} INFO - [2025-07-22T17:49:09.678+0000] {dag.py:3954} INFO - Setting next_dagrun for example_trigger_target_dag to None, run_after=None
[2025-07-22T17:49:09.687+0000] {processor.py:183} INFO - Processing /home/airflow/.local/lib/python3.12/site-packages/airflow/example_dags/example_trigger_target_dag.py took 0.037 seconds
[2025-07-22T17:49:39.771+0000] {processor.py:161} INFO - Started process (PID=980) to work on /home/airflow/.local/lib/python3.12/site-packages/airflow/example_dags/example_trigger_target_dag.py
[2025-07-22T17:49:39.772+0000] {processor.py:830} INFO - Processing file /home/airflow/.local/lib/python3.12/site-packages/airflow/example_dags/example_trigger_target_dag.py for tasks to queue
[2025-07-22T17:49:39.773+0000] {logging_mixin.py:188} INFO - [2025-07-22T17:49:39.773+0000] {dagbag.py:540} INFO - Filling up the DagBag from /home/airflow/.local/lib/python3.12/site-packages/airflow/example_dags/example_trigger_target_dag.py
[2025-07-22T17:49:39.776+0000] {processor.py:840} INFO - DAG(s) 'example_trigger_target_dag' retrieved from /home/airflow/.local/lib/python3.12/site-packages/airflow/example_dags/example_trigger_target_dag.py
[2025-07-22T17:49:39.788+0000] {logging_mixin.py:188} INFO - [2025-07-22T17:49:39.788+0000] {dag.py:3096} INFO - Sync 1 DAGs
[2025-07-22T17:49:39.793+0000] {logging_mixin.py:188} INFO - [2025-07-22T17:49:39.793+0000] {dag.py:3954} INFO - Setting next_dagrun for example_trigger_target_dag to None, run_after=None
[2025-07-22T17:49:39.801+0000] {processor.py:183} INFO - Processing /home/airflow/.local/lib/python3.12/site-packages/airflow/example_dags/example_trigger_target_dag.py took 0.033 seconds
[2025-07-22T17:50:09.910+0000] {processor.py:161} INFO - Started process (PID=1040) to work on /home/airflow/.local/lib/python3.12/site-packages/airflow/example_dags/example_trigger_target_dag.py
[2025-07-22T17:50:09.912+0000] {processor.py:830} INFO - Processing file /home/airflow/.local/lib/python3.12/site-packages/airflow/example_dags/example_trigger_target_dag.py for tasks to queue
[2025-07-22T17:50:09.915+0000] {logging_mixin.py:188} INFO - [2025-07-22T17:50:09.915+0000] {dagbag.py:540} INFO - Filling up the DagBag from /home/airflow/.local/lib/python3.12/site-packages/airflow/example_dags/example_trigger_target_dag.py
[2025-07-22T17:50:09.917+0000] {processor.py:840} INFO - DAG(s) 'example_trigger_target_dag' retrieved from /home/airflow/.local/lib/python3.12/site-packages/airflow/example_dags/example_trigger_target_dag.py
[2025-07-22T17:50:09.930+0000] {logging_mixin.py:188} INFO - [2025-07-22T17:50:09.929+0000] {dag.py:3096} INFO - Sync 1 DAGs
[2025-07-22T17:50:09.936+0000] {logging_mixin.py:188} INFO - [2025-07-22T17:50:09.936+0000] {dag.py:3954} INFO - Setting next_dagrun for example_trigger_target_dag to None, run_after=None
[2025-07-22T17:50:09.942+0000] {processor.py:183} INFO - Processing /home/airflow/.local/lib/python3.12/site-packages/airflow/example_dags/example_trigger_target_dag.py took 0.034 seconds
[2025-07-22T17:50:41.311+0000] {processor.py:161} INFO - Started process (PID=1100) to work on /home/airflow/.local/lib/python3.12/site-packages/airflow/example_dags/example_trigger_target_dag.py
[2025-07-22T17:50:41.312+0000] {processor.py:830} INFO - Processing file /home/airflow/.local/lib/python3.12/site-packages/airflow/example_dags/example_trigger_target_dag.py for tasks to queue
[2025-07-22T17:50:41.312+0000] {logging_mixin.py:188} INFO - [2025-07-22T17:50:41.312+0000] {dagbag.py:540} INFO - Filling up the DagBag from /home/airflow/.local/lib/python3.12/site-packages/airflow/example_dags/example_trigger_target_dag.py
[2025-07-22T17:50:41.315+0000] {processor.py:840} INFO - DAG(s) 'example_trigger_target_dag' retrieved from /home/airflow/.local/lib/python3.12/site-packages/airflow/example_dags/example_trigger_target_dag.py
[2025-07-22T17:50:41.326+0000] {logging_mixin.py:188} INFO - [2025-07-22T17:50:41.326+0000] {dag.py:3096} INFO - Sync 1 DAGs
[2025-07-22T17:50:41.332+0000] {logging_mixin.py:188} INFO - [2025-07-22T17:50:41.331+0000] {dag.py:3954} INFO - Setting next_dagrun for example_trigger_target_dag to None, run_after=None
[2025-07-22T17:50:41.353+0000] {processor.py:183} INFO - Processing /home/airflow/.local/lib/python3.12/site-packages/airflow/example_dags/example_trigger_target_dag.py took 0.044 seconds
[2025-07-22T17:51:12.152+0000] {processor.py:161} INFO - Started process (PID=1160) to work on /home/airflow/.local/lib/python3.12/site-packages/airflow/example_dags/example_trigger_target_dag.py
[2025-07-22T17:51:12.153+0000] {processor.py:830} INFO - Processing file /home/airflow/.local/lib/python3.12/site-packages/airflow/example_dags/example_trigger_target_dag.py for tasks to queue
[2025-07-22T17:51:12.154+0000] {logging_mixin.py:188} INFO - [2025-07-22T17:51:12.153+0000] {dagbag.py:540} INFO - Filling up the DagBag from /home/airflow/.local/lib/python3.12/site-packages/airflow/example_dags/example_trigger_target_dag.py
[2025-07-22T17:51:12.156+0000] {processor.py:840} INFO - DAG(s) 'example_trigger_target_dag' retrieved from /home/airflow/.local/lib/python3.12/site-packages/airflow/example_dags/example_trigger_target_dag.py
[2025-07-22T17:51:12.245+0000] {logging_mixin.py:188} INFO - [2025-07-22T17:51:12.244+0000] {dag.py:3096} INFO - Sync 1 DAGs
[2025-07-22T17:51:12.250+0000] {logging_mixin.py:188} INFO - [2025-07-22T17:51:12.250+0000] {dag.py:3954} INFO - Setting next_dagrun for example_trigger_target_dag to None, run_after=None
[2025-07-22T17:51:12.261+0000] {processor.py:183} INFO - Processing /home/airflow/.local/lib/python3.12/site-packages/airflow/example_dags/example_trigger_target_dag.py took 0.111 seconds
[2025-07-22T17:51:42.317+0000] {processor.py:161} INFO - Started process (PID=1220) to work on /home/airflow/.local/lib/python3.12/site-packages/airflow/example_dags/example_trigger_target_dag.py
[2025-07-22T17:51:42.318+0000] {processor.py:830} INFO - Processing file /home/airflow/.local/lib/python3.12/site-packages/airflow/example_dags/example_trigger_target_dag.py for tasks to queue
[2025-07-22T17:51:42.319+0000] {logging_mixin.py:188} INFO - [2025-07-22T17:51:42.319+0000] {dagbag.py:540} INFO - Filling up the DagBag from /home/airflow/.local/lib/python3.12/site-packages/airflow/example_dags/example_trigger_target_dag.py
[2025-07-22T17:51:42.323+0000] {processor.py:840} INFO - DAG(s) 'example_trigger_target_dag' retrieved from /home/airflow/.local/lib/python3.12/site-packages/airflow/example_dags/example_trigger_target_dag.py
[2025-07-22T17:51:42.331+0000] {logging_mixin.py:188} INFO - [2025-07-22T17:51:42.331+0000] {dag.py:3096} INFO - Sync 1 DAGs
[2025-07-22T17:51:42.337+0000] {logging_mixin.py:188} INFO - [2025-07-22T17:51:42.337+0000] {dag.py:3954} INFO - Setting next_dagrun for example_trigger_target_dag to None, run_after=None
[2025-07-22T17:51:42.349+0000] {processor.py:183} INFO - Processing /home/airflow/.local/lib/python3.12/site-packages/airflow/example_dags/example_trigger_target_dag.py took 0.035 seconds
[2025-07-22T17:52:13.494+0000] {processor.py:161} INFO - Started process (PID=1280) to work on /home/airflow/.local/lib/python3.12/site-packages/airflow/example_dags/example_trigger_target_dag.py
[2025-07-22T17:52:13.497+0000] {processor.py:830} INFO - Processing file /home/airflow/.local/lib/python3.12/site-packages/airflow/example_dags/example_trigger_target_dag.py for tasks to queue
[2025-07-22T17:52:13.498+0000] {logging_mixin.py:188} INFO - [2025-07-22T17:52:13.497+0000] {dagbag.py:540} INFO - Filling up the DagBag from /home/airflow/.local/lib/python3.12/site-packages/airflow/example_dags/example_trigger_target_dag.py
[2025-07-22T17:52:13.501+0000] {processor.py:840} INFO - DAG(s) 'example_trigger_target_dag' retrieved from /home/airflow/.local/lib/python3.12/site-packages/airflow/example_dags/example_trigger_target_dag.py
[2025-07-22T17:52:13.511+0000] {logging_mixin.py:188} INFO - [2025-07-22T17:52:13.511+0000] {dag.py:3096} INFO - Sync 1 DAGs
[2025-07-22T17:52:13.515+0000] {logging_mixin.py:188} INFO - [2025-07-22T17:52:13.515+0000] {dag.py:3954} INFO - Setting next_dagrun for example_trigger_target_dag to None, run_after=None
[2025-07-22T17:52:13.525+0000] {processor.py:183} INFO - Processing /home/airflow/.local/lib/python3.12/site-packages/airflow/example_dags/example_trigger_target_dag.py took 0.034 seconds
[2025-07-22T17:52:44.612+0000] {processor.py:161} INFO - Started process (PID=1340) to work on /home/airflow/.local/lib/python3.12/site-packages/airflow/example_dags/example_trigger_target_dag.py
[2025-07-22T17:52:44.612+0000] {processor.py:830} INFO - Processing file /home/airflow/.local/lib/python3.12/site-packages/airflow/example_dags/example_trigger_target_dag.py for tasks to queue
[2025-07-22T17:52:44.613+0000] {logging_mixin.py:188} INFO - [2025-07-22T17:52:44.613+0000] {dagbag.py:540} INFO - Filling up the DagBag from /home/airflow/.local/lib/python3.12/site-packages/airflow/example_dags/example_trigger_target_dag.py
[2025-07-22T17:52:44.616+0000] {processor.py:840} INFO - DAG(s) 'example_trigger_target_dag' retrieved from /home/airflow/.local/lib/python3.12/site-packages/airflow/example_dags/example_trigger_target_dag.py
[2025-07-22T17:52:44.624+0000] {logging_mixin.py:188} INFO - [2025-07-22T17:52:44.624+0000] {dag.py:3096} INFO - Sync 1 DAGs
[2025-07-22T17:52:44.630+0000] {logging_mixin.py:188} INFO - [2025-07-22T17:52:44.630+0000] {dag.py:3954} INFO - Setting next_dagrun for example_trigger_target_dag to None, run_after=None
[2025-07-22T17:52:44.641+0000] {processor.py:183} INFO - Processing /home/airflow/.local/lib/python3.12/site-packages/airflow/example_dags/example_trigger_target_dag.py took 0.032 seconds
[2025-07-22T17:53:15.661+0000] {processor.py:161} INFO - Started process (PID=1400) to work on /home/airflow/.local/lib/python3.12/site-packages/airflow/example_dags/example_trigger_target_dag.py
[2025-07-22T17:53:15.662+0000] {processor.py:830} INFO - Processing file /home/airflow/.local/lib/python3.12/site-packages/airflow/example_dags/example_trigger_target_dag.py for tasks to queue
[2025-07-22T17:53:15.663+0000] {logging_mixin.py:188} INFO - [2025-07-22T17:53:15.663+0000] {dagbag.py:540} INFO - Filling up the DagBag from /home/airflow/.local/lib/python3.12/site-packages/airflow/example_dags/example_trigger_target_dag.py
[2025-07-22T17:53:15.666+0000] {processor.py:840} INFO - DAG(s) 'example_trigger_target_dag' retrieved from /home/airflow/.local/lib/python3.12/site-packages/airflow/example_dags/example_trigger_target_dag.py
[2025-07-22T17:53:15.676+0000] {logging_mixin.py:188} INFO - [2025-07-22T17:53:15.676+0000] {dag.py:3096} INFO - Sync 1 DAGs
[2025-07-22T17:53:15.681+0000] {logging_mixin.py:188} INFO - [2025-07-22T17:53:15.681+0000] {dag.py:3954} INFO - Setting next_dagrun for example_trigger_target_dag to None, run_after=None
[2025-07-22T17:53:15.691+0000] {processor.py:183} INFO - Processing /home/airflow/.local/lib/python3.12/site-packages/airflow/example_dags/example_trigger_target_dag.py took 0.032 seconds
[2025-07-22T17:53:46.621+0000] {processor.py:161} INFO - Started process (PID=1460) to work on /home/airflow/.local/lib/python3.12/site-packages/airflow/example_dags/example_trigger_target_dag.py
[2025-07-22T17:53:46.622+0000] {processor.py:830} INFO - Processing file /home/airflow/.local/lib/python3.12/site-packages/airflow/example_dags/example_trigger_target_dag.py for tasks to queue
[2025-07-22T17:53:46.623+0000] {logging_mixin.py:188} INFO - [2025-07-22T17:53:46.623+0000] {dagbag.py:540} INFO - Filling up the DagBag from /home/airflow/.local/lib/python3.12/site-packages/airflow/example_dags/example_trigger_target_dag.py
[2025-07-22T17:53:46.626+0000] {processor.py:840} INFO - DAG(s) 'example_trigger_target_dag' retrieved from /home/airflow/.local/lib/python3.12/site-packages/airflow/example_dags/example_trigger_target_dag.py
[2025-07-22T17:53:46.633+0000] {logging_mixin.py:188} INFO - [2025-07-22T17:53:46.633+0000] {dag.py:3096} INFO - Sync 1 DAGs
[2025-07-22T17:53:46.637+0000] {logging_mixin.py:188} INFO - [2025-07-22T17:53:46.637+0000] {dag.py:3954} INFO - Setting next_dagrun for example_trigger_target_dag to None, run_after=None
[2025-07-22T17:53:46.645+0000] {processor.py:183} INFO - Processing /home/airflow/.local/lib/python3.12/site-packages/airflow/example_dags/example_trigger_target_dag.py took 0.026 seconds
[2025-07-22T17:54:17.024+0000] {processor.py:161} INFO - Started process (PID=1520) to work on /home/airflow/.local/lib/python3.12/site-packages/airflow/example_dags/example_trigger_target_dag.py
[2025-07-22T17:54:17.025+0000] {processor.py:830} INFO - Processing file /home/airflow/.local/lib/python3.12/site-packages/airflow/example_dags/example_trigger_target_dag.py for tasks to queue
[2025-07-22T17:54:17.026+0000] {logging_mixin.py:188} INFO - [2025-07-22T17:54:17.026+0000] {dagbag.py:540} INFO - Filling up the DagBag from /home/airflow/.local/lib/python3.12/site-packages/airflow/example_dags/example_trigger_target_dag.py
[2025-07-22T17:54:17.028+0000] {processor.py:840} INFO - DAG(s) 'example_trigger_target_dag' retrieved from /home/airflow/.local/lib/python3.12/site-packages/airflow/example_dags/example_trigger_target_dag.py
[2025-07-22T17:54:17.036+0000] {logging_mixin.py:188} INFO - [2025-07-22T17:54:17.036+0000] {dag.py:3096} INFO - Sync 1 DAGs
[2025-07-22T17:54:17.041+0000] {logging_mixin.py:188} INFO - [2025-07-22T17:54:17.041+0000] {dag.py:3954} INFO - Setting next_dagrun for example_trigger_target_dag to None, run_after=None
[2025-07-22T17:54:17.053+0000] {processor.py:183} INFO - Processing /home/airflow/.local/lib/python3.12/site-packages/airflow/example_dags/example_trigger_target_dag.py took 0.031 seconds
[2025-07-22T17:54:47.813+0000] {processor.py:161} INFO - Started process (PID=1580) to work on /home/airflow/.local/lib/python3.12/site-packages/airflow/example_dags/example_trigger_target_dag.py
[2025-07-22T17:54:47.813+0000] {processor.py:830} INFO - Processing file /home/airflow/.local/lib/python3.12/site-packages/airflow/example_dags/example_trigger_target_dag.py for tasks to queue
[2025-07-22T17:54:47.814+0000] {logging_mixin.py:188} INFO - [2025-07-22T17:54:47.814+0000] {dagbag.py:540} INFO - Filling up the DagBag from /home/airflow/.local/lib/python3.12/site-packages/airflow/example_dags/example_trigger_target_dag.py
[2025-07-22T17:54:47.816+0000] {processor.py:840} INFO - DAG(s) 'example_trigger_target_dag' retrieved from /home/airflow/.local/lib/python3.12/site-packages/airflow/example_dags/example_trigger_target_dag.py
[2025-07-22T17:54:47.829+0000] {logging_mixin.py:188} INFO - [2025-07-22T17:54:47.829+0000] {dag.py:3096} INFO - Sync 1 DAGs
[2025-07-22T17:54:47.834+0000] {logging_mixin.py:188} INFO - [2025-07-22T17:54:47.833+0000] {dag.py:3954} INFO - Setting next_dagrun for example_trigger_target_dag to None, run_after=None
[2025-07-22T17:54:47.844+0000] {processor.py:183} INFO - Processing /home/airflow/.local/lib/python3.12/site-packages/airflow/example_dags/example_trigger_target_dag.py took 0.034 seconds
