[2025-07-22T17:47:02.748+0000] {processor.py:161} INFO - Started process (PID=644) to work on /home/airflow/.local/lib/python3.12/site-packages/airflow/example_dags/example_sensors.py
[2025-07-22T17:47:02.754+0000] {processor.py:830} INFO - Processing file /home/airflow/.local/lib/python3.12/site-packages/airflow/example_dags/example_sensors.py for tasks to queue
[2025-07-22T17:47:02.757+0000] {logging_mixin.py:188} INFO - [2025-07-22T17:47:02.756+0000] {dagbag.py:540} INFO - Filling up the DagBag from /home/airflow/.local/lib/python3.12/site-packages/airflow/example_dags/example_sensors.py
[2025-07-22T17:47:02.765+0000] {processor.py:840} INFO - DAG(s) 'example_sensors' retrieved from /home/airflow/.local/lib/python3.12/site-packages/airflow/example_dags/example_sensors.py
[2025-07-22T17:47:02.805+0000] {logging_mixin.py:188} INFO - [2025-07-22T17:47:02.804+0000] {dag.py:3096} INFO - Sync 1 DAGs
[2025-07-22T17:47:02.813+0000] {logging_mixin.py:188} INFO - [2025-07-22T17:47:02.813+0000] {dag.py:3954} INFO - Setting next_dagrun for example_sensors to None, run_after=None
[2025-07-22T17:47:02.823+0000] {processor.py:183} INFO - Processing /home/airflow/.local/lib/python3.12/site-packages/airflow/example_dags/example_sensors.py took 0.093 seconds
[2025-07-22T17:47:33.507+0000] {processor.py:161} INFO - Started process (PID=704) to work on /home/airflow/.local/lib/python3.12/site-packages/airflow/example_dags/example_sensors.py
[2025-07-22T17:47:33.507+0000] {processor.py:830} INFO - Processing file /home/airflow/.local/lib/python3.12/site-packages/airflow/example_dags/example_sensors.py for tasks to queue
[2025-07-22T17:47:33.510+0000] {logging_mixin.py:188} INFO - [2025-07-22T17:47:33.509+0000] {dagbag.py:540} INFO - Filling up the DagBag from /home/airflow/.local/lib/python3.12/site-packages/airflow/example_dags/example_sensors.py
[2025-07-22T17:47:33.519+0000] {processor.py:840} INFO - DAG(s) 'example_sensors' retrieved from /home/airflow/.local/lib/python3.12/site-packages/airflow/example_dags/example_sensors.py
[2025-07-22T17:47:33.541+0000] {logging_mixin.py:188} INFO - [2025-07-22T17:47:33.541+0000] {dag.py:3096} INFO - Sync 1 DAGs
[2025-07-22T17:47:33.549+0000] {logging_mixin.py:188} INFO - [2025-07-22T17:47:33.549+0000] {dag.py:3954} INFO - Setting next_dagrun for example_sensors to None, run_after=None
[2025-07-22T17:47:33.560+0000] {processor.py:183} INFO - Processing /home/airflow/.local/lib/python3.12/site-packages/airflow/example_dags/example_sensors.py took 0.061 seconds
[2025-07-22T17:48:04.327+0000] {processor.py:161} INFO - Started process (PID=764) to work on /home/airflow/.local/lib/python3.12/site-packages/airflow/example_dags/example_sensors.py
[2025-07-22T17:48:04.329+0000] {processor.py:830} INFO - Processing file /home/airflow/.local/lib/python3.12/site-packages/airflow/example_dags/example_sensors.py for tasks to queue
[2025-07-22T17:48:04.337+0000] {logging_mixin.py:188} INFO - [2025-07-22T17:48:04.335+0000] {dagbag.py:540} INFO - Filling up the DagBag from /home/airflow/.local/lib/python3.12/site-packages/airflow/example_dags/example_sensors.py
[2025-07-22T17:48:04.373+0000] {processor.py:840} INFO - DAG(s) 'example_sensors' retrieved from /home/airflow/.local/lib/python3.12/site-packages/airflow/example_dags/example_sensors.py
[2025-07-22T17:48:04.418+0000] {logging_mixin.py:188} INFO - [2025-07-22T17:48:04.417+0000] {dag.py:3096} INFO - Sync 1 DAGs
[2025-07-22T17:48:04.442+0000] {logging_mixin.py:188} INFO - [2025-07-22T17:48:04.441+0000] {dag.py:3954} INFO - Setting next_dagrun for example_sensors to None, run_after=None
[2025-07-22T17:48:04.457+0000] {processor.py:183} INFO - Processing /home/airflow/.local/lib/python3.12/site-packages/airflow/example_dags/example_sensors.py took 0.145 seconds
[2025-07-22T17:48:35.228+0000] {processor.py:161} INFO - Started process (PID=824) to work on /home/airflow/.local/lib/python3.12/site-packages/airflow/example_dags/example_sensors.py
[2025-07-22T17:48:35.230+0000] {processor.py:830} INFO - Processing file /home/airflow/.local/lib/python3.12/site-packages/airflow/example_dags/example_sensors.py for tasks to queue
[2025-07-22T17:48:35.233+0000] {logging_mixin.py:188} INFO - [2025-07-22T17:48:35.232+0000] {dagbag.py:540} INFO - Filling up the DagBag from /home/airflow/.local/lib/python3.12/site-packages/airflow/example_dags/example_sensors.py
[2025-07-22T17:48:35.255+0000] {processor.py:840} INFO - DAG(s) 'example_sensors' retrieved from /home/airflow/.local/lib/python3.12/site-packages/airflow/example_dags/example_sensors.py
[2025-07-22T17:48:35.295+0000] {logging_mixin.py:188} INFO - [2025-07-22T17:48:35.294+0000] {dag.py:3096} INFO - Sync 1 DAGs
[2025-07-22T17:48:35.317+0000] {logging_mixin.py:188} INFO - [2025-07-22T17:48:35.316+0000] {dag.py:3954} INFO - Setting next_dagrun for example_sensors to None, run_after=None
[2025-07-22T17:48:35.334+0000] {processor.py:183} INFO - Processing /home/airflow/.local/lib/python3.12/site-packages/airflow/example_dags/example_sensors.py took 0.117 seconds
[2025-07-22T17:49:05.402+0000] {processor.py:161} INFO - Started process (PID=883) to work on /home/airflow/.local/lib/python3.12/site-packages/airflow/example_dags/example_sensors.py
[2025-07-22T17:49:05.409+0000] {processor.py:830} INFO - Processing file /home/airflow/.local/lib/python3.12/site-packages/airflow/example_dags/example_sensors.py for tasks to queue
[2025-07-22T17:49:05.417+0000] {logging_mixin.py:188} INFO - [2025-07-22T17:49:05.416+0000] {dagbag.py:540} INFO - Filling up the DagBag from /home/airflow/.local/lib/python3.12/site-packages/airflow/example_dags/example_sensors.py
[2025-07-22T17:49:05.431+0000] {processor.py:840} INFO - DAG(s) 'example_sensors' retrieved from /home/airflow/.local/lib/python3.12/site-packages/airflow/example_dags/example_sensors.py
[2025-07-22T17:49:05.476+0000] {logging_mixin.py:188} INFO - [2025-07-22T17:49:05.476+0000] {dag.py:3096} INFO - Sync 1 DAGs
[2025-07-22T17:49:05.502+0000] {logging_mixin.py:188} INFO - [2025-07-22T17:49:05.502+0000] {dag.py:3954} INFO - Setting next_dagrun for example_sensors to None, run_after=None
[2025-07-22T17:49:05.519+0000] {processor.py:183} INFO - Processing /home/airflow/.local/lib/python3.12/site-packages/airflow/example_dags/example_sensors.py took 0.129 seconds
[2025-07-22T17:49:36.539+0000] {processor.py:161} INFO - Started process (PID=943) to work on /home/airflow/.local/lib/python3.12/site-packages/airflow/example_dags/example_sensors.py
[2025-07-22T17:49:36.540+0000] {processor.py:830} INFO - Processing file /home/airflow/.local/lib/python3.12/site-packages/airflow/example_dags/example_sensors.py for tasks to queue
[2025-07-22T17:49:36.545+0000] {logging_mixin.py:188} INFO - [2025-07-22T17:49:36.545+0000] {dagbag.py:540} INFO - Filling up the DagBag from /home/airflow/.local/lib/python3.12/site-packages/airflow/example_dags/example_sensors.py
[2025-07-22T17:49:36.562+0000] {processor.py:840} INFO - DAG(s) 'example_sensors' retrieved from /home/airflow/.local/lib/python3.12/site-packages/airflow/example_dags/example_sensors.py
[2025-07-22T17:49:36.590+0000] {logging_mixin.py:188} INFO - [2025-07-22T17:49:36.590+0000] {dag.py:3096} INFO - Sync 1 DAGs
[2025-07-22T17:49:36.599+0000] {logging_mixin.py:188} INFO - [2025-07-22T17:49:36.599+0000] {dag.py:3954} INFO - Setting next_dagrun for example_sensors to None, run_after=None
[2025-07-22T17:49:36.612+0000] {processor.py:183} INFO - Processing /home/airflow/.local/lib/python3.12/site-packages/airflow/example_dags/example_sensors.py took 0.090 seconds
[2025-07-22T17:50:06.955+0000] {processor.py:161} INFO - Started process (PID=1003) to work on /home/airflow/.local/lib/python3.12/site-packages/airflow/example_dags/example_sensors.py
[2025-07-22T17:50:06.956+0000] {processor.py:830} INFO - Processing file /home/airflow/.local/lib/python3.12/site-packages/airflow/example_dags/example_sensors.py for tasks to queue
[2025-07-22T17:50:06.961+0000] {logging_mixin.py:188} INFO - [2025-07-22T17:50:06.960+0000] {dagbag.py:540} INFO - Filling up the DagBag from /home/airflow/.local/lib/python3.12/site-packages/airflow/example_dags/example_sensors.py
[2025-07-22T17:50:06.979+0000] {processor.py:840} INFO - DAG(s) 'example_sensors' retrieved from /home/airflow/.local/lib/python3.12/site-packages/airflow/example_dags/example_sensors.py
[2025-07-22T17:50:07.022+0000] {logging_mixin.py:188} INFO - [2025-07-22T17:50:07.022+0000] {dag.py:3096} INFO - Sync 1 DAGs
[2025-07-22T17:50:07.034+0000] {logging_mixin.py:188} INFO - [2025-07-22T17:50:07.034+0000] {dag.py:3954} INFO - Setting next_dagrun for example_sensors to None, run_after=None
[2025-07-22T17:50:07.291+0000] {processor.py:183} INFO - Processing /home/airflow/.local/lib/python3.12/site-packages/airflow/example_dags/example_sensors.py took 0.347 seconds
[2025-07-22T17:50:37.669+0000] {processor.py:161} INFO - Started process (PID=1063) to work on /home/airflow/.local/lib/python3.12/site-packages/airflow/example_dags/example_sensors.py
[2025-07-22T17:50:37.670+0000] {processor.py:830} INFO - Processing file /home/airflow/.local/lib/python3.12/site-packages/airflow/example_dags/example_sensors.py for tasks to queue
[2025-07-22T17:50:37.673+0000] {logging_mixin.py:188} INFO - [2025-07-22T17:50:37.673+0000] {dagbag.py:540} INFO - Filling up the DagBag from /home/airflow/.local/lib/python3.12/site-packages/airflow/example_dags/example_sensors.py
[2025-07-22T17:50:37.688+0000] {processor.py:840} INFO - DAG(s) 'example_sensors' retrieved from /home/airflow/.local/lib/python3.12/site-packages/airflow/example_dags/example_sensors.py
[2025-07-22T17:50:37.732+0000] {logging_mixin.py:188} INFO - [2025-07-22T17:50:37.732+0000] {dag.py:3096} INFO - Sync 1 DAGs
[2025-07-22T17:50:37.750+0000] {logging_mixin.py:188} INFO - [2025-07-22T17:50:37.749+0000] {dag.py:3954} INFO - Setting next_dagrun for example_sensors to None, run_after=None
[2025-07-22T17:50:37.772+0000] {processor.py:183} INFO - Processing /home/airflow/.local/lib/python3.12/site-packages/airflow/example_dags/example_sensors.py took 0.116 seconds
[2025-07-22T17:51:08.245+0000] {processor.py:161} INFO - Started process (PID=1123) to work on /home/airflow/.local/lib/python3.12/site-packages/airflow/example_dags/example_sensors.py
[2025-07-22T17:51:08.247+0000] {processor.py:830} INFO - Processing file /home/airflow/.local/lib/python3.12/site-packages/airflow/example_dags/example_sensors.py for tasks to queue
[2025-07-22T17:51:08.258+0000] {logging_mixin.py:188} INFO - [2025-07-22T17:51:08.257+0000] {dagbag.py:540} INFO - Filling up the DagBag from /home/airflow/.local/lib/python3.12/site-packages/airflow/example_dags/example_sensors.py
[2025-07-22T17:51:08.271+0000] {processor.py:840} INFO - DAG(s) 'example_sensors' retrieved from /home/airflow/.local/lib/python3.12/site-packages/airflow/example_dags/example_sensors.py
[2025-07-22T17:51:08.315+0000] {logging_mixin.py:188} INFO - [2025-07-22T17:51:08.315+0000] {dag.py:3096} INFO - Sync 1 DAGs
[2025-07-22T17:51:08.336+0000] {logging_mixin.py:188} INFO - [2025-07-22T17:51:08.336+0000] {dag.py:3954} INFO - Setting next_dagrun for example_sensors to None, run_after=None
[2025-07-22T17:51:08.350+0000] {processor.py:183} INFO - Processing /home/airflow/.local/lib/python3.12/site-packages/airflow/example_dags/example_sensors.py took 0.128 seconds
[2025-07-22T17:51:39.151+0000] {processor.py:161} INFO - Started process (PID=1183) to work on /home/airflow/.local/lib/python3.12/site-packages/airflow/example_dags/example_sensors.py
[2025-07-22T17:51:39.152+0000] {processor.py:830} INFO - Processing file /home/airflow/.local/lib/python3.12/site-packages/airflow/example_dags/example_sensors.py for tasks to queue
[2025-07-22T17:51:39.156+0000] {logging_mixin.py:188} INFO - [2025-07-22T17:51:39.156+0000] {dagbag.py:540} INFO - Filling up the DagBag from /home/airflow/.local/lib/python3.12/site-packages/airflow/example_dags/example_sensors.py
[2025-07-22T17:51:39.169+0000] {processor.py:840} INFO - DAG(s) 'example_sensors' retrieved from /home/airflow/.local/lib/python3.12/site-packages/airflow/example_dags/example_sensors.py
[2025-07-22T17:51:39.203+0000] {logging_mixin.py:188} INFO - [2025-07-22T17:51:39.203+0000] {dag.py:3096} INFO - Sync 1 DAGs
[2025-07-22T17:51:39.219+0000] {logging_mixin.py:188} INFO - [2025-07-22T17:51:39.218+0000] {dag.py:3954} INFO - Setting next_dagrun for example_sensors to None, run_after=None
[2025-07-22T17:51:39.233+0000] {processor.py:183} INFO - Processing /home/airflow/.local/lib/python3.12/site-packages/airflow/example_dags/example_sensors.py took 0.099 seconds
[2025-07-22T17:52:10.130+0000] {processor.py:161} INFO - Started process (PID=1243) to work on /home/airflow/.local/lib/python3.12/site-packages/airflow/example_dags/example_sensors.py
[2025-07-22T17:52:10.131+0000] {processor.py:830} INFO - Processing file /home/airflow/.local/lib/python3.12/site-packages/airflow/example_dags/example_sensors.py for tasks to queue
[2025-07-22T17:52:10.134+0000] {logging_mixin.py:188} INFO - [2025-07-22T17:52:10.133+0000] {dagbag.py:540} INFO - Filling up the DagBag from /home/airflow/.local/lib/python3.12/site-packages/airflow/example_dags/example_sensors.py
[2025-07-22T17:52:10.147+0000] {processor.py:840} INFO - DAG(s) 'example_sensors' retrieved from /home/airflow/.local/lib/python3.12/site-packages/airflow/example_dags/example_sensors.py
[2025-07-22T17:52:10.170+0000] {logging_mixin.py:188} INFO - [2025-07-22T17:52:10.170+0000] {dag.py:3096} INFO - Sync 1 DAGs
[2025-07-22T17:52:10.181+0000] {logging_mixin.py:188} INFO - [2025-07-22T17:52:10.181+0000] {dag.py:3954} INFO - Setting next_dagrun for example_sensors to None, run_after=None
[2025-07-22T17:52:10.193+0000] {processor.py:183} INFO - Processing /home/airflow/.local/lib/python3.12/site-packages/airflow/example_dags/example_sensors.py took 0.070 seconds
[2025-07-22T17:52:40.273+0000] {processor.py:161} INFO - Started process (PID=1303) to work on /home/airflow/.local/lib/python3.12/site-packages/airflow/example_dags/example_sensors.py
[2025-07-22T17:52:40.274+0000] {processor.py:830} INFO - Processing file /home/airflow/.local/lib/python3.12/site-packages/airflow/example_dags/example_sensors.py for tasks to queue
[2025-07-22T17:52:40.276+0000] {logging_mixin.py:188} INFO - [2025-07-22T17:52:40.276+0000] {dagbag.py:540} INFO - Filling up the DagBag from /home/airflow/.local/lib/python3.12/site-packages/airflow/example_dags/example_sensors.py
[2025-07-22T17:52:40.285+0000] {processor.py:840} INFO - DAG(s) 'example_sensors' retrieved from /home/airflow/.local/lib/python3.12/site-packages/airflow/example_dags/example_sensors.py
[2025-07-22T17:52:40.312+0000] {logging_mixin.py:188} INFO - [2025-07-22T17:52:40.312+0000] {dag.py:3096} INFO - Sync 1 DAGs
[2025-07-22T17:52:40.326+0000] {logging_mixin.py:188} INFO - [2025-07-22T17:52:40.326+0000] {dag.py:3954} INFO - Setting next_dagrun for example_sensors to None, run_after=None
[2025-07-22T17:52:40.340+0000] {processor.py:183} INFO - Processing /home/airflow/.local/lib/python3.12/site-packages/airflow/example_dags/example_sensors.py took 0.075 seconds
[2025-07-22T17:53:10.411+0000] {processor.py:161} INFO - Started process (PID=1363) to work on /home/airflow/.local/lib/python3.12/site-packages/airflow/example_dags/example_sensors.py
[2025-07-22T17:53:10.413+0000] {processor.py:830} INFO - Processing file /home/airflow/.local/lib/python3.12/site-packages/airflow/example_dags/example_sensors.py for tasks to queue
[2025-07-22T17:53:10.416+0000] {logging_mixin.py:188} INFO - [2025-07-22T17:53:10.415+0000] {dagbag.py:540} INFO - Filling up the DagBag from /home/airflow/.local/lib/python3.12/site-packages/airflow/example_dags/example_sensors.py
[2025-07-22T17:53:10.441+0000] {processor.py:840} INFO - DAG(s) 'example_sensors' retrieved from /home/airflow/.local/lib/python3.12/site-packages/airflow/example_dags/example_sensors.py
[2025-07-22T17:53:10.474+0000] {logging_mixin.py:188} INFO - [2025-07-22T17:53:10.473+0000] {dag.py:3096} INFO - Sync 1 DAGs
[2025-07-22T17:53:10.495+0000] {logging_mixin.py:188} INFO - [2025-07-22T17:53:10.495+0000] {dag.py:3954} INFO - Setting next_dagrun for example_sensors to None, run_after=None
[2025-07-22T17:53:10.512+0000] {processor.py:183} INFO - Processing /home/airflow/.local/lib/python3.12/site-packages/airflow/example_dags/example_sensors.py took 0.116 seconds
[2025-07-22T17:53:40.601+0000] {processor.py:161} INFO - Started process (PID=1423) to work on /home/airflow/.local/lib/python3.12/site-packages/airflow/example_dags/example_sensors.py
[2025-07-22T17:53:40.602+0000] {processor.py:830} INFO - Processing file /home/airflow/.local/lib/python3.12/site-packages/airflow/example_dags/example_sensors.py for tasks to queue
[2025-07-22T17:53:40.605+0000] {logging_mixin.py:188} INFO - [2025-07-22T17:53:40.604+0000] {dagbag.py:540} INFO - Filling up the DagBag from /home/airflow/.local/lib/python3.12/site-packages/airflow/example_dags/example_sensors.py
[2025-07-22T17:53:40.621+0000] {processor.py:840} INFO - DAG(s) 'example_sensors' retrieved from /home/airflow/.local/lib/python3.12/site-packages/airflow/example_dags/example_sensors.py
[2025-07-22T17:53:40.638+0000] {logging_mixin.py:188} INFO - [2025-07-22T17:53:40.638+0000] {dag.py:3096} INFO - Sync 1 DAGs
[2025-07-22T17:53:40.647+0000] {logging_mixin.py:188} INFO - [2025-07-22T17:53:40.647+0000] {dag.py:3954} INFO - Setting next_dagrun for example_sensors to None, run_after=None
[2025-07-22T17:53:40.659+0000] {processor.py:183} INFO - Processing /home/airflow/.local/lib/python3.12/site-packages/airflow/example_dags/example_sensors.py took 0.065 seconds
[2025-07-22T17:54:11.454+0000] {processor.py:161} INFO - Started process (PID=1483) to work on /home/airflow/.local/lib/python3.12/site-packages/airflow/example_dags/example_sensors.py
[2025-07-22T17:54:11.456+0000] {processor.py:830} INFO - Processing file /home/airflow/.local/lib/python3.12/site-packages/airflow/example_dags/example_sensors.py for tasks to queue
[2025-07-22T17:54:11.465+0000] {logging_mixin.py:188} INFO - [2025-07-22T17:54:11.462+0000] {dagbag.py:540} INFO - Filling up the DagBag from /home/airflow/.local/lib/python3.12/site-packages/airflow/example_dags/example_sensors.py
[2025-07-22T17:54:11.488+0000] {processor.py:840} INFO - DAG(s) 'example_sensors' retrieved from /home/airflow/.local/lib/python3.12/site-packages/airflow/example_dags/example_sensors.py
[2025-07-22T17:54:11.517+0000] {logging_mixin.py:188} INFO - [2025-07-22T17:54:11.517+0000] {dag.py:3096} INFO - Sync 1 DAGs
[2025-07-22T17:54:11.537+0000] {logging_mixin.py:188} INFO - [2025-07-22T17:54:11.536+0000] {dag.py:3954} INFO - Setting next_dagrun for example_sensors to None, run_after=None
[2025-07-22T17:54:11.548+0000] {processor.py:183} INFO - Processing /home/airflow/.local/lib/python3.12/site-packages/airflow/example_dags/example_sensors.py took 0.111 seconds
[2025-07-22T17:54:41.734+0000] {processor.py:161} INFO - Started process (PID=1543) to work on /home/airflow/.local/lib/python3.12/site-packages/airflow/example_dags/example_sensors.py
[2025-07-22T17:54:41.736+0000] {processor.py:830} INFO - Processing file /home/airflow/.local/lib/python3.12/site-packages/airflow/example_dags/example_sensors.py for tasks to queue
[2025-07-22T17:54:41.743+0000] {logging_mixin.py:188} INFO - [2025-07-22T17:54:41.743+0000] {dagbag.py:540} INFO - Filling up the DagBag from /home/airflow/.local/lib/python3.12/site-packages/airflow/example_dags/example_sensors.py
[2025-07-22T17:54:41.752+0000] {processor.py:840} INFO - DAG(s) 'example_sensors' retrieved from /home/airflow/.local/lib/python3.12/site-packages/airflow/example_dags/example_sensors.py
[2025-07-22T17:54:41.776+0000] {logging_mixin.py:188} INFO - [2025-07-22T17:54:41.776+0000] {dag.py:3096} INFO - Sync 1 DAGs
[2025-07-22T17:54:41.786+0000] {logging_mixin.py:188} INFO - [2025-07-22T17:54:41.786+0000] {dag.py:3954} INFO - Setting next_dagrun for example_sensors to None, run_after=None
[2025-07-22T17:54:41.797+0000] {processor.py:183} INFO - Processing /home/airflow/.local/lib/python3.12/site-packages/airflow/example_dags/example_sensors.py took 0.077 seconds
