[2025-07-22T17:47:05.748+0000] {processor.py:161} INFO - Started process (PID=674) to work on /home/airflow/.local/lib/python3.12/site-packages/airflow/example_dags/example_external_task_marker_dag.py
[2025-07-22T17:47:05.748+0000] {processor.py:830} INFO - Processing file /home/airflow/.local/lib/python3.12/site-packages/airflow/example_dags/example_external_task_marker_dag.py for tasks to queue
[2025-07-22T17:47:05.749+0000] {logging_mixin.py:188} INFO - [2025-07-22T17:47:05.749+0000] {dagbag.py:540} INFO - Filling up the DagBag from /home/airflow/.local/lib/python3.12/site-packages/airflow/example_dags/example_external_task_marker_dag.py
[2025-07-22T17:47:05.751+0000] {processor.py:840} INFO - DAG(s) 'example_external_task_marker_parent', 'example_external_task_marker_child' retrieved from /home/airflow/.local/lib/python3.12/site-packages/airflow/example_dags/example_external_task_marker_dag.py
[2025-07-22T17:47:05.760+0000] {logging_mixin.py:188} INFO - [2025-07-22T17:47:05.760+0000] {dag.py:3096} INFO - Sync 2 DAGs
[2025-07-22T17:47:05.766+0000] {logging_mixin.py:188} INFO - [2025-07-22T17:47:05.766+0000] {dag.py:3954} INFO - Setting next_dagrun for example_external_task_marker_child to None, run_after=None
[2025-07-22T17:47:05.767+0000] {logging_mixin.py:188} INFO - [2025-07-22T17:47:05.767+0000] {dag.py:3954} INFO - Setting next_dagrun for example_external_task_marker_parent to None, run_after=None
[2025-07-22T17:47:05.772+0000] {processor.py:183} INFO - Processing /home/airflow/.local/lib/python3.12/site-packages/airflow/example_dags/example_external_task_marker_dag.py took 0.027 seconds
[2025-07-22T17:47:36.450+0000] {processor.py:161} INFO - Started process (PID=734) to work on /home/airflow/.local/lib/python3.12/site-packages/airflow/example_dags/example_external_task_marker_dag.py
[2025-07-22T17:47:36.452+0000] {processor.py:830} INFO - Processing file /home/airflow/.local/lib/python3.12/site-packages/airflow/example_dags/example_external_task_marker_dag.py for tasks to queue
[2025-07-22T17:47:36.454+0000] {logging_mixin.py:188} INFO - [2025-07-22T17:47:36.454+0000] {dagbag.py:540} INFO - Filling up the DagBag from /home/airflow/.local/lib/python3.12/site-packages/airflow/example_dags/example_external_task_marker_dag.py
[2025-07-22T17:47:36.457+0000] {processor.py:840} INFO - DAG(s) 'example_external_task_marker_child', 'example_external_task_marker_parent' retrieved from /home/airflow/.local/lib/python3.12/site-packages/airflow/example_dags/example_external_task_marker_dag.py
[2025-07-22T17:47:36.468+0000] {logging_mixin.py:188} INFO - [2025-07-22T17:47:36.468+0000] {dag.py:3096} INFO - Sync 2 DAGs
[2025-07-22T17:47:36.473+0000] {logging_mixin.py:188} INFO - [2025-07-22T17:47:36.473+0000] {dag.py:3954} INFO - Setting next_dagrun for example_external_task_marker_child to None, run_after=None
[2025-07-22T17:47:36.475+0000] {logging_mixin.py:188} INFO - [2025-07-22T17:47:36.475+0000] {dag.py:3954} INFO - Setting next_dagrun for example_external_task_marker_parent to None, run_after=None
[2025-07-22T17:47:36.483+0000] {processor.py:183} INFO - Processing /home/airflow/.local/lib/python3.12/site-packages/airflow/example_dags/example_external_task_marker_dag.py took 0.035 seconds
[2025-07-22T17:48:07.333+0000] {processor.py:161} INFO - Started process (PID=794) to work on /home/airflow/.local/lib/python3.12/site-packages/airflow/example_dags/example_external_task_marker_dag.py
[2025-07-22T17:48:07.335+0000] {processor.py:830} INFO - Processing file /home/airflow/.local/lib/python3.12/site-packages/airflow/example_dags/example_external_task_marker_dag.py for tasks to queue
[2025-07-22T17:48:07.336+0000] {logging_mixin.py:188} INFO - [2025-07-22T17:48:07.336+0000] {dagbag.py:540} INFO - Filling up the DagBag from /home/airflow/.local/lib/python3.12/site-packages/airflow/example_dags/example_external_task_marker_dag.py
[2025-07-22T17:48:07.339+0000] {processor.py:840} INFO - DAG(s) 'example_external_task_marker_parent', 'example_external_task_marker_child' retrieved from /home/airflow/.local/lib/python3.12/site-packages/airflow/example_dags/example_external_task_marker_dag.py
[2025-07-22T17:48:07.353+0000] {logging_mixin.py:188} INFO - [2025-07-22T17:48:07.353+0000] {dag.py:3096} INFO - Sync 2 DAGs
[2025-07-22T17:48:07.357+0000] {logging_mixin.py:188} INFO - [2025-07-22T17:48:07.357+0000] {dag.py:3954} INFO - Setting next_dagrun for example_external_task_marker_child to None, run_after=None
[2025-07-22T17:48:07.360+0000] {logging_mixin.py:188} INFO - [2025-07-22T17:48:07.360+0000] {dag.py:3954} INFO - Setting next_dagrun for example_external_task_marker_parent to None, run_after=None
[2025-07-22T17:48:07.368+0000] {processor.py:183} INFO - Processing /home/airflow/.local/lib/python3.12/site-packages/airflow/example_dags/example_external_task_marker_dag.py took 0.037 seconds
[2025-07-22T17:48:38.342+0000] {processor.py:161} INFO - Started process (PID=854) to work on /home/airflow/.local/lib/python3.12/site-packages/airflow/example_dags/example_external_task_marker_dag.py
[2025-07-22T17:48:38.343+0000] {processor.py:830} INFO - Processing file /home/airflow/.local/lib/python3.12/site-packages/airflow/example_dags/example_external_task_marker_dag.py for tasks to queue
[2025-07-22T17:48:38.344+0000] {logging_mixin.py:188} INFO - [2025-07-22T17:48:38.343+0000] {dagbag.py:540} INFO - Filling up the DagBag from /home/airflow/.local/lib/python3.12/site-packages/airflow/example_dags/example_external_task_marker_dag.py
[2025-07-22T17:48:38.346+0000] {processor.py:840} INFO - DAG(s) 'example_external_task_marker_parent', 'example_external_task_marker_child' retrieved from /home/airflow/.local/lib/python3.12/site-packages/airflow/example_dags/example_external_task_marker_dag.py
[2025-07-22T17:48:38.356+0000] {logging_mixin.py:188} INFO - [2025-07-22T17:48:38.356+0000] {dag.py:3096} INFO - Sync 2 DAGs
[2025-07-22T17:48:38.361+0000] {logging_mixin.py:188} INFO - [2025-07-22T17:48:38.361+0000] {dag.py:3954} INFO - Setting next_dagrun for example_external_task_marker_child to None, run_after=None
[2025-07-22T17:48:38.362+0000] {logging_mixin.py:188} INFO - [2025-07-22T17:48:38.362+0000] {dag.py:3954} INFO - Setting next_dagrun for example_external_task_marker_parent to None, run_after=None
[2025-07-22T17:48:38.370+0000] {processor.py:183} INFO - Processing /home/airflow/.local/lib/python3.12/site-packages/airflow/example_dags/example_external_task_marker_dag.py took 0.030 seconds
[2025-07-22T17:49:08.470+0000] {processor.py:161} INFO - Started process (PID=913) to work on /home/airflow/.local/lib/python3.12/site-packages/airflow/example_dags/example_external_task_marker_dag.py
[2025-07-22T17:49:08.471+0000] {processor.py:830} INFO - Processing file /home/airflow/.local/lib/python3.12/site-packages/airflow/example_dags/example_external_task_marker_dag.py for tasks to queue
[2025-07-22T17:49:08.471+0000] {logging_mixin.py:188} INFO - [2025-07-22T17:49:08.471+0000] {dagbag.py:540} INFO - Filling up the DagBag from /home/airflow/.local/lib/python3.12/site-packages/airflow/example_dags/example_external_task_marker_dag.py
[2025-07-22T17:49:08.474+0000] {processor.py:840} INFO - DAG(s) 'example_external_task_marker_child', 'example_external_task_marker_parent' retrieved from /home/airflow/.local/lib/python3.12/site-packages/airflow/example_dags/example_external_task_marker_dag.py
[2025-07-22T17:49:08.487+0000] {logging_mixin.py:188} INFO - [2025-07-22T17:49:08.487+0000] {dag.py:3096} INFO - Sync 2 DAGs
[2025-07-22T17:49:08.493+0000] {logging_mixin.py:188} INFO - [2025-07-22T17:49:08.493+0000] {dag.py:3954} INFO - Setting next_dagrun for example_external_task_marker_child to None, run_after=None
[2025-07-22T17:49:08.496+0000] {logging_mixin.py:188} INFO - [2025-07-22T17:49:08.495+0000] {dag.py:3954} INFO - Setting next_dagrun for example_external_task_marker_parent to None, run_after=None
[2025-07-22T17:49:08.505+0000] {processor.py:183} INFO - Processing /home/airflow/.local/lib/python3.12/site-packages/airflow/example_dags/example_external_task_marker_dag.py took 0.037 seconds
[2025-07-22T17:49:38.617+0000] {processor.py:161} INFO - Started process (PID=973) to work on /home/airflow/.local/lib/python3.12/site-packages/airflow/example_dags/example_external_task_marker_dag.py
[2025-07-22T17:49:38.618+0000] {processor.py:830} INFO - Processing file /home/airflow/.local/lib/python3.12/site-packages/airflow/example_dags/example_external_task_marker_dag.py for tasks to queue
[2025-07-22T17:49:38.619+0000] {logging_mixin.py:188} INFO - [2025-07-22T17:49:38.619+0000] {dagbag.py:540} INFO - Filling up the DagBag from /home/airflow/.local/lib/python3.12/site-packages/airflow/example_dags/example_external_task_marker_dag.py
[2025-07-22T17:49:38.621+0000] {processor.py:840} INFO - DAG(s) 'example_external_task_marker_child', 'example_external_task_marker_parent' retrieved from /home/airflow/.local/lib/python3.12/site-packages/airflow/example_dags/example_external_task_marker_dag.py
[2025-07-22T17:49:38.630+0000] {logging_mixin.py:188} INFO - [2025-07-22T17:49:38.630+0000] {dag.py:3096} INFO - Sync 2 DAGs
[2025-07-22T17:49:38.635+0000] {logging_mixin.py:188} INFO - [2025-07-22T17:49:38.635+0000] {dag.py:3954} INFO - Setting next_dagrun for example_external_task_marker_child to None, run_after=None
[2025-07-22T17:49:38.636+0000] {logging_mixin.py:188} INFO - [2025-07-22T17:49:38.636+0000] {dag.py:3954} INFO - Setting next_dagrun for example_external_task_marker_parent to None, run_after=None
[2025-07-22T17:49:38.641+0000] {processor.py:183} INFO - Processing /home/airflow/.local/lib/python3.12/site-packages/airflow/example_dags/example_external_task_marker_dag.py took 0.027 seconds
[2025-07-22T17:50:09.757+0000] {processor.py:161} INFO - Started process (PID=1033) to work on /home/airflow/.local/lib/python3.12/site-packages/airflow/example_dags/example_external_task_marker_dag.py
[2025-07-22T17:50:09.757+0000] {processor.py:830} INFO - Processing file /home/airflow/.local/lib/python3.12/site-packages/airflow/example_dags/example_external_task_marker_dag.py for tasks to queue
[2025-07-22T17:50:09.757+0000] {logging_mixin.py:188} INFO - [2025-07-22T17:50:09.757+0000] {dagbag.py:540} INFO - Filling up the DagBag from /home/airflow/.local/lib/python3.12/site-packages/airflow/example_dags/example_external_task_marker_dag.py
[2025-07-22T17:50:09.760+0000] {processor.py:840} INFO - DAG(s) 'example_external_task_marker_child', 'example_external_task_marker_parent' retrieved from /home/airflow/.local/lib/python3.12/site-packages/airflow/example_dags/example_external_task_marker_dag.py
[2025-07-22T17:50:09.768+0000] {logging_mixin.py:188} INFO - [2025-07-22T17:50:09.768+0000] {dag.py:3096} INFO - Sync 2 DAGs
[2025-07-22T17:50:09.772+0000] {logging_mixin.py:188} INFO - [2025-07-22T17:50:09.772+0000] {dag.py:3954} INFO - Setting next_dagrun for example_external_task_marker_child to None, run_after=None
[2025-07-22T17:50:09.773+0000] {logging_mixin.py:188} INFO - [2025-07-22T17:50:09.773+0000] {dag.py:3954} INFO - Setting next_dagrun for example_external_task_marker_parent to None, run_after=None
[2025-07-22T17:50:09.777+0000] {processor.py:183} INFO - Processing /home/airflow/.local/lib/python3.12/site-packages/airflow/example_dags/example_external_task_marker_dag.py took 0.023 seconds
[2025-07-22T17:50:41.135+0000] {processor.py:161} INFO - Started process (PID=1093) to work on /home/airflow/.local/lib/python3.12/site-packages/airflow/example_dags/example_external_task_marker_dag.py
[2025-07-22T17:50:41.135+0000] {processor.py:830} INFO - Processing file /home/airflow/.local/lib/python3.12/site-packages/airflow/example_dags/example_external_task_marker_dag.py for tasks to queue
[2025-07-22T17:50:41.136+0000] {logging_mixin.py:188} INFO - [2025-07-22T17:50:41.136+0000] {dagbag.py:540} INFO - Filling up the DagBag from /home/airflow/.local/lib/python3.12/site-packages/airflow/example_dags/example_external_task_marker_dag.py
[2025-07-22T17:50:41.138+0000] {processor.py:840} INFO - DAG(s) 'example_external_task_marker_child', 'example_external_task_marker_parent' retrieved from /home/airflow/.local/lib/python3.12/site-packages/airflow/example_dags/example_external_task_marker_dag.py
[2025-07-22T17:50:41.146+0000] {logging_mixin.py:188} INFO - [2025-07-22T17:50:41.146+0000] {dag.py:3096} INFO - Sync 2 DAGs
[2025-07-22T17:50:41.150+0000] {logging_mixin.py:188} INFO - [2025-07-22T17:50:41.150+0000] {dag.py:3954} INFO - Setting next_dagrun for example_external_task_marker_child to None, run_after=None
[2025-07-22T17:50:41.152+0000] {logging_mixin.py:188} INFO - [2025-07-22T17:50:41.152+0000] {dag.py:3954} INFO - Setting next_dagrun for example_external_task_marker_parent to None, run_after=None
[2025-07-22T17:50:41.157+0000] {processor.py:183} INFO - Processing /home/airflow/.local/lib/python3.12/site-packages/airflow/example_dags/example_external_task_marker_dag.py took 0.024 seconds
[2025-07-22T17:51:11.676+0000] {processor.py:161} INFO - Started process (PID=1153) to work on /home/airflow/.local/lib/python3.12/site-packages/airflow/example_dags/example_external_task_marker_dag.py
[2025-07-22T17:51:11.679+0000] {processor.py:830} INFO - Processing file /home/airflow/.local/lib/python3.12/site-packages/airflow/example_dags/example_external_task_marker_dag.py for tasks to queue
[2025-07-22T17:51:11.680+0000] {logging_mixin.py:188} INFO - [2025-07-22T17:51:11.679+0000] {dagbag.py:540} INFO - Filling up the DagBag from /home/airflow/.local/lib/python3.12/site-packages/airflow/example_dags/example_external_task_marker_dag.py
[2025-07-22T17:51:11.684+0000] {processor.py:840} INFO - DAG(s) 'example_external_task_marker_parent', 'example_external_task_marker_child' retrieved from /home/airflow/.local/lib/python3.12/site-packages/airflow/example_dags/example_external_task_marker_dag.py
[2025-07-22T17:51:11.774+0000] {logging_mixin.py:188} INFO - [2025-07-22T17:51:11.774+0000] {dag.py:3096} INFO - Sync 2 DAGs
[2025-07-22T17:51:11.778+0000] {logging_mixin.py:188} INFO - [2025-07-22T17:51:11.778+0000] {dag.py:3954} INFO - Setting next_dagrun for example_external_task_marker_child to None, run_after=None
[2025-07-22T17:51:11.781+0000] {logging_mixin.py:188} INFO - [2025-07-22T17:51:11.780+0000] {dag.py:3954} INFO - Setting next_dagrun for example_external_task_marker_parent to None, run_after=None
[2025-07-22T17:51:11.790+0000] {processor.py:183} INFO - Processing /home/airflow/.local/lib/python3.12/site-packages/airflow/example_dags/example_external_task_marker_dag.py took 0.116 seconds
[2025-07-22T17:51:42.161+0000] {processor.py:161} INFO - Started process (PID=1213) to work on /home/airflow/.local/lib/python3.12/site-packages/airflow/example_dags/example_external_task_marker_dag.py
[2025-07-22T17:51:42.162+0000] {processor.py:830} INFO - Processing file /home/airflow/.local/lib/python3.12/site-packages/airflow/example_dags/example_external_task_marker_dag.py for tasks to queue
[2025-07-22T17:51:42.163+0000] {logging_mixin.py:188} INFO - [2025-07-22T17:51:42.162+0000] {dagbag.py:540} INFO - Filling up the DagBag from /home/airflow/.local/lib/python3.12/site-packages/airflow/example_dags/example_external_task_marker_dag.py
[2025-07-22T17:51:42.166+0000] {processor.py:840} INFO - DAG(s) 'example_external_task_marker_parent', 'example_external_task_marker_child' retrieved from /home/airflow/.local/lib/python3.12/site-packages/airflow/example_dags/example_external_task_marker_dag.py
[2025-07-22T17:51:42.176+0000] {logging_mixin.py:188} INFO - [2025-07-22T17:51:42.175+0000] {dag.py:3096} INFO - Sync 2 DAGs
[2025-07-22T17:51:42.181+0000] {logging_mixin.py:188} INFO - [2025-07-22T17:51:42.181+0000] {dag.py:3954} INFO - Setting next_dagrun for example_external_task_marker_child to None, run_after=None
[2025-07-22T17:51:42.183+0000] {logging_mixin.py:188} INFO - [2025-07-22T17:51:42.183+0000] {dag.py:3954} INFO - Setting next_dagrun for example_external_task_marker_parent to None, run_after=None
[2025-07-22T17:51:42.188+0000] {processor.py:183} INFO - Processing /home/airflow/.local/lib/python3.12/site-packages/airflow/example_dags/example_external_task_marker_dag.py took 0.029 seconds
[2025-07-22T17:52:13.290+0000] {processor.py:161} INFO - Started process (PID=1273) to work on /home/airflow/.local/lib/python3.12/site-packages/airflow/example_dags/example_external_task_marker_dag.py
[2025-07-22T17:52:13.291+0000] {processor.py:830} INFO - Processing file /home/airflow/.local/lib/python3.12/site-packages/airflow/example_dags/example_external_task_marker_dag.py for tasks to queue
[2025-07-22T17:52:13.292+0000] {logging_mixin.py:188} INFO - [2025-07-22T17:52:13.292+0000] {dagbag.py:540} INFO - Filling up the DagBag from /home/airflow/.local/lib/python3.12/site-packages/airflow/example_dags/example_external_task_marker_dag.py
[2025-07-22T17:52:13.294+0000] {processor.py:840} INFO - DAG(s) 'example_external_task_marker_child', 'example_external_task_marker_parent' retrieved from /home/airflow/.local/lib/python3.12/site-packages/airflow/example_dags/example_external_task_marker_dag.py
[2025-07-22T17:52:13.305+0000] {logging_mixin.py:188} INFO - [2025-07-22T17:52:13.305+0000] {dag.py:3096} INFO - Sync 2 DAGs
[2025-07-22T17:52:13.310+0000] {logging_mixin.py:188} INFO - [2025-07-22T17:52:13.310+0000] {dag.py:3954} INFO - Setting next_dagrun for example_external_task_marker_child to None, run_after=None
[2025-07-22T17:52:13.311+0000] {logging_mixin.py:188} INFO - [2025-07-22T17:52:13.311+0000] {dag.py:3954} INFO - Setting next_dagrun for example_external_task_marker_parent to None, run_after=None
[2025-07-22T17:52:13.318+0000] {processor.py:183} INFO - Processing /home/airflow/.local/lib/python3.12/site-packages/airflow/example_dags/example_external_task_marker_dag.py took 0.033 seconds
[2025-07-22T17:52:44.439+0000] {processor.py:161} INFO - Started process (PID=1333) to work on /home/airflow/.local/lib/python3.12/site-packages/airflow/example_dags/example_external_task_marker_dag.py
[2025-07-22T17:52:44.439+0000] {processor.py:830} INFO - Processing file /home/airflow/.local/lib/python3.12/site-packages/airflow/example_dags/example_external_task_marker_dag.py for tasks to queue
[2025-07-22T17:52:44.440+0000] {logging_mixin.py:188} INFO - [2025-07-22T17:52:44.440+0000] {dagbag.py:540} INFO - Filling up the DagBag from /home/airflow/.local/lib/python3.12/site-packages/airflow/example_dags/example_external_task_marker_dag.py
[2025-07-22T17:52:44.443+0000] {processor.py:840} INFO - DAG(s) 'example_external_task_marker_parent', 'example_external_task_marker_child' retrieved from /home/airflow/.local/lib/python3.12/site-packages/airflow/example_dags/example_external_task_marker_dag.py
[2025-07-22T17:52:44.452+0000] {logging_mixin.py:188} INFO - [2025-07-22T17:52:44.452+0000] {dag.py:3096} INFO - Sync 2 DAGs
[2025-07-22T17:52:44.456+0000] {logging_mixin.py:188} INFO - [2025-07-22T17:52:44.456+0000] {dag.py:3954} INFO - Setting next_dagrun for example_external_task_marker_child to None, run_after=None
[2025-07-22T17:52:44.457+0000] {logging_mixin.py:188} INFO - [2025-07-22T17:52:44.457+0000] {dag.py:3954} INFO - Setting next_dagrun for example_external_task_marker_parent to None, run_after=None
[2025-07-22T17:52:44.462+0000] {processor.py:183} INFO - Processing /home/airflow/.local/lib/python3.12/site-packages/airflow/example_dags/example_external_task_marker_dag.py took 0.027 seconds
[2025-07-22T17:53:15.452+0000] {processor.py:161} INFO - Started process (PID=1393) to work on /home/airflow/.local/lib/python3.12/site-packages/airflow/example_dags/example_external_task_marker_dag.py
[2025-07-22T17:53:15.452+0000] {processor.py:830} INFO - Processing file /home/airflow/.local/lib/python3.12/site-packages/airflow/example_dags/example_external_task_marker_dag.py for tasks to queue
[2025-07-22T17:53:15.453+0000] {logging_mixin.py:188} INFO - [2025-07-22T17:53:15.453+0000] {dagbag.py:540} INFO - Filling up the DagBag from /home/airflow/.local/lib/python3.12/site-packages/airflow/example_dags/example_external_task_marker_dag.py
[2025-07-22T17:53:15.456+0000] {processor.py:840} INFO - DAG(s) 'example_external_task_marker_parent', 'example_external_task_marker_child' retrieved from /home/airflow/.local/lib/python3.12/site-packages/airflow/example_dags/example_external_task_marker_dag.py
[2025-07-22T17:53:15.466+0000] {logging_mixin.py:188} INFO - [2025-07-22T17:53:15.465+0000] {dag.py:3096} INFO - Sync 2 DAGs
[2025-07-22T17:53:15.472+0000] {logging_mixin.py:188} INFO - [2025-07-22T17:53:15.472+0000] {dag.py:3954} INFO - Setting next_dagrun for example_external_task_marker_child to None, run_after=None
[2025-07-22T17:53:15.474+0000] {logging_mixin.py:188} INFO - [2025-07-22T17:53:15.474+0000] {dag.py:3954} INFO - Setting next_dagrun for example_external_task_marker_parent to None, run_after=None
[2025-07-22T17:53:15.487+0000] {processor.py:183} INFO - Processing /home/airflow/.local/lib/python3.12/site-packages/airflow/example_dags/example_external_task_marker_dag.py took 0.038 seconds
[2025-07-22T17:53:46.491+0000] {processor.py:161} INFO - Started process (PID=1453) to work on /home/airflow/.local/lib/python3.12/site-packages/airflow/example_dags/example_external_task_marker_dag.py
[2025-07-22T17:53:46.492+0000] {processor.py:830} INFO - Processing file /home/airflow/.local/lib/python3.12/site-packages/airflow/example_dags/example_external_task_marker_dag.py for tasks to queue
[2025-07-22T17:53:46.493+0000] {logging_mixin.py:188} INFO - [2025-07-22T17:53:46.493+0000] {dagbag.py:540} INFO - Filling up the DagBag from /home/airflow/.local/lib/python3.12/site-packages/airflow/example_dags/example_external_task_marker_dag.py
[2025-07-22T17:53:46.496+0000] {processor.py:840} INFO - DAG(s) 'example_external_task_marker_parent', 'example_external_task_marker_child' retrieved from /home/airflow/.local/lib/python3.12/site-packages/airflow/example_dags/example_external_task_marker_dag.py
[2025-07-22T17:53:46.506+0000] {logging_mixin.py:188} INFO - [2025-07-22T17:53:46.506+0000] {dag.py:3096} INFO - Sync 2 DAGs
[2025-07-22T17:53:46.512+0000] {logging_mixin.py:188} INFO - [2025-07-22T17:53:46.511+0000] {dag.py:3954} INFO - Setting next_dagrun for example_external_task_marker_child to None, run_after=None
[2025-07-22T17:53:46.513+0000] {logging_mixin.py:188} INFO - [2025-07-22T17:53:46.513+0000] {dag.py:3954} INFO - Setting next_dagrun for example_external_task_marker_parent to None, run_after=None
[2025-07-22T17:53:46.520+0000] {processor.py:183} INFO - Processing /home/airflow/.local/lib/python3.12/site-packages/airflow/example_dags/example_external_task_marker_dag.py took 0.032 seconds
[2025-07-22T17:54:16.826+0000] {processor.py:161} INFO - Started process (PID=1513) to work on /home/airflow/.local/lib/python3.12/site-packages/airflow/example_dags/example_external_task_marker_dag.py
[2025-07-22T17:54:16.828+0000] {processor.py:830} INFO - Processing file /home/airflow/.local/lib/python3.12/site-packages/airflow/example_dags/example_external_task_marker_dag.py for tasks to queue
[2025-07-22T17:54:16.829+0000] {logging_mixin.py:188} INFO - [2025-07-22T17:54:16.829+0000] {dagbag.py:540} INFO - Filling up the DagBag from /home/airflow/.local/lib/python3.12/site-packages/airflow/example_dags/example_external_task_marker_dag.py
[2025-07-22T17:54:16.832+0000] {processor.py:840} INFO - DAG(s) 'example_external_task_marker_child', 'example_external_task_marker_parent' retrieved from /home/airflow/.local/lib/python3.12/site-packages/airflow/example_dags/example_external_task_marker_dag.py
[2025-07-22T17:54:16.844+0000] {logging_mixin.py:188} INFO - [2025-07-22T17:54:16.844+0000] {dag.py:3096} INFO - Sync 2 DAGs
[2025-07-22T17:54:16.849+0000] {logging_mixin.py:188} INFO - [2025-07-22T17:54:16.849+0000] {dag.py:3954} INFO - Setting next_dagrun for example_external_task_marker_child to None, run_after=None
[2025-07-22T17:54:16.850+0000] {logging_mixin.py:188} INFO - [2025-07-22T17:54:16.850+0000] {dag.py:3954} INFO - Setting next_dagrun for example_external_task_marker_parent to None, run_after=None
[2025-07-22T17:54:16.878+0000] {processor.py:183} INFO - Processing /home/airflow/.local/lib/python3.12/site-packages/airflow/example_dags/example_external_task_marker_dag.py took 0.054 seconds
[2025-07-22T17:54:47.640+0000] {processor.py:161} INFO - Started process (PID=1573) to work on /home/airflow/.local/lib/python3.12/site-packages/airflow/example_dags/example_external_task_marker_dag.py
[2025-07-22T17:54:47.641+0000] {processor.py:830} INFO - Processing file /home/airflow/.local/lib/python3.12/site-packages/airflow/example_dags/example_external_task_marker_dag.py for tasks to queue
[2025-07-22T17:54:47.641+0000] {logging_mixin.py:188} INFO - [2025-07-22T17:54:47.641+0000] {dagbag.py:540} INFO - Filling up the DagBag from /home/airflow/.local/lib/python3.12/site-packages/airflow/example_dags/example_external_task_marker_dag.py
[2025-07-22T17:54:47.644+0000] {processor.py:840} INFO - DAG(s) 'example_external_task_marker_parent', 'example_external_task_marker_child' retrieved from /home/airflow/.local/lib/python3.12/site-packages/airflow/example_dags/example_external_task_marker_dag.py
[2025-07-22T17:54:47.651+0000] {logging_mixin.py:188} INFO - [2025-07-22T17:54:47.651+0000] {dag.py:3096} INFO - Sync 2 DAGs
[2025-07-22T17:54:47.656+0000] {logging_mixin.py:188} INFO - [2025-07-22T17:54:47.656+0000] {dag.py:3954} INFO - Setting next_dagrun for example_external_task_marker_child to None, run_after=None
[2025-07-22T17:54:47.657+0000] {logging_mixin.py:188} INFO - [2025-07-22T17:54:47.657+0000] {dag.py:3954} INFO - Setting next_dagrun for example_external_task_marker_parent to None, run_after=None
[2025-07-22T17:54:47.661+0000] {processor.py:183} INFO - Processing /home/airflow/.local/lib/python3.12/site-packages/airflow/example_dags/example_external_task_marker_dag.py took 0.023 seconds
